[ 2017-04-27T14:39:04+08:00 ]  
INFO: [ app_init ] --START--
INFO: Run Behavior\BuildLiteBehavior [ RunTime:0.000000s ]
INFO: [ app_init ] --END-- [ RunTime:0.001000s ]
NOTIC: [8] Undefined index: REQUEST_METHOD D:\util\WWW\mlaj\Xigua\Library\Think\App.class.php 第 31 行.
NOTIC: [8] Undefined index: REQUEST_URI D:\util\WWW\mlaj\Xigua\Library\Think\Dispatcher.class.php 第 137 行.
NOTIC: [8] Use of undefined constant _PHP_FILE_ - assumed '_PHP_FILE_' D:\util\WWW\mlaj\Xigua\Library\Think\Dispatcher.class.php 第 186 行.
INFO: [ app_begin ] --START--
INFO: Run Behavior\ReadHtmlCacheBehavior [ RunTime:0.001000s ]
INFO: [ app_begin ] --END-- [ RunTime:0.001000s ]
SQL: SHOW COLUMNS FROM `wx_user` [ RunTime:0.0050s ]
SQL: SELECT * FROM `wx_user` WHERE `type` = 1  [ RunTime:0.0000s ]
SQL: UPDATE `wx_user` SET `money`=money+0 WHERE `id` = 2 [ RunTime:0.0100s ]
SQL: UPDATE `wx_user` SET `old`='20000' WHERE `id` = 2 [ RunTime:0.0000s ]
SQL: UPDATE `wx_user` SET `money`=money+0 WHERE `id` = 4 [ RunTime:0.0010s ]
SQL: UPDATE `wx_user` SET `old`='70000' WHERE `id` = 4 [ RunTime:0.0000s ]
SQL: UPDATE `wx_user` SET `money`=money+0 WHERE `id` = 8 [ RunTime:0.0010s ]
SQL: UPDATE `wx_user` SET `old`='100000' WHERE `id` = 8 [ RunTime:0.0000s ]
INFO: [ app_end ] --START--
INFO: Run Behavior\ShowPageTraceBehavior [ RunTime:0.051003s ]
INFO: [ app_end ] --END-- [ RunTime:0.051003s ]

