[ 2017-04-26T14:00:55+08:00 ]  
INFO: [ app_init ] --START--
INFO: Run Behavior\BuildLiteBehavior [ RunTime:0.000000s ]
INFO: [ app_init ] --END-- [ RunTime:0.001000s ]
NOTIC: [8] Undefined index: REQUEST_METHOD D:\util\WWW\mlaj\Xigua\Library\Think\App.class.php 第 31 行.
NOTIC: [8] Undefined index: REQUEST_URI D:\util\WWW\mlaj\Xigua\Library\Think\Dispatcher.class.php 第 137 行.
NOTIC: [8] Use of undefined constant _PHP_FILE_ - assumed '_PHP_FILE_' D:\util\WWW\mlaj\Xigua\Library\Think\Dispatcher.class.php 第 186 行.
INFO: [ app_begin ] --START--
INFO: Run Behavior\ReadHtmlCacheBehavior [ RunTime:0.001000s ]
INFO: [ app_begin ] --END-- [ RunTime:0.001000s ]
SQL: SHOW COLUMNS FROM `wx_user` [ RunTime:0.0100s ]
SQL: SELECT * FROM `wx_user` WHERE `type` = 1  [ RunTime:0.0080s ]
SQL: UPDATE `wx_user` SET `money`=money+100 WHERE `id` = 2 [ RunTime:0.0090s ]
SQL: UPDATE `wx_user` SET `old`='10000' WHERE `id` = 2 [ RunTime:0.0000s ]
SQL: UPDATE `wx_user` SET `money`=money+2800 WHERE `id` = 4 [ RunTime:0.0000s ]
SQL: UPDATE `wx_user` SET `old`='70000' WHERE `id` = 4 [ RunTime:0.0010s ]
SQL: UPDATE `wx_user` SET `money`=money+11999999.9988 WHERE `id` = 8 [ RunTime:0.0010s ]
SQL: UPDATE `wx_user` SET `old`='99999999' WHERE `id` = 8 [ RunTime:0.0000s ]
INFO: [ app_end ] --START--
INFO: Run Behavior\ShowPageTraceBehavior [ RunTime:0.002000s ]
INFO: [ app_end ] --END-- [ RunTime:0.002000s ]

[ 2017-04-26T14:01:21+08:00 ]  
INFO: [ app_init ] --START--
INFO: Run Behavior\BuildLiteBehavior [ RunTime:0.000000s ]
INFO: [ app_init ] --END-- [ RunTime:0.001000s ]
NOTIC: [8] Undefined index: REQUEST_METHOD D:\util\WWW\mlaj\Xigua\Library\Think\App.class.php 第 31 行.
NOTIC: [8] Undefined index: REQUEST_URI D:\util\WWW\mlaj\Xigua\Library\Think\Dispatcher.class.php 第 137 行.
NOTIC: [8] Use of undefined constant _PHP_FILE_ - assumed '_PHP_FILE_' D:\util\WWW\mlaj\Xigua\Library\Think\Dispatcher.class.php 第 186 行.
INFO: [ app_begin ] --START--
INFO: Run Behavior\ReadHtmlCacheBehavior [ RunTime:0.001000s ]
INFO: [ app_begin ] --END-- [ RunTime:0.001000s ]
SQL: SHOW COLUMNS FROM `wx_user` [ RunTime:0.0060s ]
SQL: SELECT * FROM `wx_user` WHERE `type` = 1  [ RunTime:0.0000s ]
SQL: UPDATE `wx_user` SET `money`=money+100 WHERE `id` = 2 [ RunTime:0.0000s ]
SQL: UPDATE `wx_user` SET `old`='20000' WHERE `id` = 2 [ RunTime:0.0010s ]
SQL: UPDATE `wx_user` SET `money`=money+100 WHERE `id` = 4 [ RunTime:0.0000s ]
SQL: UPDATE `wx_user` SET `old`='70000' WHERE `id` = 4 [ RunTime:0.0010s ]
SQL: UPDATE `wx_user` SET `money`=money+100 WHERE `id` = 8 [ RunTime:0.0000s ]
SQL: UPDATE `wx_user` SET `old`='99999999' WHERE `id` = 8 [ RunTime:0.0000s ]
INFO: [ app_end ] --START--
INFO: Run Behavior\ShowPageTraceBehavior [ RunTime:0.001000s ]
INFO: [ app_end ] --END-- [ RunTime:0.001000s ]

[ 2017-04-26T14:01:34+08:00 ]  
INFO: [ app_init ] --START--
INFO: Run Behavior\BuildLiteBehavior [ RunTime:0.000000s ]
INFO: [ app_init ] --END-- [ RunTime:0.001000s ]
NOTIC: [8] Undefined index: REQUEST_METHOD D:\util\WWW\mlaj\Xigua\Library\Think\App.class.php 第 31 行.
NOTIC: [8] Undefined index: REQUEST_URI D:\util\WWW\mlaj\Xigua\Library\Think\Dispatcher.class.php 第 137 行.
NOTIC: [8] Use of undefined constant _PHP_FILE_ - assumed '_PHP_FILE_' D:\util\WWW\mlaj\Xigua\Library\Think\Dispatcher.class.php 第 186 行.
INFO: [ app_begin ] --START--
INFO: Run Behavior\ReadHtmlCacheBehavior [ RunTime:0.001000s ]
INFO: [ app_begin ] --END-- [ RunTime:0.001000s ]
SQL: SHOW COLUMNS FROM `wx_user` [ RunTime:0.0070s ]
SQL: SELECT * FROM `wx_user` WHERE `type` = 1  [ RunTime:0.0010s ]
NOTIC: [8] Undefined variable: fanyong D:\util\WWW\mlaj\Application\Console\Controller\IndexController.class.php 第 54 行.
ERR: 1064:You have an error in your SQL syntax; check the manual that corresponds to your MySQL server version for the right syntax to use near 'WHERE `id` = 2' at line 1
 [ SQL语句 ] : UPDATE `wx_user` SET `money`=money+ WHERE `id` = 2
ERR: 1064:You have an error in your SQL syntax; check the manual that corresponds to your MySQL server version for the right syntax to use near 'WHERE `id` = 2' at line 1
 [ SQL语句 ] : UPDATE `wx_user` SET `money`=money+ WHERE `id` = 2
NOTIC: [2] Cannot modify header information - headers already sent by (output started at D:\util\WWW\mlaj\Application\Console\Controller\IndexController.class.php:24) D:\util\WWW\mlaj\Xigua\Library\Think\Think.class.php 第 229 行.
NOTIC: [2] Cannot modify header information - headers already sent by (output started at D:\util\WWW\mlaj\Application\Console\Controller\IndexController.class.php:24) D:\util\WWW\mlaj\Xigua\Library\Think\Think.class.php 第 230 行.

[ 2017-04-26T14:01:39+08:00 ]  
INFO: [ app_init ] --START--
INFO: Run Behavior\BuildLiteBehavior [ RunTime:0.000000s ]
INFO: [ app_init ] --END-- [ RunTime:0.000000s ]
NOTIC: [8] Undefined index: REQUEST_METHOD D:\util\WWW\mlaj\Xigua\Library\Think\App.class.php 第 31 行.
NOTIC: [8] Undefined index: REQUEST_URI D:\util\WWW\mlaj\Xigua\Library\Think\Dispatcher.class.php 第 137 行.
NOTIC: [8] Use of undefined constant _PHP_FILE_ - assumed '_PHP_FILE_' D:\util\WWW\mlaj\Xigua\Library\Think\Dispatcher.class.php 第 186 行.
INFO: [ app_begin ] --START--
INFO: Run Behavior\ReadHtmlCacheBehavior [ RunTime:0.000000s ]
INFO: [ app_begin ] --END-- [ RunTime:0.000000s ]
SQL: SHOW COLUMNS FROM `wx_user` [ RunTime:0.0050s ]
SQL: SELECT * FROM `wx_user` WHERE `type` = 1  [ RunTime:0.0010s ]
NOTIC: [8] Undefined variable: fanyong D:\util\WWW\mlaj\Application\Console\Controller\IndexController.class.php 第 54 行.
ERR: 1064:You have an error in your SQL syntax; check the manual that corresponds to your MySQL server version for the right syntax to use near 'WHERE `id` = 2' at line 1
 [ SQL语句 ] : UPDATE `wx_user` SET `money`=money+ WHERE `id` = 2
ERR: 1064:You have an error in your SQL syntax; check the manual that corresponds to your MySQL server version for the right syntax to use near 'WHERE `id` = 2' at line 1
 [ SQL语句 ] : UPDATE `wx_user` SET `money`=money+ WHERE `id` = 2
NOTIC: [2] Cannot modify header information - headers already sent by (output started at D:\util\WWW\mlaj\Application\Console\Controller\IndexController.class.php:24) D:\util\WWW\mlaj\Xigua\Library\Think\Think.class.php 第 229 行.
NOTIC: [2] Cannot modify header information - headers already sent by (output started at D:\util\WWW\mlaj\Application\Console\Controller\IndexController.class.php:24) D:\util\WWW\mlaj\Xigua\Library\Think\Think.class.php 第 230 行.

[ 2017-04-26T14:01:45+08:00 ]  
INFO: [ app_init ] --START--
INFO: Run Behavior\BuildLiteBehavior [ RunTime:0.000000s ]
INFO: [ app_init ] --END-- [ RunTime:0.001000s ]
NOTIC: [8] Undefined index: REQUEST_METHOD D:\util\WWW\mlaj\Xigua\Library\Think\App.class.php 第 31 行.
NOTIC: [8] Undefined index: REQUEST_URI D:\util\WWW\mlaj\Xigua\Library\Think\Dispatcher.class.php 第 137 行.
NOTIC: [8] Use of undefined constant _PHP_FILE_ - assumed '_PHP_FILE_' D:\util\WWW\mlaj\Xigua\Library\Think\Dispatcher.class.php 第 186 行.
INFO: [ app_begin ] --START--
INFO: Run Behavior\ReadHtmlCacheBehavior [ RunTime:0.001000s ]
INFO: [ app_begin ] --END-- [ RunTime:0.001000s ]
SQL: SHOW COLUMNS FROM `wx_user` [ RunTime:0.0070s ]
SQL: SELECT * FROM `wx_user` WHERE `type` = 1  [ RunTime:0.0010s ]
NOTIC: [8] Undefined variable: fanyong D:\util\WWW\mlaj\Application\Console\Controller\IndexController.class.php 第 54 行.
ERR: 1064:You have an error in your SQL syntax; check the manual that corresponds to your MySQL server version for the right syntax to use near 'WHERE `id` = 2' at line 1
 [ SQL语句 ] : UPDATE `wx_user` SET `money`=money+ WHERE `id` = 2
ERR: 1064:You have an error in your SQL syntax; check the manual that corresponds to your MySQL server version for the right syntax to use near 'WHERE `id` = 2' at line 1
 [ SQL语句 ] : UPDATE `wx_user` SET `money`=money+ WHERE `id` = 2
NOTIC: [2] Cannot modify header information - headers already sent by (output started at D:\util\WWW\mlaj\Application\Console\Controller\IndexController.class.php:24) D:\util\WWW\mlaj\Xigua\Library\Think\Think.class.php 第 229 行.
NOTIC: [2] Cannot modify header information - headers already sent by (output started at D:\util\WWW\mlaj\Application\Console\Controller\IndexController.class.php:24) D:\util\WWW\mlaj\Xigua\Library\Think\Think.class.php 第 230 行.

[ 2017-04-26T14:02:08+08:00 ]  
INFO: [ app_init ] --START--
INFO: Run Behavior\BuildLiteBehavior [ RunTime:0.000000s ]
INFO: [ app_init ] --END-- [ RunTime:0.001001s ]
NOTIC: [8] Undefined index: REQUEST_METHOD D:\util\WWW\mlaj\Xigua\Library\Think\App.class.php 第 31 行.
NOTIC: [8] Undefined index: REQUEST_URI D:\util\WWW\mlaj\Xigua\Library\Think\Dispatcher.class.php 第 137 行.
NOTIC: [8] Use of undefined constant _PHP_FILE_ - assumed '_PHP_FILE_' D:\util\WWW\mlaj\Xigua\Library\Think\Dispatcher.class.php 第 186 行.
INFO: [ app_begin ] --START--
INFO: Run Behavior\ReadHtmlCacheBehavior [ RunTime:0.001000s ]
INFO: [ app_begin ] --END-- [ RunTime:0.001000s ]
SQL: SHOW COLUMNS FROM `wx_user` [ RunTime:0.0060s ]
SQL: SELECT * FROM `wx_user` WHERE `type` = 1  [ RunTime:0.0010s ]
NOTIC: [8] Undefined variable: fanyong D:\util\WWW\mlaj\Application\Console\Controller\IndexController.class.php 第 54 行.
ERR: 1064:You have an error in your SQL syntax; check the manual that corresponds to your MySQL server version for the right syntax to use near 'WHERE `id` = 2' at line 1
 [ SQL语句 ] : UPDATE `wx_user` SET `money`=money+ WHERE `id` = 2
ERR: 1064:You have an error in your SQL syntax; check the manual that corresponds to your MySQL server version for the right syntax to use near 'WHERE `id` = 2' at line 1
 [ SQL语句 ] : UPDATE `wx_user` SET `money`=money+ WHERE `id` = 2
NOTIC: [2] Cannot modify header information - headers already sent by (output started at D:\util\WWW\mlaj\Application\Console\Controller\IndexController.class.php:24) D:\util\WWW\mlaj\Xigua\Library\Think\Think.class.php 第 229 行.
NOTIC: [2] Cannot modify header information - headers already sent by (output started at D:\util\WWW\mlaj\Application\Console\Controller\IndexController.class.php:24) D:\util\WWW\mlaj\Xigua\Library\Think\Think.class.php 第 230 行.

[ 2017-04-26T14:04:03+08:00 ]  
INFO: [ app_init ] --START--
INFO: Run Behavior\BuildLiteBehavior [ RunTime:0.000000s ]
INFO: [ app_init ] --END-- [ RunTime:0.001000s ]
NOTIC: [8] Undefined index: REQUEST_METHOD D:\util\WWW\mlaj\Xigua\Library\Think\App.class.php 第 31 行.
NOTIC: [8] Undefined index: REQUEST_URI D:\util\WWW\mlaj\Xigua\Library\Think\Dispatcher.class.php 第 137 行.
NOTIC: [8] Use of undefined constant _PHP_FILE_ - assumed '_PHP_FILE_' D:\util\WWW\mlaj\Xigua\Library\Think\Dispatcher.class.php 第 186 行.
INFO: [ app_begin ] --START--
INFO: Run Behavior\ReadHtmlCacheBehavior [ RunTime:0.001000s ]
INFO: [ app_begin ] --END-- [ RunTime:0.001000s ]
SQL: SHOW COLUMNS FROM `wx_user` [ RunTime:0.0050s ]
SQL: SELECT * FROM `wx_user` WHERE `type` = 1  [ RunTime:0.0010s ]
SQL: UPDATE `wx_user` SET `money`=money+0 WHERE `id` = 2 [ RunTime:0.0000s ]
SQL: UPDATE `wx_user` SET `old`='20000' WHERE `id` = 2 [ RunTime:0.0010s ]
SQL: UPDATE `wx_user` SET `money`=money+0 WHERE `id` = 4 [ RunTime:0.0000s ]
SQL: UPDATE `wx_user` SET `old`='70000' WHERE `id` = 4 [ RunTime:0.0010s ]
SQL: UPDATE `wx_user` SET `money`=money+0 WHERE `id` = 8 [ RunTime:0.0000s ]
SQL: UPDATE `wx_user` SET `old`='99999999' WHERE `id` = 8 [ RunTime:0.0010s ]
INFO: [ app_end ] --START--
INFO: Run Behavior\ShowPageTraceBehavior [ RunTime:0.001000s ]
INFO: [ app_end ] --END-- [ RunTime:0.001000s ]

[ 2017-04-26T14:04:14+08:00 ]  
INFO: [ app_init ] --START--
INFO: Run Behavior\BuildLiteBehavior [ RunTime:0.000000s ]
INFO: [ app_init ] --END-- [ RunTime:0.000000s ]
NOTIC: [8] Undefined index: REQUEST_METHOD D:\util\WWW\mlaj\Xigua\Library\Think\App.class.php 第 31 行.
NOTIC: [8] Undefined index: REQUEST_URI D:\util\WWW\mlaj\Xigua\Library\Think\Dispatcher.class.php 第 137 行.
NOTIC: [8] Use of undefined constant _PHP_FILE_ - assumed '_PHP_FILE_' D:\util\WWW\mlaj\Xigua\Library\Think\Dispatcher.class.php 第 186 行.
INFO: [ app_begin ] --START--
INFO: Run Behavior\ReadHtmlCacheBehavior [ RunTime:0.001000s ]
INFO: [ app_begin ] --END-- [ RunTime:0.001000s ]
SQL: SHOW COLUMNS FROM `wx_user` [ RunTime:0.0050s ]
SQL: SELECT * FROM `wx_user` WHERE `type` = 1  [ RunTime:0.0010s ]
SQL: UPDATE `wx_user` SET `money`=money+0 WHERE `id` = 2 [ RunTime:0.0000s ]
SQL: UPDATE `wx_user` SET `old`='20000' WHERE `id` = 2 [ RunTime:0.0000s ]
SQL: UPDATE `wx_user` SET `money`=money+0 WHERE `id` = 4 [ RunTime:0.0000s ]
SQL: UPDATE `wx_user` SET `old`='70000' WHERE `id` = 4 [ RunTime:0.0010s ]
SQL: UPDATE `wx_user` SET `money`=money+0 WHERE `id` = 8 [ RunTime:0.0000s ]
SQL: UPDATE `wx_user` SET `old`='99999999' WHERE `id` = 8 [ RunTime:0.0000s ]
INFO: [ app_end ] --START--
INFO: Run Behavior\ShowPageTraceBehavior [ RunTime:0.001000s ]
INFO: [ app_end ] --END-- [ RunTime:0.001000s ]

[ 2017-04-26T14:04:16+08:00 ]  
INFO: [ app_init ] --START--
INFO: Run Behavior\BuildLiteBehavior [ RunTime:0.000000s ]
INFO: [ app_init ] --END-- [ RunTime:0.001000s ]
NOTIC: [8] Undefined index: REQUEST_METHOD D:\util\WWW\mlaj\Xigua\Library\Think\App.class.php 第 31 行.
NOTIC: [8] Undefined index: REQUEST_URI D:\util\WWW\mlaj\Xigua\Library\Think\Dispatcher.class.php 第 137 行.
NOTIC: [8] Use of undefined constant _PHP_FILE_ - assumed '_PHP_FILE_' D:\util\WWW\mlaj\Xigua\Library\Think\Dispatcher.class.php 第 186 行.
INFO: [ app_begin ] --START--
INFO: Run Behavior\ReadHtmlCacheBehavior [ RunTime:0.001000s ]
INFO: [ app_begin ] --END-- [ RunTime:0.001000s ]
SQL: SHOW COLUMNS FROM `wx_user` [ RunTime:0.0070s ]
SQL: SELECT * FROM `wx_user` WHERE `type` = 1  [ RunTime:0.0000s ]
SQL: UPDATE `wx_user` SET `money`=money+0 WHERE `id` = 2 [ RunTime:0.0000s ]
SQL: UPDATE `wx_user` SET `old`='20000' WHERE `id` = 2 [ RunTime:0.0010s ]
SQL: UPDATE `wx_user` SET `money`=money+0 WHERE `id` = 4 [ RunTime:0.0000s ]
SQL: UPDATE `wx_user` SET `old`='70000' WHERE `id` = 4 [ RunTime:0.0010s ]
SQL: UPDATE `wx_user` SET `money`=money+0 WHERE `id` = 8 [ RunTime:0.0000s ]
SQL: UPDATE `wx_user` SET `old`='99999999' WHERE `id` = 8 [ RunTime:0.0010s ]
INFO: [ app_end ] --START--
INFO: Run Behavior\ShowPageTraceBehavior [ RunTime:0.001000s ]
INFO: [ app_end ] --END-- [ RunTime:0.001000s ]

[ 2017-04-26T14:04:18+08:00 ]  
INFO: [ app_init ] --START--
INFO: Run Behavior\BuildLiteBehavior [ RunTime:0.001000s ]
INFO: [ app_init ] --END-- [ RunTime:0.001000s ]
NOTIC: [8] Undefined index: REQUEST_METHOD D:\util\WWW\mlaj\Xigua\Library\Think\App.class.php 第 31 行.
NOTIC: [8] Undefined index: REQUEST_URI D:\util\WWW\mlaj\Xigua\Library\Think\Dispatcher.class.php 第 137 行.
NOTIC: [8] Use of undefined constant _PHP_FILE_ - assumed '_PHP_FILE_' D:\util\WWW\mlaj\Xigua\Library\Think\Dispatcher.class.php 第 186 行.
INFO: [ app_begin ] --START--
INFO: Run Behavior\ReadHtmlCacheBehavior [ RunTime:0.001000s ]
INFO: [ app_begin ] --END-- [ RunTime:0.001000s ]
SQL: SHOW COLUMNS FROM `wx_user` [ RunTime:0.0060s ]
SQL: SELECT * FROM `wx_user` WHERE `type` = 1  [ RunTime:0.0010s ]
SQL: UPDATE `wx_user` SET `money`=money+0 WHERE `id` = 2 [ RunTime:0.0000s ]
SQL: UPDATE `wx_user` SET `old`='20000' WHERE `id` = 2 [ RunTime:0.0000s ]
SQL: UPDATE `wx_user` SET `money`=money+0 WHERE `id` = 4 [ RunTime:0.0000s ]
SQL: UPDATE `wx_user` SET `old`='70000' WHERE `id` = 4 [ RunTime:0.0010s ]
SQL: UPDATE `wx_user` SET `money`=money+0 WHERE `id` = 8 [ RunTime:0.0000s ]
SQL: UPDATE `wx_user` SET `old`='99999999' WHERE `id` = 8 [ RunTime:0.0000s ]
INFO: [ app_end ] --START--
INFO: Run Behavior\ShowPageTraceBehavior [ RunTime:0.000000s ]
INFO: [ app_end ] --END-- [ RunTime:0.000000s ]

[ 2017-04-26T14:39:03+08:00 ]  
INFO: [ app_init ] --START--
INFO: Run Behavior\BuildLiteBehavior [ RunTime:0.000000s ]
INFO: [ app_init ] --END-- [ RunTime:0.001000s ]
NOTIC: [8] Undefined index: REQUEST_METHOD D:\util\WWW\mlaj\Xigua\Library\Think\App.class.php 第 31 行.
NOTIC: [8] Undefined index: REQUEST_URI D:\util\WWW\mlaj\Xigua\Library\Think\Dispatcher.class.php 第 137 行.
NOTIC: [8] Use of undefined constant _PHP_FILE_ - assumed '_PHP_FILE_' D:\util\WWW\mlaj\Xigua\Library\Think\Dispatcher.class.php 第 186 行.
INFO: [ app_begin ] --START--
INFO: Run Behavior\ReadHtmlCacheBehavior [ RunTime:0.001000s ]
INFO: [ app_begin ] --END-- [ RunTime:0.001000s ]
SQL: SHOW COLUMNS FROM `wx_user` [ RunTime:0.0070s ]
SQL: SELECT * FROM `wx_user` WHERE `type` = 1  [ RunTime:0.0000s ]
SQL: UPDATE `wx_user` SET `money`=money+0 WHERE `id` = 2 [ RunTime:0.0010s ]
SQL: UPDATE `wx_user` SET `old`='20000' WHERE `id` = 2 [ RunTime:0.0010s ]
SQL: UPDATE `wx_user` SET `money`=money+0 WHERE `id` = 4 [ RunTime:0.0000s ]
SQL: UPDATE `wx_user` SET `old`='70000' WHERE `id` = 4 [ RunTime:0.0010s ]
SQL: UPDATE `wx_user` SET `money`=money+0 WHERE `id` = 8 [ RunTime:0.0000s ]
SQL: UPDATE `wx_user` SET `old`='100000' WHERE `id` = 8 [ RunTime:0.0010s ]
INFO: [ app_end ] --START--
INFO: Run Behavior\ShowPageTraceBehavior [ RunTime:0.001000s ]
INFO: [ app_end ] --END-- [ RunTime:0.001000s ]

[ 2017-04-26T14:39:34+08:00 ]  
INFO: [ app_init ] --START--
INFO: Run Behavior\BuildLiteBehavior [ RunTime:0.000000s ]
INFO: [ app_init ] --END-- [ RunTime:0.001000s ]
NOTIC: [8] Undefined index: REQUEST_METHOD D:\util\WWW\mlaj\Xigua\Library\Think\App.class.php 第 31 行.
NOTIC: [8] Undefined index: REQUEST_URI D:\util\WWW\mlaj\Xigua\Library\Think\Dispatcher.class.php 第 137 行.
NOTIC: [8] Use of undefined constant _PHP_FILE_ - assumed '_PHP_FILE_' D:\util\WWW\mlaj\Xigua\Library\Think\Dispatcher.class.php 第 186 行.
INFO: [ app_begin ] --START--
INFO: Run Behavior\ReadHtmlCacheBehavior [ RunTime:0.001000s ]
INFO: [ app_begin ] --END-- [ RunTime:0.001000s ]
SQL: SHOW COLUMNS FROM `wx_user` [ RunTime:0.0060s ]
SQL: SELECT * FROM `wx_user` WHERE `type` = 1  [ RunTime:0.0010s ]
SQL: UPDATE `wx_user` SET `money`=money+0 WHERE `id` = 2 [ RunTime:0.0010s ]
SQL: UPDATE `wx_user` SET `old`='20000' WHERE `id` = 2 [ RunTime:0.0010s ]
SQL: UPDATE `wx_user` SET `money`=money+0 WHERE `id` = 4 [ RunTime:0.0000s ]
SQL: UPDATE `wx_user` SET `old`='70000' WHERE `id` = 4 [ RunTime:0.0010s ]
SQL: UPDATE `wx_user` SET `money`=money+0 WHERE `id` = 8 [ RunTime:0.0000s ]
SQL: UPDATE `wx_user` SET `old`='100000' WHERE `id` = 8 [ RunTime:0.0010s ]
INFO: [ app_end ] --START--
INFO: Run Behavior\ShowPageTraceBehavior [ RunTime:0.001000s ]
INFO: [ app_end ] --END-- [ RunTime:0.001000s ]

[ 2017-04-26T14:40:00+08:00 ]  
INFO: [ app_init ] --START--
INFO: Run Behavior\BuildLiteBehavior [ RunTime:0.000000s ]
INFO: [ app_init ] --END-- [ RunTime:0.001000s ]
NOTIC: [8] Undefined index: REQUEST_METHOD D:\util\WWW\mlaj\Xigua\Library\Think\App.class.php 第 31 行.
NOTIC: [8] Undefined index: REQUEST_URI D:\util\WWW\mlaj\Xigua\Library\Think\Dispatcher.class.php 第 137 行.
NOTIC: [8] Use of undefined constant _PHP_FILE_ - assumed '_PHP_FILE_' D:\util\WWW\mlaj\Xigua\Library\Think\Dispatcher.class.php 第 186 行.
INFO: [ app_begin ] --START--
INFO: Run Behavior\ReadHtmlCacheBehavior [ RunTime:0.000000s ]
INFO: [ app_begin ] --END-- [ RunTime:0.001000s ]
SQL: SHOW COLUMNS FROM `wx_user` [ RunTime:0.0060s ]
SQL: SELECT * FROM `wx_user` WHERE `type` = 1  [ RunTime:0.0000s ]
SQL: UPDATE `wx_user` SET `money`=money+0 WHERE `id` = 2 [ RunTime:0.0000s ]
SQL: UPDATE `wx_user` SET `old`='20000' WHERE `id` = 2 [ RunTime:0.0000s ]
SQL: UPDATE `wx_user` SET `money`=money+0 WHERE `id` = 4 [ RunTime:0.0000s ]
SQL: UPDATE `wx_user` SET `old`='70000' WHERE `id` = 4 [ RunTime:0.0010s ]
SQL: UPDATE `wx_user` SET `money`=money+0 WHERE `id` = 8 [ RunTime:0.0000s ]
SQL: UPDATE `wx_user` SET `old`='100000' WHERE `id` = 8 [ RunTime:0.0000s ]
INFO: [ app_end ] --START--
INFO: Run Behavior\ShowPageTraceBehavior [ RunTime:0.000000s ]
INFO: [ app_end ] --END-- [ RunTime:0.001000s ]

[ 2017-04-26T14:40:59+08:00 ]  
INFO: [ app_init ] --START--
INFO: Run Behavior\BuildLiteBehavior [ RunTime:0.000000s ]
INFO: [ app_init ] --END-- [ RunTime:0.001000s ]
NOTIC: [8] Undefined index: REQUEST_METHOD D:\util\WWW\mlaj\Xigua\Library\Think\App.class.php 第 31 行.
NOTIC: [8] Undefined index: REQUEST_URI D:\util\WWW\mlaj\Xigua\Library\Think\Dispatcher.class.php 第 137 行.
NOTIC: [8] Use of undefined constant _PHP_FILE_ - assumed '_PHP_FILE_' D:\util\WWW\mlaj\Xigua\Library\Think\Dispatcher.class.php 第 186 行.
INFO: [ app_begin ] --START--
INFO: Run Behavior\ReadHtmlCacheBehavior [ RunTime:0.001000s ]
INFO: [ app_begin ] --END-- [ RunTime:0.001000s ]
SQL: SHOW COLUMNS FROM `wx_user` [ RunTime:0.0050s ]
SQL: SELECT * FROM `wx_user` WHERE `type` = 1  [ RunTime:0.0000s ]
SQL: UPDATE `wx_user` SET `money`=money+0 WHERE `id` = 2 [ RunTime:0.0000s ]
SQL: UPDATE `wx_user` SET `old`='20000' WHERE `id` = 2 [ RunTime:0.0010s ]
SQL: UPDATE `wx_user` SET `money`=money+0 WHERE `id` = 4 [ RunTime:0.0000s ]
SQL: UPDATE `wx_user` SET `old`='70000' WHERE `id` = 4 [ RunTime:0.0010s ]
SQL: UPDATE `wx_user` SET `money`=money+0 WHERE `id` = 8 [ RunTime:0.0000s ]
SQL: UPDATE `wx_user` SET `old`='100000' WHERE `id` = 8 [ RunTime:0.0010s ]
INFO: [ app_end ] --START--
INFO: Run Behavior\ShowPageTraceBehavior [ RunTime:0.001000s ]
INFO: [ app_end ] --END-- [ RunTime:0.001000s ]

[ 2017-04-26T14:48:08+08:00 ]  
INFO: [ app_init ] --START--
INFO: Run Behavior\BuildLiteBehavior [ RunTime:0.000000s ]
INFO: [ app_init ] --END-- [ RunTime:0.001000s ]
NOTIC: [8] Undefined index: REQUEST_METHOD D:\util\WWW\mlaj\Xigua\Library\Think\App.class.php 第 31 行.
NOTIC: [8] Undefined index: REQUEST_URI D:\util\WWW\mlaj\Xigua\Library\Think\Dispatcher.class.php 第 137 行.
NOTIC: [8] Use of undefined constant _PHP_FILE_ - assumed '_PHP_FILE_' D:\util\WWW\mlaj\Xigua\Library\Think\Dispatcher.class.php 第 186 行.
INFO: [ app_begin ] --START--
INFO: Run Behavior\ReadHtmlCacheBehavior [ RunTime:0.001000s ]
INFO: [ app_begin ] --END-- [ RunTime:0.001000s ]
SQL: SHOW COLUMNS FROM `wx_user` [ RunTime:0.0050s ]
SQL: SELECT * FROM `wx_user` WHERE `type` = 1  [ RunTime:0.0010s ]
SQL: UPDATE `wx_user` SET `money`=money+400 WHERE `id` = 2 [ RunTime:0.0000s ]
SQL: UPDATE `wx_user` SET `old`='20000' WHERE `id` = 2 [ RunTime:0.0010s ]
SQL: UPDATE `wx_user` SET `money`=money+2800 WHERE `id` = 4 [ RunTime:0.0000s ]
SQL: UPDATE `wx_user` SET `old`='70000' WHERE `id` = 4 [ RunTime:0.0000s ]
SQL: UPDATE `wx_user` SET `money`=money+5000 WHERE `id` = 8 [ RunTime:0.0000s ]
SQL: UPDATE `wx_user` SET `old`='100000' WHERE `id` = 8 [ RunTime:0.0000s ]
INFO: [ app_end ] --START--
INFO: Run Behavior\ShowPageTraceBehavior [ RunTime:0.002000s ]
INFO: [ app_end ] --END-- [ RunTime:0.002000s ]

[ 2017-04-26T14:48:35+08:00 ]  
INFO: [ app_init ] --START--
INFO: Run Behavior\BuildLiteBehavior [ RunTime:0.000000s ]
INFO: [ app_init ] --END-- [ RunTime:0.000000s ]
NOTIC: [8] Undefined index: REQUEST_METHOD D:\util\WWW\mlaj\Xigua\Library\Think\App.class.php 第 31 行.
NOTIC: [8] Undefined index: REQUEST_URI D:\util\WWW\mlaj\Xigua\Library\Think\Dispatcher.class.php 第 137 行.
NOTIC: [8] Use of undefined constant _PHP_FILE_ - assumed '_PHP_FILE_' D:\util\WWW\mlaj\Xigua\Library\Think\Dispatcher.class.php 第 186 行.
INFO: [ app_begin ] --START--
INFO: Run Behavior\ReadHtmlCacheBehavior [ RunTime:0.001000s ]
INFO: [ app_begin ] --END-- [ RunTime:0.001000s ]
SQL: SHOW COLUMNS FROM `wx_user` [ RunTime:0.0070s ]
SQL: SELECT * FROM `wx_user` WHERE `type` = 1  [ RunTime:0.0000s ]
SQL: UPDATE `wx_user` SET `money`=money+400 WHERE `id` = 2 [ RunTime:0.0010s ]
SQL: UPDATE `wx_user` SET `old`='20000' WHERE `id` = 2 [ RunTime:0.0000s ]
SQL: UPDATE `wx_user` SET `money`=money+2800 WHERE `id` = 4 [ RunTime:0.0000s ]
SQL: UPDATE `wx_user` SET `old`='70000' WHERE `id` = 4 [ RunTime:0.0000s ]
SQL: UPDATE `wx_user` SET `money`=money+5000 WHERE `id` = 8 [ RunTime:0.0000s ]
SQL: UPDATE `wx_user` SET `old`='100000' WHERE `id` = 8 [ RunTime:0.0000s ]
INFO: [ app_end ] --START--
INFO: Run Behavior\ShowPageTraceBehavior [ RunTime:0.001000s ]
INFO: [ app_end ] --END-- [ RunTime:0.001000s ]

[ 2017-04-26T14:50:29+08:00 ]  
INFO: [ app_init ] --START--
INFO: Run Behavior\BuildLiteBehavior [ RunTime:0.000000s ]
INFO: [ app_init ] --END-- [ RunTime:0.002001s ]
NOTIC: [8] Undefined index: REQUEST_METHOD D:\util\WWW\mlaj\Xigua\Library\Think\App.class.php 第 31 行.
NOTIC: [8] Undefined index: REQUEST_URI D:\util\WWW\mlaj\Xigua\Library\Think\Dispatcher.class.php 第 137 行.
NOTIC: [8] Use of undefined constant _PHP_FILE_ - assumed '_PHP_FILE_' D:\util\WWW\mlaj\Xigua\Library\Think\Dispatcher.class.php 第 186 行.
INFO: [ app_begin ] --START--
INFO: Run Behavior\ReadHtmlCacheBehavior [ RunTime:0.001000s ]
INFO: [ app_begin ] --END-- [ RunTime:0.001000s ]
SQL: SHOW COLUMNS FROM `wx_user` [ RunTime:0.0100s ]
SQL: SELECT * FROM `wx_user` WHERE `type` = 1  [ RunTime:0.0010s ]
SQL: UPDATE `wx_user` SET `money`=money+0 WHERE `id` = 2 [ RunTime:0.0020s ]
SQL: UPDATE `wx_user` SET `old`='20000' WHERE `id` = 2 [ RunTime:0.0000s ]
SQL: UPDATE `wx_user` SET `money`=money+0 WHERE `id` = 4 [ RunTime:0.0010s ]
SQL: UPDATE `wx_user` SET `old`='70000' WHERE `id` = 4 [ RunTime:0.0000s ]
SQL: UPDATE `wx_user` SET `money`=money+0 WHERE `id` = 8 [ RunTime:0.0010s ]
SQL: UPDATE `wx_user` SET `old`='100000' WHERE `id` = 8 [ RunTime:0.0000s ]
INFO: [ app_end ] --START--
INFO: Run Behavior\ShowPageTraceBehavior [ RunTime:0.051002s ]
INFO: [ app_end ] --END-- [ RunTime:0.052003s ]

[ 2017-04-26T14:51:12+08:00 ]  
INFO: [ app_init ] --START--
INFO: Run Behavior\BuildLiteBehavior [ RunTime:0.000000s ]
INFO: [ app_init ] --END-- [ RunTime:0.000000s ]
NOTIC: [8] Undefined index: REQUEST_METHOD D:\util\WWW\mlaj\Xigua\Library\Think\App.class.php 第 31 行.
NOTIC: [8] Undefined index: REQUEST_URI D:\util\WWW\mlaj\Xigua\Library\Think\Dispatcher.class.php 第 137 行.
NOTIC: [8] Use of undefined constant _PHP_FILE_ - assumed '_PHP_FILE_' D:\util\WWW\mlaj\Xigua\Library\Think\Dispatcher.class.php 第 186 行.
INFO: [ app_begin ] --START--
INFO: Run Behavior\ReadHtmlCacheBehavior [ RunTime:0.000000s ]
INFO: [ app_begin ] --END-- [ RunTime:0.000000s ]
SQL: SHOW COLUMNS FROM `wx_user` [ RunTime:0.0166s ]
SQL: SELECT * FROM `wx_user` WHERE `type` = 1  [ RunTime:0.0332s ]
SQL: UPDATE `wx_user` SET `money`=money+0 WHERE `id` = 2 [ RunTime:0.0000s ]
SQL: UPDATE `wx_user` SET `old`='20000' WHERE `id` = 2 [ RunTime:0.0000s ]
SQL: UPDATE `wx_user` SET `money`=money+0 WHERE `id` = 4 [ RunTime:0.0000s ]
SQL: UPDATE `wx_user` SET `old`='70000' WHERE `id` = 4 [ RunTime:0.0000s ]
SQL: UPDATE `wx_user` SET `money`=money+0 WHERE `id` = 8 [ RunTime:0.0000s ]
SQL: UPDATE `wx_user` SET `old`='100000' WHERE `id` = 8 [ RunTime:0.0156s ]
INFO: [ app_end ] --START--
INFO: Run Behavior\ShowPageTraceBehavior [ RunTime:0.000000s ]
INFO: [ app_end ] --END-- [ RunTime:0.000000s ]

[ 2017-04-26T14:51:29+08:00 ]  
INFO: [ app_init ] --START--
INFO: Run Behavior\BuildLiteBehavior [ RunTime:0.000000s ]
INFO: [ app_init ] --END-- [ RunTime:0.000000s ]
NOTIC: [8] Undefined index: REQUEST_METHOD D:\util\WWW\mlaj\Xigua\Library\Think\App.class.php 第 31 行.
NOTIC: [8] Undefined index: REQUEST_URI D:\util\WWW\mlaj\Xigua\Library\Think\Dispatcher.class.php 第 137 行.
NOTIC: [8] Use of undefined constant _PHP_FILE_ - assumed '_PHP_FILE_' D:\util\WWW\mlaj\Xigua\Library\Think\Dispatcher.class.php 第 186 行.
INFO: [ app_begin ] --START--
INFO: Run Behavior\ReadHtmlCacheBehavior [ RunTime:0.001000s ]
INFO: [ app_begin ] --END-- [ RunTime:0.001000s ]
SQL: SHOW COLUMNS FROM `wx_user` [ RunTime:0.0070s ]
SQL: SELECT * FROM `wx_user` WHERE `type` = 1  [ RunTime:0.0010s ]
SQL: UPDATE `wx_user` SET `money`=money+199 WHERE `id` = 2 [ RunTime:0.0010s ]
SQL: UPDATE `wx_user` SET `old`='20000' WHERE `id` = 2 [ RunTime:0.0000s ]
SQL: UPDATE `wx_user` SET `money`=money+2796 WHERE `id` = 4 [ RunTime:0.0000s ]
SQL: UPDATE `wx_user` SET `old`='70000' WHERE `id` = 4 [ RunTime:0.0000s ]
SQL: UPDATE `wx_user` SET `money`=money+5000 WHERE `id` = 8 [ RunTime:0.0000s ]
SQL: UPDATE `wx_user` SET `old`='100000' WHERE `id` = 8 [ RunTime:0.0000s ]
INFO: [ app_end ] --START--
INFO: Run Behavior\ShowPageTraceBehavior [ RunTime:0.001000s ]
INFO: [ app_end ] --END-- [ RunTime:0.001000s ]

