[ 2017-03-05T00:19:22+08:00 ] 58.247.206.156 /index.php/Wxapi?signature=3425ac50489f15430328eff51c98f463701b5f50&timestamp=1488644362&nonce=975895020&openid=oDtCdwIRuqluJzJ_DMAl6ZMKbGi8
INFO: [ app_init ] --START--
INFO: Run Behavior\BuildLiteBehavior [ RunTime:0.000000s ]
INFO: [ app_init ] --END-- [ RunTime:0.000000s ]
INFO: [ app_begin ] --START--
INFO: Run Behavior\ReadHtmlCacheBehavior [ RunTime:0.000000s ]
INFO: [ app_begin ] --END-- [ RunTime:0.000000s ]
ERR: 1146:Table 'daxiao.dx_users' doesn't exist
 [ SQL语句 ] : SHOW COLUMNS FROM `dx_users`
ERR: 1146:Table 'daxiao.dx_users' doesn't exist
 [ SQL语句 ] : SHOW COLUMNS FROM `dx_users`

[ 2017-03-05T07:52:18+08:00 ] 58.247.206.158 /index.php/Wxapi?signature=03422683d82e8fc5a8e8a72a7e38fa55126bf78c&timestamp=1488671538&nonce=6046180&openid=oDtCdwE4U75PkFA95kyqm_tYWZx0
INFO: [ app_init ] --START--
INFO: Run Behavior\BuildLiteBehavior [ RunTime:0.000000s ]
INFO: [ app_init ] --END-- [ RunTime:0.000000s ]
INFO: [ app_begin ] --START--
INFO: Run Behavior\ReadHtmlCacheBehavior [ RunTime:0.015625s ]
INFO: [ app_begin ] --END-- [ RunTime:0.015625s ]
ERR: 1146:Table 'daxiao.dx_users' doesn't exist
 [ SQL语句 ] : SHOW COLUMNS FROM `dx_users`
ERR: 1146:Table 'daxiao.dx_users' doesn't exist
 [ SQL语句 ] : SHOW COLUMNS FROM `dx_users`

[ 2017-03-05T19:58:10+08:00 ] 58.247.206.151 /index.php/Wxapi?signature=bfab906096f00e76c92ad2bd3016dcfd4eae5ed6&timestamp=1488715089&nonce=716572397&openid=oDtCdwGNKnh1drZ86Ppdkv6XjlRo
INFO: [ app_init ] --START--
INFO: Run Behavior\BuildLiteBehavior [ RunTime:0.000000s ]
INFO: [ app_init ] --END-- [ RunTime:0.000000s ]
INFO: [ app_begin ] --START--
INFO: Run Behavior\ReadHtmlCacheBehavior [ RunTime:0.000000s ]
INFO: [ app_begin ] --END-- [ RunTime:0.000000s ]
ERR: 1146:Table 'daxiao.dx_users' doesn't exist
 [ SQL语句 ] : SHOW COLUMNS FROM `dx_users`
ERR: 1146:Table 'daxiao.dx_users' doesn't exist
 [ SQL语句 ] : SHOW COLUMNS FROM `dx_users`

