[ 2017-03-10T00:46:46+08:00 ] 58.247.206.151 /index.php/Wxapi?signature=61362b790fd8f84fae99e8b0115aaedb0e21c92a&timestamp=1489078006&nonce=1505825044&openid=oDtCdwBIaGdbHSHZinHYeVnmPA1M
INFO: [ app_init ] --START--
INFO: Run Behavior\BuildLiteBehavior [ RunTime:0.000000s ]
INFO: [ app_init ] --END-- [ RunTime:0.000000s ]
INFO: [ app_begin ] --START--
INFO: Run Behavior\ReadHtmlCacheBehavior [ RunTime:0.000000s ]
INFO: [ app_begin ] --END-- [ RunTime:0.000000s ]
ERR: 1146:Table 'daxiao.dx_news' doesn't exist
 [ SQL语句 ] : SHOW COLUMNS FROM `dx_news`
ERR: 1146:Table 'daxiao.dx_news' doesn't exist
 [ SQL语句 ] : SHOW COLUMNS FROM `dx_news`

[ 2017-03-10T06:45:26+08:00 ] 140.207.54.74 /index.php/Wxapi?signature=e3f341579126e3c6e2b0bac7818830a3c9338570&timestamp=1489099526&nonce=2129625553&openid=oDtCdwMcc6tNpi9lq9VFIEjDOVnY
INFO: [ app_init ] --START--
INFO: Run Behavior\BuildLiteBehavior [ RunTime:0.000000s ]
INFO: [ app_init ] --END-- [ RunTime:0.000000s ]
INFO: [ app_begin ] --START--
INFO: Run Behavior\ReadHtmlCacheBehavior [ RunTime:0.000000s ]
INFO: [ app_begin ] --END-- [ RunTime:0.000000s ]
ERR: 1146:Table 'daxiao.dx_users' doesn't exist
 [ SQL语句 ] : SHOW COLUMNS FROM `dx_users`
ERR: 1146:Table 'daxiao.dx_users' doesn't exist
 [ SQL语句 ] : SHOW COLUMNS FROM `dx_users`

[ 2017-03-10T07:13:36+08:00 ] 58.247.206.158 /index.php/Wxapi?signature=a0e9f5e3a1fc5634ac70c4fe45cc0475e6a77266&timestamp=1489101216&nonce=2043383643&openid=oDtCdwMcIkzc8aivC9-rxRoCxy6I
INFO: [ app_init ] --START--
INFO: Run Behavior\BuildLiteBehavior [ RunTime:0.000000s ]
INFO: [ app_init ] --END-- [ RunTime:0.000000s ]
INFO: [ app_begin ] --START--
INFO: Run Behavior\ReadHtmlCacheBehavior [ RunTime:0.000000s ]
INFO: [ app_begin ] --END-- [ RunTime:0.000000s ]
ERR: 1146:Table 'daxiao.dx_users' doesn't exist
 [ SQL语句 ] : SHOW COLUMNS FROM `dx_users`
ERR: 1146:Table 'daxiao.dx_users' doesn't exist
 [ SQL语句 ] : SHOW COLUMNS FROM `dx_users`

[ 2017-03-10T07:29:25+08:00 ] 58.247.206.149 /index.php/Wxapi?signature=45f75c3272579d6bc68cd46dc8109a0ef315598a&timestamp=1489102165&nonce=2042776738&openid=oDtCdwCSY9wYDDa1IsLV2J4fuGJE
INFO: [ app_init ] --START--
INFO: Run Behavior\BuildLiteBehavior [ RunTime:0.000000s ]
INFO: [ app_init ] --END-- [ RunTime:0.000000s ]
INFO: [ app_begin ] --START--
INFO: Run Behavior\ReadHtmlCacheBehavior [ RunTime:0.000000s ]
INFO: [ app_begin ] --END-- [ RunTime:0.000000s ]
ERR: 1146:Table 'daxiao.dx_users' doesn't exist
 [ SQL语句 ] : SHOW COLUMNS FROM `dx_users`
ERR: 1146:Table 'daxiao.dx_users' doesn't exist
 [ SQL语句 ] : SHOW COLUMNS FROM `dx_users`

[ 2017-03-10T08:59:47+08:00 ] 123.52.70.102 /wxapi/oauth/index.html?surl=http://dl.wannice.com/home/index
INFO: [ app_init ] --START--
INFO: Run Behavior\BuildLiteBehavior [ RunTime:0.000000s ]
INFO: [ app_init ] --END-- [ RunTime:0.000000s ]
INFO: [ app_begin ] --START--
INFO: Run Behavior\ReadHtmlCacheBehavior [ RunTime:0.015625s ]
INFO: [ app_begin ] --END-- [ RunTime:0.015625s ]
SQL: SHOW COLUMNS FROM `dx_user` [ RunTime:0.0000s ]
SQL: SELECT * FROM `dx_user` WHERE `openid` = null LIMIT 1   [ RunTime:0.0000s ]
ERR: 1048:Column 'openid' cannot be null
 [ SQL语句 ] : INSERT INTO `dx_user` (`openid`) VALUES (NULL)
ERR: 1048:Column 'openid' cannot be null
 [ SQL语句 ] : INSERT INTO `dx_user` (`openid`) VALUES (NULL)

[ 2017-03-10T08:59:57+08:00 ] 101.226.99.196 /wxapi/oauth/index.html?surl=http://dl.wannice.com/home/index
INFO: [ app_init ] --START--
INFO: Run Behavior\BuildLiteBehavior [ RunTime:0.000000s ]
INFO: [ app_init ] --END-- [ RunTime:0.000000s ]
INFO: [ app_begin ] --START--
INFO: Run Behavior\ReadHtmlCacheBehavior [ RunTime:0.000000s ]
INFO: [ app_begin ] --END-- [ RunTime:0.000000s ]
SQL: SHOW COLUMNS FROM `dx_user` [ RunTime:0.0156s ]
SQL: SELECT * FROM `dx_user` WHERE `openid` = null LIMIT 1   [ RunTime:0.0000s ]
ERR: 1048:Column 'openid' cannot be null
 [ SQL语句 ] : INSERT INTO `dx_user` (`openid`) VALUES (NULL)
ERR: 1048:Column 'openid' cannot be null
 [ SQL语句 ] : INSERT INTO `dx_user` (`openid`) VALUES (NULL)

[ 2017-03-10T08:59:57+08:00 ] 180.153.206.24 /wxapi/oauth/index.html?surl=http://dl.wannice.com/home/index
INFO: [ app_init ] --START--
INFO: Run Behavior\BuildLiteBehavior [ RunTime:0.000000s ]
INFO: [ app_init ] --END-- [ RunTime:0.000000s ]
INFO: [ app_begin ] --START--
INFO: Run Behavior\ReadHtmlCacheBehavior [ RunTime:0.000000s ]
INFO: [ app_begin ] --END-- [ RunTime:0.000000s ]
SQL: SHOW COLUMNS FROM `dx_user` [ RunTime:0.0000s ]
SQL: SELECT * FROM `dx_user` WHERE `openid` = null LIMIT 1   [ RunTime:0.0000s ]
ERR: 1048:Column 'openid' cannot be null
 [ SQL语句 ] : INSERT INTO `dx_user` (`openid`) VALUES (NULL)
ERR: 1048:Column 'openid' cannot be null
 [ SQL语句 ] : INSERT INTO `dx_user` (`openid`) VALUES (NULL)

[ 2017-03-10T09:04:06+08:00 ] 123.52.70.102 /wxapi/oauth/index.html?surl=http://dl.wannice.com/home/index
INFO: [ app_init ] --START--
INFO: Run Behavior\BuildLiteBehavior [ RunTime:0.000000s ]
INFO: [ app_init ] --END-- [ RunTime:0.000000s ]
INFO: [ app_begin ] --START--
INFO: Run Behavior\ReadHtmlCacheBehavior [ RunTime:0.000000s ]
INFO: [ app_begin ] --END-- [ RunTime:0.000000s ]

[ 2017-03-10T09:04:07+08:00 ] 123.52.70.102 /wxapi/oauth/index.html?code=041RFu5M0xOQ762sRe6M0T0p5M0RFu5g&state=http%3A%2F%2Fdl.wannice.com%2Fhome%2Findex
INFO: [ app_init ] --START--
INFO: Run Behavior\BuildLiteBehavior [ RunTime:0.000000s ]
INFO: [ app_init ] --END-- [ RunTime:0.000000s ]
INFO: [ app_begin ] --START--
INFO: Run Behavior\ReadHtmlCacheBehavior [ RunTime:0.000000s ]
INFO: [ app_begin ] --END-- [ RunTime:0.000000s ]
SQL: SHOW COLUMNS FROM `dx_user` [ RunTime:0.0000s ]
SQL: SELECT * FROM `dx_user` WHERE `openid` = 'oxpmdwHOD_VRZELZWvw1Zuiit6fE' LIMIT 1   [ RunTime:0.0000s ]

[ 2017-03-10T09:04:16+08:00 ] 101.226.68.200 /wxapi/oauth/index.html
INFO: [ app_init ] --START--
INFO: Run Behavior\BuildLiteBehavior [ RunTime:0.000000s ]
INFO: [ app_init ] --END-- [ RunTime:0.015625s ]
INFO: [ app_begin ] --START--
INFO: Run Behavior\ReadHtmlCacheBehavior [ RunTime:0.000000s ]
INFO: [ app_begin ] --END-- [ RunTime:0.000000s ]
NOTIC: [8] Undefined index: surl E:\WWW\cdaxiao\Application\Wxapi\Controller\OauthController.class.php 第 12 行.

[ 2017-03-10T09:04:42+08:00 ] 123.52.70.102 /wxapi/oauth/index.html?surl=http://dl.wannice.com/home/index?winzoom=1
INFO: [ app_init ] --START--
INFO: Run Behavior\BuildLiteBehavior [ RunTime:0.000000s ]
INFO: [ app_init ] --END-- [ RunTime:0.000000s ]
INFO: [ app_begin ] --START--
INFO: Run Behavior\ReadHtmlCacheBehavior [ RunTime:0.000000s ]
INFO: [ app_begin ] --END-- [ RunTime:0.000000s ]

[ 2017-03-10T09:04:42+08:00 ] 123.52.70.102 /wxapi/oauth/index.html?code=051M5NdF0mLwqh2aUgcF0HORdF0M5NdG&state=http%3A%2F%2Fdl.wannice.com%2Fhome%2Findex%3Fwinzoom%3D1&winzoom=1
INFO: [ app_init ] --START--
INFO: Run Behavior\BuildLiteBehavior [ RunTime:0.000000s ]
INFO: [ app_init ] --END-- [ RunTime:0.000000s ]
INFO: [ app_begin ] --START--
INFO: Run Behavior\ReadHtmlCacheBehavior [ RunTime:0.000000s ]
INFO: [ app_begin ] --END-- [ RunTime:0.000000s ]
SQL: SHOW COLUMNS FROM `dx_user` [ RunTime:0.0000s ]
SQL: SELECT * FROM `dx_user` WHERE `openid` = 'oxpmdwDKxCsmGmo1OmcBcVk7AfNg' LIMIT 1   [ RunTime:0.0000s ]

[ 2017-03-10T09:04:43+08:00 ] 123.52.70.102 /wxapi/oauth/index.html?code=021DWo5G0B6OQi26o67G0xIn5G0DWo5w&state=http%3A%2F%2Fdl.wannice.com%2Fhome%2Findex%3Fwinzoom%3D1&winzoom=1
INFO: [ app_init ] --START--
INFO: Run Behavior\BuildLiteBehavior [ RunTime:0.000000s ]
INFO: [ app_init ] --END-- [ RunTime:0.000000s ]
INFO: [ app_begin ] --START--
INFO: Run Behavior\ReadHtmlCacheBehavior [ RunTime:0.000000s ]
INFO: [ app_begin ] --END-- [ RunTime:0.000000s ]
SQL: SHOW COLUMNS FROM `dx_user` [ RunTime:0.0000s ]
SQL: SELECT * FROM `dx_user` WHERE `openid` = 'oxpmdwDKxCsmGmo1OmcBcVk7AfNg' LIMIT 1   [ RunTime:0.0000s ]

[ 2017-03-10T09:04:52+08:00 ] 101.226.33.227 /wxapi/oauth/index.html?surl=http://dl.wannice.com/home/index?winzoom=1
INFO: [ app_init ] --START--
INFO: Run Behavior\BuildLiteBehavior [ RunTime:0.000000s ]
INFO: [ app_init ] --END-- [ RunTime:0.000000s ]
INFO: [ app_begin ] --START--
INFO: Run Behavior\ReadHtmlCacheBehavior [ RunTime:0.000000s ]
INFO: [ app_begin ] --END-- [ RunTime:0.000000s ]

[ 2017-03-10T09:04:58+08:00 ] 101.226.33.219 /wxapi/oauth/index.html?surl=http://dl.wannice.com/Home/Index/user_jl.html
INFO: [ app_init ] --START--
INFO: Run Behavior\BuildLiteBehavior [ RunTime:0.000000s ]
INFO: [ app_init ] --END-- [ RunTime:0.000000s ]
INFO: [ app_begin ] --START--
INFO: Run Behavior\ReadHtmlCacheBehavior [ RunTime:0.000000s ]
INFO: [ app_begin ] --END-- [ RunTime:0.000000s ]

[ 2017-03-10T09:05:07+08:00 ] 112.65.193.13 /wxapi/oauth/index.html?surl=http://dl.wannice.com/home/index/index
INFO: [ app_init ] --START--
INFO: Run Behavior\BuildLiteBehavior [ RunTime:0.000000s ]
INFO: [ app_init ] --END-- [ RunTime:0.000000s ]
INFO: [ app_begin ] --START--
INFO: Run Behavior\ReadHtmlCacheBehavior [ RunTime:0.000000s ]
INFO: [ app_begin ] --END-- [ RunTime:0.000000s ]

[ 2017-03-10T09:05:26+08:00 ] 101.226.33.218 /wxapi/oauth/index.html?surl=http://dl.wannice.com/Home/Index/user_jl.html
INFO: [ app_init ] --START--
INFO: Run Behavior\BuildLiteBehavior [ RunTime:0.000000s ]
INFO: [ app_init ] --END-- [ RunTime:0.000000s ]
INFO: [ app_begin ] --START--
INFO: Run Behavior\ReadHtmlCacheBehavior [ RunTime:0.000000s ]
INFO: [ app_begin ] --END-- [ RunTime:0.000000s ]

[ 2017-03-10T09:14:24+08:00 ] 123.151.42.52 /wxapi/oauth/index.html?surl=http://dl.wannice.com/home/index
INFO: [ app_init ] --START--
INFO: Run Behavior\BuildLiteBehavior [ RunTime:0.000000s ]
INFO: [ app_init ] --END-- [ RunTime:0.000000s ]
INFO: [ app_begin ] --START--
INFO: Run Behavior\ReadHtmlCacheBehavior [ RunTime:0.000000s ]
INFO: [ app_begin ] --END-- [ RunTime:0.000000s ]

[ 2017-03-10T09:59:32+08:00 ] 123.151.42.52 /wxapi/oauth/index.html?surl=http://dl.wannice.com/home/index/index
INFO: [ app_init ] --START--
INFO: Run Behavior\BuildLiteBehavior [ RunTime:0.000000s ]
INFO: [ app_init ] --END-- [ RunTime:0.000000s ]
INFO: [ app_begin ] --START--
INFO: Run Behavior\ReadHtmlCacheBehavior [ RunTime:0.000000s ]
INFO: [ app_begin ] --END-- [ RunTime:0.000000s ]

[ 2017-03-10T09:59:32+08:00 ] 123.151.42.52 /wxapi/oauth/index.html?code=041wOAHp16tHXo06ZvGp1hSTHp1wOAH7&state=http%3A%2F%2Fdl.wannice.com%2Fhome%2Findex%2Findex
INFO: [ app_init ] --START--
INFO: Run Behavior\BuildLiteBehavior [ RunTime:0.000000s ]
INFO: [ app_init ] --END-- [ RunTime:0.000000s ]
INFO: [ app_begin ] --START--
INFO: Run Behavior\ReadHtmlCacheBehavior [ RunTime:0.000000s ]
INFO: [ app_begin ] --END-- [ RunTime:0.000000s ]
SQL: SHOW COLUMNS FROM `dx_user` [ RunTime:0.0000s ]
SQL: SELECT * FROM `dx_user` WHERE `openid` = 'oxpmdwDKxCsmGmo1OmcBcVk7AfNg' LIMIT 1   [ RunTime:0.0000s ]

[ 2017-03-10T09:59:42+08:00 ] 61.151.226.202 /wxapi/oauth/index.html?surl=http://dl.wannice.com/home/index/index
INFO: [ app_init ] --START--
INFO: Run Behavior\BuildLiteBehavior [ RunTime:0.000000s ]
INFO: [ app_init ] --END-- [ RunTime:0.000000s ]
INFO: [ app_begin ] --START--
INFO: Run Behavior\ReadHtmlCacheBehavior [ RunTime:0.000000s ]
INFO: [ app_begin ] --END-- [ RunTime:0.000000s ]

[ 2017-03-10T10:00:18+08:00 ] 180.153.201.66 /wxapi/oauth/index.html?surl=http://dl.wannice.com/Home/Index/history.html
INFO: [ app_init ] --START--
INFO: Run Behavior\BuildLiteBehavior [ RunTime:0.000000s ]
INFO: [ app_init ] --END-- [ RunTime:0.000000s ]
INFO: [ app_begin ] --START--
INFO: Run Behavior\ReadHtmlCacheBehavior [ RunTime:0.000000s ]
INFO: [ app_begin ] --END-- [ RunTime:0.000000s ]

[ 2017-03-10T10:09:16+08:00 ] 123.52.70.102 /wxapi/oauth/index.html?surl=http://dl.wannice.com/Home/Index
INFO: [ app_init ] --START--
INFO: Run Behavior\BuildLiteBehavior [ RunTime:0.000000s ]
INFO: [ app_init ] --END-- [ RunTime:0.000000s ]
INFO: [ app_begin ] --START--
INFO: Run Behavior\ReadHtmlCacheBehavior [ RunTime:0.000000s ]
INFO: [ app_begin ] --END-- [ RunTime:0.000000s ]

[ 2017-03-10T10:09:26+08:00 ] 101.226.33.227 /wxapi/oauth/index.html?surl=http://dl.wannice.com/Home/Index
INFO: [ app_init ] --START--
INFO: Run Behavior\BuildLiteBehavior [ RunTime:0.000000s ]
INFO: [ app_init ] --END-- [ RunTime:0.000000s ]
INFO: [ app_begin ] --START--
INFO: Run Behavior\ReadHtmlCacheBehavior [ RunTime:0.000000s ]
INFO: [ app_begin ] --END-- [ RunTime:0.000000s ]

[ 2017-03-10T10:09:26+08:00 ] 101.226.89.123 /wxapi/oauth/index.html?surl=http://dl.wannice.com/Home/Index
INFO: [ app_init ] --START--
INFO: Run Behavior\BuildLiteBehavior [ RunTime:0.000000s ]
INFO: [ app_init ] --END-- [ RunTime:0.000000s ]
INFO: [ app_begin ] --START--
INFO: Run Behavior\ReadHtmlCacheBehavior [ RunTime:0.000000s ]
INFO: [ app_begin ] --END-- [ RunTime:0.000000s ]

[ 2017-03-10T10:09:26+08:00 ] 180.153.206.18 /wxapi/oauth/index.html?surl=http://dl.wannice.com/Home/Index
INFO: [ app_init ] --START--
INFO: Run Behavior\BuildLiteBehavior [ RunTime:0.000000s ]
INFO: [ app_init ] --END-- [ RunTime:0.000000s ]
INFO: [ app_begin ] --START--
INFO: Run Behavior\ReadHtmlCacheBehavior [ RunTime:0.000000s ]
INFO: [ app_begin ] --END-- [ RunTime:0.000000s ]

[ 2017-03-10T10:09:26+08:00 ] 101.226.66.187 /wxapi/oauth/index.html?surl=http://dl.wannice.com/Home/Index
INFO: [ app_init ] --START--
INFO: Run Behavior\BuildLiteBehavior [ RunTime:0.000000s ]
INFO: [ app_init ] --END-- [ RunTime:0.000000s ]
INFO: [ app_begin ] --START--
INFO: Run Behavior\ReadHtmlCacheBehavior [ RunTime:0.000000s ]
INFO: [ app_begin ] --END-- [ RunTime:0.000000s ]

[ 2017-03-10T10:09:51+08:00 ] 123.52.70.102 /wxapi/oauth/index.html?surl=http://dl.wannice.com/home/index/index
INFO: [ app_init ] --START--
INFO: Run Behavior\BuildLiteBehavior [ RunTime:0.000000s ]
INFO: [ app_init ] --END-- [ RunTime:0.000000s ]
INFO: [ app_begin ] --START--
INFO: Run Behavior\ReadHtmlCacheBehavior [ RunTime:0.000000s ]
INFO: [ app_begin ] --END-- [ RunTime:0.000000s ]

[ 2017-03-10T10:09:51+08:00 ] 123.52.70.102 /wxapi/oauth/index.html?code=021MhtMC0B8Cyf2tC6OC0eiAMC0MhtMg&state=http%3A%2F%2Fdl.wannice.com%2Fhome%2Findex%2Findex
INFO: [ app_init ] --START--
INFO: Run Behavior\BuildLiteBehavior [ RunTime:0.000000s ]
INFO: [ app_init ] --END-- [ RunTime:0.000000s ]
INFO: [ app_begin ] --START--
INFO: Run Behavior\ReadHtmlCacheBehavior [ RunTime:0.000000s ]
INFO: [ app_begin ] --END-- [ RunTime:0.000000s ]
SQL: SHOW COLUMNS FROM `dx_user` [ RunTime:0.0000s ]
SQL: SELECT * FROM `dx_user` WHERE `openid` = 'oxpmdwDKxCsmGmo1OmcBcVk7AfNg' LIMIT 1   [ RunTime:0.0000s ]

[ 2017-03-10T10:09:53+08:00 ] 101.226.68.213 /wxapi/oauth/index.html?surl=http://dl.wannice.com/home/index/index?winzoom=1
INFO: [ app_init ] --START--
INFO: Run Behavior\BuildLiteBehavior [ RunTime:0.000000s ]
INFO: [ app_init ] --END-- [ RunTime:0.000000s ]
INFO: [ app_begin ] --START--
INFO: Run Behavior\ReadHtmlCacheBehavior [ RunTime:0.000000s ]
INFO: [ app_begin ] --END-- [ RunTime:0.000000s ]

[ 2017-03-10T10:10:05+08:00 ] 101.226.61.206 /wxapi/oauth/index.html?surl=http://dl.wannice.com/Home/Index/tuiguangjl.html
INFO: [ app_init ] --START--
INFO: Run Behavior\BuildLiteBehavior [ RunTime:0.000000s ]
INFO: [ app_init ] --END-- [ RunTime:0.000000s ]
INFO: [ app_begin ] --START--
INFO: Run Behavior\ReadHtmlCacheBehavior [ RunTime:0.000000s ]
INFO: [ app_begin ] --END-- [ RunTime:0.000000s ]

[ 2017-03-10T10:12:37+08:00 ] 101.226.33.219 /wxapi/oauth/index.html?surl=http://dl.wannice.com/Home/Index/center.html
INFO: [ app_init ] --START--
INFO: Run Behavior\BuildLiteBehavior [ RunTime:0.000000s ]
INFO: [ app_init ] --END-- [ RunTime:0.000000s ]
INFO: [ app_begin ] --START--
INFO: Run Behavior\ReadHtmlCacheBehavior [ RunTime:0.015625s ]
INFO: [ app_begin ] --END-- [ RunTime:0.015625s ]

[ 2017-03-10T10:15:14+08:00 ] 61.151.226.191 /wxapi/oauth/index.html?surl=http://dl.wannice.com/Home/Index
INFO: [ app_init ] --START--
INFO: Run Behavior\BuildLiteBehavior [ RunTime:0.000000s ]
INFO: [ app_init ] --END-- [ RunTime:0.000000s ]
INFO: [ app_begin ] --START--
INFO: Run Behavior\ReadHtmlCacheBehavior [ RunTime:0.000000s ]
INFO: [ app_begin ] --END-- [ RunTime:0.000000s ]

[ 2017-03-10T10:16:25+08:00 ] 140.207.185.107 /wxapi/oauth/index.html?surl=http://dl.wannice.com/Home/Index/center.html
INFO: [ app_init ] --START--
INFO: Run Behavior\BuildLiteBehavior [ RunTime:0.000000s ]
INFO: [ app_init ] --END-- [ RunTime:0.000000s ]
INFO: [ app_begin ] --START--
INFO: Run Behavior\ReadHtmlCacheBehavior [ RunTime:0.015625s ]
INFO: [ app_begin ] --END-- [ RunTime:0.015625s ]

[ 2017-03-10T10:23:08+08:00 ] 101.226.33.208 /wxapi/oauth/index.html?surl=http://dl.wannice.com/Home/Index/index.html
INFO: [ app_init ] --START--
INFO: Run Behavior\BuildLiteBehavior [ RunTime:0.000000s ]
INFO: [ app_init ] --END-- [ RunTime:0.000000s ]
INFO: [ app_begin ] --START--
INFO: Run Behavior\ReadHtmlCacheBehavior [ RunTime:0.015625s ]
INFO: [ app_begin ] --END-- [ RunTime:0.015625s ]

[ 2017-03-10T10:25:50+08:00 ] 101.226.61.206 /wxapi/oauth/index.html?surl=http://dl.wannice.com/Home/Index/qr.html
INFO: [ app_init ] --START--
INFO: Run Behavior\BuildLiteBehavior [ RunTime:0.000000s ]
INFO: [ app_init ] --END-- [ RunTime:0.000000s ]
INFO: [ app_begin ] --START--
INFO: Run Behavior\ReadHtmlCacheBehavior [ RunTime:0.000000s ]
INFO: [ app_begin ] --END-- [ RunTime:0.000000s ]

[ 2017-03-10T10:27:08+08:00 ] 58.247.206.146 /index.php/Wxapi?signature=1afc4240390da60438bd6c7be05adaeb8aad2f19&timestamp=1489112828&nonce=1135054051&openid=oDtCdwBIaGdbHSHZinHYeVnmPA1M
INFO: [ app_init ] --START--
INFO: Run Behavior\BuildLiteBehavior [ RunTime:0.000000s ]
INFO: [ app_init ] --END-- [ RunTime:0.000000s ]
INFO: [ app_begin ] --START--
INFO: Run Behavior\ReadHtmlCacheBehavior [ RunTime:0.000000s ]
INFO: [ app_begin ] --END-- [ RunTime:0.000000s ]
ERR: 1146:Table 'daxiao.dx_users' doesn't exist
 [ SQL语句 ] : SHOW COLUMNS FROM `dx_users`
ERR: 1146:Table 'daxiao.dx_users' doesn't exist
 [ SQL语句 ] : SHOW COLUMNS FROM `dx_users`

[ 2017-03-10T11:03:09+08:00 ] 58.247.206.146 /index.php/Wxapi?signature=ba8bd358e6ecbe46b4e81cc820e9b6643634d96e&timestamp=1489114989&nonce=1806429920&openid=oDtCdwJ410GdcJ1SGoNdaw5WpmtU
INFO: [ app_init ] --START--
INFO: Run Behavior\BuildLiteBehavior [ RunTime:0.000000s ]
INFO: [ app_init ] --END-- [ RunTime:0.000000s ]
INFO: [ app_begin ] --START--
INFO: Run Behavior\ReadHtmlCacheBehavior [ RunTime:0.000000s ]
INFO: [ app_begin ] --END-- [ RunTime:0.000000s ]
ERR: 1146:Table 'daxiao.dx_users' doesn't exist
 [ SQL语句 ] : SHOW COLUMNS FROM `dx_users`
ERR: 1146:Table 'daxiao.dx_users' doesn't exist
 [ SQL语句 ] : SHOW COLUMNS FROM `dx_users`

[ 2017-03-10T11:34:23+08:00 ] 123.151.42.52 /wxapi/oauth/index.html?surl=http://dl.wannice.com/home/index
INFO: [ app_init ] --START--
INFO: Run Behavior\BuildLiteBehavior [ RunTime:0.000000s ]
INFO: [ app_init ] --END-- [ RunTime:0.000000s ]
INFO: [ app_begin ] --START--
INFO: Run Behavior\ReadHtmlCacheBehavior [ RunTime:0.000000s ]
INFO: [ app_begin ] --END-- [ RunTime:0.000000s ]

[ 2017-03-10T11:34:24+08:00 ] 123.151.42.52 /wxapi/oauth/index.html?code=031KU9tv0yMOAe1s0tsv03r4tv0KU9tk&state=http%3A%2F%2Fdl.wannice.com%2Fhome%2Findex
INFO: [ app_init ] --START--
INFO: Run Behavior\BuildLiteBehavior [ RunTime:0.000000s ]
INFO: [ app_init ] --END-- [ RunTime:0.000000s ]
INFO: [ app_begin ] --START--
INFO: Run Behavior\ReadHtmlCacheBehavior [ RunTime:0.000000s ]
INFO: [ app_begin ] --END-- [ RunTime:0.000000s ]
SQL: SHOW COLUMNS FROM `dx_user` [ RunTime:0.0000s ]
SQL: SELECT * FROM `dx_user` WHERE `openid` = 'oxpmdwDKxCsmGmo1OmcBcVk7AfNg' LIMIT 1   [ RunTime:0.0000s ]

[ 2017-03-10T12:25:48+08:00 ] 58.247.206.152 /index.php/Wxapi?signature=0ad447e04ac5762132fc8d34087da19fd2f70007&timestamp=1489119947&nonce=1660636670&openid=oDtCdwDCTpdmAwqpXlfV-BydG6_s
INFO: [ app_init ] --START--
INFO: Run Behavior\BuildLiteBehavior [ RunTime:0.000000s ]
INFO: [ app_init ] --END-- [ RunTime:0.000000s ]
INFO: [ app_begin ] --START--
INFO: Run Behavior\ReadHtmlCacheBehavior [ RunTime:0.000000s ]
INFO: [ app_begin ] --END-- [ RunTime:0.000000s ]
ERR: 1146:Table 'daxiao.dx_news' doesn't exist
 [ SQL语句 ] : SHOW COLUMNS FROM `dx_news`
ERR: 1146:Table 'daxiao.dx_news' doesn't exist
 [ SQL语句 ] : SHOW COLUMNS FROM `dx_news`

[ 2017-03-10T13:56:59+08:00 ] 61.151.226.199 /wxapi/oauth/index.html?surl=http://dl.wannice.com/Home/Index/index.html
INFO: [ app_init ] --START--
INFO: Run Behavior\BuildLiteBehavior [ RunTime:0.000000s ]
INFO: [ app_init ] --END-- [ RunTime:0.000000s ]
INFO: [ app_begin ] --START--
INFO: Run Behavior\ReadHtmlCacheBehavior [ RunTime:0.000000s ]
INFO: [ app_begin ] --END-- [ RunTime:0.000000s ]

[ 2017-03-10T13:57:01+08:00 ] 101.226.33.228 /wxapi/oauth/index.html?surl=http://dl.wannice.com/Home/Index/qr.html
INFO: [ app_init ] --START--
INFO: Run Behavior\BuildLiteBehavior [ RunTime:0.000000s ]
INFO: [ app_init ] --END-- [ RunTime:0.000000s ]
INFO: [ app_begin ] --START--
INFO: Run Behavior\ReadHtmlCacheBehavior [ RunTime:0.000000s ]
INFO: [ app_begin ] --END-- [ RunTime:0.000000s ]

[ 2017-03-10T13:57:01+08:00 ] 101.226.89.119 /wxapi/oauth/index.html?surl=http://dl.wannice.com/Home/Index/qr.html
INFO: [ app_init ] --START--
INFO: Run Behavior\BuildLiteBehavior [ RunTime:0.000000s ]
INFO: [ app_init ] --END-- [ RunTime:0.000000s ]
INFO: [ app_begin ] --START--
INFO: Run Behavior\ReadHtmlCacheBehavior [ RunTime:0.000000s ]
INFO: [ app_begin ] --END-- [ RunTime:0.000000s ]

[ 2017-03-10T13:57:01+08:00 ] 101.226.66.192 /wxapi/oauth/index.html?surl=http://dl.wannice.com/Home/Index/qr.html
INFO: [ app_init ] --START--
INFO: Run Behavior\BuildLiteBehavior [ RunTime:0.000000s ]
INFO: [ app_init ] --END-- [ RunTime:0.000000s ]
INFO: [ app_begin ] --START--
INFO: Run Behavior\ReadHtmlCacheBehavior [ RunTime:0.000000s ]
INFO: [ app_begin ] --END-- [ RunTime:0.000000s ]

[ 2017-03-10T13:57:01+08:00 ] 101.226.125.16 /wxapi/oauth/index.html?surl=http://dl.wannice.com/Home/Index/qr.html
INFO: [ app_init ] --START--
INFO: Run Behavior\BuildLiteBehavior [ RunTime:0.000000s ]
INFO: [ app_init ] --END-- [ RunTime:0.000000s ]
INFO: [ app_begin ] --START--
INFO: Run Behavior\ReadHtmlCacheBehavior [ RunTime:0.000000s ]
INFO: [ app_begin ] --END-- [ RunTime:0.000000s ]

[ 2017-03-10T13:57:04+08:00 ] 101.226.125.104 /wxapi/oauth/index.html?surl=http://dl.wannice.com/Home/Index/qr.html
INFO: [ app_init ] --START--
INFO: Run Behavior\BuildLiteBehavior [ RunTime:0.000000s ]
INFO: [ app_init ] --END-- [ RunTime:0.000000s ]
INFO: [ app_begin ] --START--
INFO: Run Behavior\ReadHtmlCacheBehavior [ RunTime:0.000000s ]
INFO: [ app_begin ] --END-- [ RunTime:0.000000s ]

[ 2017-03-10T14:17:46+08:00 ] 101.226.33.206 /wxapi/oauth/index.html?surl=http://dl.wannice.com/Home/Index/youxijl.html
INFO: [ app_init ] --START--
INFO: Run Behavior\BuildLiteBehavior [ RunTime:0.000000s ]
INFO: [ app_init ] --END-- [ RunTime:0.000000s ]
INFO: [ app_begin ] --START--
INFO: Run Behavior\ReadHtmlCacheBehavior [ RunTime:0.000000s ]
INFO: [ app_begin ] --END-- [ RunTime:0.000000s ]

[ 2017-03-10T14:17:47+08:00 ] 180.153.206.21 /wxapi/oauth/index.html?surl=http://dl.wannice.com/Home/Index/yongjinjl.html
INFO: [ app_init ] --START--
INFO: Run Behavior\BuildLiteBehavior [ RunTime:0.000000s ]
INFO: [ app_init ] --END-- [ RunTime:0.000000s ]
INFO: [ app_begin ] --START--
INFO: Run Behavior\ReadHtmlCacheBehavior [ RunTime:0.000000s ]
INFO: [ app_begin ] --END-- [ RunTime:0.000000s ]

[ 2017-03-10T14:17:50+08:00 ] 101.226.33.219 /wxapi/oauth/index.html?surl=http://dl.wannice.com/Home/Index/tixian.html
INFO: [ app_init ] --START--
INFO: Run Behavior\BuildLiteBehavior [ RunTime:0.000000s ]
INFO: [ app_init ] --END-- [ RunTime:0.000000s ]
INFO: [ app_begin ] --START--
INFO: Run Behavior\ReadHtmlCacheBehavior [ RunTime:0.000000s ]
INFO: [ app_begin ] --END-- [ RunTime:0.000000s ]

[ 2017-03-10T14:28:31+08:00 ] 101.226.89.122 /wxapi/oauth/index.html?surl=http://dl.wannice.com/home/index/index
INFO: [ app_init ] --START--
INFO: Run Behavior\BuildLiteBehavior [ RunTime:0.000000s ]
INFO: [ app_init ] --END-- [ RunTime:0.000000s ]
INFO: [ app_begin ] --START--
INFO: Run Behavior\ReadHtmlCacheBehavior [ RunTime:0.000000s ]
INFO: [ app_begin ] --END-- [ RunTime:0.000000s ]

[ 2017-03-10T14:33:44+08:00 ] 123.52.70.102 /wxapi/oauth/index.html?surl=http://dl.wannice.com/home/index
INFO: [ app_init ] --START--
INFO: Run Behavior\BuildLiteBehavior [ RunTime:0.000000s ]
INFO: [ app_init ] --END-- [ RunTime:0.000000s ]
INFO: [ app_begin ] --START--
INFO: Run Behavior\ReadHtmlCacheBehavior [ RunTime:0.000000s ]
INFO: [ app_begin ] --END-- [ RunTime:0.000000s ]

[ 2017-03-10T14:33:48+08:00 ] 123.52.70.102 /wxapi/oauth/index.html?surl=http://dl.wannice.com/home/index
INFO: [ app_init ] --START--
INFO: Run Behavior\BuildLiteBehavior [ RunTime:0.000000s ]
INFO: [ app_init ] --END-- [ RunTime:0.000000s ]
INFO: [ app_begin ] --START--
INFO: Run Behavior\ReadHtmlCacheBehavior [ RunTime:0.000000s ]
INFO: [ app_begin ] --END-- [ RunTime:0.000000s ]

[ 2017-03-10T14:33:49+08:00 ] 123.52.70.102 /wxapi/oauth/index.html?code=041rolm71PatCR1zDUk71ccim71rolm5&state=http%3A%2F%2Fdl.wannice.com%2Fhome%2Findex
INFO: [ app_init ] --START--
INFO: Run Behavior\BuildLiteBehavior [ RunTime:0.000000s ]
INFO: [ app_init ] --END-- [ RunTime:0.000000s ]
INFO: [ app_begin ] --START--
INFO: Run Behavior\ReadHtmlCacheBehavior [ RunTime:0.015625s ]
INFO: [ app_begin ] --END-- [ RunTime:0.015625s ]
SQL: SHOW COLUMNS FROM `dx_user` [ RunTime:0.0000s ]
SQL: SELECT * FROM `dx_user` WHERE `openid` = 'oxpmdwDKxCsmGmo1OmcBcVk7AfNg' LIMIT 1   [ RunTime:0.0000s ]

[ 2017-03-10T15:19:14+08:00 ] 58.247.206.154 /index.php/Wxapi?signature=3e62600f43db8d5ce970ea2a2330ff5176710aae&timestamp=1489130354&nonce=850362106&openid=oDtCdwOR0h_t4E6pkr_coxm612tE
INFO: [ app_init ] --START--
INFO: Run Behavior\BuildLiteBehavior [ RunTime:0.000000s ]
INFO: [ app_init ] --END-- [ RunTime:0.000000s ]
INFO: [ app_begin ] --START--
INFO: Run Behavior\ReadHtmlCacheBehavior [ RunTime:0.000000s ]
INFO: [ app_begin ] --END-- [ RunTime:0.000000s ]
ERR: 1146:Table 'daxiao.dx_users' doesn't exist
 [ SQL语句 ] : SHOW COLUMNS FROM `dx_users`
ERR: 1146:Table 'daxiao.dx_users' doesn't exist
 [ SQL语句 ] : SHOW COLUMNS FROM `dx_users`

[ 2017-03-10T15:34:13+08:00 ] 58.247.206.152 /index.php/Wxapi?signature=f4e6b60ec3e2ca792b84b2b464500ec0503bc900&timestamp=1489131253&nonce=853366483&openid=oDtCdwK3W7KdsJrf48UKWOJwmZac
INFO: [ app_init ] --START--
INFO: Run Behavior\BuildLiteBehavior [ RunTime:0.000000s ]
INFO: [ app_init ] --END-- [ RunTime:0.000000s ]
INFO: [ app_begin ] --START--
INFO: Run Behavior\ReadHtmlCacheBehavior [ RunTime:0.000000s ]
INFO: [ app_begin ] --END-- [ RunTime:0.000000s ]
ERR: 1146:Table 'daxiao.dx_users' doesn't exist
 [ SQL语句 ] : SHOW COLUMNS FROM `dx_users`
ERR: 1146:Table 'daxiao.dx_users' doesn't exist
 [ SQL语句 ] : SHOW COLUMNS FROM `dx_users`

[ 2017-03-10T15:48:01+08:00 ] 101.226.33.203 /wxapi/oauth/index.html?surl=http://dl.wannice.com/Home/Index/tixian.html
INFO: [ app_init ] --START--
INFO: Run Behavior\BuildLiteBehavior [ RunTime:0.000000s ]
INFO: [ app_init ] --END-- [ RunTime:0.015625s ]
INFO: [ app_begin ] --START--
INFO: Run Behavior\ReadHtmlCacheBehavior [ RunTime:0.000000s ]
INFO: [ app_begin ] --END-- [ RunTime:0.000000s ]

[ 2017-03-10T15:58:07+08:00 ] 180.153.214.188 /wxapi/oauth/index.html?surl=http://dl.wannice.com/Home/Index/yongjinjl.html
INFO: [ app_init ] --START--
INFO: Run Behavior\BuildLiteBehavior [ RunTime:0.000000s ]
INFO: [ app_init ] --END-- [ RunTime:0.000000s ]
INFO: [ app_begin ] --START--
INFO: Run Behavior\ReadHtmlCacheBehavior [ RunTime:0.000000s ]
INFO: [ app_begin ] --END-- [ RunTime:0.000000s ]

[ 2017-03-10T16:00:58+08:00 ] 180.153.214.152 /wxapi/oauth/index.html?surl=http://dl.wannice.com/Home/Index/youxijl.html
INFO: [ app_init ] --START--
INFO: Run Behavior\BuildLiteBehavior [ RunTime:0.000000s ]
INFO: [ app_init ] --END-- [ RunTime:0.000000s ]
INFO: [ app_begin ] --START--
INFO: Run Behavior\ReadHtmlCacheBehavior [ RunTime:0.000000s ]
INFO: [ app_begin ] --END-- [ RunTime:0.000000s ]

[ 2017-03-10T16:44:09+08:00 ] 180.153.206.20 /wxapi/oauth/index.html?surl=http://dl.wannice.com/Home/Index/history.html
INFO: [ app_init ] --START--
INFO: Run Behavior\BuildLiteBehavior [ RunTime:0.000000s ]
INFO: [ app_init ] --END-- [ RunTime:0.000000s ]
INFO: [ app_begin ] --START--
INFO: Run Behavior\ReadHtmlCacheBehavior [ RunTime:0.000000s ]
INFO: [ app_begin ] --END-- [ RunTime:0.000000s ]

[ 2017-03-10T17:21:16+08:00 ] 58.247.206.148 /Wxapi?signature=ae75b53a0f864efac838453e8d8d8a3a3d42d0f4&timestamp=1489137676&nonce=1267552044&openid=oxpmdwF2FGBOAH1WgsJRTTBYOqZk
INFO: [ app_init ] --START--
INFO: Run Behavior\BuildLiteBehavior [ RunTime:0.000000s ]
INFO: [ app_init ] --END-- [ RunTime:0.000000s ]
INFO: [ app_begin ] --START--
INFO: Run Behavior\ReadHtmlCacheBehavior [ RunTime:0.000000s ]
INFO: [ app_begin ] --END-- [ RunTime:0.000000s ]

[ 2017-03-10T17:37:47+08:00 ] 140.207.54.74 /index.php/Wxapi?signature=f07362fa899b624341ac065a53a94417bb6f177c&timestamp=1489138667&nonce=491053553&openid=oDtCdwAVdjqpyQDwEDao6RL6ATII
INFO: [ app_init ] --START--
INFO: Run Behavior\BuildLiteBehavior [ RunTime:0.000000s ]
INFO: [ app_init ] --END-- [ RunTime:0.000000s ]
INFO: [ app_begin ] --START--
INFO: Run Behavior\ReadHtmlCacheBehavior [ RunTime:0.000000s ]
INFO: [ app_begin ] --END-- [ RunTime:0.000000s ]
ERR: 1146:Table 'daxiao.dx_users' doesn't exist
 [ SQL语句 ] : SHOW COLUMNS FROM `dx_users`
ERR: 1146:Table 'daxiao.dx_users' doesn't exist
 [ SQL语句 ] : SHOW COLUMNS FROM `dx_users`

[ 2017-03-10T18:08:26+08:00 ] 58.247.206.141 /index.php/Wxapi?signature=bd0e1ae4178ea1a09a3bc39696689286f25c1519&timestamp=1489140505&nonce=212630660&openid=oDtCdwHP-4EO4TDg_zykO7nXHXaI
INFO: [ app_init ] --START--
INFO: Run Behavior\BuildLiteBehavior [ RunTime:0.000000s ]
INFO: [ app_init ] --END-- [ RunTime:0.000000s ]
INFO: [ app_begin ] --START--
INFO: Run Behavior\ReadHtmlCacheBehavior [ RunTime:0.000000s ]
INFO: [ app_begin ] --END-- [ RunTime:0.000000s ]
ERR: 1146:Table 'daxiao.dx_users' doesn't exist
 [ SQL语句 ] : SHOW COLUMNS FROM `dx_users`
ERR: 1146:Table 'daxiao.dx_users' doesn't exist
 [ SQL语句 ] : SHOW COLUMNS FROM `dx_users`

[ 2017-03-10T18:19:32+08:00 ] 123.52.70.102 /wxapi/oauth/index.html?surl=http://dl.wannice.com/home/index/index?winzoom=1
INFO: [ app_init ] --START--
INFO: Run Behavior\BuildLiteBehavior [ RunTime:0.000000s ]
INFO: [ app_init ] --END-- [ RunTime:0.000000s ]
INFO: [ app_begin ] --START--
INFO: Run Behavior\ReadHtmlCacheBehavior [ RunTime:0.015625s ]
INFO: [ app_begin ] --END-- [ RunTime:0.015625s ]

[ 2017-03-10T18:19:33+08:00 ] 123.52.70.102 /wxapi/oauth/index.html?code=0012R3mJ1Yk7a70if0jJ1hCZlJ12R3m1&state=http%3A%2F%2Fdl.wannice.com%2Fhome%2Findex%2Findex%3Fwinzoom%3D1&winzoom=1
INFO: [ app_init ] --START--
INFO: Run Behavior\BuildLiteBehavior [ RunTime:0.000000s ]
INFO: [ app_init ] --END-- [ RunTime:0.000000s ]
INFO: [ app_begin ] --START--
INFO: Run Behavior\ReadHtmlCacheBehavior [ RunTime:0.000000s ]
INFO: [ app_begin ] --END-- [ RunTime:0.000000s ]
SQL: SHOW COLUMNS FROM `dx_user` [ RunTime:0.0156s ]
SQL: SELECT * FROM `dx_user` WHERE `openid` = 'oxpmdwDKxCsmGmo1OmcBcVk7AfNg' LIMIT 1   [ RunTime:0.0000s ]
SQL: INSERT INTO `dx_user` (`openid`) VALUES ('oxpmdwDKxCsmGmo1OmcBcVk7AfNg') [ RunTime:0.0000s ]

[ 2017-03-10T18:19:33+08:00 ] 123.52.70.102 /wxapi/oauth/index.html?code=031i28Xj224acH0fdkWj2E4WWj2i28Xf&state=http%3A%2F%2Fdl.wannice.com%2Fhome%2Findex%2Findex%3Fwinzoom%3D1&winzoom=1
INFO: [ app_init ] --START--
INFO: Run Behavior\BuildLiteBehavior [ RunTime:0.000000s ]
INFO: [ app_init ] --END-- [ RunTime:0.000000s ]
INFO: [ app_begin ] --START--
INFO: Run Behavior\ReadHtmlCacheBehavior [ RunTime:0.000000s ]
INFO: [ app_begin ] --END-- [ RunTime:0.000000s ]
SQL: SHOW COLUMNS FROM `dx_user` [ RunTime:0.0156s ]
SQL: SELECT * FROM `dx_user` WHERE `openid` = 'oxpmdwDKxCsmGmo1OmcBcVk7AfNg' LIMIT 1   [ RunTime:0.0000s ]

[ 2017-03-10T18:19:42+08:00 ] 180.153.206.21 /wxapi/oauth/index.html?surl=http://dl.wannice.com/home/index/index?winzoom=1
INFO: [ app_init ] --START--
INFO: Run Behavior\BuildLiteBehavior [ RunTime:0.000000s ]
INFO: [ app_init ] --END-- [ RunTime:0.000000s ]
INFO: [ app_begin ] --START--
INFO: Run Behavior\ReadHtmlCacheBehavior [ RunTime:0.000000s ]
INFO: [ app_begin ] --END-- [ RunTime:0.000000s ]

[ 2017-03-10T18:20:35+08:00 ] 140.207.54.74 /index.php/Wxapi?signature=3d4cc0f9a6ba1bba7d5dc91c8af5d3655877c3ea&timestamp=1489141235&nonce=2103854044&openid=oDtCdwAL_GA5r7FvS4_m_UbHeEt4
INFO: [ app_init ] --START--
INFO: Run Behavior\BuildLiteBehavior [ RunTime:0.000000s ]
INFO: [ app_init ] --END-- [ RunTime:0.000000s ]
INFO: [ app_begin ] --START--
INFO: Run Behavior\ReadHtmlCacheBehavior [ RunTime:0.000000s ]
INFO: [ app_begin ] --END-- [ RunTime:0.000000s ]
ERR: 1146:Table 'daxiao.dx_users' doesn't exist
 [ SQL语句 ] : SHOW COLUMNS FROM `dx_users`
ERR: 1146:Table 'daxiao.dx_users' doesn't exist
 [ SQL语句 ] : SHOW COLUMNS FROM `dx_users`

[ 2017-03-10T19:04:05+08:00 ] 123.52.70.102 /wxapi/oauth/index.html?surl=http://dl.wannice.com/home/index/index?winzoom=1
INFO: [ app_init ] --START--
INFO: Run Behavior\BuildLiteBehavior [ RunTime:0.000000s ]
INFO: [ app_init ] --END-- [ RunTime:0.000000s ]
INFO: [ app_begin ] --START--
INFO: Run Behavior\ReadHtmlCacheBehavior [ RunTime:0.000000s ]
INFO: [ app_begin ] --END-- [ RunTime:0.000000s ]

[ 2017-03-10T19:04:06+08:00 ] 123.52.70.102 /wxapi/oauth/index.html?code=001c9YEG1PQnB506IrBG1UXWEG1c9YEi&state=http%3A%2F%2Fdl.wannice.com%2Fhome%2Findex%2Findex%3Fwinzoom%3D1&winzoom=1
INFO: [ app_init ] --START--
INFO: Run Behavior\BuildLiteBehavior [ RunTime:0.000000s ]
INFO: [ app_init ] --END-- [ RunTime:0.000000s ]
INFO: [ app_begin ] --START--
INFO: Run Behavior\ReadHtmlCacheBehavior [ RunTime:0.000000s ]
INFO: [ app_begin ] --END-- [ RunTime:0.000000s ]
SQL: SHOW COLUMNS FROM `dx_user` [ RunTime:0.0000s ]
SQL: SELECT * FROM `dx_user` WHERE `openid` = 'oxpmdwDKxCsmGmo1OmcBcVk7AfNg' LIMIT 1   [ RunTime:0.0000s ]

[ 2017-03-10T19:04:06+08:00 ] 123.52.70.102 /wxapi/oauth/index.html?code=021pZQfM0SopJ52PdvjM0ZebgM0pZQfN&state=http%3A%2F%2Fdl.wannice.com%2Fhome%2Findex%2Findex%3Fwinzoom%3D1&winzoom=1
INFO: [ app_init ] --START--
INFO: Run Behavior\BuildLiteBehavior [ RunTime:0.000000s ]
INFO: [ app_init ] --END-- [ RunTime:0.000000s ]
INFO: [ app_begin ] --START--
INFO: Run Behavior\ReadHtmlCacheBehavior [ RunTime:0.000000s ]
INFO: [ app_begin ] --END-- [ RunTime:0.000000s ]
SQL: SHOW COLUMNS FROM `dx_user` [ RunTime:0.0000s ]
SQL: SELECT * FROM `dx_user` WHERE `openid` = 'oxpmdwDKxCsmGmo1OmcBcVk7AfNg' LIMIT 1   [ RunTime:0.0000s ]

[ 2017-03-10T20:03:17+08:00 ] 58.247.206.139 /index.php/Wxapi?signature=bd5036ab027cbcee2054d9461bd4831dbdc726be&timestamp=1489147396&nonce=1305859197&openid=oDtCdwN3J0DtMS3K4hQB1WzFYzsk
INFO: [ app_init ] --START--
INFO: Run Behavior\BuildLiteBehavior [ RunTime:0.000000s ]
INFO: [ app_init ] --END-- [ RunTime:0.000000s ]
INFO: [ app_begin ] --START--
INFO: Run Behavior\ReadHtmlCacheBehavior [ RunTime:0.000000s ]
INFO: [ app_begin ] --END-- [ RunTime:0.000000s ]
ERR: 1146:Table 'daxiao.dx_users' doesn't exist
 [ SQL语句 ] : SHOW COLUMNS FROM `dx_users`
ERR: 1146:Table 'daxiao.dx_users' doesn't exist
 [ SQL语句 ] : SHOW COLUMNS FROM `dx_users`

[ 2017-03-10T23:09:33+08:00 ] 58.247.206.158 /index.php/Wxapi?signature=f95326dcd6028c19f9e7e76086a69fe51aa2404c&timestamp=1489158573&nonce=247267187&openid=oDtCdwAMJLgajUhKqNKxufhXxvMk
INFO: [ app_init ] --START--
INFO: Run Behavior\BuildLiteBehavior [ RunTime:0.000000s ]
INFO: [ app_init ] --END-- [ RunTime:0.000000s ]
INFO: [ app_begin ] --START--
INFO: Run Behavior\ReadHtmlCacheBehavior [ RunTime:0.000000s ]
INFO: [ app_begin ] --END-- [ RunTime:0.000000s ]
ERR: 1146:Table 'daxiao.dx_news' doesn't exist
 [ SQL语句 ] : SHOW COLUMNS FROM `dx_news`
ERR: 1146:Table 'daxiao.dx_news' doesn't exist
 [ SQL语句 ] : SHOW COLUMNS FROM `dx_news`

[ 2017-03-10T23:27:53+08:00 ] 58.247.206.146 /index.php/Wxapi?signature=028d0d2b4e539240830015e4c9b17268fa229192&timestamp=1489159673&nonce=1221327783&openid=oDtCdwPE_tvW_2EQc5WE4LVrcepw
INFO: [ app_init ] --START--
INFO: Run Behavior\BuildLiteBehavior [ RunTime:0.000000s ]
INFO: [ app_init ] --END-- [ RunTime:0.000000s ]
INFO: [ app_begin ] --START--
INFO: Run Behavior\ReadHtmlCacheBehavior [ RunTime:0.000000s ]
INFO: [ app_begin ] --END-- [ RunTime:0.000000s ]
ERR: 1146:Table 'daxiao.dx_users' doesn't exist
 [ SQL语句 ] : SHOW COLUMNS FROM `dx_users`
ERR: 1146:Table 'daxiao.dx_users' doesn't exist
 [ SQL语句 ] : SHOW COLUMNS FROM `dx_users`

