[ 2017-06-22T09:14:20+08:00 ] 127.0.0.1 /mlaj/Wxapi/Qrimg/web_qr
INFO: [ app_init ] --START--
INFO: Run Behavior\BuildLiteBehavior [ RunTime:0.000000s ]
INFO: [ app_init ] --END-- [ RunTime:0.001000s ]
INFO: [ app_begin ] --START--
INFO: Run Behavior\ReadHtmlCacheBehavior [ RunTime:0.001000s ]
INFO: [ app_begin ] --END-- [ RunTime:0.001000s ]
ERR: 参数错误或者未定义:user_id

[ 2017-06-22T09:14:51+08:00 ] 127.0.0.1 /mlaj/Wxapi/Qrimg/test
INFO: [ app_init ] --START--
INFO: Run Behavior\BuildLiteBehavior [ RunTime:0.000000s ]
INFO: [ app_init ] --END-- [ RunTime:0.000000s ]
INFO: [ app_begin ] --START--
INFO: Run Behavior\ReadHtmlCacheBehavior [ RunTime:0.001000s ]
INFO: [ app_begin ] --END-- [ RunTime:0.001000s ]
SQL: SHOW COLUMNS FROM `wx_qrset` [ RunTime:0.0080s ]
SQL: SELECT * FROM `wx_qrset`  [ RunTime:0.0000s ]
NOTIC: [8] Undefined offset: 0 D:\util\WWW\mlaj\Application\Wxapi\Controller\QrimgController.class.php 第 66 行.
NOTIC: [8] Undefined offset: 0 D:\util\WWW\mlaj\Application\Wxapi\Controller\QrimgController.class.php 第 68 行.
NOTIC: [8] Undefined offset: 0 D:\util\WWW\mlaj\Application\Wxapi\Controller\QrimgController.class.php 第 71 行.
NOTIC: [8] Undefined offset: 0 D:\util\WWW\mlaj\Application\Wxapi\Controller\QrimgController.class.php 第 72 行.
NOTIC: [8] Undefined offset: 0 D:\util\WWW\mlaj\Application\Wxapi\Controller\QrimgController.class.php 第 73 行.
NOTIC: [8] Undefined offset: 0 D:\util\WWW\mlaj\Application\Wxapi\Controller\QrimgController.class.php 第 74 行.
NOTIC: [8] Undefined offset: 0 D:\util\WWW\mlaj\Application\Wxapi\Controller\QrimgController.class.php 第 75 行.
NOTIC: [8] Undefined offset: 0 D:\util\WWW\mlaj\Application\Wxapi\Controller\QrimgController.class.php 第 76 行.
NOTIC: [2] getimagesize(Public/webqr/1.png) [<a href='function.getimagesize'>function.getimagesize</a>]: failed to open stream: No such file or directory D:\util\WWW\mlaj\Application\Wxapi\Controller\QrimgController.class.php 第 124 行.
NOTIC: [2] imagecreate() [<a href='function.imagecreate'>function.imagecreate</a>]: Invalid image dimensions D:\util\WWW\mlaj\Application\Wxapi\Controller\QrimgController.class.php 第 125 行.
NOTIC: [2] imagecreatefrompng(Public/webqr/1.png) [<a href='function.imagecreatefrompng'>function.imagecreatefrompng</a>]: failed to open stream: No such file or directory D:\util\WWW\mlaj\Application\Wxapi\Controller\QrimgController.class.php 第 126 行.
NOTIC: [2] imagecopyresampled() expects parameter 1 to be resource, boolean given D:\util\WWW\mlaj\Application\Wxapi\Controller\QrimgController.class.php 第 127 行.
NOTIC: [2] imagepng() expects parameter 1 to be resource, boolean given D:\util\WWW\mlaj\Application\Wxapi\Controller\QrimgController.class.php 第 128 行.
NOTIC: [2] file_get_contents(Public/webqr/1.png) [<a href='function.file-get-contents'>function.file-get-contents</a>]: failed to open stream: No such file or directory D:\util\WWW\mlaj\Application\Wxapi\Controller\QrimgController.class.php 第 85 行.
NOTIC: [2] imagecreatefromstring() [<a href='function.imagecreatefromstring'>function.imagecreatefromstring</a>]: Empty string or invalid image D:\util\WWW\mlaj\Application\Wxapi\Controller\QrimgController.class.php 第 85 行.
NOTIC: [2] file_get_contents() [<a href='function.file-get-contents'>function.file-get-contents</a>]: Filename cannot be empty D:\util\WWW\mlaj\Application\Wxapi\Controller\QrimgController.class.php 第 88 行.
NOTIC: [2] imagecreatefromstring() [<a href='function.imagecreatefromstring'>function.imagecreatefromstring</a>]: Empty string or invalid image D:\util\WWW\mlaj\Application\Wxapi\Controller\QrimgController.class.php 第 88 行.
NOTIC: [8] Undefined offset: 0 D:\util\WWW\mlaj\Application\Wxapi\Controller\QrimgController.class.php 第 93 行.
NOTIC: [8] Undefined offset: 0 D:\util\WWW\mlaj\Application\Wxapi\Controller\QrimgController.class.php 第 93 行.
NOTIC: [2] imagecopymerge() expects parameter 1 to be resource, boolean given D:\util\WWW\mlaj\Application\Wxapi\Controller\QrimgController.class.php 第 93 行.
NOTIC: [8] Undefined offset: 0 D:\util\WWW\mlaj\Application\Wxapi\Controller\QrimgController.class.php 第 94 行.
NOTIC: [8] Undefined offset: 0 D:\util\WWW\mlaj\Application\Wxapi\Controller\QrimgController.class.php 第 94 行.
NOTIC: [2] imagecopymerge() expects parameter 1 to be resource, boolean given D:\util\WWW\mlaj\Application\Wxapi\Controller\QrimgController.class.php 第 94 行.
NOTIC: [2] imagecopy() expects parameter 1 to be resource, boolean given D:\util\WWW\mlaj\Application\Wxapi\Controller\QrimgController.class.php 第 96 行.
NOTIC: [2] imagecolorallocate() expects parameter 1 to be resource, boolean given D:\util\WWW\mlaj\Application\Wxapi\Controller\QrimgController.class.php 第 98 行.
NOTIC: [2] imagecolorallocate() expects parameter 1 to be resource, boolean given D:\util\WWW\mlaj\Application\Wxapi\Controller\QrimgController.class.php 第 99 行.
NOTIC: [2] imagettftext() expects parameter 1 to be resource, boolean given D:\util\WWW\mlaj\Application\Wxapi\Controller\QrimgController.class.php 第 100 行.
NOTIC: [2] imagettftext() expects parameter 1 to be resource, boolean given D:\util\WWW\mlaj\Application\Wxapi\Controller\QrimgController.class.php 第 101 行.
NOTIC: [2] imagejpeg() expects parameter 1 to be resource, boolean given D:\util\WWW\mlaj\Application\Wxapi\Controller\QrimgController.class.php 第 108 行.
NOTIC: [2] imagegif() expects parameter 1 to be resource, boolean given D:\util\WWW\mlaj\Application\Wxapi\Controller\QrimgController.class.php 第 112 行.
INFO: [ app_end ] --START--
INFO: Run Behavior\ShowPageTraceBehavior [ RunTime:0.000000s ]
INFO: [ app_end ] --END-- [ RunTime:0.000000s ]

[ 2017-06-22T09:14:56+08:00 ] 127.0.0.1 /mlaj/Wxapi/Qrimg/test
INFO: [ app_init ] --START--
INFO: Run Behavior\BuildLiteBehavior [ RunTime:0.000000s ]
INFO: [ app_init ] --END-- [ RunTime:0.000000s ]
INFO: [ app_begin ] --START--
INFO: Run Behavior\ReadHtmlCacheBehavior [ RunTime:0.001000s ]
INFO: [ app_begin ] --END-- [ RunTime:0.001000s ]
SQL: SHOW COLUMNS FROM `wx_qrset` [ RunTime:0.0070s ]
SQL: SELECT * FROM `wx_qrset`  [ RunTime:0.0000s ]
NOTIC: [8] Undefined offset: 0 D:\util\WWW\mlaj\Application\Wxapi\Controller\QrimgController.class.php 第 66 行.
NOTIC: [8] Undefined offset: 0 D:\util\WWW\mlaj\Application\Wxapi\Controller\QrimgController.class.php 第 68 行.
NOTIC: [8] Undefined offset: 0 D:\util\WWW\mlaj\Application\Wxapi\Controller\QrimgController.class.php 第 71 行.
NOTIC: [8] Undefined offset: 0 D:\util\WWW\mlaj\Application\Wxapi\Controller\QrimgController.class.php 第 72 行.
NOTIC: [8] Undefined offset: 0 D:\util\WWW\mlaj\Application\Wxapi\Controller\QrimgController.class.php 第 73 行.
NOTIC: [8] Undefined offset: 0 D:\util\WWW\mlaj\Application\Wxapi\Controller\QrimgController.class.php 第 74 行.
NOTIC: [8] Undefined offset: 0 D:\util\WWW\mlaj\Application\Wxapi\Controller\QrimgController.class.php 第 75 行.
NOTIC: [8] Undefined offset: 0 D:\util\WWW\mlaj\Application\Wxapi\Controller\QrimgController.class.php 第 76 行.
NOTIC: [2] getimagesize(Public/webqr/1.png) [<a href='function.getimagesize'>function.getimagesize</a>]: failed to open stream: No such file or directory D:\util\WWW\mlaj\Application\Wxapi\Controller\QrimgController.class.php 第 124 行.
NOTIC: [2] imagecreate() [<a href='function.imagecreate'>function.imagecreate</a>]: Invalid image dimensions D:\util\WWW\mlaj\Application\Wxapi\Controller\QrimgController.class.php 第 125 行.
NOTIC: [2] imagecreatefrompng(Public/webqr/1.png) [<a href='function.imagecreatefrompng'>function.imagecreatefrompng</a>]: failed to open stream: No such file or directory D:\util\WWW\mlaj\Application\Wxapi\Controller\QrimgController.class.php 第 126 行.
NOTIC: [2] imagecopyresampled() expects parameter 1 to be resource, boolean given D:\util\WWW\mlaj\Application\Wxapi\Controller\QrimgController.class.php 第 127 行.
NOTIC: [2] imagepng() expects parameter 1 to be resource, boolean given D:\util\WWW\mlaj\Application\Wxapi\Controller\QrimgController.class.php 第 128 行.
NOTIC: [2] file_get_contents(Public/webqr/1.png) [<a href='function.file-get-contents'>function.file-get-contents</a>]: failed to open stream: No such file or directory D:\util\WWW\mlaj\Application\Wxapi\Controller\QrimgController.class.php 第 85 行.
NOTIC: [2] imagecreatefromstring() [<a href='function.imagecreatefromstring'>function.imagecreatefromstring</a>]: Empty string or invalid image D:\util\WWW\mlaj\Application\Wxapi\Controller\QrimgController.class.php 第 85 行.
NOTIC: [2] file_get_contents() [<a href='function.file-get-contents'>function.file-get-contents</a>]: Filename cannot be empty D:\util\WWW\mlaj\Application\Wxapi\Controller\QrimgController.class.php 第 88 行.
NOTIC: [2] imagecreatefromstring() [<a href='function.imagecreatefromstring'>function.imagecreatefromstring</a>]: Empty string or invalid image D:\util\WWW\mlaj\Application\Wxapi\Controller\QrimgController.class.php 第 88 行.
NOTIC: [8] Undefined offset: 0 D:\util\WWW\mlaj\Application\Wxapi\Controller\QrimgController.class.php 第 93 行.
NOTIC: [8] Undefined offset: 0 D:\util\WWW\mlaj\Application\Wxapi\Controller\QrimgController.class.php 第 93 行.
NOTIC: [2] imagecopymerge() expects parameter 1 to be resource, boolean given D:\util\WWW\mlaj\Application\Wxapi\Controller\QrimgController.class.php 第 93 行.
NOTIC: [8] Undefined offset: 0 D:\util\WWW\mlaj\Application\Wxapi\Controller\QrimgController.class.php 第 94 行.
NOTIC: [8] Undefined offset: 0 D:\util\WWW\mlaj\Application\Wxapi\Controller\QrimgController.class.php 第 94 行.
NOTIC: [2] imagecopymerge() expects parameter 1 to be resource, boolean given D:\util\WWW\mlaj\Application\Wxapi\Controller\QrimgController.class.php 第 94 行.
NOTIC: [2] imagecopy() expects parameter 1 to be resource, boolean given D:\util\WWW\mlaj\Application\Wxapi\Controller\QrimgController.class.php 第 96 行.
NOTIC: [2] imagecolorallocate() expects parameter 1 to be resource, boolean given D:\util\WWW\mlaj\Application\Wxapi\Controller\QrimgController.class.php 第 98 行.
NOTIC: [2] imagecolorallocate() expects parameter 1 to be resource, boolean given D:\util\WWW\mlaj\Application\Wxapi\Controller\QrimgController.class.php 第 99 行.
NOTIC: [2] imagettftext() expects parameter 1 to be resource, boolean given D:\util\WWW\mlaj\Application\Wxapi\Controller\QrimgController.class.php 第 100 行.
NOTIC: [2] imagettftext() expects parameter 1 to be resource, boolean given D:\util\WWW\mlaj\Application\Wxapi\Controller\QrimgController.class.php 第 101 行.
NOTIC: [2] imagejpeg() expects parameter 1 to be resource, boolean given D:\util\WWW\mlaj\Application\Wxapi\Controller\QrimgController.class.php 第 108 行.
NOTIC: [2] imagegif() expects parameter 1 to be resource, boolean given D:\util\WWW\mlaj\Application\Wxapi\Controller\QrimgController.class.php 第 112 行.
INFO: [ app_end ] --START--
INFO: Run Behavior\ShowPageTraceBehavior [ RunTime:0.000000s ]
INFO: [ app_end ] --END-- [ RunTime:0.000000s ]

[ 2017-06-22T09:15:10+08:00 ] 127.0.0.1 /mlaj/Wxapi/Qrimg/test
INFO: [ app_init ] --START--
INFO: Run Behavior\BuildLiteBehavior [ RunTime:0.000000s ]
INFO: [ app_init ] --END-- [ RunTime:0.001000s ]
INFO: [ app_begin ] --START--
INFO: Run Behavior\ReadHtmlCacheBehavior [ RunTime:0.000000s ]
INFO: [ app_begin ] --END-- [ RunTime:0.000000s ]
SQL: SHOW COLUMNS FROM `wx_qrset` [ RunTime:0.0050s ]
SQL: SELECT * FROM `wx_qrset`  [ RunTime:0.0010s ]
NOTIC: [8] Undefined offset: 0 D:\util\WWW\mlaj\Application\Wxapi\Controller\QrimgController.class.php 第 67 行.
NOTIC: [8] Undefined offset: 0 D:\util\WWW\mlaj\Application\Wxapi\Controller\QrimgController.class.php 第 69 行.
NOTIC: [8] Undefined offset: 0 D:\util\WWW\mlaj\Application\Wxapi\Controller\QrimgController.class.php 第 72 行.
NOTIC: [8] Undefined offset: 0 D:\util\WWW\mlaj\Application\Wxapi\Controller\QrimgController.class.php 第 73 行.
NOTIC: [8] Undefined offset: 0 D:\util\WWW\mlaj\Application\Wxapi\Controller\QrimgController.class.php 第 74 行.
NOTIC: [8] Undefined offset: 0 D:\util\WWW\mlaj\Application\Wxapi\Controller\QrimgController.class.php 第 75 行.
NOTIC: [8] Undefined offset: 0 D:\util\WWW\mlaj\Application\Wxapi\Controller\QrimgController.class.php 第 76 行.
NOTIC: [8] Undefined offset: 0 D:\util\WWW\mlaj\Application\Wxapi\Controller\QrimgController.class.php 第 77 行.
NOTIC: [2] getimagesize(Public/webqr/1.png) [<a href='function.getimagesize'>function.getimagesize</a>]: failed to open stream: No such file or directory D:\util\WWW\mlaj\Application\Wxapi\Controller\QrimgController.class.php 第 125 行.
NOTIC: [2] imagecreate() [<a href='function.imagecreate'>function.imagecreate</a>]: Invalid image dimensions D:\util\WWW\mlaj\Application\Wxapi\Controller\QrimgController.class.php 第 126 行.
NOTIC: [2] imagecreatefrompng(Public/webqr/1.png) [<a href='function.imagecreatefrompng'>function.imagecreatefrompng</a>]: failed to open stream: No such file or directory D:\util\WWW\mlaj\Application\Wxapi\Controller\QrimgController.class.php 第 127 行.
NOTIC: [2] imagecopyresampled() expects parameter 1 to be resource, boolean given D:\util\WWW\mlaj\Application\Wxapi\Controller\QrimgController.class.php 第 128 行.
NOTIC: [2] imagepng() expects parameter 1 to be resource, boolean given D:\util\WWW\mlaj\Application\Wxapi\Controller\QrimgController.class.php 第 129 行.
NOTIC: [2] file_get_contents(Public/webqr/1.png) [<a href='function.file-get-contents'>function.file-get-contents</a>]: failed to open stream: No such file or directory D:\util\WWW\mlaj\Application\Wxapi\Controller\QrimgController.class.php 第 86 行.
NOTIC: [2] imagecreatefromstring() [<a href='function.imagecreatefromstring'>function.imagecreatefromstring</a>]: Empty string or invalid image D:\util\WWW\mlaj\Application\Wxapi\Controller\QrimgController.class.php 第 86 行.
NOTIC: [2] file_get_contents() [<a href='function.file-get-contents'>function.file-get-contents</a>]: Filename cannot be empty D:\util\WWW\mlaj\Application\Wxapi\Controller\QrimgController.class.php 第 89 行.
NOTIC: [2] imagecreatefromstring() [<a href='function.imagecreatefromstring'>function.imagecreatefromstring</a>]: Empty string or invalid image D:\util\WWW\mlaj\Application\Wxapi\Controller\QrimgController.class.php 第 89 行.
NOTIC: [8] Undefined offset: 0 D:\util\WWW\mlaj\Application\Wxapi\Controller\QrimgController.class.php 第 94 行.
NOTIC: [8] Undefined offset: 0 D:\util\WWW\mlaj\Application\Wxapi\Controller\QrimgController.class.php 第 94 行.
NOTIC: [2] imagecopymerge() expects parameter 1 to be resource, boolean given D:\util\WWW\mlaj\Application\Wxapi\Controller\QrimgController.class.php 第 94 行.
NOTIC: [8] Undefined offset: 0 D:\util\WWW\mlaj\Application\Wxapi\Controller\QrimgController.class.php 第 95 行.
NOTIC: [8] Undefined offset: 0 D:\util\WWW\mlaj\Application\Wxapi\Controller\QrimgController.class.php 第 95 行.
NOTIC: [2] imagecopymerge() expects parameter 1 to be resource, boolean given D:\util\WWW\mlaj\Application\Wxapi\Controller\QrimgController.class.php 第 95 行.
NOTIC: [2] imagecopy() expects parameter 1 to be resource, boolean given D:\util\WWW\mlaj\Application\Wxapi\Controller\QrimgController.class.php 第 97 行.
NOTIC: [2] imagecolorallocate() expects parameter 1 to be resource, boolean given D:\util\WWW\mlaj\Application\Wxapi\Controller\QrimgController.class.php 第 99 行.
NOTIC: [2] imagecolorallocate() expects parameter 1 to be resource, boolean given D:\util\WWW\mlaj\Application\Wxapi\Controller\QrimgController.class.php 第 100 行.
NOTIC: [2] imagettftext() expects parameter 1 to be resource, boolean given D:\util\WWW\mlaj\Application\Wxapi\Controller\QrimgController.class.php 第 101 行.
NOTIC: [2] imagettftext() expects parameter 1 to be resource, boolean given D:\util\WWW\mlaj\Application\Wxapi\Controller\QrimgController.class.php 第 102 行.
NOTIC: [2] imagejpeg() expects parameter 1 to be resource, boolean given D:\util\WWW\mlaj\Application\Wxapi\Controller\QrimgController.class.php 第 109 行.
NOTIC: [2] imagegif() expects parameter 1 to be resource, boolean given D:\util\WWW\mlaj\Application\Wxapi\Controller\QrimgController.class.php 第 113 行.
INFO: [ app_end ] --START--
INFO: Run Behavior\ShowPageTraceBehavior [ RunTime:0.001000s ]
INFO: [ app_end ] --END-- [ RunTime:0.001000s ]

[ 2017-06-22T09:17:46+08:00 ] 127.0.0.1 /mlaj/Wxapi/Qrimg/test
INFO: [ app_init ] --START--
INFO: Run Behavior\BuildLiteBehavior [ RunTime:0.000000s ]
INFO: [ app_init ] --END-- [ RunTime:0.001000s ]
INFO: [ app_begin ] --START--
INFO: Run Behavior\ReadHtmlCacheBehavior [ RunTime:0.001000s ]
INFO: [ app_begin ] --END-- [ RunTime:0.001000s ]
SQL: SHOW COLUMNS FROM `wx_qrset` [ RunTime:0.0060s ]
SQL: SELECT * FROM `wx_qrset`  [ RunTime:0.0010s ]
NOTIC: [8] Undefined offset: 0 D:\util\WWW\mlaj\Application\Wxapi\Controller\QrimgController.class.php 第 67 行.
NOTIC: [8] Undefined offset: 0 D:\util\WWW\mlaj\Application\Wxapi\Controller\QrimgController.class.php 第 68 行.
NOTIC: [8] Undefined offset: 0 D:\util\WWW\mlaj\Application\Wxapi\Controller\QrimgController.class.php 第 72 行.
NOTIC: [8] Undefined offset: 0 D:\util\WWW\mlaj\Application\Wxapi\Controller\QrimgController.class.php 第 73 行.
NOTIC: [8] Undefined offset: 0 D:\util\WWW\mlaj\Application\Wxapi\Controller\QrimgController.class.php 第 74 行.
NOTIC: [8] Undefined offset: 0 D:\util\WWW\mlaj\Application\Wxapi\Controller\QrimgController.class.php 第 75 行.
NOTIC: [8] Undefined offset: 0 D:\util\WWW\mlaj\Application\Wxapi\Controller\QrimgController.class.php 第 76 行.
NOTIC: [8] Undefined offset: 0 D:\util\WWW\mlaj\Application\Wxapi\Controller\QrimgController.class.php 第 77 行.
NOTIC: [2] getimagesize(Public/webqr/1.png) [<a href='function.getimagesize'>function.getimagesize</a>]: failed to open stream: No such file or directory D:\util\WWW\mlaj\Application\Wxapi\Controller\QrimgController.class.php 第 125 行.
NOTIC: [2] imagecreate() [<a href='function.imagecreate'>function.imagecreate</a>]: Invalid image dimensions D:\util\WWW\mlaj\Application\Wxapi\Controller\QrimgController.class.php 第 126 行.
NOTIC: [2] imagecreatefrompng(Public/webqr/1.png) [<a href='function.imagecreatefrompng'>function.imagecreatefrompng</a>]: failed to open stream: No such file or directory D:\util\WWW\mlaj\Application\Wxapi\Controller\QrimgController.class.php 第 127 行.
NOTIC: [2] imagecopyresampled() expects parameter 1 to be resource, boolean given D:\util\WWW\mlaj\Application\Wxapi\Controller\QrimgController.class.php 第 128 行.
NOTIC: [2] imagepng() expects parameter 1 to be resource, boolean given D:\util\WWW\mlaj\Application\Wxapi\Controller\QrimgController.class.php 第 129 行.
NOTIC: [2] file_get_contents(Public/webqr/1.png) [<a href='function.file-get-contents'>function.file-get-contents</a>]: failed to open stream: No such file or directory D:\util\WWW\mlaj\Application\Wxapi\Controller\QrimgController.class.php 第 86 行.
NOTIC: [2] imagecreatefromstring() [<a href='function.imagecreatefromstring'>function.imagecreatefromstring</a>]: Empty string or invalid image D:\util\WWW\mlaj\Application\Wxapi\Controller\QrimgController.class.php 第 86 行.
NOTIC: [2] file_get_contents() [<a href='function.file-get-contents'>function.file-get-contents</a>]: Filename cannot be empty D:\util\WWW\mlaj\Application\Wxapi\Controller\QrimgController.class.php 第 89 行.
NOTIC: [2] imagecreatefromstring() [<a href='function.imagecreatefromstring'>function.imagecreatefromstring</a>]: Empty string or invalid image D:\util\WWW\mlaj\Application\Wxapi\Controller\QrimgController.class.php 第 89 行.
NOTIC: [8] Undefined offset: 0 D:\util\WWW\mlaj\Application\Wxapi\Controller\QrimgController.class.php 第 94 行.
NOTIC: [8] Undefined offset: 0 D:\util\WWW\mlaj\Application\Wxapi\Controller\QrimgController.class.php 第 94 行.
NOTIC: [2] imagecopymerge() expects parameter 1 to be resource, boolean given D:\util\WWW\mlaj\Application\Wxapi\Controller\QrimgController.class.php 第 94 行.
NOTIC: [8] Undefined offset: 0 D:\util\WWW\mlaj\Application\Wxapi\Controller\QrimgController.class.php 第 95 行.
NOTIC: [8] Undefined offset: 0 D:\util\WWW\mlaj\Application\Wxapi\Controller\QrimgController.class.php 第 95 行.
NOTIC: [2] imagecopymerge() expects parameter 1 to be resource, boolean given D:\util\WWW\mlaj\Application\Wxapi\Controller\QrimgController.class.php 第 95 行.
NOTIC: [2] imagecopy() expects parameter 1 to be resource, boolean given D:\util\WWW\mlaj\Application\Wxapi\Controller\QrimgController.class.php 第 97 行.
NOTIC: [2] imagecolorallocate() expects parameter 1 to be resource, boolean given D:\util\WWW\mlaj\Application\Wxapi\Controller\QrimgController.class.php 第 99 行.
NOTIC: [2] imagecolorallocate() expects parameter 1 to be resource, boolean given D:\util\WWW\mlaj\Application\Wxapi\Controller\QrimgController.class.php 第 100 行.
NOTIC: [2] imagettftext() expects parameter 1 to be resource, boolean given D:\util\WWW\mlaj\Application\Wxapi\Controller\QrimgController.class.php 第 101 行.
NOTIC: [2] imagettftext() expects parameter 1 to be resource, boolean given D:\util\WWW\mlaj\Application\Wxapi\Controller\QrimgController.class.php 第 102 行.
NOTIC: [2] imagejpeg() expects parameter 1 to be resource, boolean given D:\util\WWW\mlaj\Application\Wxapi\Controller\QrimgController.class.php 第 109 行.
NOTIC: [2] imagegif() expects parameter 1 to be resource, boolean given D:\util\WWW\mlaj\Application\Wxapi\Controller\QrimgController.class.php 第 113 行.
INFO: [ app_end ] --START--
INFO: Run Behavior\ShowPageTraceBehavior [ RunTime:0.001000s ]
INFO: [ app_end ] --END-- [ RunTime:0.001000s ]

[ 2017-06-22T09:17:47+08:00 ] 127.0.0.1 /mlaj/Wxapi/Qrimg/test
INFO: [ app_init ] --START--
INFO: Run Behavior\BuildLiteBehavior [ RunTime:0.000000s ]
INFO: [ app_init ] --END-- [ RunTime:0.000000s ]
INFO: [ app_begin ] --START--
INFO: Run Behavior\ReadHtmlCacheBehavior [ RunTime:0.001000s ]
INFO: [ app_begin ] --END-- [ RunTime:0.001000s ]
SQL: SHOW COLUMNS FROM `wx_qrset` [ RunTime:0.0070s ]
SQL: SELECT * FROM `wx_qrset`  [ RunTime:0.0010s ]
NOTIC: [8] Undefined offset: 0 D:\util\WWW\mlaj\Application\Wxapi\Controller\QrimgController.class.php 第 67 行.
NOTIC: [8] Undefined offset: 0 D:\util\WWW\mlaj\Application\Wxapi\Controller\QrimgController.class.php 第 68 行.
NOTIC: [8] Undefined offset: 0 D:\util\WWW\mlaj\Application\Wxapi\Controller\QrimgController.class.php 第 72 行.
NOTIC: [8] Undefined offset: 0 D:\util\WWW\mlaj\Application\Wxapi\Controller\QrimgController.class.php 第 73 行.
NOTIC: [8] Undefined offset: 0 D:\util\WWW\mlaj\Application\Wxapi\Controller\QrimgController.class.php 第 74 行.
NOTIC: [8] Undefined offset: 0 D:\util\WWW\mlaj\Application\Wxapi\Controller\QrimgController.class.php 第 75 行.
NOTIC: [8] Undefined offset: 0 D:\util\WWW\mlaj\Application\Wxapi\Controller\QrimgController.class.php 第 76 行.
NOTIC: [8] Undefined offset: 0 D:\util\WWW\mlaj\Application\Wxapi\Controller\QrimgController.class.php 第 77 行.
NOTIC: [2] getimagesize(Public/webqr/1.png) [<a href='function.getimagesize'>function.getimagesize</a>]: failed to open stream: No such file or directory D:\util\WWW\mlaj\Application\Wxapi\Controller\QrimgController.class.php 第 125 行.
NOTIC: [2] imagecreate() [<a href='function.imagecreate'>function.imagecreate</a>]: Invalid image dimensions D:\util\WWW\mlaj\Application\Wxapi\Controller\QrimgController.class.php 第 126 行.
NOTIC: [2] imagecreatefrompng(Public/webqr/1.png) [<a href='function.imagecreatefrompng'>function.imagecreatefrompng</a>]: failed to open stream: No such file or directory D:\util\WWW\mlaj\Application\Wxapi\Controller\QrimgController.class.php 第 127 行.
NOTIC: [2] imagecopyresampled() expects parameter 1 to be resource, boolean given D:\util\WWW\mlaj\Application\Wxapi\Controller\QrimgController.class.php 第 128 行.
NOTIC: [2] imagepng() expects parameter 1 to be resource, boolean given D:\util\WWW\mlaj\Application\Wxapi\Controller\QrimgController.class.php 第 129 行.
NOTIC: [2] file_get_contents(Public/webqr/1.png) [<a href='function.file-get-contents'>function.file-get-contents</a>]: failed to open stream: No such file or directory D:\util\WWW\mlaj\Application\Wxapi\Controller\QrimgController.class.php 第 86 行.
NOTIC: [2] imagecreatefromstring() [<a href='function.imagecreatefromstring'>function.imagecreatefromstring</a>]: Empty string or invalid image D:\util\WWW\mlaj\Application\Wxapi\Controller\QrimgController.class.php 第 86 行.
NOTIC: [2] file_get_contents() [<a href='function.file-get-contents'>function.file-get-contents</a>]: Filename cannot be empty D:\util\WWW\mlaj\Application\Wxapi\Controller\QrimgController.class.php 第 89 行.
NOTIC: [2] imagecreatefromstring() [<a href='function.imagecreatefromstring'>function.imagecreatefromstring</a>]: Empty string or invalid image D:\util\WWW\mlaj\Application\Wxapi\Controller\QrimgController.class.php 第 89 行.
NOTIC: [8] Undefined offset: 0 D:\util\WWW\mlaj\Application\Wxapi\Controller\QrimgController.class.php 第 94 行.
NOTIC: [8] Undefined offset: 0 D:\util\WWW\mlaj\Application\Wxapi\Controller\QrimgController.class.php 第 94 行.
NOTIC: [2] imagecopymerge() expects parameter 1 to be resource, boolean given D:\util\WWW\mlaj\Application\Wxapi\Controller\QrimgController.class.php 第 94 行.
NOTIC: [8] Undefined offset: 0 D:\util\WWW\mlaj\Application\Wxapi\Controller\QrimgController.class.php 第 95 行.
NOTIC: [8] Undefined offset: 0 D:\util\WWW\mlaj\Application\Wxapi\Controller\QrimgController.class.php 第 95 行.
NOTIC: [2] imagecopymerge() expects parameter 1 to be resource, boolean given D:\util\WWW\mlaj\Application\Wxapi\Controller\QrimgController.class.php 第 95 行.
NOTIC: [2] imagecopy() expects parameter 1 to be resource, boolean given D:\util\WWW\mlaj\Application\Wxapi\Controller\QrimgController.class.php 第 97 行.
NOTIC: [2] imagecolorallocate() expects parameter 1 to be resource, boolean given D:\util\WWW\mlaj\Application\Wxapi\Controller\QrimgController.class.php 第 99 行.
NOTIC: [2] imagecolorallocate() expects parameter 1 to be resource, boolean given D:\util\WWW\mlaj\Application\Wxapi\Controller\QrimgController.class.php 第 100 行.
NOTIC: [2] imagettftext() expects parameter 1 to be resource, boolean given D:\util\WWW\mlaj\Application\Wxapi\Controller\QrimgController.class.php 第 101 行.
NOTIC: [2] imagettftext() expects parameter 1 to be resource, boolean given D:\util\WWW\mlaj\Application\Wxapi\Controller\QrimgController.class.php 第 102 行.
NOTIC: [2] imagejpeg() expects parameter 1 to be resource, boolean given D:\util\WWW\mlaj\Application\Wxapi\Controller\QrimgController.class.php 第 109 行.
NOTIC: [2] imagegif() expects parameter 1 to be resource, boolean given D:\util\WWW\mlaj\Application\Wxapi\Controller\QrimgController.class.php 第 113 行.
INFO: [ app_end ] --START--
INFO: Run Behavior\ShowPageTraceBehavior [ RunTime:0.001001s ]
INFO: [ app_end ] --END-- [ RunTime:0.001001s ]

[ 2017-06-22T09:17:47+08:00 ] 127.0.0.1 /mlaj/Wxapi/Qrimg/test
INFO: [ app_init ] --START--
INFO: Run Behavior\BuildLiteBehavior [ RunTime:0.000000s ]
INFO: [ app_init ] --END-- [ RunTime:0.001000s ]
INFO: [ app_begin ] --START--
INFO: Run Behavior\ReadHtmlCacheBehavior [ RunTime:0.001000s ]
INFO: [ app_begin ] --END-- [ RunTime:0.001000s ]
SQL: SHOW COLUMNS FROM `wx_qrset` [ RunTime:0.0060s ]
SQL: SELECT * FROM `wx_qrset`  [ RunTime:0.0000s ]
NOTIC: [8] Undefined offset: 0 D:\util\WWW\mlaj\Application\Wxapi\Controller\QrimgController.class.php 第 67 行.
NOTIC: [8] Undefined offset: 0 D:\util\WWW\mlaj\Application\Wxapi\Controller\QrimgController.class.php 第 68 行.
NOTIC: [8] Undefined offset: 0 D:\util\WWW\mlaj\Application\Wxapi\Controller\QrimgController.class.php 第 72 行.
NOTIC: [8] Undefined offset: 0 D:\util\WWW\mlaj\Application\Wxapi\Controller\QrimgController.class.php 第 73 行.
NOTIC: [8] Undefined offset: 0 D:\util\WWW\mlaj\Application\Wxapi\Controller\QrimgController.class.php 第 74 行.
NOTIC: [8] Undefined offset: 0 D:\util\WWW\mlaj\Application\Wxapi\Controller\QrimgController.class.php 第 75 行.
NOTIC: [8] Undefined offset: 0 D:\util\WWW\mlaj\Application\Wxapi\Controller\QrimgController.class.php 第 76 行.
NOTIC: [8] Undefined offset: 0 D:\util\WWW\mlaj\Application\Wxapi\Controller\QrimgController.class.php 第 77 行.
NOTIC: [2] getimagesize(Public/webqr/1.png) [<a href='function.getimagesize'>function.getimagesize</a>]: failed to open stream: No such file or directory D:\util\WWW\mlaj\Application\Wxapi\Controller\QrimgController.class.php 第 125 行.
NOTIC: [2] imagecreate() [<a href='function.imagecreate'>function.imagecreate</a>]: Invalid image dimensions D:\util\WWW\mlaj\Application\Wxapi\Controller\QrimgController.class.php 第 126 行.
NOTIC: [2] imagecreatefrompng(Public/webqr/1.png) [<a href='function.imagecreatefrompng'>function.imagecreatefrompng</a>]: failed to open stream: No such file or directory D:\util\WWW\mlaj\Application\Wxapi\Controller\QrimgController.class.php 第 127 行.
NOTIC: [2] imagecopyresampled() expects parameter 1 to be resource, boolean given D:\util\WWW\mlaj\Application\Wxapi\Controller\QrimgController.class.php 第 128 行.
NOTIC: [2] imagepng() expects parameter 1 to be resource, boolean given D:\util\WWW\mlaj\Application\Wxapi\Controller\QrimgController.class.php 第 129 行.
NOTIC: [2] file_get_contents(Public/webqr/1.png) [<a href='function.file-get-contents'>function.file-get-contents</a>]: failed to open stream: No such file or directory D:\util\WWW\mlaj\Application\Wxapi\Controller\QrimgController.class.php 第 86 行.
NOTIC: [2] imagecreatefromstring() [<a href='function.imagecreatefromstring'>function.imagecreatefromstring</a>]: Empty string or invalid image D:\util\WWW\mlaj\Application\Wxapi\Controller\QrimgController.class.php 第 86 行.
NOTIC: [2] file_get_contents() [<a href='function.file-get-contents'>function.file-get-contents</a>]: Filename cannot be empty D:\util\WWW\mlaj\Application\Wxapi\Controller\QrimgController.class.php 第 89 行.
NOTIC: [2] imagecreatefromstring() [<a href='function.imagecreatefromstring'>function.imagecreatefromstring</a>]: Empty string or invalid image D:\util\WWW\mlaj\Application\Wxapi\Controller\QrimgController.class.php 第 89 行.
NOTIC: [8] Undefined offset: 0 D:\util\WWW\mlaj\Application\Wxapi\Controller\QrimgController.class.php 第 94 行.
NOTIC: [8] Undefined offset: 0 D:\util\WWW\mlaj\Application\Wxapi\Controller\QrimgController.class.php 第 94 行.
NOTIC: [2] imagecopymerge() expects parameter 1 to be resource, boolean given D:\util\WWW\mlaj\Application\Wxapi\Controller\QrimgController.class.php 第 94 行.
NOTIC: [8] Undefined offset: 0 D:\util\WWW\mlaj\Application\Wxapi\Controller\QrimgController.class.php 第 95 行.
NOTIC: [8] Undefined offset: 0 D:\util\WWW\mlaj\Application\Wxapi\Controller\QrimgController.class.php 第 95 行.
NOTIC: [2] imagecopymerge() expects parameter 1 to be resource, boolean given D:\util\WWW\mlaj\Application\Wxapi\Controller\QrimgController.class.php 第 95 行.
NOTIC: [2] imagecopy() expects parameter 1 to be resource, boolean given D:\util\WWW\mlaj\Application\Wxapi\Controller\QrimgController.class.php 第 97 行.
NOTIC: [2] imagecolorallocate() expects parameter 1 to be resource, boolean given D:\util\WWW\mlaj\Application\Wxapi\Controller\QrimgController.class.php 第 99 行.
NOTIC: [2] imagecolorallocate() expects parameter 1 to be resource, boolean given D:\util\WWW\mlaj\Application\Wxapi\Controller\QrimgController.class.php 第 100 行.
NOTIC: [2] imagettftext() expects parameter 1 to be resource, boolean given D:\util\WWW\mlaj\Application\Wxapi\Controller\QrimgController.class.php 第 101 行.
NOTIC: [2] imagettftext() expects parameter 1 to be resource, boolean given D:\util\WWW\mlaj\Application\Wxapi\Controller\QrimgController.class.php 第 102 行.
NOTIC: [2] imagejpeg() expects parameter 1 to be resource, boolean given D:\util\WWW\mlaj\Application\Wxapi\Controller\QrimgController.class.php 第 109 行.
NOTIC: [2] imagegif() expects parameter 1 to be resource, boolean given D:\util\WWW\mlaj\Application\Wxapi\Controller\QrimgController.class.php 第 113 行.
INFO: [ app_end ] --START--
INFO: Run Behavior\ShowPageTraceBehavior [ RunTime:0.001000s ]
INFO: [ app_end ] --END-- [ RunTime:0.001000s ]

[ 2017-06-22T09:17:47+08:00 ] 127.0.0.1 /mlaj/Wxapi/Qrimg/test
INFO: [ app_init ] --START--
INFO: Run Behavior\BuildLiteBehavior [ RunTime:0.000000s ]
INFO: [ app_init ] --END-- [ RunTime:0.001000s ]
INFO: [ app_begin ] --START--
INFO: Run Behavior\ReadHtmlCacheBehavior [ RunTime:0.001000s ]
INFO: [ app_begin ] --END-- [ RunTime:0.001000s ]
SQL: SHOW COLUMNS FROM `wx_qrset` [ RunTime:0.0050s ]
SQL: SELECT * FROM `wx_qrset`  [ RunTime:0.0010s ]
NOTIC: [8] Undefined offset: 0 D:\util\WWW\mlaj\Application\Wxapi\Controller\QrimgController.class.php 第 67 行.
NOTIC: [8] Undefined offset: 0 D:\util\WWW\mlaj\Application\Wxapi\Controller\QrimgController.class.php 第 68 行.
NOTIC: [8] Undefined offset: 0 D:\util\WWW\mlaj\Application\Wxapi\Controller\QrimgController.class.php 第 72 行.
NOTIC: [8] Undefined offset: 0 D:\util\WWW\mlaj\Application\Wxapi\Controller\QrimgController.class.php 第 73 行.
NOTIC: [8] Undefined offset: 0 D:\util\WWW\mlaj\Application\Wxapi\Controller\QrimgController.class.php 第 74 行.
NOTIC: [8] Undefined offset: 0 D:\util\WWW\mlaj\Application\Wxapi\Controller\QrimgController.class.php 第 75 行.
NOTIC: [8] Undefined offset: 0 D:\util\WWW\mlaj\Application\Wxapi\Controller\QrimgController.class.php 第 76 行.
NOTIC: [8] Undefined offset: 0 D:\util\WWW\mlaj\Application\Wxapi\Controller\QrimgController.class.php 第 77 行.
NOTIC: [2] getimagesize(Public/webqr/1.png) [<a href='function.getimagesize'>function.getimagesize</a>]: failed to open stream: No such file or directory D:\util\WWW\mlaj\Application\Wxapi\Controller\QrimgController.class.php 第 125 行.
NOTIC: [2] imagecreate() [<a href='function.imagecreate'>function.imagecreate</a>]: Invalid image dimensions D:\util\WWW\mlaj\Application\Wxapi\Controller\QrimgController.class.php 第 126 行.
NOTIC: [2] imagecreatefrompng(Public/webqr/1.png) [<a href='function.imagecreatefrompng'>function.imagecreatefrompng</a>]: failed to open stream: No such file or directory D:\util\WWW\mlaj\Application\Wxapi\Controller\QrimgController.class.php 第 127 行.
NOTIC: [2] imagecopyresampled() expects parameter 1 to be resource, boolean given D:\util\WWW\mlaj\Application\Wxapi\Controller\QrimgController.class.php 第 128 行.
NOTIC: [2] imagepng() expects parameter 1 to be resource, boolean given D:\util\WWW\mlaj\Application\Wxapi\Controller\QrimgController.class.php 第 129 行.
NOTIC: [2] file_get_contents(Public/webqr/1.png) [<a href='function.file-get-contents'>function.file-get-contents</a>]: failed to open stream: No such file or directory D:\util\WWW\mlaj\Application\Wxapi\Controller\QrimgController.class.php 第 86 行.
NOTIC: [2] imagecreatefromstring() [<a href='function.imagecreatefromstring'>function.imagecreatefromstring</a>]: Empty string or invalid image D:\util\WWW\mlaj\Application\Wxapi\Controller\QrimgController.class.php 第 86 行.
NOTIC: [2] file_get_contents() [<a href='function.file-get-contents'>function.file-get-contents</a>]: Filename cannot be empty D:\util\WWW\mlaj\Application\Wxapi\Controller\QrimgController.class.php 第 89 行.
NOTIC: [2] imagecreatefromstring() [<a href='function.imagecreatefromstring'>function.imagecreatefromstring</a>]: Empty string or invalid image D:\util\WWW\mlaj\Application\Wxapi\Controller\QrimgController.class.php 第 89 行.
NOTIC: [8] Undefined offset: 0 D:\util\WWW\mlaj\Application\Wxapi\Controller\QrimgController.class.php 第 94 行.
NOTIC: [8] Undefined offset: 0 D:\util\WWW\mlaj\Application\Wxapi\Controller\QrimgController.class.php 第 94 行.
NOTIC: [2] imagecopymerge() expects parameter 1 to be resource, boolean given D:\util\WWW\mlaj\Application\Wxapi\Controller\QrimgController.class.php 第 94 行.
NOTIC: [8] Undefined offset: 0 D:\util\WWW\mlaj\Application\Wxapi\Controller\QrimgController.class.php 第 95 行.
NOTIC: [8] Undefined offset: 0 D:\util\WWW\mlaj\Application\Wxapi\Controller\QrimgController.class.php 第 95 行.
NOTIC: [2] imagecopymerge() expects parameter 1 to be resource, boolean given D:\util\WWW\mlaj\Application\Wxapi\Controller\QrimgController.class.php 第 95 行.
NOTIC: [2] imagecopy() expects parameter 1 to be resource, boolean given D:\util\WWW\mlaj\Application\Wxapi\Controller\QrimgController.class.php 第 97 行.
NOTIC: [2] imagecolorallocate() expects parameter 1 to be resource, boolean given D:\util\WWW\mlaj\Application\Wxapi\Controller\QrimgController.class.php 第 99 行.
NOTIC: [2] imagecolorallocate() expects parameter 1 to be resource, boolean given D:\util\WWW\mlaj\Application\Wxapi\Controller\QrimgController.class.php 第 100 行.
NOTIC: [2] imagettftext() expects parameter 1 to be resource, boolean given D:\util\WWW\mlaj\Application\Wxapi\Controller\QrimgController.class.php 第 101 行.
NOTIC: [2] imagettftext() expects parameter 1 to be resource, boolean given D:\util\WWW\mlaj\Application\Wxapi\Controller\QrimgController.class.php 第 102 行.
NOTIC: [2] imagejpeg() expects parameter 1 to be resource, boolean given D:\util\WWW\mlaj\Application\Wxapi\Controller\QrimgController.class.php 第 109 行.
NOTIC: [2] imagegif() expects parameter 1 to be resource, boolean given D:\util\WWW\mlaj\Application\Wxapi\Controller\QrimgController.class.php 第 113 行.
INFO: [ app_end ] --START--
INFO: Run Behavior\ShowPageTraceBehavior [ RunTime:0.001000s ]
INFO: [ app_end ] --END-- [ RunTime:0.001000s ]

[ 2017-06-22T09:17:47+08:00 ] 127.0.0.1 /mlaj/Wxapi/Qrimg/test
INFO: [ app_init ] --START--
INFO: Run Behavior\BuildLiteBehavior [ RunTime:0.000000s ]
INFO: [ app_init ] --END-- [ RunTime:0.000000s ]
INFO: [ app_begin ] --START--
INFO: Run Behavior\ReadHtmlCacheBehavior [ RunTime:0.000000s ]
INFO: [ app_begin ] --END-- [ RunTime:0.000000s ]
SQL: SHOW COLUMNS FROM `wx_qrset` [ RunTime:0.0070s ]
SQL: SELECT * FROM `wx_qrset`  [ RunTime:0.0010s ]
NOTIC: [8] Undefined offset: 0 D:\util\WWW\mlaj\Application\Wxapi\Controller\QrimgController.class.php 第 67 行.
NOTIC: [8] Undefined offset: 0 D:\util\WWW\mlaj\Application\Wxapi\Controller\QrimgController.class.php 第 68 行.
NOTIC: [8] Undefined offset: 0 D:\util\WWW\mlaj\Application\Wxapi\Controller\QrimgController.class.php 第 72 行.
NOTIC: [8] Undefined offset: 0 D:\util\WWW\mlaj\Application\Wxapi\Controller\QrimgController.class.php 第 73 行.
NOTIC: [8] Undefined offset: 0 D:\util\WWW\mlaj\Application\Wxapi\Controller\QrimgController.class.php 第 74 行.
NOTIC: [8] Undefined offset: 0 D:\util\WWW\mlaj\Application\Wxapi\Controller\QrimgController.class.php 第 75 行.
NOTIC: [8] Undefined offset: 0 D:\util\WWW\mlaj\Application\Wxapi\Controller\QrimgController.class.php 第 76 行.
NOTIC: [8] Undefined offset: 0 D:\util\WWW\mlaj\Application\Wxapi\Controller\QrimgController.class.php 第 77 行.
NOTIC: [2] getimagesize(Public/webqr/1.png) [<a href='function.getimagesize'>function.getimagesize</a>]: failed to open stream: No such file or directory D:\util\WWW\mlaj\Application\Wxapi\Controller\QrimgController.class.php 第 125 行.
NOTIC: [2] imagecreate() [<a href='function.imagecreate'>function.imagecreate</a>]: Invalid image dimensions D:\util\WWW\mlaj\Application\Wxapi\Controller\QrimgController.class.php 第 126 行.
NOTIC: [2] imagecreatefrompng(Public/webqr/1.png) [<a href='function.imagecreatefrompng'>function.imagecreatefrompng</a>]: failed to open stream: No such file or directory D:\util\WWW\mlaj\Application\Wxapi\Controller\QrimgController.class.php 第 127 行.
NOTIC: [2] imagecopyresampled() expects parameter 1 to be resource, boolean given D:\util\WWW\mlaj\Application\Wxapi\Controller\QrimgController.class.php 第 128 行.
NOTIC: [2] imagepng() expects parameter 1 to be resource, boolean given D:\util\WWW\mlaj\Application\Wxapi\Controller\QrimgController.class.php 第 129 行.
NOTIC: [2] file_get_contents(Public/webqr/1.png) [<a href='function.file-get-contents'>function.file-get-contents</a>]: failed to open stream: No such file or directory D:\util\WWW\mlaj\Application\Wxapi\Controller\QrimgController.class.php 第 86 行.
NOTIC: [2] imagecreatefromstring() [<a href='function.imagecreatefromstring'>function.imagecreatefromstring</a>]: Empty string or invalid image D:\util\WWW\mlaj\Application\Wxapi\Controller\QrimgController.class.php 第 86 行.
NOTIC: [2] file_get_contents() [<a href='function.file-get-contents'>function.file-get-contents</a>]: Filename cannot be empty D:\util\WWW\mlaj\Application\Wxapi\Controller\QrimgController.class.php 第 89 行.
NOTIC: [2] imagecreatefromstring() [<a href='function.imagecreatefromstring'>function.imagecreatefromstring</a>]: Empty string or invalid image D:\util\WWW\mlaj\Application\Wxapi\Controller\QrimgController.class.php 第 89 行.
NOTIC: [8] Undefined offset: 0 D:\util\WWW\mlaj\Application\Wxapi\Controller\QrimgController.class.php 第 94 行.
NOTIC: [8] Undefined offset: 0 D:\util\WWW\mlaj\Application\Wxapi\Controller\QrimgController.class.php 第 94 行.
NOTIC: [2] imagecopymerge() expects parameter 1 to be resource, boolean given D:\util\WWW\mlaj\Application\Wxapi\Controller\QrimgController.class.php 第 94 行.
NOTIC: [8] Undefined offset: 0 D:\util\WWW\mlaj\Application\Wxapi\Controller\QrimgController.class.php 第 95 行.
NOTIC: [8] Undefined offset: 0 D:\util\WWW\mlaj\Application\Wxapi\Controller\QrimgController.class.php 第 95 行.
NOTIC: [2] imagecopymerge() expects parameter 1 to be resource, boolean given D:\util\WWW\mlaj\Application\Wxapi\Controller\QrimgController.class.php 第 95 行.
NOTIC: [2] imagecopy() expects parameter 1 to be resource, boolean given D:\util\WWW\mlaj\Application\Wxapi\Controller\QrimgController.class.php 第 97 行.
NOTIC: [2] imagecolorallocate() expects parameter 1 to be resource, boolean given D:\util\WWW\mlaj\Application\Wxapi\Controller\QrimgController.class.php 第 99 行.
NOTIC: [2] imagecolorallocate() expects parameter 1 to be resource, boolean given D:\util\WWW\mlaj\Application\Wxapi\Controller\QrimgController.class.php 第 100 行.
NOTIC: [2] imagettftext() expects parameter 1 to be resource, boolean given D:\util\WWW\mlaj\Application\Wxapi\Controller\QrimgController.class.php 第 101 行.
NOTIC: [2] imagettftext() expects parameter 1 to be resource, boolean given D:\util\WWW\mlaj\Application\Wxapi\Controller\QrimgController.class.php 第 102 行.
NOTIC: [2] imagejpeg() expects parameter 1 to be resource, boolean given D:\util\WWW\mlaj\Application\Wxapi\Controller\QrimgController.class.php 第 109 行.
NOTIC: [2] imagegif() expects parameter 1 to be resource, boolean given D:\util\WWW\mlaj\Application\Wxapi\Controller\QrimgController.class.php 第 113 行.
INFO: [ app_end ] --START--
INFO: Run Behavior\ShowPageTraceBehavior [ RunTime:0.001000s ]
INFO: [ app_end ] --END-- [ RunTime:0.001000s ]

[ 2017-06-22T09:17:48+08:00 ] 127.0.0.1 /mlaj/Wxapi/Qrimg/test
INFO: [ app_init ] --START--
INFO: Run Behavior\BuildLiteBehavior [ RunTime:0.000000s ]
INFO: [ app_init ] --END-- [ RunTime:0.000000s ]
INFO: [ app_begin ] --START--
INFO: Run Behavior\ReadHtmlCacheBehavior [ RunTime:0.000000s ]
INFO: [ app_begin ] --END-- [ RunTime:0.001000s ]
SQL: SHOW COLUMNS FROM `wx_qrset` [ RunTime:0.0060s ]
SQL: SELECT * FROM `wx_qrset`  [ RunTime:0.0000s ]
NOTIC: [8] Undefined offset: 0 D:\util\WWW\mlaj\Application\Wxapi\Controller\QrimgController.class.php 第 67 行.
NOTIC: [8] Undefined offset: 0 D:\util\WWW\mlaj\Application\Wxapi\Controller\QrimgController.class.php 第 68 行.
NOTIC: [8] Undefined offset: 0 D:\util\WWW\mlaj\Application\Wxapi\Controller\QrimgController.class.php 第 72 行.
NOTIC: [8] Undefined offset: 0 D:\util\WWW\mlaj\Application\Wxapi\Controller\QrimgController.class.php 第 73 行.
NOTIC: [8] Undefined offset: 0 D:\util\WWW\mlaj\Application\Wxapi\Controller\QrimgController.class.php 第 74 行.
NOTIC: [8] Undefined offset: 0 D:\util\WWW\mlaj\Application\Wxapi\Controller\QrimgController.class.php 第 75 行.
NOTIC: [8] Undefined offset: 0 D:\util\WWW\mlaj\Application\Wxapi\Controller\QrimgController.class.php 第 76 行.
NOTIC: [8] Undefined offset: 0 D:\util\WWW\mlaj\Application\Wxapi\Controller\QrimgController.class.php 第 77 行.
NOTIC: [2] getimagesize(Public/webqr/1.png) [<a href='function.getimagesize'>function.getimagesize</a>]: failed to open stream: No such file or directory D:\util\WWW\mlaj\Application\Wxapi\Controller\QrimgController.class.php 第 125 行.
NOTIC: [2] imagecreate() [<a href='function.imagecreate'>function.imagecreate</a>]: Invalid image dimensions D:\util\WWW\mlaj\Application\Wxapi\Controller\QrimgController.class.php 第 126 行.
NOTIC: [2] imagecreatefrompng(Public/webqr/1.png) [<a href='function.imagecreatefrompng'>function.imagecreatefrompng</a>]: failed to open stream: No such file or directory D:\util\WWW\mlaj\Application\Wxapi\Controller\QrimgController.class.php 第 127 行.
NOTIC: [2] imagecopyresampled() expects parameter 1 to be resource, boolean given D:\util\WWW\mlaj\Application\Wxapi\Controller\QrimgController.class.php 第 128 行.
NOTIC: [2] imagepng() expects parameter 1 to be resource, boolean given D:\util\WWW\mlaj\Application\Wxapi\Controller\QrimgController.class.php 第 129 行.
NOTIC: [2] file_get_contents(Public/webqr/1.png) [<a href='function.file-get-contents'>function.file-get-contents</a>]: failed to open stream: No such file or directory D:\util\WWW\mlaj\Application\Wxapi\Controller\QrimgController.class.php 第 86 行.
NOTIC: [2] imagecreatefromstring() [<a href='function.imagecreatefromstring'>function.imagecreatefromstring</a>]: Empty string or invalid image D:\util\WWW\mlaj\Application\Wxapi\Controller\QrimgController.class.php 第 86 行.
NOTIC: [2] file_get_contents() [<a href='function.file-get-contents'>function.file-get-contents</a>]: Filename cannot be empty D:\util\WWW\mlaj\Application\Wxapi\Controller\QrimgController.class.php 第 89 行.
NOTIC: [2] imagecreatefromstring() [<a href='function.imagecreatefromstring'>function.imagecreatefromstring</a>]: Empty string or invalid image D:\util\WWW\mlaj\Application\Wxapi\Controller\QrimgController.class.php 第 89 行.
NOTIC: [8] Undefined offset: 0 D:\util\WWW\mlaj\Application\Wxapi\Controller\QrimgController.class.php 第 94 行.
NOTIC: [8] Undefined offset: 0 D:\util\WWW\mlaj\Application\Wxapi\Controller\QrimgController.class.php 第 94 行.
NOTIC: [2] imagecopymerge() expects parameter 1 to be resource, boolean given D:\util\WWW\mlaj\Application\Wxapi\Controller\QrimgController.class.php 第 94 行.
NOTIC: [8] Undefined offset: 0 D:\util\WWW\mlaj\Application\Wxapi\Controller\QrimgController.class.php 第 95 行.
NOTIC: [8] Undefined offset: 0 D:\util\WWW\mlaj\Application\Wxapi\Controller\QrimgController.class.php 第 95 行.
NOTIC: [2] imagecopymerge() expects parameter 1 to be resource, boolean given D:\util\WWW\mlaj\Application\Wxapi\Controller\QrimgController.class.php 第 95 行.
NOTIC: [2] imagecopy() expects parameter 1 to be resource, boolean given D:\util\WWW\mlaj\Application\Wxapi\Controller\QrimgController.class.php 第 97 行.
NOTIC: [2] imagecolorallocate() expects parameter 1 to be resource, boolean given D:\util\WWW\mlaj\Application\Wxapi\Controller\QrimgController.class.php 第 99 行.
NOTIC: [2] imagecolorallocate() expects parameter 1 to be resource, boolean given D:\util\WWW\mlaj\Application\Wxapi\Controller\QrimgController.class.php 第 100 行.
NOTIC: [2] imagettftext() expects parameter 1 to be resource, boolean given D:\util\WWW\mlaj\Application\Wxapi\Controller\QrimgController.class.php 第 101 行.
NOTIC: [2] imagettftext() expects parameter 1 to be resource, boolean given D:\util\WWW\mlaj\Application\Wxapi\Controller\QrimgController.class.php 第 102 行.
NOTIC: [2] imagejpeg() expects parameter 1 to be resource, boolean given D:\util\WWW\mlaj\Application\Wxapi\Controller\QrimgController.class.php 第 109 行.
NOTIC: [2] imagegif() expects parameter 1 to be resource, boolean given D:\util\WWW\mlaj\Application\Wxapi\Controller\QrimgController.class.php 第 113 行.
INFO: [ app_end ] --START--
INFO: Run Behavior\ShowPageTraceBehavior [ RunTime:0.001000s ]
INFO: [ app_end ] --END-- [ RunTime:0.001000s ]

[ 2017-06-22T09:52:30+08:00 ] 127.0.0.1 /mlaj/Wxapi/Qrimg/test
INFO: [ app_init ] --START--
INFO: Run Behavior\BuildLiteBehavior [ RunTime:0.000000s ]
INFO: [ app_init ] --END-- [ RunTime:0.001000s ]
INFO: [ app_begin ] --START--
INFO: Run Behavior\ReadHtmlCacheBehavior [ RunTime:0.001001s ]
INFO: [ app_begin ] --END-- [ RunTime:0.001001s ]
SQL: SHOW COLUMNS FROM `wx_qrset` [ RunTime:0.0060s ]
SQL: SELECT * FROM `wx_qrset`  [ RunTime:0.0010s ]
NOTIC: [8] Undefined offset: 0 D:\util\WWW\mlaj\Application\Wxapi\Controller\QrimgController.class.php 第 67 行.
NOTIC: [8] Undefined offset: 0 D:\util\WWW\mlaj\Application\Wxapi\Controller\QrimgController.class.php 第 68 行.
NOTIC: [8] Undefined offset: 0 D:\util\WWW\mlaj\Application\Wxapi\Controller\QrimgController.class.php 第 72 行.
NOTIC: [8] Undefined offset: 0 D:\util\WWW\mlaj\Application\Wxapi\Controller\QrimgController.class.php 第 73 行.
NOTIC: [8] Undefined offset: 0 D:\util\WWW\mlaj\Application\Wxapi\Controller\QrimgController.class.php 第 74 行.
NOTIC: [8] Undefined offset: 0 D:\util\WWW\mlaj\Application\Wxapi\Controller\QrimgController.class.php 第 75 行.
NOTIC: [8] Undefined offset: 0 D:\util\WWW\mlaj\Application\Wxapi\Controller\QrimgController.class.php 第 76 行.
NOTIC: [8] Undefined offset: 0 D:\util\WWW\mlaj\Application\Wxapi\Controller\QrimgController.class.php 第 77 行.
NOTIC: [2] getimagesize(Public/webqr/1.png) [<a href='function.getimagesize'>function.getimagesize</a>]: failed to open stream: No such file or directory D:\util\WWW\mlaj\Application\Wxapi\Controller\QrimgController.class.php 第 125 行.
NOTIC: [2] imagecreate() [<a href='function.imagecreate'>function.imagecreate</a>]: Invalid image dimensions D:\util\WWW\mlaj\Application\Wxapi\Controller\QrimgController.class.php 第 126 行.
NOTIC: [2] imagecreatefrompng(Public/webqr/1.png) [<a href='function.imagecreatefrompng'>function.imagecreatefrompng</a>]: failed to open stream: No such file or directory D:\util\WWW\mlaj\Application\Wxapi\Controller\QrimgController.class.php 第 127 行.
NOTIC: [2] imagecopyresampled() expects parameter 1 to be resource, boolean given D:\util\WWW\mlaj\Application\Wxapi\Controller\QrimgController.class.php 第 128 行.
NOTIC: [2] imagepng() expects parameter 1 to be resource, boolean given D:\util\WWW\mlaj\Application\Wxapi\Controller\QrimgController.class.php 第 129 行.
NOTIC: [2] file_get_contents(Public/webqr/1.png) [<a href='function.file-get-contents'>function.file-get-contents</a>]: failed to open stream: No such file or directory D:\util\WWW\mlaj\Application\Wxapi\Controller\QrimgController.class.php 第 86 行.
NOTIC: [2] imagecreatefromstring() [<a href='function.imagecreatefromstring'>function.imagecreatefromstring</a>]: Empty string or invalid image D:\util\WWW\mlaj\Application\Wxapi\Controller\QrimgController.class.php 第 86 行.
NOTIC: [2] file_get_contents() [<a href='function.file-get-contents'>function.file-get-contents</a>]: Filename cannot be empty D:\util\WWW\mlaj\Application\Wxapi\Controller\QrimgController.class.php 第 89 行.
NOTIC: [2] imagecreatefromstring() [<a href='function.imagecreatefromstring'>function.imagecreatefromstring</a>]: Empty string or invalid image D:\util\WWW\mlaj\Application\Wxapi\Controller\QrimgController.class.php 第 89 行.
NOTIC: [8] Undefined offset: 0 D:\util\WWW\mlaj\Application\Wxapi\Controller\QrimgController.class.php 第 94 行.
NOTIC: [8] Undefined offset: 0 D:\util\WWW\mlaj\Application\Wxapi\Controller\QrimgController.class.php 第 94 行.
NOTIC: [2] imagecopymerge() expects parameter 1 to be resource, boolean given D:\util\WWW\mlaj\Application\Wxapi\Controller\QrimgController.class.php 第 94 行.
NOTIC: [8] Undefined offset: 0 D:\util\WWW\mlaj\Application\Wxapi\Controller\QrimgController.class.php 第 95 行.
NOTIC: [8] Undefined offset: 0 D:\util\WWW\mlaj\Application\Wxapi\Controller\QrimgController.class.php 第 95 行.
NOTIC: [2] imagecopymerge() expects parameter 1 to be resource, boolean given D:\util\WWW\mlaj\Application\Wxapi\Controller\QrimgController.class.php 第 95 行.
NOTIC: [2] imagecopy() expects parameter 1 to be resource, boolean given D:\util\WWW\mlaj\Application\Wxapi\Controller\QrimgController.class.php 第 97 行.
NOTIC: [2] imagecolorallocate() expects parameter 1 to be resource, boolean given D:\util\WWW\mlaj\Application\Wxapi\Controller\QrimgController.class.php 第 99 行.
NOTIC: [2] imagecolorallocate() expects parameter 1 to be resource, boolean given D:\util\WWW\mlaj\Application\Wxapi\Controller\QrimgController.class.php 第 100 行.
NOTIC: [2] imagettftext() expects parameter 1 to be resource, boolean given D:\util\WWW\mlaj\Application\Wxapi\Controller\QrimgController.class.php 第 101 行.
NOTIC: [2] imagettftext() expects parameter 1 to be resource, boolean given D:\util\WWW\mlaj\Application\Wxapi\Controller\QrimgController.class.php 第 102 行.
NOTIC: [2] imagejpeg() expects parameter 1 to be resource, boolean given D:\util\WWW\mlaj\Application\Wxapi\Controller\QrimgController.class.php 第 109 行.
NOTIC: [2] imagegif() expects parameter 1 to be resource, boolean given D:\util\WWW\mlaj\Application\Wxapi\Controller\QrimgController.class.php 第 113 行.
INFO: [ app_end ] --START--
INFO: Run Behavior\ShowPageTraceBehavior [ RunTime:0.001000s ]
INFO: [ app_end ] --END-- [ RunTime:0.001000s ]

