[ 2017-03-16T07:41:06+08:00 ] 58.247.206.143 /index.php/Wxapi?signature=63158f6e44672671fa8f73ba4a8ea6b4d9a976d3&timestamp=1489621266&nonce=730520689&openid=oDtCdwGtmW0aKhijP2vjUW41OvwY
INFO: [ app_init ] --START--
INFO: Run Behavior\BuildLiteBehavior [ RunTime:0.000000s ]
INFO: [ app_init ] --END-- [ RunTime:0.000000s ]
INFO: [ app_begin ] --START--
INFO: Run Behavior\ReadHtmlCacheBehavior [ RunTime:0.015625s ]
INFO: [ app_begin ] --END-- [ RunTime:0.015625s ]
ERR: 1146:Table 'daxiao.dx_users' doesn't exist
 [ SQL语句 ] : SHOW COLUMNS FROM `dx_users`
ERR: 1146:Table 'daxiao.dx_users' doesn't exist
 [ SQL语句 ] : SHOW COLUMNS FROM `dx_users`

[ 2017-03-16T08:29:21+08:00 ] 140.207.54.74 /index.php/Wxapi?signature=4ac562a010d92483a642f212b4df7c20eb241353&timestamp=1489624161&nonce=582955684&openid=oDtCdwEpHoHg710SFau6jaP-nTdc
INFO: [ app_init ] --START--
INFO: Run Behavior\BuildLiteBehavior [ RunTime:0.000000s ]
INFO: [ app_init ] --END-- [ RunTime:0.000000s ]
INFO: [ app_begin ] --START--
INFO: Run Behavior\ReadHtmlCacheBehavior [ RunTime:0.000000s ]
INFO: [ app_begin ] --END-- [ RunTime:0.000000s ]
ERR: 1146:Table 'daxiao.dx_subscribe' doesn't exist
 [ SQL语句 ] : SHOW COLUMNS FROM `dx_subscribe`
ERR: 1146:Table 'daxiao.dx_subscribe' doesn't exist
 [ SQL语句 ] : SHOW COLUMNS FROM `dx_subscribe`

[ 2017-03-16T08:39:20+08:00 ] 123.151.12.152 /wxapi/oauth/index.html?surl=http://dl.wannice.com/Home/Index/index.html?from=singlemessage
INFO: [ app_init ] --START--
INFO: Run Behavior\BuildLiteBehavior [ RunTime:0.000000s ]
INFO: [ app_init ] --END-- [ RunTime:0.000000s ]
INFO: [ app_begin ] --START--
INFO: Run Behavior\ReadHtmlCacheBehavior [ RunTime:0.000000s ]
INFO: [ app_begin ] --END-- [ RunTime:0.000000s ]

[ 2017-03-16T08:39:21+08:00 ] 123.151.12.152 /wxapi/oauth/index.html?code=011EK3SM1a9kd31WWnTM1ik7SM1EK3SE&state=http%3A%2F%2Fdl.wannice.com%2FHome%2FIndex%2Findex.html%3Ffrom%3Dsinglemessage
INFO: [ app_init ] --START--
INFO: Run Behavior\BuildLiteBehavior [ RunTime:0.000000s ]
INFO: [ app_init ] --END-- [ RunTime:0.000000s ]
INFO: [ app_begin ] --START--
INFO: Run Behavior\ReadHtmlCacheBehavior [ RunTime:0.000000s ]
INFO: [ app_begin ] --END-- [ RunTime:0.000000s ]
SQL: SHOW COLUMNS FROM `dx_user` [ RunTime:0.0000s ]
SQL: SELECT * FROM `dx_user` WHERE `openid` = 'oxpmdwDBkRZg29ERBnZw50ut8Ykc' LIMIT 1   [ RunTime:0.0000s ]

[ 2017-03-16T08:48:20+08:00 ] 117.185.27.113 /wxapi/oauth/index.html?surl=http://dl.wannice.com/Home/Index/tixian.html
INFO: [ app_init ] --START--
INFO: Run Behavior\BuildLiteBehavior [ RunTime:0.000000s ]
INFO: [ app_init ] --END-- [ RunTime:0.000000s ]
INFO: [ app_begin ] --START--
INFO: Run Behavior\ReadHtmlCacheBehavior [ RunTime:0.000000s ]
INFO: [ app_begin ] --END-- [ RunTime:0.000000s ]

[ 2017-03-16T09:15:38+08:00 ] 123.151.42.52 /wxapi/oauth/index.html?surl=http://dl.wannice.com/Home/Index/index.html
INFO: [ app_init ] --START--
INFO: Run Behavior\BuildLiteBehavior [ RunTime:0.000000s ]
INFO: [ app_init ] --END-- [ RunTime:0.000000s ]
INFO: [ app_begin ] --START--
INFO: Run Behavior\ReadHtmlCacheBehavior [ RunTime:0.015625s ]
INFO: [ app_begin ] --END-- [ RunTime:0.015625s ]

[ 2017-03-16T09:15:39+08:00 ] 123.151.42.52 /wxapi/oauth/index.html?code=031DEhkg11QQ1w0D7Hjg1dRkkg1DEhk2&state=http%3A%2F%2Fdl.wannice.com%2FHome%2FIndex%2Findex.html
INFO: [ app_init ] --START--
INFO: Run Behavior\BuildLiteBehavior [ RunTime:0.000000s ]
INFO: [ app_init ] --END-- [ RunTime:0.000000s ]
INFO: [ app_begin ] --START--
INFO: Run Behavior\ReadHtmlCacheBehavior [ RunTime:0.000000s ]
INFO: [ app_begin ] --END-- [ RunTime:0.000000s ]
SQL: SHOW COLUMNS FROM `dx_user` [ RunTime:0.0000s ]
SQL: SELECT * FROM `dx_user` WHERE `openid` = 'oxpmdwDKxCsmGmo1OmcBcVk7AfNg' LIMIT 1   [ RunTime:0.0000s ]

[ 2017-03-16T09:15:53+08:00 ] 101.226.65.105 /wxapi/oauth/index.html?surl=http://dl.wannice.com/Home/Index/index.html
INFO: [ app_init ] --START--
INFO: Run Behavior\BuildLiteBehavior [ RunTime:0.000000s ]
INFO: [ app_init ] --END-- [ RunTime:0.000000s ]
INFO: [ app_begin ] --START--
INFO: Run Behavior\ReadHtmlCacheBehavior [ RunTime:0.000000s ]
INFO: [ app_begin ] --END-- [ RunTime:0.000000s ]

[ 2017-03-16T09:15:58+08:00 ] 101.226.89.122 /wxapi/oauth/index.html?surl=http://dl.wannice.com/Home/Index/history.html
INFO: [ app_init ] --START--
INFO: Run Behavior\BuildLiteBehavior [ RunTime:0.000000s ]
INFO: [ app_init ] --END-- [ RunTime:0.000000s ]
INFO: [ app_begin ] --START--
INFO: Run Behavior\ReadHtmlCacheBehavior [ RunTime:0.000000s ]
INFO: [ app_begin ] --END-- [ RunTime:0.000000s ]

[ 2017-03-16T09:16:02+08:00 ] 101.226.85.67 /wxapi/oauth/index.html?surl=http://dl.wannice.com/Home/Index/history/p/2.html
INFO: [ app_init ] --START--
INFO: Run Behavior\BuildLiteBehavior [ RunTime:0.000000s ]
INFO: [ app_init ] --END-- [ RunTime:0.000000s ]
INFO: [ app_begin ] --START--
INFO: Run Behavior\ReadHtmlCacheBehavior [ RunTime:0.015625s ]
INFO: [ app_begin ] --END-- [ RunTime:0.015625s ]

[ 2017-03-16T09:16:02+08:00 ] 180.153.205.254 /wxapi/oauth/index.html?surl=http://dl.wannice.com/Home/Index/history/p/2.html
INFO: [ app_init ] --START--
INFO: Run Behavior\BuildLiteBehavior [ RunTime:0.000000s ]
INFO: [ app_init ] --END-- [ RunTime:0.000000s ]
INFO: [ app_begin ] --START--
INFO: Run Behavior\ReadHtmlCacheBehavior [ RunTime:0.000000s ]
INFO: [ app_begin ] --END-- [ RunTime:0.000000s ]

[ 2017-03-16T09:16:02+08:00 ] 180.153.214.182 /wxapi/oauth/index.html?surl=http://dl.wannice.com/Home/Index/history/p/2.html
INFO: [ app_init ] --START--
INFO: Run Behavior\BuildLiteBehavior [ RunTime:0.000000s ]
INFO: [ app_init ] --END-- [ RunTime:0.000000s ]
INFO: [ app_begin ] --START--
INFO: Run Behavior\ReadHtmlCacheBehavior [ RunTime:0.000000s ]
INFO: [ app_begin ] --END-- [ RunTime:0.000000s ]

[ 2017-03-16T09:16:02+08:00 ] 101.226.66.192 /wxapi/oauth/index.html?surl=http://dl.wannice.com/Home/Index/history/p/2.html
INFO: [ app_init ] --START--
INFO: Run Behavior\BuildLiteBehavior [ RunTime:0.000000s ]
INFO: [ app_init ] --END-- [ RunTime:0.000000s ]
INFO: [ app_begin ] --START--
INFO: Run Behavior\ReadHtmlCacheBehavior [ RunTime:0.000000s ]
INFO: [ app_begin ] --END-- [ RunTime:0.000000s ]

[ 2017-03-16T09:16:04+08:00 ] 180.153.214.198 /wxapi/oauth/index.html?surl=http://dl.wannice.com/Home/Index/history/p/10.html
INFO: [ app_init ] --START--
INFO: Run Behavior\BuildLiteBehavior [ RunTime:0.000000s ]
INFO: [ app_init ] --END-- [ RunTime:0.000000s ]
INFO: [ app_begin ] --START--
INFO: Run Behavior\ReadHtmlCacheBehavior [ RunTime:0.000000s ]
INFO: [ app_begin ] --END-- [ RunTime:0.000000s ]

[ 2017-03-16T09:16:07+08:00 ] 182.118.100.3 /wxapi/oauth/index.html?surl=http://dl.wannice.com/Home/Index/index.html
INFO: [ app_init ] --START--
INFO: Run Behavior\BuildLiteBehavior [ RunTime:0.000000s ]
INFO: [ app_init ] --END-- [ RunTime:0.000000s ]
INFO: [ app_begin ] --START--
INFO: Run Behavior\ReadHtmlCacheBehavior [ RunTime:0.000000s ]
INFO: [ app_begin ] --END-- [ RunTime:0.000000s ]

[ 2017-03-16T09:16:08+08:00 ] 180.153.160.24 /wxapi/oauth/index.html?surl=http://dl.wannice.com/Home/Index/history/p/1.html
INFO: [ app_init ] --START--
INFO: Run Behavior\BuildLiteBehavior [ RunTime:0.000000s ]
INFO: [ app_init ] --END-- [ RunTime:0.000000s ]
INFO: [ app_begin ] --START--
INFO: Run Behavior\ReadHtmlCacheBehavior [ RunTime:0.000000s ]
INFO: [ app_begin ] --END-- [ RunTime:0.000000s ]

[ 2017-03-16T09:16:11+08:00 ] 117.185.27.115 /wxapi/oauth/index.html?surl=http://dl.wannice.com/Home/Index/history/p/8.html
INFO: [ app_init ] --START--
INFO: Run Behavior\BuildLiteBehavior [ RunTime:0.000000s ]
INFO: [ app_init ] --END-- [ RunTime:0.000000s ]
INFO: [ app_begin ] --START--
INFO: Run Behavior\ReadHtmlCacheBehavior [ RunTime:0.000000s ]
INFO: [ app_begin ] --END-- [ RunTime:0.000000s ]

[ 2017-03-16T09:16:19+08:00 ] 119.7.73.30 /wxapi/oauth/index.html?surl=http://dl.wannice.com/Home/Index/history/p/10.html
INFO: [ app_init ] --START--
INFO: Run Behavior\BuildLiteBehavior [ RunTime:0.000000s ]
INFO: [ app_init ] --END-- [ RunTime:0.000000s ]
INFO: [ app_begin ] --START--
INFO: Run Behavior\ReadHtmlCacheBehavior [ RunTime:0.000000s ]
INFO: [ app_begin ] --END-- [ RunTime:0.000000s ]

[ 2017-03-16T09:16:37+08:00 ] 61.151.226.191 /wxapi/oauth/index.html?surl=http://dl.wannice.com/Home/Index/history.html
INFO: [ app_init ] --START--
INFO: Run Behavior\BuildLiteBehavior [ RunTime:0.000000s ]
INFO: [ app_init ] --END-- [ RunTime:0.000000s ]
INFO: [ app_begin ] --START--
INFO: Run Behavior\ReadHtmlCacheBehavior [ RunTime:0.000000s ]
INFO: [ app_begin ] --END-- [ RunTime:0.000000s ]

[ 2017-03-16T09:16:48+08:00 ] 101.226.102.97 /wxapi/oauth/index.html?surl=http://dl.wannice.com/Home/Index/history/p/2.html
INFO: [ app_init ] --START--
INFO: Run Behavior\BuildLiteBehavior [ RunTime:0.000000s ]
INFO: [ app_init ] --END-- [ RunTime:0.000000s ]
INFO: [ app_begin ] --START--
INFO: Run Behavior\ReadHtmlCacheBehavior [ RunTime:0.000000s ]
INFO: [ app_begin ] --END-- [ RunTime:0.000000s ]

[ 2017-03-16T09:20:45+08:00 ] 123.52.70.212 /wxapi/oauth/index.html?surl=http://dl.wannice.com/home/index
INFO: [ app_init ] --START--
INFO: Run Behavior\BuildLiteBehavior [ RunTime:0.000000s ]
INFO: [ app_init ] --END-- [ RunTime:0.000000s ]
INFO: [ app_begin ] --START--
INFO: Run Behavior\ReadHtmlCacheBehavior [ RunTime:0.000000s ]
INFO: [ app_begin ] --END-- [ RunTime:0.000000s ]

[ 2017-03-16T09:20:46+08:00 ] 123.52.70.212 /wxapi/oauth/index.html?code=031YsXwu1Q9R1b0RSkwu10ocxu1YsXws&state=http%3A%2F%2Fdl.wannice.com%2Fhome%2Findex
INFO: [ app_init ] --START--
INFO: Run Behavior\BuildLiteBehavior [ RunTime:0.000000s ]
INFO: [ app_init ] --END-- [ RunTime:0.000000s ]
INFO: [ app_begin ] --START--
INFO: Run Behavior\ReadHtmlCacheBehavior [ RunTime:0.000000s ]
INFO: [ app_begin ] --END-- [ RunTime:0.000000s ]
SQL: SHOW COLUMNS FROM `dx_user` [ RunTime:0.0000s ]
SQL: SELECT * FROM `dx_user` WHERE `openid` = 'oxpmdwDKxCsmGmo1OmcBcVk7AfNg' LIMIT 1   [ RunTime:0.0156s ]

[ 2017-03-16T09:21:02+08:00 ] 180.153.206.16 /wxapi/oauth/index.html?surl=http://dl.wannice.com/home/index
INFO: [ app_init ] --START--
INFO: Run Behavior\BuildLiteBehavior [ RunTime:0.000000s ]
INFO: [ app_init ] --END-- [ RunTime:0.000000s ]
INFO: [ app_begin ] --START--
INFO: Run Behavior\ReadHtmlCacheBehavior [ RunTime:0.000000s ]
INFO: [ app_begin ] --END-- [ RunTime:0.000000s ]

[ 2017-03-16T09:22:53+08:00 ] 180.163.2.119 /wxapi/oauth/index.html?surl=http://dl.wannice.com/Home/Index/history/p/4.html
INFO: [ app_init ] --START--
INFO: Run Behavior\BuildLiteBehavior [ RunTime:0.000000s ]
INFO: [ app_init ] --END-- [ RunTime:0.000000s ]
INFO: [ app_begin ] --START--
INFO: Run Behavior\ReadHtmlCacheBehavior [ RunTime:0.000000s ]
INFO: [ app_begin ] --END-- [ RunTime:0.000000s ]

[ 2017-03-16T09:22:54+08:00 ] 61.151.217.45 /wxapi/oauth/index.html?surl=http://dl.wannice.com/Home/Index/history/p/5.html
INFO: [ app_init ] --START--
INFO: Run Behavior\BuildLiteBehavior [ RunTime:0.000000s ]
INFO: [ app_init ] --END-- [ RunTime:0.000000s ]
INFO: [ app_begin ] --START--
INFO: Run Behavior\ReadHtmlCacheBehavior [ RunTime:0.000000s ]
INFO: [ app_begin ] --END-- [ RunTime:0.000000s ]

[ 2017-03-16T09:22:56+08:00 ] 101.226.99.196 /wxapi/oauth/index.html?surl=http://dl.wannice.com/Home/Index/history/p/6.html
INFO: [ app_init ] --START--
INFO: Run Behavior\BuildLiteBehavior [ RunTime:0.000000s ]
INFO: [ app_init ] --END-- [ RunTime:0.000000s ]
INFO: [ app_begin ] --START--
INFO: Run Behavior\ReadHtmlCacheBehavior [ RunTime:0.000000s ]
INFO: [ app_begin ] --END-- [ RunTime:0.000000s ]

[ 2017-03-16T09:22:58+08:00 ] 61.151.226.189 /wxapi/oauth/index.html?surl=http://dl.wannice.com/Home/Index/history/p/7.html
INFO: [ app_init ] --START--
INFO: Run Behavior\BuildLiteBehavior [ RunTime:0.000000s ]
INFO: [ app_init ] --END-- [ RunTime:0.000000s ]
INFO: [ app_begin ] --START--
INFO: Run Behavior\ReadHtmlCacheBehavior [ RunTime:0.000000s ]
INFO: [ app_begin ] --END-- [ RunTime:0.000000s ]

[ 2017-03-16T09:22:59+08:00 ] 101.226.89.122 /wxapi/oauth/index.html?surl=http://dl.wannice.com/Home/Index/history/p/3.html
INFO: [ app_init ] --START--
INFO: Run Behavior\BuildLiteBehavior [ RunTime:0.000000s ]
INFO: [ app_init ] --END-- [ RunTime:0.000000s ]
INFO: [ app_begin ] --START--
INFO: Run Behavior\ReadHtmlCacheBehavior [ RunTime:0.000000s ]
INFO: [ app_begin ] --END-- [ RunTime:0.000000s ]

[ 2017-03-16T10:44:58+08:00 ] 123.52.70.212 /wxapi/oauth/index.html?surl=http://dl.wannice.com/Home/Index/index.html
INFO: [ app_init ] --START--
INFO: Run Behavior\BuildLiteBehavior [ RunTime:0.000000s ]
INFO: [ app_init ] --END-- [ RunTime:0.000000s ]
INFO: [ app_begin ] --START--
INFO: Run Behavior\ReadHtmlCacheBehavior [ RunTime:0.000000s ]
INFO: [ app_begin ] --END-- [ RunTime:0.000000s ]

[ 2017-03-16T10:44:59+08:00 ] 123.52.70.212 /wxapi/oauth/index.html?code=031vg4ke1HX2Jv06Ayie1aldke1vg4kv&state=http%3A%2F%2Fdl.wannice.com%2FHome%2FIndex%2Findex.html
INFO: [ app_init ] --START--
INFO: Run Behavior\BuildLiteBehavior [ RunTime:0.000000s ]
INFO: [ app_init ] --END-- [ RunTime:0.000000s ]
INFO: [ app_begin ] --START--
INFO: Run Behavior\ReadHtmlCacheBehavior [ RunTime:0.000000s ]
INFO: [ app_begin ] --END-- [ RunTime:0.000000s ]
SQL: SHOW COLUMNS FROM `dx_user` [ RunTime:0.0000s ]
SQL: SELECT * FROM `dx_user` WHERE `openid` = 'oxpmdwMpQaoRVz6h6MiXRIXwlLHg' LIMIT 1   [ RunTime:0.0000s ]

[ 2017-03-16T10:59:07+08:00 ] 220.179.78.169 /wxapi/oauth/index.html?surl=http://dl.wannice.com/Home/Index/index.html
INFO: [ app_init ] --START--
INFO: Run Behavior\BuildLiteBehavior [ RunTime:0.000000s ]
INFO: [ app_init ] --END-- [ RunTime:0.000000s ]
INFO: [ app_begin ] --START--
INFO: Run Behavior\ReadHtmlCacheBehavior [ RunTime:0.000000s ]
INFO: [ app_begin ] --END-- [ RunTime:0.000000s ]

[ 2017-03-16T10:59:07+08:00 ] 220.179.78.169 /wxapi/oauth/index.html?code=00174rJg0qTfaA1oZfIg0czLJg074rJJ&state=http%3A%2F%2Fdl.wannice.com%2FHome%2FIndex%2Findex.html
INFO: [ app_init ] --START--
INFO: Run Behavior\BuildLiteBehavior [ RunTime:0.000000s ]
INFO: [ app_init ] --END-- [ RunTime:0.000000s ]
INFO: [ app_begin ] --START--
INFO: Run Behavior\ReadHtmlCacheBehavior [ RunTime:0.000000s ]
INFO: [ app_begin ] --END-- [ RunTime:0.000000s ]
SQL: SHOW COLUMNS FROM `dx_user` [ RunTime:0.0000s ]
SQL: SELECT * FROM `dx_user` WHERE `openid` = 'oxpmdwO_mqL30_554kEz8quirJcc' LIMIT 1   [ RunTime:0.0000s ]
SQL: INSERT INTO `dx_user` (`openid`) VALUES ('oxpmdwO_mqL30_554kEz8quirJcc') [ RunTime:0.0000s ]

[ 2017-03-16T11:20:22+08:00 ] 101.226.89.115 /wxapi/oauth/index.html?surl=http://dl.wannice.com/Home/index/index?id=25
INFO: [ app_init ] --START--
INFO: Run Behavior\BuildLiteBehavior [ RunTime:0.000000s ]
INFO: [ app_init ] --END-- [ RunTime:0.000000s ]
INFO: [ app_begin ] --START--
INFO: Run Behavior\ReadHtmlCacheBehavior [ RunTime:0.000000s ]
INFO: [ app_begin ] --END-- [ RunTime:0.000000s ]

[ 2017-03-16T11:20:28+08:00 ] 101.226.51.226 /wxapi/oauth/index.html?surl=http://dl.wannice.com/Home/index/index?id=25
INFO: [ app_init ] --START--
INFO: Run Behavior\BuildLiteBehavior [ RunTime:0.000000s ]
INFO: [ app_init ] --END-- [ RunTime:0.000000s ]
INFO: [ app_begin ] --START--
INFO: Run Behavior\ReadHtmlCacheBehavior [ RunTime:0.000000s ]
INFO: [ app_begin ] --END-- [ RunTime:0.000000s ]

[ 2017-03-16T11:23:29+08:00 ] 101.226.125.116 /wxapi/oauth/index.html?surl=http://dl.wannice.com/Home/Index/index.html?from=singlemessage
INFO: [ app_init ] --START--
INFO: Run Behavior\BuildLiteBehavior [ RunTime:0.000000s ]
INFO: [ app_init ] --END-- [ RunTime:0.000000s ]
INFO: [ app_begin ] --START--
INFO: Run Behavior\ReadHtmlCacheBehavior [ RunTime:0.000000s ]
INFO: [ app_begin ] --END-- [ RunTime:0.000000s ]

[ 2017-03-16T11:23:30+08:00 ] 101.226.125.116 /wxapi/oauth/index.html?code=051Sz2i00lMbxC1oUJj00YrOh00Sz2iR&state=http%3A%2F%2Fdl.wannice.com%2FHome%2FIndex%2Findex.html%3Ffrom%3Dsinglemessage
INFO: [ app_init ] --START--
INFO: Run Behavior\BuildLiteBehavior [ RunTime:0.000000s ]
INFO: [ app_init ] --END-- [ RunTime:0.000000s ]
INFO: [ app_begin ] --START--
INFO: Run Behavior\ReadHtmlCacheBehavior [ RunTime:0.000000s ]
INFO: [ app_begin ] --END-- [ RunTime:0.000000s ]
SQL: SHOW COLUMNS FROM `dx_user` [ RunTime:0.0000s ]
SQL: SELECT * FROM `dx_user` WHERE `openid` = 'oxpmdwBYIml-o7pR6V8fzqi--dvM' LIMIT 1   [ RunTime:0.0000s ]
SQL: INSERT INTO `dx_user` (`openid`) VALUES ('oxpmdwBYIml-o7pR6V8fzqi--dvM') [ RunTime:0.1719s ]

[ 2017-03-16T11:28:13+08:00 ] 101.226.33.206 /wxapi/oauth/index.html?surl=http://dl.wannice.com/Home/Index/index.html?from=singlemessage&isappinstalled=0
INFO: [ app_init ] --START--
INFO: Run Behavior\BuildLiteBehavior [ RunTime:0.000000s ]
INFO: [ app_init ] --END-- [ RunTime:0.000000s ]
INFO: [ app_begin ] --START--
INFO: Run Behavior\ReadHtmlCacheBehavior [ RunTime:0.000000s ]
INFO: [ app_begin ] --END-- [ RunTime:0.000000s ]

[ 2017-03-16T11:29:41+08:00 ] 101.226.33.226 /wxapi/oauth/index.html?surl=http://dl.wannice.com/Home/Index/yongjinjl.html
INFO: [ app_init ] --START--
INFO: Run Behavior\BuildLiteBehavior [ RunTime:0.000000s ]
INFO: [ app_init ] --END-- [ RunTime:0.000000s ]
INFO: [ app_begin ] --START--
INFO: Run Behavior\ReadHtmlCacheBehavior [ RunTime:0.000000s ]
INFO: [ app_begin ] --END-- [ RunTime:0.000000s ]

[ 2017-03-16T11:49:25+08:00 ] 58.247.206.153 /Wxapi?signature=a4feb342fb5da2a987d2ab2c80d7227a26b63dc0&timestamp=1489636165&nonce=1597736738&openid=oxpmdwBYIml-o7pR6V8fzqi--dvM
INFO: [ app_init ] --START--
INFO: Run Behavior\BuildLiteBehavior [ RunTime:0.000000s ]
INFO: [ app_init ] --END-- [ RunTime:0.000000s ]
INFO: [ app_begin ] --START--
INFO: Run Behavior\ReadHtmlCacheBehavior [ RunTime:0.000000s ]
INFO: [ app_begin ] --END-- [ RunTime:0.000000s ]
ERR: 1146:Table 'daxiao.dx_subscribe' doesn't exist
 [ SQL语句 ] : SHOW COLUMNS FROM `dx_subscribe`
ERR: 1146:Table 'daxiao.dx_subscribe' doesn't exist
 [ SQL语句 ] : SHOW COLUMNS FROM `dx_subscribe`

[ 2017-03-16T13:59:55+08:00 ] 58.247.206.148 /index.php/Wxapi?signature=805be935ae632b2882b87a39c92d5dd94be3bc53&timestamp=1489643995&nonce=619221522&openid=oDtCdwIQEmlN1R29lbglaT1kqGyk
INFO: [ app_init ] --START--
INFO: Run Behavior\BuildLiteBehavior [ RunTime:0.000000s ]
INFO: [ app_init ] --END-- [ RunTime:0.000000s ]
INFO: [ app_begin ] --START--
INFO: Run Behavior\ReadHtmlCacheBehavior [ RunTime:0.000000s ]
INFO: [ app_begin ] --END-- [ RunTime:0.000000s ]
ERR: 1146:Table 'daxiao.dx_users' doesn't exist
 [ SQL语句 ] : SHOW COLUMNS FROM `dx_users`
ERR: 1146:Table 'daxiao.dx_users' doesn't exist
 [ SQL语句 ] : SHOW COLUMNS FROM `dx_users`

[ 2017-03-16T15:16:59+08:00 ] 182.140.177.165 /wxapi/oauth/index.html?surl=http://dl.wannice.com/Home/index/index?id=25
INFO: [ app_init ] --START--
INFO: Run Behavior\BuildLiteBehavior [ RunTime:0.000000s ]
INFO: [ app_init ] --END-- [ RunTime:0.000000s ]
INFO: [ app_begin ] --START--
INFO: Run Behavior\ReadHtmlCacheBehavior [ RunTime:0.000000s ]
INFO: [ app_begin ] --END-- [ RunTime:0.000000s ]

[ 2017-03-16T15:17:00+08:00 ] 182.140.177.165 /wxapi/oauth/index.html?code=041ILElu0IL9rd1ycRlu0CPWlu0ILEl4&state=http%3A%2F%2Fdl.wannice.com%2FHome%2Findex%2Findex%3Fid%3D25
INFO: [ app_init ] --START--
INFO: Run Behavior\BuildLiteBehavior [ RunTime:0.000000s ]
INFO: [ app_init ] --END-- [ RunTime:0.000000s ]
INFO: [ app_begin ] --START--
INFO: Run Behavior\ReadHtmlCacheBehavior [ RunTime:0.000000s ]
INFO: [ app_begin ] --END-- [ RunTime:0.000000s ]
SQL: SHOW COLUMNS FROM `dx_user` [ RunTime:0.0000s ]
SQL: SELECT * FROM `dx_user` WHERE `openid` = 'oxpmdwNsyE_620vO4NHAeuZkcBSs' LIMIT 1   [ RunTime:0.0000s ]
SQL: INSERT INTO `dx_user` (`openid`) VALUES ('oxpmdwNsyE_620vO4NHAeuZkcBSs') [ RunTime:0.0000s ]

[ 2017-03-16T15:17:19+08:00 ] 101.226.68.200 /wxapi/oauth/index.html?surl=http://dl.wannice.com/Home/index/index?id=25
INFO: [ app_init ] --START--
INFO: Run Behavior\BuildLiteBehavior [ RunTime:0.000000s ]
INFO: [ app_init ] --END-- [ RunTime:0.000000s ]
INFO: [ app_begin ] --START--
INFO: Run Behavior\ReadHtmlCacheBehavior [ RunTime:0.000000s ]
INFO: [ app_begin ] --END-- [ RunTime:0.000000s ]

[ 2017-03-16T15:18:06+08:00 ] 182.131.19.97 /wxapi/oauth/index.html?surl=http://dl.wannice.com/Home/index/index?id=25
INFO: [ app_init ] --START--
INFO: Run Behavior\BuildLiteBehavior [ RunTime:0.000000s ]
INFO: [ app_init ] --END-- [ RunTime:0.000000s ]
INFO: [ app_begin ] --START--
INFO: Run Behavior\ReadHtmlCacheBehavior [ RunTime:0.000000s ]
INFO: [ app_begin ] --END-- [ RunTime:0.000000s ]

[ 2017-03-16T17:52:39+08:00 ] 58.247.206.158 /Wxapi?signature=0ed5cdbba8f4f09478478e9a6ccd868b273bbc0e&timestamp=1489657959&nonce=1933795547&openid=oxpmdwF2FGBOAH1WgsJRTTBYOqZk
INFO: [ app_init ] --START--
INFO: Run Behavior\BuildLiteBehavior [ RunTime:0.000000s ]
INFO: [ app_init ] --END-- [ RunTime:0.000000s ]
INFO: [ app_begin ] --START--
INFO: Run Behavior\ReadHtmlCacheBehavior [ RunTime:0.000000s ]
INFO: [ app_begin ] --END-- [ RunTime:0.000000s ]
ERR: 1146:Table 'daxiao.dx_users' doesn't exist
 [ SQL语句 ] : SHOW COLUMNS FROM `dx_users`
ERR: 1146:Table 'daxiao.dx_users' doesn't exist
 [ SQL语句 ] : SHOW COLUMNS FROM `dx_users`

[ 2017-03-16T17:53:03+08:00 ] 58.247.206.156 /Wxapi?signature=9c30dc1836874eb8d0f118e23e9d69ec2456b748&timestamp=1489657983&nonce=2095702690&openid=oxpmdwF2FGBOAH1WgsJRTTBYOqZk
INFO: [ app_init ] --START--
INFO: Run Behavior\BuildLiteBehavior [ RunTime:0.000000s ]
INFO: [ app_init ] --END-- [ RunTime:0.000000s ]
INFO: [ app_begin ] --START--
INFO: Run Behavior\ReadHtmlCacheBehavior [ RunTime:0.000000s ]
INFO: [ app_begin ] --END-- [ RunTime:0.000000s ]
ERR: 1146:Table 'daxiao.dx_subscribe' doesn't exist
 [ SQL语句 ] : SHOW COLUMNS FROM `dx_subscribe`
ERR: 1146:Table 'daxiao.dx_subscribe' doesn't exist
 [ SQL语句 ] : SHOW COLUMNS FROM `dx_subscribe`

[ 2017-03-16T17:53:06+08:00 ] 58.247.206.153 /Wxapi?signature=0bba7f5d7c1efb139c2f4bf06e02c0f4f89be2b4&timestamp=1489657986&nonce=987402119&openid=oxpmdwF2FGBOAH1WgsJRTTBYOqZk
INFO: [ app_init ] --START--
INFO: Run Behavior\BuildLiteBehavior [ RunTime:0.000000s ]
INFO: [ app_init ] --END-- [ RunTime:0.000000s ]
INFO: [ app_begin ] --START--
INFO: Run Behavior\ReadHtmlCacheBehavior [ RunTime:0.000000s ]
INFO: [ app_begin ] --END-- [ RunTime:0.000000s ]

[ 2017-03-16T17:53:12+08:00 ] 58.247.206.158 /Wxapi?signature=bd2b14a180faf8b6560c52aa5daac3365754ec22&timestamp=1489657991&nonce=955309955&openid=oxpmdwF2FGBOAH1WgsJRTTBYOqZk
INFO: [ app_init ] --START--
INFO: Run Behavior\BuildLiteBehavior [ RunTime:0.000000s ]
INFO: [ app_init ] --END-- [ RunTime:0.000000s ]
INFO: [ app_begin ] --START--
INFO: Run Behavior\ReadHtmlCacheBehavior [ RunTime:0.000000s ]
INFO: [ app_begin ] --END-- [ RunTime:0.000000s ]

[ 2017-03-16T17:53:18+08:00 ] 58.247.206.153 /Wxapi?signature=921392e3268f1cba7b2929d6a92bc3cda71a94ef&timestamp=1489657997&nonce=1024969737&openid=oxpmdwF2FGBOAH1WgsJRTTBYOqZk
INFO: [ app_init ] --START--
INFO: Run Behavior\BuildLiteBehavior [ RunTime:0.000000s ]
INFO: [ app_init ] --END-- [ RunTime:0.000000s ]
INFO: [ app_begin ] --START--
INFO: Run Behavior\ReadHtmlCacheBehavior [ RunTime:0.000000s ]
INFO: [ app_begin ] --END-- [ RunTime:0.000000s ]

[ 2017-03-16T17:53:24+08:00 ] 58.247.206.153 /Wxapi?signature=db648bccbe795ed0087853f835d1ccb6399224b8&timestamp=1489658004&nonce=954060584&openid=oxpmdwF2FGBOAH1WgsJRTTBYOqZk
INFO: [ app_init ] --START--
INFO: Run Behavior\BuildLiteBehavior [ RunTime:0.000000s ]
INFO: [ app_init ] --END-- [ RunTime:0.000000s ]
INFO: [ app_begin ] --START--
INFO: Run Behavior\ReadHtmlCacheBehavior [ RunTime:0.000000s ]
INFO: [ app_begin ] --END-- [ RunTime:0.000000s ]

[ 2017-03-16T17:53:30+08:00 ] 58.247.206.158 /Wxapi?signature=e03dcfa9dae08d00161618f3f82f4f3522165f5d&timestamp=1489658010&nonce=1095322959&openid=oxpmdwF2FGBOAH1WgsJRTTBYOqZk
INFO: [ app_init ] --START--
INFO: Run Behavior\BuildLiteBehavior [ RunTime:0.000000s ]
INFO: [ app_init ] --END-- [ RunTime:0.000000s ]
INFO: [ app_begin ] --START--
INFO: Run Behavior\ReadHtmlCacheBehavior [ RunTime:0.000000s ]
INFO: [ app_begin ] --END-- [ RunTime:0.000000s ]

[ 2017-03-16T17:53:37+08:00 ] 58.247.206.158 /Wxapi?signature=6160ca10e6518311bef20966aa4b6e3943339867&timestamp=1489658016&nonce=567646661&openid=oxpmdwF2FGBOAH1WgsJRTTBYOqZk
INFO: [ app_init ] --START--
INFO: Run Behavior\BuildLiteBehavior [ RunTime:0.000000s ]
INFO: [ app_init ] --END-- [ RunTime:0.000000s ]
INFO: [ app_begin ] --START--
INFO: Run Behavior\ReadHtmlCacheBehavior [ RunTime:0.000000s ]
INFO: [ app_begin ] --END-- [ RunTime:0.000000s ]

[ 2017-03-16T17:53:42+08:00 ] 58.247.206.153 /Wxapi?signature=789fb85c075c4e1accf16ff7d485341b81eca389&timestamp=1489658022&nonce=2123968604&openid=oxpmdwF2FGBOAH1WgsJRTTBYOqZk
INFO: [ app_init ] --START--
INFO: Run Behavior\BuildLiteBehavior [ RunTime:0.000000s ]
INFO: [ app_init ] --END-- [ RunTime:0.000000s ]
INFO: [ app_begin ] --START--
INFO: Run Behavior\ReadHtmlCacheBehavior [ RunTime:0.000000s ]
INFO: [ app_begin ] --END-- [ RunTime:0.000000s ]

[ 2017-03-16T17:53:48+08:00 ] 58.247.206.158 /Wxapi?signature=5da15be9d19d7372650cb53284638982508d77b7&timestamp=1489658028&nonce=1822487937&openid=oxpmdwF2FGBOAH1WgsJRTTBYOqZk
INFO: [ app_init ] --START--
INFO: Run Behavior\BuildLiteBehavior [ RunTime:0.000000s ]
INFO: [ app_init ] --END-- [ RunTime:0.000000s ]
INFO: [ app_begin ] --START--
INFO: Run Behavior\ReadHtmlCacheBehavior [ RunTime:0.000000s ]
INFO: [ app_begin ] --END-- [ RunTime:0.000000s ]

[ 2017-03-16T17:53:54+08:00 ] 58.247.206.143 /Wxapi?signature=5b26a5eaba2eb1823d356a3169e6e9d34e0dea77&timestamp=1489658034&nonce=1467546962&openid=oxpmdwF2FGBOAH1WgsJRTTBYOqZk
INFO: [ app_init ] --START--
INFO: Run Behavior\BuildLiteBehavior [ RunTime:0.000000s ]
INFO: [ app_init ] --END-- [ RunTime:0.000000s ]
INFO: [ app_begin ] --START--
INFO: Run Behavior\ReadHtmlCacheBehavior [ RunTime:0.000000s ]
INFO: [ app_begin ] --END-- [ RunTime:0.000000s ]

[ 2017-03-16T17:54:00+08:00 ] 58.247.206.153 /Wxapi?signature=5f2c4b5a9b2d1a40c475e224eec55a4cdbd1f051&timestamp=1489658040&nonce=543579471&openid=oxpmdwF2FGBOAH1WgsJRTTBYOqZk
INFO: [ app_init ] --START--
INFO: Run Behavior\BuildLiteBehavior [ RunTime:0.000000s ]
INFO: [ app_init ] --END-- [ RunTime:0.000000s ]
INFO: [ app_begin ] --START--
INFO: Run Behavior\ReadHtmlCacheBehavior [ RunTime:0.000000s ]
INFO: [ app_begin ] --END-- [ RunTime:0.000000s ]

[ 2017-03-16T17:54:06+08:00 ] 58.247.206.151 /Wxapi?signature=88cb090e2a0b40d0cc6194469325ca1b6941e321&timestamp=1489658046&nonce=932050018&openid=oxpmdwF2FGBOAH1WgsJRTTBYOqZk
INFO: [ app_init ] --START--
INFO: Run Behavior\BuildLiteBehavior [ RunTime:0.000000s ]
INFO: [ app_init ] --END-- [ RunTime:0.000000s ]
INFO: [ app_begin ] --START--
INFO: Run Behavior\ReadHtmlCacheBehavior [ RunTime:0.000000s ]
INFO: [ app_begin ] --END-- [ RunTime:0.000000s ]

[ 2017-03-16T17:54:12+08:00 ] 58.247.206.158 /Wxapi?signature=59d30a6561d20dd67e2b9c43e57690054101af74&timestamp=1489658052&nonce=924394476&openid=oxpmdwF2FGBOAH1WgsJRTTBYOqZk
INFO: [ app_init ] --START--
INFO: Run Behavior\BuildLiteBehavior [ RunTime:0.000000s ]
INFO: [ app_init ] --END-- [ RunTime:0.000000s ]
INFO: [ app_begin ] --START--
INFO: Run Behavior\ReadHtmlCacheBehavior [ RunTime:0.000000s ]
INFO: [ app_begin ] --END-- [ RunTime:0.000000s ]

[ 2017-03-16T17:54:18+08:00 ] 58.247.206.158 /Wxapi?signature=ac3fb27327470870b925b2401cdce3dde1a0af75&timestamp=1489658058&nonce=798505163&openid=oxpmdwF2FGBOAH1WgsJRTTBYOqZk
INFO: [ app_init ] --START--
INFO: Run Behavior\BuildLiteBehavior [ RunTime:0.000000s ]
INFO: [ app_init ] --END-- [ RunTime:0.000000s ]
INFO: [ app_begin ] --START--
INFO: Run Behavior\ReadHtmlCacheBehavior [ RunTime:0.000000s ]
INFO: [ app_begin ] --END-- [ RunTime:0.000000s ]

[ 2017-03-16T17:54:24+08:00 ] 58.247.206.158 /Wxapi?signature=d649302457143aa4603b66201b44714e4af3219e&timestamp=1489658064&nonce=1949267012&openid=oxpmdwF2FGBOAH1WgsJRTTBYOqZk
INFO: [ app_init ] --START--
INFO: Run Behavior\BuildLiteBehavior [ RunTime:0.000000s ]
INFO: [ app_init ] --END-- [ RunTime:0.000000s ]
INFO: [ app_begin ] --START--
INFO: Run Behavior\ReadHtmlCacheBehavior [ RunTime:0.000000s ]
INFO: [ app_begin ] --END-- [ RunTime:0.000000s ]

[ 2017-03-16T17:54:30+08:00 ] 58.247.206.153 /Wxapi?signature=7148ce352e1382da3341860f4bb6a8ce34586976&timestamp=1489658070&nonce=925017607&openid=oxpmdwF2FGBOAH1WgsJRTTBYOqZk
INFO: [ app_init ] --START--
INFO: Run Behavior\BuildLiteBehavior [ RunTime:0.000000s ]
INFO: [ app_init ] --END-- [ RunTime:0.000000s ]
INFO: [ app_begin ] --START--
INFO: Run Behavior\ReadHtmlCacheBehavior [ RunTime:0.000000s ]
INFO: [ app_begin ] --END-- [ RunTime:0.000000s ]

[ 2017-03-16T17:54:37+08:00 ] 58.247.206.149 /Wxapi?signature=407d9e208c26667722c386c3d9b70ecc28faef7d&timestamp=1489658076&nonce=258137846&openid=oxpmdwF2FGBOAH1WgsJRTTBYOqZk
INFO: [ app_init ] --START--
INFO: Run Behavior\BuildLiteBehavior [ RunTime:0.000000s ]
INFO: [ app_init ] --END-- [ RunTime:0.000000s ]
INFO: [ app_begin ] --START--
INFO: Run Behavior\ReadHtmlCacheBehavior [ RunTime:0.000000s ]
INFO: [ app_begin ] --END-- [ RunTime:0.000000s ]

[ 2017-03-16T17:54:40+08:00 ] 58.247.206.143 /Wxapi?signature=f1493379a7e1d73ffae0261f6aaa4b177ce0183d&timestamp=1489658080&nonce=746276400&openid=oxpmdwF2FGBOAH1WgsJRTTBYOqZk
INFO: [ app_init ] --START--
INFO: Run Behavior\BuildLiteBehavior [ RunTime:0.000000s ]
INFO: [ app_init ] --END-- [ RunTime:0.000000s ]
INFO: [ app_begin ] --START--
INFO: Run Behavior\ReadHtmlCacheBehavior [ RunTime:0.000000s ]
INFO: [ app_begin ] --END-- [ RunTime:0.000000s ]
ERR: 1146:Table 'daxiao.dx_users' doesn't exist
 [ SQL语句 ] : SHOW COLUMNS FROM `dx_users`
ERR: 1146:Table 'daxiao.dx_users' doesn't exist
 [ SQL语句 ] : SHOW COLUMNS FROM `dx_users`

[ 2017-03-16T19:05:51+08:00 ] 58.247.206.158 /index.php/Wxapi?signature=43cbcc60156528f13a6f71219906a7066a87fbba&timestamp=1489662350&nonce=974502927&openid=oDtCdwK_nMmv7LKX8kV2h37h6psQ
INFO: [ app_init ] --START--
INFO: Run Behavior\BuildLiteBehavior [ RunTime:0.000000s ]
INFO: [ app_init ] --END-- [ RunTime:0.000000s ]
INFO: [ app_begin ] --START--
INFO: Run Behavior\ReadHtmlCacheBehavior [ RunTime:0.000000s ]
INFO: [ app_begin ] --END-- [ RunTime:0.000000s ]
ERR: 1146:Table 'daxiao.dx_users' doesn't exist
 [ SQL语句 ] : SHOW COLUMNS FROM `dx_users`
ERR: 1146:Table 'daxiao.dx_users' doesn't exist
 [ SQL语句 ] : SHOW COLUMNS FROM `dx_users`

[ 2017-03-16T20:11:02+08:00 ] 58.247.206.143 /index.php/Wxapi?signature=a266904ea25df2a806f92f12143c13adbe196b2b&timestamp=1489666261&nonce=281598178&openid=oDtCdwMC5xDkMOnUDYJZ6bu16qgU
INFO: [ app_init ] --START--
INFO: Run Behavior\BuildLiteBehavior [ RunTime:0.000000s ]
INFO: [ app_init ] --END-- [ RunTime:0.000000s ]
INFO: [ app_begin ] --START--
INFO: Run Behavior\ReadHtmlCacheBehavior [ RunTime:0.000000s ]
INFO: [ app_begin ] --END-- [ RunTime:0.000000s ]
ERR: 1146:Table 'daxiao.dx_users' doesn't exist
 [ SQL语句 ] : SHOW COLUMNS FROM `dx_users`
ERR: 1146:Table 'daxiao.dx_users' doesn't exist
 [ SQL语句 ] : SHOW COLUMNS FROM `dx_users`

[ 2017-03-16T20:59:44+08:00 ] 58.247.206.148 /index.php/Wxapi?signature=df07519e4855416e48cf37d10ecc622a2fa84902&timestamp=1489669184&nonce=724676612&openid=oDtCdwPrzfIsrl4SSAoBzUySmzBw
INFO: [ app_init ] --START--
INFO: Run Behavior\BuildLiteBehavior [ RunTime:0.000000s ]
INFO: [ app_init ] --END-- [ RunTime:0.000000s ]
INFO: [ app_begin ] --START--
INFO: Run Behavior\ReadHtmlCacheBehavior [ RunTime:0.000000s ]
INFO: [ app_begin ] --END-- [ RunTime:0.000000s ]
ERR: 1146:Table 'daxiao.dx_users' doesn't exist
 [ SQL语句 ] : SHOW COLUMNS FROM `dx_users`
ERR: 1146:Table 'daxiao.dx_users' doesn't exist
 [ SQL语句 ] : SHOW COLUMNS FROM `dx_users`

[ 2017-03-16T22:01:31+08:00 ] 140.207.54.74 /index.php/Wxapi?signature=9b8844983203bbc3229bee4266f05dda0f6834e9&timestamp=1489672890&nonce=880924824&openid=oDtCdwISbyqMJvopv8vcDHM2Bb-4
INFO: [ app_init ] --START--
INFO: Run Behavior\BuildLiteBehavior [ RunTime:0.000000s ]
INFO: [ app_init ] --END-- [ RunTime:0.000000s ]
INFO: [ app_begin ] --START--
INFO: Run Behavior\ReadHtmlCacheBehavior [ RunTime:0.000000s ]
INFO: [ app_begin ] --END-- [ RunTime:0.000000s ]
ERR: 1146:Table 'daxiao.dx_users' doesn't exist
 [ SQL语句 ] : SHOW COLUMNS FROM `dx_users`
ERR: 1146:Table 'daxiao.dx_users' doesn't exist
 [ SQL语句 ] : SHOW COLUMNS FROM `dx_users`

[ 2017-03-16T22:16:31+08:00 ] 58.247.206.156 /index.php/Wxapi?signature=6b544a65f75e51c3d88baa5631e2e243d8dce204&timestamp=1489673791&nonce=4339736&openid=oDtCdwKLlngO_XctnOoY15uJ_77c
INFO: [ app_init ] --START--
INFO: Run Behavior\BuildLiteBehavior [ RunTime:0.000000s ]
INFO: [ app_init ] --END-- [ RunTime:0.000000s ]
INFO: [ app_begin ] --START--
INFO: Run Behavior\ReadHtmlCacheBehavior [ RunTime:0.000000s ]
INFO: [ app_begin ] --END-- [ RunTime:0.000000s ]
ERR: 1146:Table 'daxiao.dx_users' doesn't exist
 [ SQL语句 ] : SHOW COLUMNS FROM `dx_users`
ERR: 1146:Table 'daxiao.dx_users' doesn't exist
 [ SQL语句 ] : SHOW COLUMNS FROM `dx_users`

[ 2017-03-16T22:53:54+08:00 ] 101.226.125.116 /wxapi/oauth/index.html?surl=http://dl.wannice.com/Home/Index/index.html?from=singlemessage
INFO: [ app_init ] --START--
INFO: Run Behavior\BuildLiteBehavior [ RunTime:0.000000s ]
INFO: [ app_init ] --END-- [ RunTime:0.000000s ]
INFO: [ app_begin ] --START--
INFO: Run Behavior\ReadHtmlCacheBehavior [ RunTime:0.000000s ]
INFO: [ app_begin ] --END-- [ RunTime:0.000000s ]

[ 2017-03-16T22:54:04+08:00 ] 101.226.51.228 /wxapi/oauth/index.html?surl=http://dl.wannice.com/Home/Index/index.html?from=singlemessage
INFO: [ app_init ] --START--
INFO: Run Behavior\BuildLiteBehavior [ RunTime:0.000000s ]
INFO: [ app_init ] --END-- [ RunTime:0.000000s ]
INFO: [ app_begin ] --START--
INFO: Run Behavior\ReadHtmlCacheBehavior [ RunTime:0.000000s ]
INFO: [ app_begin ] --END-- [ RunTime:0.000000s ]

[ 2017-03-16T22:54:05+08:00 ] 101.226.33.226 /wxapi/oauth/index.html
INFO: [ app_init ] --START--
INFO: Run Behavior\BuildLiteBehavior [ RunTime:0.000000s ]
INFO: [ app_init ] --END-- [ RunTime:0.000000s ]
INFO: [ app_begin ] --START--
INFO: Run Behavior\ReadHtmlCacheBehavior [ RunTime:0.000000s ]
INFO: [ app_begin ] --END-- [ RunTime:0.000000s ]
NOTIC: [8] Undefined index: surl E:\WWW\cdaxiao\Application\Wxapi\Controller\OauthController.class.php 第 12 行.

[ 2017-03-16T22:54:21+08:00 ] 101.226.125.116 /wxapi/oauth/index.html?surl=http://dl.wannice.com/Home/Index/index.html?from=singlemessage
INFO: [ app_init ] --START--
INFO: Run Behavior\BuildLiteBehavior [ RunTime:0.000000s ]
INFO: [ app_init ] --END-- [ RunTime:0.000000s ]
INFO: [ app_begin ] --START--
INFO: Run Behavior\ReadHtmlCacheBehavior [ RunTime:0.000000s ]
INFO: [ app_begin ] --END-- [ RunTime:0.000000s ]

[ 2017-03-16T22:54:31+08:00 ] 117.144.246.149 /wxapi/oauth/index.html?surl=http://dl.wannice.com/Home/Index/index.html?from=singlemessage
INFO: [ app_init ] --START--
INFO: Run Behavior\BuildLiteBehavior [ RunTime:0.000000s ]
INFO: [ app_init ] --END-- [ RunTime:0.000000s ]
INFO: [ app_begin ] --START--
INFO: Run Behavior\ReadHtmlCacheBehavior [ RunTime:0.000000s ]
INFO: [ app_begin ] --END-- [ RunTime:0.000000s ]

[ 2017-03-16T22:54:36+08:00 ] 101.226.125.116 /wxapi/oauth/index.html?surl=http://dl.wannice.com/Home/Index/index.html?from=singlemessage
INFO: [ app_init ] --START--
INFO: Run Behavior\BuildLiteBehavior [ RunTime:0.000000s ]
INFO: [ app_init ] --END-- [ RunTime:0.015625s ]
INFO: [ app_begin ] --START--
INFO: Run Behavior\ReadHtmlCacheBehavior [ RunTime:0.000000s ]
INFO: [ app_begin ] --END-- [ RunTime:0.000000s ]

[ 2017-03-16T22:58:12+08:00 ] 101.226.125.116 /wxapi/oauth/index.html?surl=http://dl.wannice.com/Home/Index/index.html?from=singlemessage
INFO: [ app_init ] --START--
INFO: Run Behavior\BuildLiteBehavior [ RunTime:0.000000s ]
INFO: [ app_init ] --END-- [ RunTime:0.000000s ]
INFO: [ app_begin ] --START--
INFO: Run Behavior\ReadHtmlCacheBehavior [ RunTime:0.000000s ]
INFO: [ app_begin ] --END-- [ RunTime:0.000000s ]

[ 2017-03-16T23:07:38+08:00 ] 58.247.206.143 /index.php/Wxapi?signature=dd441de9d806a5108b5c307a3460fe52ae0ddcb6&timestamp=1489676858&nonce=1328589572&openid=oDtCdwDP08hHu-tqbGlDXM6fXWK4
INFO: [ app_init ] --START--
INFO: Run Behavior\BuildLiteBehavior [ RunTime:0.000000s ]
INFO: [ app_init ] --END-- [ RunTime:0.000000s ]
INFO: [ app_begin ] --START--
INFO: Run Behavior\ReadHtmlCacheBehavior [ RunTime:0.000000s ]
INFO: [ app_begin ] --END-- [ RunTime:0.000000s ]
ERR: 1146:Table 'daxiao.dx_users' doesn't exist
 [ SQL语句 ] : SHOW COLUMNS FROM `dx_users`
ERR: 1146:Table 'daxiao.dx_users' doesn't exist
 [ SQL语句 ] : SHOW COLUMNS FROM `dx_users`

[ 2017-03-16T23:23:38+08:00 ] 140.207.54.74 /index.php/Wxapi?signature=7b96c4c6d424de27b7f8ffe131e9737746062f94&timestamp=1489677818&nonce=1196049418&openid=oDtCdwEepb5TTov7_lLUfgACd8I4
INFO: [ app_init ] --START--
INFO: Run Behavior\BuildLiteBehavior [ RunTime:0.000000s ]
INFO: [ app_init ] --END-- [ RunTime:0.000000s ]
INFO: [ app_begin ] --START--
INFO: Run Behavior\ReadHtmlCacheBehavior [ RunTime:0.000000s ]
INFO: [ app_begin ] --END-- [ RunTime:0.000000s ]
ERR: 1146:Table 'daxiao.dx_users' doesn't exist
 [ SQL语句 ] : SHOW COLUMNS FROM `dx_users`
ERR: 1146:Table 'daxiao.dx_users' doesn't exist
 [ SQL语句 ] : SHOW COLUMNS FROM `dx_users`

