[ 2017-03-12T01:50:41+08:00 ] 61.151.218.119 /Home/Index/center.html
INFO: [ app_init ] --START--
INFO: Run Behavior\BuildLiteBehavior [ RunTime:0.000000s ]
INFO: [ app_init ] --END-- [ RunTime:0.000000s ]
INFO: [ app_begin ] --START--
INFO: Run Behavior\ReadHtmlCacheBehavior [ RunTime:0.000000s ]
INFO: [ app_begin ] --END-- [ RunTime:0.000000s ]

[ 2017-03-12T13:14:47+08:00 ] 123.151.12.152 /home/index/index
INFO: [ app_init ] --START--
INFO: Run Behavior\BuildLiteBehavior [ RunTime:0.000000s ]
INFO: [ app_init ] --END-- [ RunTime:0.000000s ]
INFO: [ app_begin ] --START--
INFO: Run Behavior\ReadHtmlCacheBehavior [ RunTime:0.000000s ]
INFO: [ app_begin ] --END-- [ RunTime:0.000000s ]
SQL: SHOW COLUMNS FROM `dx_user` [ RunTime:0.0000s ]
SQL: UPDATE `dx_user` SET `sj_user`='0' WHERE ( user_id=17 ) [ RunTime:0.0000s ]
INFO: [ view_parse ] --START--
INFO: [ template_filter ] --START--
INFO: Run Behavior\ContentReplaceBehavior [ RunTime:0.000000s ]
INFO: [ template_filter ] --END-- [ RunTime:0.000000s ]
INFO: Run Behavior\ParseTemplateBehavior [ RunTime:0.015625s ]
INFO: [ view_parse ] --END-- [ RunTime:0.015625s ]
INFO: [ view_filter ] --START--
INFO: Run Behavior\WriteHtmlCacheBehavior [ RunTime:0.000000s ]
INFO: [ view_filter ] --END-- [ RunTime:0.000000s ]
INFO: [ app_end ] --START--
INFO: Run Behavior\ShowPageTraceBehavior [ RunTime:0.000000s ]
INFO: [ app_end ] --END-- [ RunTime:0.000000s ]

[ 2017-03-12T13:14:48+08:00 ] 117.158.86.16 /Home/Index/getOneKjInfo.html
INFO: [ app_init ] --START--
INFO: Run Behavior\BuildLiteBehavior [ RunTime:0.000000s ]
INFO: [ app_init ] --END-- [ RunTime:0.000000s ]
INFO: [ app_begin ] --START--
INFO: Run Behavior\ReadHtmlCacheBehavior [ RunTime:0.000000s ]
INFO: [ app_begin ] --END-- [ RunTime:0.000000s ]
SQL: SHOW COLUMNS FROM `dx_user` [ RunTime:0.0000s ]
SQL: UPDATE `dx_user` SET `sj_user`='0' WHERE ( user_id=17 ) [ RunTime:0.0000s ]
SQL: SHOW COLUMNS FROM `dx_kj_info` [ RunTime:0.0000s ]
SQL: SELECT * FROM `dx_kj_info` ORDER BY kj_id desc LIMIT 0,1   [ RunTime:0.0000s ]

[ 2017-03-12T13:14:52+08:00 ] 123.151.12.152 /Home/Index/center.html
INFO: [ app_init ] --START--
INFO: Run Behavior\BuildLiteBehavior [ RunTime:0.000000s ]
INFO: [ app_init ] --END-- [ RunTime:0.000000s ]
INFO: [ app_begin ] --START--
INFO: Run Behavior\ReadHtmlCacheBehavior [ RunTime:0.000000s ]
INFO: [ app_begin ] --END-- [ RunTime:0.000000s ]
SQL: SHOW COLUMNS FROM `dx_user` [ RunTime:0.0000s ]
SQL: UPDATE `dx_user` SET `sj_user`='0' WHERE ( user_id=17 ) [ RunTime:0.0000s ]
SQL: SELECT * FROM `dx_user` WHERE ( user_id=17 ) LIMIT 1   [ RunTime:0.0000s ]
INFO: [ view_parse ] --START--
INFO: [ template_filter ] --START--
INFO: Run Behavior\ContentReplaceBehavior [ RunTime:0.000000s ]
INFO: [ template_filter ] --END-- [ RunTime:0.000000s ]
NOTIC: [8] Use of undefined constant tixian - assumed 'tixian' E:\WWW\cdaxiao\Application\Runtime\Cache\Home\f29b0e4d41adea89beb17fc08b31d5b4.php 第 98 行.
INFO: Run Behavior\ParseTemplateBehavior [ RunTime:0.000000s ]
INFO: [ view_parse ] --END-- [ RunTime:0.000000s ]
INFO: [ view_filter ] --START--
INFO: Run Behavior\WriteHtmlCacheBehavior [ RunTime:0.000000s ]
INFO: [ view_filter ] --END-- [ RunTime:0.000000s ]
INFO: [ app_end ] --START--
INFO: Run Behavior\ShowPageTraceBehavior [ RunTime:0.015625s ]
INFO: [ app_end ] --END-- [ RunTime:0.015625s ]

[ 2017-03-12T13:14:56+08:00 ] 123.151.12.152 /Home/Index/tuiguangjl.html
INFO: [ app_init ] --START--
INFO: Run Behavior\BuildLiteBehavior [ RunTime:0.000000s ]
INFO: [ app_init ] --END-- [ RunTime:0.000000s ]
INFO: [ app_begin ] --START--
INFO: Run Behavior\ReadHtmlCacheBehavior [ RunTime:0.000000s ]
INFO: [ app_begin ] --END-- [ RunTime:0.000000s ]
SQL: SHOW COLUMNS FROM `dx_user` [ RunTime:0.0000s ]
SQL: UPDATE `dx_user` SET `sj_user`='0' WHERE ( user_id=17 ) [ RunTime:0.0000s ]
SQL: SELECT * FROM `dx_user`  [ RunTime:0.0000s ]
INFO: [ view_parse ] --START--
INFO: [ template_filter ] --START--
INFO: Run Behavior\ContentReplaceBehavior [ RunTime:0.000000s ]
INFO: [ template_filter ] --END-- [ RunTime:0.000000s ]
NOTIC: [8] Undefined variable: data E:\WWW\cdaxiao\Application\Runtime\Cache\Home\2ab8a122fa69079633e83be4a86f689e.php 第 118 行.
NOTIC: [8] Undefined variable: page E:\WWW\cdaxiao\Application\Runtime\Cache\Home\2ab8a122fa69079633e83be4a86f689e.php 第 157 行.
INFO: Run Behavior\ParseTemplateBehavior [ RunTime:0.015625s ]
INFO: [ view_parse ] --END-- [ RunTime:0.015625s ]
INFO: [ view_filter ] --START--
INFO: Run Behavior\WriteHtmlCacheBehavior [ RunTime:0.000000s ]
INFO: [ view_filter ] --END-- [ RunTime:0.000000s ]
INFO: [ app_end ] --START--
INFO: Run Behavior\ShowPageTraceBehavior [ RunTime:0.000000s ]
INFO: [ app_end ] --END-- [ RunTime:0.000000s ]

[ 2017-03-12T13:14:59+08:00 ] 123.151.12.152 /Home/Index/tixian.html
INFO: [ app_init ] --START--
INFO: Run Behavior\BuildLiteBehavior [ RunTime:0.000000s ]
INFO: [ app_init ] --END-- [ RunTime:0.000000s ]
INFO: [ app_begin ] --START--
INFO: Run Behavior\ReadHtmlCacheBehavior [ RunTime:0.000000s ]
INFO: [ app_begin ] --END-- [ RunTime:0.000000s ]
SQL: SHOW COLUMNS FROM `dx_user` [ RunTime:0.0156s ]
SQL: UPDATE `dx_user` SET `sj_user`='0' WHERE ( user_id=17 ) [ RunTime:0.0000s ]
SQL: SELECT * FROM `dx_user` WHERE ( user_id=17 ) LIMIT 1   [ RunTime:0.0000s ]
INFO: [ view_parse ] --START--
NOTIC: [2] file_get_contents(./Application/Web/view/wxjs.html): failed to open stream: No such file or directory E:\WWW\cdaxiao\Xigua\Library\Think\Template.class.php 第 696 行.
INFO: [ template_filter ] --START--
INFO: Run Behavior\ContentReplaceBehavior [ RunTime:0.000000s ]
INFO: [ template_filter ] --END-- [ RunTime:0.000000s ]
NOTIC: [8] Undefined variable: jiesuan E:\WWW\cdaxiao\Application\Runtime\Cache\Home\b85a2ca983f5b8b79a2b9060647912bf.php 第 33 行.
INFO: Run Behavior\ParseTemplateBehavior [ RunTime:0.000000s ]
INFO: [ view_parse ] --END-- [ RunTime:0.000000s ]
INFO: [ view_filter ] --START--
INFO: Run Behavior\WriteHtmlCacheBehavior [ RunTime:0.000000s ]
INFO: [ view_filter ] --END-- [ RunTime:0.000000s ]
INFO: [ app_end ] --START--
INFO: Run Behavior\ShowPageTraceBehavior [ RunTime:0.000000s ]
INFO: [ app_end ] --END-- [ RunTime:0.000000s ]

[ 2017-03-12T13:15:08+08:00 ] 123.151.12.152 /Home/Index/center.html
INFO: [ app_init ] --START--
INFO: Run Behavior\BuildLiteBehavior [ RunTime:0.000000s ]
INFO: [ app_init ] --END-- [ RunTime:0.000000s ]
INFO: [ app_begin ] --START--
INFO: Run Behavior\ReadHtmlCacheBehavior [ RunTime:0.000000s ]
INFO: [ app_begin ] --END-- [ RunTime:0.000000s ]
SQL: SHOW COLUMNS FROM `dx_user` [ RunTime:0.0000s ]
SQL: UPDATE `dx_user` SET `sj_user`='0' WHERE ( user_id=17 ) [ RunTime:0.0156s ]
SQL: SELECT * FROM `dx_user` WHERE ( user_id=17 ) LIMIT 1   [ RunTime:0.0000s ]
INFO: [ view_parse ] --START--
INFO: [ template_filter ] --START--
INFO: Run Behavior\ContentReplaceBehavior [ RunTime:0.000000s ]
INFO: [ template_filter ] --END-- [ RunTime:0.000000s ]
NOTIC: [8] Use of undefined constant tixian - assumed 'tixian' E:\WWW\cdaxiao\Application\Runtime\Cache\Home\f29b0e4d41adea89beb17fc08b31d5b4.php 第 98 行.
INFO: Run Behavior\ParseTemplateBehavior [ RunTime:0.015625s ]
INFO: [ view_parse ] --END-- [ RunTime:0.015625s ]
INFO: [ view_filter ] --START--
INFO: Run Behavior\WriteHtmlCacheBehavior [ RunTime:0.000000s ]
INFO: [ view_filter ] --END-- [ RunTime:0.000000s ]
INFO: [ app_end ] --START--
INFO: Run Behavior\ShowPageTraceBehavior [ RunTime:0.000000s ]
INFO: [ app_end ] --END-- [ RunTime:0.000000s ]

[ 2017-03-12T13:15:13+08:00 ] 123.151.12.152 /Home/Index/yongjinjl.html
INFO: [ app_init ] --START--
INFO: Run Behavior\BuildLiteBehavior [ RunTime:0.000000s ]
INFO: [ app_init ] --END-- [ RunTime:0.000000s ]
INFO: [ app_begin ] --START--
INFO: Run Behavior\ReadHtmlCacheBehavior [ RunTime:0.000000s ]
INFO: [ app_begin ] --END-- [ RunTime:0.000000s ]
SQL: SHOW COLUMNS FROM `dx_user` [ RunTime:0.0000s ]
SQL: UPDATE `dx_user` SET `sj_user`='0' WHERE ( user_id=17 ) [ RunTime:0.0000s ]
SQL: SHOW COLUMNS FROM `dx_fany` [ RunTime:0.0000s ]
SQL: SELECT SUM(fee) AS tp_sum FROM `dx_fany` WHERE `type` = 1 AND `user_id` = 17 LIMIT 1   [ RunTime:0.0000s ]
SQL: SELECT COUNT(*) AS tp_count FROM `dx_fany` WHERE `type` = 1 AND `user_id` = 17 LIMIT 1   [ RunTime:0.0000s ]
SQL: SELECT * FROM `dx_fany` WHERE `type` = 1 ORDER BY time desc LIMIT 0,15   [ RunTime:0.0000s ]
INFO: [ view_parse ] --START--
INFO: [ template_filter ] --START--
INFO: Run Behavior\ContentReplaceBehavior [ RunTime:0.000000s ]
INFO: [ template_filter ] --END-- [ RunTime:0.000000s ]
INFO: Run Behavior\ParseTemplateBehavior [ RunTime:0.015625s ]
INFO: [ view_parse ] --END-- [ RunTime:0.015625s ]
INFO: [ view_filter ] --START--
INFO: Run Behavior\WriteHtmlCacheBehavior [ RunTime:0.000000s ]
INFO: [ view_filter ] --END-- [ RunTime:0.000000s ]
INFO: [ app_end ] --START--
INFO: Run Behavior\ShowPageTraceBehavior [ RunTime:0.000000s ]
INFO: [ app_end ] --END-- [ RunTime:0.000000s ]

[ 2017-03-12T13:15:15+08:00 ] 101.226.61.206 /Home/Index/tixian.html
INFO: [ app_init ] --START--
INFO: Run Behavior\BuildLiteBehavior [ RunTime:0.000000s ]
INFO: [ app_init ] --END-- [ RunTime:0.000000s ]
INFO: [ app_begin ] --START--
INFO: Run Behavior\ReadHtmlCacheBehavior [ RunTime:0.000000s ]
INFO: [ app_begin ] --END-- [ RunTime:0.000000s ]

[ 2017-03-12T13:15:23+08:00 ] 101.226.99.195 /Home/Index/yongjinjl.html
INFO: [ app_init ] --START--
INFO: Run Behavior\BuildLiteBehavior [ RunTime:0.000000s ]
INFO: [ app_init ] --END-- [ RunTime:0.000000s ]
INFO: [ app_begin ] --START--
INFO: Run Behavior\ReadHtmlCacheBehavior [ RunTime:0.000000s ]
INFO: [ app_begin ] --END-- [ RunTime:0.000000s ]

[ 2017-03-12T13:15:27+08:00 ] 61.49.57.55 /Home/Index/center.html
INFO: [ app_init ] --START--
INFO: Run Behavior\BuildLiteBehavior [ RunTime:0.000000s ]
INFO: [ app_init ] --END-- [ RunTime:0.000000s ]
INFO: [ app_begin ] --START--
INFO: Run Behavior\ReadHtmlCacheBehavior [ RunTime:0.000000s ]
INFO: [ app_begin ] --END-- [ RunTime:0.000000s ]
SQL: SHOW COLUMNS FROM `dx_user` [ RunTime:0.0000s ]
SQL: UPDATE `dx_user` SET `sj_user`='0' WHERE ( user_id=17 ) [ RunTime:0.0000s ]
SQL: SELECT * FROM `dx_user` WHERE ( user_id=17 ) LIMIT 1   [ RunTime:0.0000s ]
INFO: [ view_parse ] --START--
INFO: [ template_filter ] --START--
INFO: Run Behavior\ContentReplaceBehavior [ RunTime:0.000000s ]
INFO: [ template_filter ] --END-- [ RunTime:0.000000s ]
NOTIC: [8] Use of undefined constant tixian - assumed 'tixian' E:\WWW\cdaxiao\Application\Runtime\Cache\Home\f29b0e4d41adea89beb17fc08b31d5b4.php 第 98 行.
INFO: Run Behavior\ParseTemplateBehavior [ RunTime:0.000000s ]
INFO: [ view_parse ] --END-- [ RunTime:0.000000s ]
INFO: [ view_filter ] --START--
INFO: Run Behavior\WriteHtmlCacheBehavior [ RunTime:0.000000s ]
INFO: [ view_filter ] --END-- [ RunTime:0.000000s ]
INFO: [ app_end ] --START--
INFO: Run Behavior\ShowPageTraceBehavior [ RunTime:0.000000s ]
INFO: [ app_end ] --END-- [ RunTime:0.000000s ]

[ 2017-03-12T13:15:36+08:00 ] 123.151.12.152 /Home/Index/qr.html
INFO: [ app_init ] --START--
INFO: Run Behavior\BuildLiteBehavior [ RunTime:0.000000s ]
INFO: [ app_init ] --END-- [ RunTime:0.000000s ]
INFO: [ app_begin ] --START--
INFO: Run Behavior\ReadHtmlCacheBehavior [ RunTime:0.000000s ]
INFO: [ app_begin ] --END-- [ RunTime:0.000000s ]
SQL: SHOW COLUMNS FROM `dx_user` [ RunTime:0.0000s ]
SQL: UPDATE `dx_user` SET `sj_user`='0' WHERE ( user_id=17 ) [ RunTime:0.0000s ]
SQL: SHOW COLUMNS FROM `dx_url` [ RunTime:0.0000s ]
SQL: SELECT * FROM `dx_url` WHERE `type` = 0  [ RunTime:0.0000s ]
INFO: [ view_parse ] --START--
INFO: [ template_filter ] --START--
INFO: Run Behavior\ContentReplaceBehavior [ RunTime:0.000000s ]
INFO: [ template_filter ] --END-- [ RunTime:0.000000s ]
NOTIC: [8] Undefined variable: signPackage E:\WWW\cdaxiao\Application\Runtime\Cache\Home\4e1ab25bdbc99d8b1ca6c4cf1f1db3e1.php 第 59 行.
NOTIC: [8] Undefined variable: signPackage E:\WWW\cdaxiao\Application\Runtime\Cache\Home\4e1ab25bdbc99d8b1ca6c4cf1f1db3e1.php 第 60 行.
NOTIC: [8] Undefined variable: signPackage E:\WWW\cdaxiao\Application\Runtime\Cache\Home\4e1ab25bdbc99d8b1ca6c4cf1f1db3e1.php 第 61 行.
NOTIC: [8] Undefined variable: signPackage E:\WWW\cdaxiao\Application\Runtime\Cache\Home\4e1ab25bdbc99d8b1ca6c4cf1f1db3e1.php 第 62 行.
NOTIC: [8] Undefined variable: paysign E:\WWW\cdaxiao\Application\Runtime\Cache\Home\4e1ab25bdbc99d8b1ca6c4cf1f1db3e1.php 第 78 行.
INFO: Run Behavior\ParseTemplateBehavior [ RunTime:0.015625s ]
INFO: [ view_parse ] --END-- [ RunTime:0.015625s ]
INFO: [ view_filter ] --START--
INFO: Run Behavior\WriteHtmlCacheBehavior [ RunTime:0.000000s ]
INFO: [ view_filter ] --END-- [ RunTime:0.000000s ]
INFO: [ app_end ] --START--
INFO: Run Behavior\ShowPageTraceBehavior [ RunTime:0.000000s ]
INFO: [ app_end ] --END-- [ RunTime:0.000000s ]

[ 2017-03-12T13:15:46+08:00 ] 101.226.33.220 /Home/Index/qr.html
INFO: [ app_init ] --START--
INFO: Run Behavior\BuildLiteBehavior [ RunTime:0.000000s ]
INFO: [ app_init ] --END-- [ RunTime:0.000000s ]
INFO: [ app_begin ] --START--
INFO: Run Behavior\ReadHtmlCacheBehavior [ RunTime:0.000000s ]
INFO: [ app_begin ] --END-- [ RunTime:0.000000s ]

[ 2017-03-12T13:15:47+08:00 ] 123.151.12.152 /Home/Index/qr.html
INFO: [ app_init ] --START--
INFO: Run Behavior\BuildLiteBehavior [ RunTime:0.000000s ]
INFO: [ app_init ] --END-- [ RunTime:0.015625s ]
INFO: [ app_begin ] --START--
INFO: Run Behavior\ReadHtmlCacheBehavior [ RunTime:0.000000s ]
INFO: [ app_begin ] --END-- [ RunTime:0.000000s ]
SQL: SHOW COLUMNS FROM `dx_user` [ RunTime:0.0000s ]
SQL: UPDATE `dx_user` SET `sj_user`='0' WHERE ( user_id=17 ) [ RunTime:0.0000s ]
SQL: SHOW COLUMNS FROM `dx_url` [ RunTime:0.0000s ]
SQL: SELECT * FROM `dx_url` WHERE `type` = 0  [ RunTime:0.0000s ]
INFO: [ view_parse ] --START--
INFO: [ template_filter ] --START--
INFO: Run Behavior\ContentReplaceBehavior [ RunTime:0.000000s ]
INFO: [ template_filter ] --END-- [ RunTime:0.000000s ]
NOTIC: [8] Undefined variable: signPackage E:\WWW\cdaxiao\Application\Runtime\Cache\Home\4e1ab25bdbc99d8b1ca6c4cf1f1db3e1.php 第 59 行.
NOTIC: [8] Undefined variable: signPackage E:\WWW\cdaxiao\Application\Runtime\Cache\Home\4e1ab25bdbc99d8b1ca6c4cf1f1db3e1.php 第 60 行.
NOTIC: [8] Undefined variable: signPackage E:\WWW\cdaxiao\Application\Runtime\Cache\Home\4e1ab25bdbc99d8b1ca6c4cf1f1db3e1.php 第 61 行.
NOTIC: [8] Undefined variable: signPackage E:\WWW\cdaxiao\Application\Runtime\Cache\Home\4e1ab25bdbc99d8b1ca6c4cf1f1db3e1.php 第 62 行.
NOTIC: [8] Undefined variable: paysign E:\WWW\cdaxiao\Application\Runtime\Cache\Home\4e1ab25bdbc99d8b1ca6c4cf1f1db3e1.php 第 78 行.
INFO: Run Behavior\ParseTemplateBehavior [ RunTime:0.015625s ]
INFO: [ view_parse ] --END-- [ RunTime:0.015625s ]
INFO: [ view_filter ] --START--
INFO: Run Behavior\WriteHtmlCacheBehavior [ RunTime:0.000000s ]
INFO: [ view_filter ] --END-- [ RunTime:0.000000s ]
INFO: [ app_end ] --START--
INFO: Run Behavior\ShowPageTraceBehavior [ RunTime:0.000000s ]
INFO: [ app_end ] --END-- [ RunTime:0.000000s ]

[ 2017-03-12T13:15:51+08:00 ] 123.151.12.152 /Home/Index/tuiguangjl.html
INFO: [ app_init ] --START--
INFO: Run Behavior\BuildLiteBehavior [ RunTime:0.000000s ]
INFO: [ app_init ] --END-- [ RunTime:0.000000s ]
INFO: [ app_begin ] --START--
INFO: Run Behavior\ReadHtmlCacheBehavior [ RunTime:0.000000s ]
INFO: [ app_begin ] --END-- [ RunTime:0.000000s ]
SQL: SHOW COLUMNS FROM `dx_user` [ RunTime:0.0000s ]
SQL: UPDATE `dx_user` SET `sj_user`='0' WHERE ( user_id=17 ) [ RunTime:0.0000s ]
SQL: SELECT * FROM `dx_user`  [ RunTime:0.0000s ]
INFO: [ view_parse ] --START--
INFO: [ template_filter ] --START--
INFO: Run Behavior\ContentReplaceBehavior [ RunTime:0.000000s ]
INFO: [ template_filter ] --END-- [ RunTime:0.000000s ]
NOTIC: [8] Undefined variable: data E:\WWW\cdaxiao\Application\Runtime\Cache\Home\2ab8a122fa69079633e83be4a86f689e.php 第 118 行.
NOTIC: [8] Undefined variable: page E:\WWW\cdaxiao\Application\Runtime\Cache\Home\2ab8a122fa69079633e83be4a86f689e.php 第 157 行.
INFO: Run Behavior\ParseTemplateBehavior [ RunTime:0.015625s ]
INFO: [ view_parse ] --END-- [ RunTime:0.015625s ]
INFO: [ view_filter ] --START--
INFO: Run Behavior\WriteHtmlCacheBehavior [ RunTime:0.000000s ]
INFO: [ view_filter ] --END-- [ RunTime:0.000000s ]
INFO: [ app_end ] --START--
INFO: Run Behavior\ShowPageTraceBehavior [ RunTime:0.000000s ]
INFO: [ app_end ] --END-- [ RunTime:0.000000s ]

[ 2017-03-12T13:16:05+08:00 ] 123.151.12.152 /Home/Index/index.html
INFO: [ app_init ] --START--
INFO: Run Behavior\BuildLiteBehavior [ RunTime:0.000000s ]
INFO: [ app_init ] --END-- [ RunTime:0.000000s ]
INFO: [ app_begin ] --START--
INFO: Run Behavior\ReadHtmlCacheBehavior [ RunTime:0.000000s ]
INFO: [ app_begin ] --END-- [ RunTime:0.000000s ]
SQL: SHOW COLUMNS FROM `dx_user` [ RunTime:0.0000s ]
SQL: UPDATE `dx_user` SET `sj_user`='0' WHERE ( user_id=17 ) [ RunTime:0.0156s ]
INFO: [ view_parse ] --START--
INFO: [ template_filter ] --START--
INFO: Run Behavior\ContentReplaceBehavior [ RunTime:0.000000s ]
INFO: [ template_filter ] --END-- [ RunTime:0.000000s ]
INFO: Run Behavior\ParseTemplateBehavior [ RunTime:0.000000s ]
INFO: [ view_parse ] --END-- [ RunTime:0.000000s ]
INFO: [ view_filter ] --START--
INFO: Run Behavior\WriteHtmlCacheBehavior [ RunTime:0.000000s ]
INFO: [ view_filter ] --END-- [ RunTime:0.000000s ]
INFO: [ app_end ] --START--
INFO: Run Behavior\ShowPageTraceBehavior [ RunTime:0.000000s ]
INFO: [ app_end ] --END-- [ RunTime:0.000000s ]

[ 2017-03-12T13:16:05+08:00 ] 117.158.86.16 /Home/Index/getOneKjInfo.html
INFO: [ app_init ] --START--
INFO: Run Behavior\BuildLiteBehavior [ RunTime:0.000000s ]
INFO: [ app_init ] --END-- [ RunTime:0.000000s ]
INFO: [ app_begin ] --START--
INFO: Run Behavior\ReadHtmlCacheBehavior [ RunTime:0.000000s ]
INFO: [ app_begin ] --END-- [ RunTime:0.000000s ]
SQL: SHOW COLUMNS FROM `dx_user` [ RunTime:0.0000s ]
SQL: UPDATE `dx_user` SET `sj_user`='0' WHERE ( user_id=17 ) [ RunTime:0.0000s ]
SQL: SHOW COLUMNS FROM `dx_kj_info` [ RunTime:0.0000s ]
SQL: SELECT * FROM `dx_kj_info` ORDER BY kj_id desc LIMIT 0,1   [ RunTime:0.0000s ]

[ 2017-03-12T13:16:10+08:00 ] 117.158.86.16 /Home/Index/yazhuZhifu.html
INFO: [ app_init ] --START--
INFO: Run Behavior\BuildLiteBehavior [ RunTime:0.000000s ]
INFO: [ app_init ] --END-- [ RunTime:0.000000s ]
INFO: [ app_begin ] --START--
INFO: Run Behavior\ReadHtmlCacheBehavior [ RunTime:0.000000s ]
INFO: [ app_begin ] --END-- [ RunTime:0.000000s ]
SQL: SHOW COLUMNS FROM `dx_user` [ RunTime:0.0000s ]
SQL: UPDATE `dx_user` SET `sj_user`='0' WHERE ( user_id=17 ) [ RunTime:0.0000s ]
SQL: SHOW COLUMNS FROM `dx_kj_info` [ RunTime:0.0000s ]
SQL: SELECT * FROM `dx_kj_info` ORDER BY kj_id desc LIMIT 0,1   [ RunTime:0.0000s ]
SQL: SHOW COLUMNS FROM `dx_order` [ RunTime:0.0156s ]
SQL: INSERT INTO `dx_order` (`user_id`,`kj_id`,`type`,`fee`,`time`) VALUES ('17','1992','1','0.01','1489295769') [ RunTime:0.0000s ]
SQL: SELECT `openid` FROM `dx_user` WHERE `user_id` = 17 LIMIT 1   [ RunTime:0.0000s ]
INFO: [ app_end ] --START--
INFO: Run Behavior\ShowPageTraceBehavior [ RunTime:0.000000s ]
INFO: [ app_end ] --END-- [ RunTime:0.000000s ]

[ 2017-03-12T13:16:14+08:00 ] 180.153.214.192 /Home/Index/index.html
INFO: [ app_init ] --START--
INFO: Run Behavior\BuildLiteBehavior [ RunTime:0.000000s ]
INFO: [ app_init ] --END-- [ RunTime:0.000000s ]
INFO: [ app_begin ] --START--
INFO: Run Behavior\ReadHtmlCacheBehavior [ RunTime:0.000000s ]
INFO: [ app_begin ] --END-- [ RunTime:0.000000s ]

[ 2017-03-12T13:16:17+08:00 ] 101.226.103.70 /Home/Notice/buy_yz.html
INFO: [ app_init ] --START--
INFO: Run Behavior\BuildLiteBehavior [ RunTime:0.000000s ]
INFO: [ app_init ] --END-- [ RunTime:0.000000s ]
INFO: [ app_begin ] --START--
INFO: Run Behavior\ReadHtmlCacheBehavior [ RunTime:0.015625s ]
INFO: [ app_begin ] --END-- [ RunTime:0.015625s ]
SQL: SHOW COLUMNS FROM `dx_order` [ RunTime:0.0000s ]
SQL: SELECT `time` FROM `dx_order` WHERE `id` = 286 LIMIT 1   [ RunTime:0.0000s ]
SQL: UPDATE `dx_order` SET `state`='1' WHERE ( id = '286' ) [ RunTime:0.0000s ]
SQL: UPDATE `dx_order` SET `order_sn`='2147483647' WHERE ( id = '286' ) [ RunTime:0.0000s ]
SQL: SELECT `user_id` FROM `dx_order` WHERE `id` = 286 LIMIT 1   [ RunTime:0.0156s ]
NOTIC: [2] Missing argument 3 for Home\Controller\NoticeController::fanyong(), called in E:\WWW\cdaxiao\Application\Home\Controller\NoticeController.class.php on line 27 and defined E:\WWW\cdaxiao\Application\Home\Controller\NoticeController.class.php 第 36 行.
SQL: SHOW COLUMNS FROM `dx_user` [ RunTime:0.0000s ]
SQL: SELECT `sj_user` FROM `dx_user` WHERE `user_id` = 17 LIMIT 1   [ RunTime:0.0000s ]

[ 2017-03-12T13:16:23+08:00 ] 117.158.86.16 /Home/Index/abc.html
INFO: [ app_init ] --START--
INFO: Run Behavior\BuildLiteBehavior [ RunTime:0.000000s ]
INFO: [ app_init ] --END-- [ RunTime:0.000000s ]
INFO: [ app_begin ] --START--
INFO: Run Behavior\ReadHtmlCacheBehavior [ RunTime:0.000000s ]
INFO: [ app_begin ] --END-- [ RunTime:0.000000s ]
SQL: SHOW COLUMNS FROM `dx_user` [ RunTime:0.0000s ]
SQL: UPDATE `dx_user` SET `sj_user`='0' WHERE ( user_id=17 ) [ RunTime:0.0000s ]
INFO: [ app_end ] --START--
INFO: Run Behavior\ShowPageTraceBehavior [ RunTime:0.000000s ]
INFO: [ app_end ] --END-- [ RunTime:0.000000s ]

[ 2017-03-12T13:16:27+08:00 ] 123.151.12.152 /Home/Index/index.html
INFO: [ app_init ] --START--
INFO: Run Behavior\BuildLiteBehavior [ RunTime:0.000000s ]
INFO: [ app_init ] --END-- [ RunTime:0.000000s ]
INFO: [ app_begin ] --START--
INFO: Run Behavior\ReadHtmlCacheBehavior [ RunTime:0.000000s ]
INFO: [ app_begin ] --END-- [ RunTime:0.000000s ]
SQL: SHOW COLUMNS FROM `dx_user` [ RunTime:0.0000s ]
SQL: UPDATE `dx_user` SET `sj_user`='0' WHERE ( user_id=17 ) [ RunTime:0.0000s ]
INFO: [ view_parse ] --START--
INFO: [ template_filter ] --START--
INFO: Run Behavior\ContentReplaceBehavior [ RunTime:0.000000s ]
INFO: [ template_filter ] --END-- [ RunTime:0.000000s ]
INFO: Run Behavior\ParseTemplateBehavior [ RunTime:0.015625s ]
INFO: [ view_parse ] --END-- [ RunTime:0.015625s ]
INFO: [ view_filter ] --START--
INFO: Run Behavior\WriteHtmlCacheBehavior [ RunTime:0.000000s ]
INFO: [ view_filter ] --END-- [ RunTime:0.000000s ]
INFO: [ app_end ] --START--
INFO: Run Behavior\ShowPageTraceBehavior [ RunTime:0.000000s ]
INFO: [ app_end ] --END-- [ RunTime:0.000000s ]

[ 2017-03-12T13:16:27+08:00 ] 117.158.86.16 /Home/Index/getOneKjInfo.html
INFO: [ app_init ] --START--
INFO: Run Behavior\BuildLiteBehavior [ RunTime:0.000000s ]
INFO: [ app_init ] --END-- [ RunTime:0.000000s ]
INFO: [ app_begin ] --START--
INFO: Run Behavior\ReadHtmlCacheBehavior [ RunTime:0.000000s ]
INFO: [ app_begin ] --END-- [ RunTime:0.000000s ]
SQL: SHOW COLUMNS FROM `dx_user` [ RunTime:0.0000s ]
SQL: UPDATE `dx_user` SET `sj_user`='0' WHERE ( user_id=17 ) [ RunTime:0.0000s ]
SQL: SHOW COLUMNS FROM `dx_kj_info` [ RunTime:0.0000s ]
SQL: SELECT * FROM `dx_kj_info` ORDER BY kj_id desc LIMIT 0,1   [ RunTime:0.0000s ]

[ 2017-03-12T13:16:36+08:00 ] 117.158.86.16 /Home/Index/yazhuZhifu.html
INFO: [ app_init ] --START--
INFO: Run Behavior\BuildLiteBehavior [ RunTime:0.000000s ]
INFO: [ app_init ] --END-- [ RunTime:0.000000s ]
INFO: [ app_begin ] --START--
INFO: Run Behavior\ReadHtmlCacheBehavior [ RunTime:0.000000s ]
INFO: [ app_begin ] --END-- [ RunTime:0.000000s ]
SQL: SHOW COLUMNS FROM `dx_user` [ RunTime:0.0000s ]
SQL: UPDATE `dx_user` SET `sj_user`='0' WHERE ( user_id=17 ) [ RunTime:0.0000s ]
SQL: SHOW COLUMNS FROM `dx_kj_info` [ RunTime:0.0156s ]
SQL: SELECT * FROM `dx_kj_info` ORDER BY kj_id desc LIMIT 0,1   [ RunTime:0.0000s ]
SQL: SHOW COLUMNS FROM `dx_order` [ RunTime:0.0000s ]
SQL: INSERT INTO `dx_order` (`user_id`,`kj_id`,`type`,`fee`,`time`) VALUES ('17','1992','1','0.01','1489295796') [ RunTime:0.0000s ]
SQL: SELECT `openid` FROM `dx_user` WHERE `user_id` = 17 LIMIT 1   [ RunTime:0.0000s ]
INFO: [ app_end ] --START--
INFO: Run Behavior\ShowPageTraceBehavior [ RunTime:0.000000s ]
INFO: [ app_end ] --END-- [ RunTime:0.000000s ]

[ 2017-03-12T13:16:43+08:00 ] 101.226.103.71 /Home/Notice/buy_yz.html
INFO: [ app_init ] --START--
INFO: Run Behavior\BuildLiteBehavior [ RunTime:0.000000s ]
INFO: [ app_init ] --END-- [ RunTime:0.000000s ]
INFO: [ app_begin ] --START--
INFO: Run Behavior\ReadHtmlCacheBehavior [ RunTime:0.000000s ]
INFO: [ app_begin ] --END-- [ RunTime:0.000000s ]
SQL: SHOW COLUMNS FROM `dx_order` [ RunTime:0.0000s ]
SQL: SELECT `time` FROM `dx_order` WHERE `id` = 287 LIMIT 1   [ RunTime:0.0000s ]
SQL: UPDATE `dx_order` SET `state`='1' WHERE ( id = '287' ) [ RunTime:0.0000s ]
SQL: UPDATE `dx_order` SET `order_sn`='2147483647' WHERE ( id = '287' ) [ RunTime:0.0000s ]
SQL: SELECT `user_id` FROM `dx_order` WHERE `id` = 287 LIMIT 1   [ RunTime:0.0000s ]
NOTIC: [2] Missing argument 3 for Home\Controller\NoticeController::fanyong(), called in E:\WWW\cdaxiao\Application\Home\Controller\NoticeController.class.php on line 27 and defined E:\WWW\cdaxiao\Application\Home\Controller\NoticeController.class.php 第 36 行.
SQL: SHOW COLUMNS FROM `dx_user` [ RunTime:0.0000s ]
SQL: SELECT `sj_user` FROM `dx_user` WHERE `user_id` = 17 LIMIT 1   [ RunTime:0.0000s ]

[ 2017-03-12T13:16:48+08:00 ] 117.158.86.16 /Home/Index/abc.html
INFO: [ app_init ] --START--
INFO: Run Behavior\BuildLiteBehavior [ RunTime:0.000000s ]
INFO: [ app_init ] --END-- [ RunTime:0.000000s ]
INFO: [ app_begin ] --START--
INFO: Run Behavior\ReadHtmlCacheBehavior [ RunTime:0.000000s ]
INFO: [ app_begin ] --END-- [ RunTime:0.000000s ]
SQL: SHOW COLUMNS FROM `dx_user` [ RunTime:0.0000s ]
SQL: UPDATE `dx_user` SET `sj_user`='0' WHERE ( user_id=17 ) [ RunTime:0.0000s ]
INFO: [ app_end ] --START--
INFO: Run Behavior\ShowPageTraceBehavior [ RunTime:0.000000s ]
INFO: [ app_end ] --END-- [ RunTime:0.000000s ]

[ 2017-03-12T13:16:51+08:00 ] 123.151.12.152 /Home/Index/index.html
INFO: [ app_init ] --START--
INFO: Run Behavior\BuildLiteBehavior [ RunTime:0.000000s ]
INFO: [ app_init ] --END-- [ RunTime:0.000000s ]
INFO: [ app_begin ] --START--
INFO: Run Behavior\ReadHtmlCacheBehavior [ RunTime:0.000000s ]
INFO: [ app_begin ] --END-- [ RunTime:0.000000s ]
SQL: SHOW COLUMNS FROM `dx_user` [ RunTime:0.0156s ]
SQL: UPDATE `dx_user` SET `sj_user`='0' WHERE ( user_id=17 ) [ RunTime:0.0000s ]
INFO: [ view_parse ] --START--
INFO: [ template_filter ] --START--
INFO: Run Behavior\ContentReplaceBehavior [ RunTime:0.000000s ]
INFO: [ template_filter ] --END-- [ RunTime:0.000000s ]
INFO: Run Behavior\ParseTemplateBehavior [ RunTime:0.015625s ]
INFO: [ view_parse ] --END-- [ RunTime:0.015625s ]
INFO: [ view_filter ] --START--
INFO: Run Behavior\WriteHtmlCacheBehavior [ RunTime:0.000000s ]
INFO: [ view_filter ] --END-- [ RunTime:0.000000s ]
INFO: [ app_end ] --START--
INFO: Run Behavior\ShowPageTraceBehavior [ RunTime:0.000000s ]
INFO: [ app_end ] --END-- [ RunTime:0.000000s ]

[ 2017-03-12T13:16:53+08:00 ] 117.158.86.16 /Home/Index/getOneKjInfo.html
INFO: [ app_init ] --START--
INFO: Run Behavior\BuildLiteBehavior [ RunTime:0.000000s ]
INFO: [ app_init ] --END-- [ RunTime:0.000000s ]
INFO: [ app_begin ] --START--
INFO: Run Behavior\ReadHtmlCacheBehavior [ RunTime:0.000000s ]
INFO: [ app_begin ] --END-- [ RunTime:0.000000s ]
SQL: SHOW COLUMNS FROM `dx_user` [ RunTime:0.0000s ]
SQL: UPDATE `dx_user` SET `sj_user`='0' WHERE ( user_id=17 ) [ RunTime:0.0000s ]
SQL: SHOW COLUMNS FROM `dx_kj_info` [ RunTime:0.0000s ]
SQL: SELECT * FROM `dx_kj_info` ORDER BY kj_id desc LIMIT 0,1   [ RunTime:0.0000s ]

[ 2017-03-12T13:17:00+08:00 ] 117.158.86.16 /Home/Index/getKjInfo.html
INFO: [ app_init ] --START--
INFO: Run Behavior\BuildLiteBehavior [ RunTime:0.000000s ]
INFO: [ app_init ] --END-- [ RunTime:0.000000s ]
INFO: [ app_begin ] --START--
INFO: Run Behavior\ReadHtmlCacheBehavior [ RunTime:0.000000s ]
INFO: [ app_begin ] --END-- [ RunTime:0.000000s ]
SQL: SHOW COLUMNS FROM `dx_user` [ RunTime:0.0000s ]
SQL: UPDATE `dx_user` SET `sj_user`='0' WHERE ( user_id=17 ) [ RunTime:0.0000s ]
SQL: SHOW COLUMNS FROM `dx_kj_info` [ RunTime:0.0000s ]
SQL: SELECT * FROM `dx_kj_info` ORDER BY kj_id desc LIMIT 0,1   [ RunTime:0.0000s ]
SQL: SHOW COLUMNS FROM `dx_order` [ RunTime:0.0000s ]
SQL: SELECT COUNT(*) AS tp_count FROM `dx_order` WHERE `kj_id` = 1993 AND `type` = 0 AND `state` = 1 LIMIT 1   [ RunTime:0.0000s ]
SQL: SELECT COUNT(*) AS tp_count FROM `dx_order` WHERE `kj_id` = 1993 AND `type` = 1 AND `state` = 1 LIMIT 1   [ RunTime:0.0000s ]
SQL: INSERT INTO `dx_kj_info` (`kj_time`,`kj_num`,`kj_dx`) VALUES ('1489295830','1','0') [ RunTime:0.0000s ]
SQL: SELECT * FROM `dx_kj_info` ORDER BY kj_id desc LIMIT 0,1   [ RunTime:0.0156s ]
NOTIC: [8] Undefined index: kj_dx E:\WWW\cdaxiao\Application\Home\Controller\IndexController.class.php 第 81 行.
NOTIC: [8] Undefined index: kj_id E:\WWW\cdaxiao\Application\Home\Controller\IndexController.class.php 第 82 行.
SQL: SELECT * FROM `dx_order` WHERE `kj_id` = null AND `type` = null AND `state` = 1  [ RunTime:0.0000s ]
SQL: UPDATE `dx_order` SET `iszhong`='1' WHERE `kj_id` = null AND `type` = null AND `state` = 1 [ RunTime:0.0000s ]
SQL: SELECT * FROM `dx_order` WHERE `kj_id` = null AND `state` = 2  [ RunTime:0.0000s ]

[ 2017-03-12T13:17:03+08:00 ] 123.151.12.152 /Home/Index/center.html
INFO: [ app_init ] --START--
INFO: Run Behavior\BuildLiteBehavior [ RunTime:0.000000s ]
INFO: [ app_init ] --END-- [ RunTime:0.000000s ]
INFO: [ app_begin ] --START--
INFO: Run Behavior\ReadHtmlCacheBehavior [ RunTime:0.000000s ]
INFO: [ app_begin ] --END-- [ RunTime:0.000000s ]
SQL: SHOW COLUMNS FROM `dx_user` [ RunTime:0.0000s ]
SQL: UPDATE `dx_user` SET `sj_user`='0' WHERE ( user_id=17 ) [ RunTime:0.0000s ]
SQL: SELECT * FROM `dx_user` WHERE ( user_id=17 ) LIMIT 1   [ RunTime:0.0000s ]
INFO: [ view_parse ] --START--
INFO: [ template_filter ] --START--
INFO: Run Behavior\ContentReplaceBehavior [ RunTime:0.000000s ]
INFO: [ template_filter ] --END-- [ RunTime:0.000000s ]
NOTIC: [8] Use of undefined constant tixian - assumed 'tixian' E:\WWW\cdaxiao\Application\Runtime\Cache\Home\f29b0e4d41adea89beb17fc08b31d5b4.php 第 98 行.
INFO: Run Behavior\ParseTemplateBehavior [ RunTime:0.015625s ]
INFO: [ view_parse ] --END-- [ RunTime:0.015625s ]
INFO: [ view_filter ] --START--
INFO: Run Behavior\WriteHtmlCacheBehavior [ RunTime:0.000000s ]
INFO: [ view_filter ] --END-- [ RunTime:0.000000s ]
INFO: [ app_end ] --START--
INFO: Run Behavior\ShowPageTraceBehavior [ RunTime:0.000000s ]
INFO: [ app_end ] --END-- [ RunTime:0.000000s ]

[ 2017-03-12T13:17:09+08:00 ] 61.49.57.55 /Home/Index/youxijl.html
INFO: [ app_init ] --START--
INFO: Run Behavior\BuildLiteBehavior [ RunTime:0.000000s ]
INFO: [ app_init ] --END-- [ RunTime:0.000000s ]
INFO: [ app_begin ] --START--
INFO: Run Behavior\ReadHtmlCacheBehavior [ RunTime:0.000000s ]
INFO: [ app_begin ] --END-- [ RunTime:0.000000s ]
SQL: SHOW COLUMNS FROM `dx_user` [ RunTime:0.0156s ]
SQL: UPDATE `dx_user` SET `sj_user`='0' WHERE ( user_id=17 ) [ RunTime:0.0000s ]
SQL: SHOW COLUMNS FROM `dx_order` [ RunTime:0.0000s ]
SQL: SELECT COUNT(*) AS tp_count FROM `dx_order` WHERE `user_id` = 17 LIMIT 1   [ RunTime:0.0000s ]
SQL: SELECT * FROM `dx_order` WHERE `user_id` = 17 ORDER BY time desc LIMIT 0,15   [ RunTime:0.0000s ]
INFO: [ view_parse ] --START--
INFO: [ template_filter ] --START--
INFO: Run Behavior\ContentReplaceBehavior [ RunTime:0.000000s ]
INFO: [ template_filter ] --END-- [ RunTime:0.000000s ]
INFO: Run Behavior\ParseTemplateBehavior [ RunTime:0.000000s ]
INFO: [ view_parse ] --END-- [ RunTime:0.000000s ]
INFO: [ view_filter ] --START--
INFO: Run Behavior\WriteHtmlCacheBehavior [ RunTime:0.000000s ]
INFO: [ view_filter ] --END-- [ RunTime:0.000000s ]
INFO: [ app_end ] --START--
INFO: Run Behavior\ShowPageTraceBehavior [ RunTime:0.015625s ]
INFO: [ app_end ] --END-- [ RunTime:0.015625s ]

[ 2017-03-12T13:17:18+08:00 ] 117.158.86.16 /Home/Index/getOneKjInfo.html
INFO: [ app_init ] --START--
INFO: Run Behavior\BuildLiteBehavior [ RunTime:0.000000s ]
INFO: [ app_init ] --END-- [ RunTime:0.000000s ]
INFO: [ app_begin ] --START--
INFO: Run Behavior\ReadHtmlCacheBehavior [ RunTime:0.000000s ]
INFO: [ app_begin ] --END-- [ RunTime:0.000000s ]
SQL: SHOW COLUMNS FROM `dx_user` [ RunTime:0.0000s ]
SQL: UPDATE `dx_user` SET `sj_user`='0' WHERE ( user_id=17 ) [ RunTime:0.0000s ]
SQL: SHOW COLUMNS FROM `dx_kj_info` [ RunTime:0.0000s ]
SQL: SELECT * FROM `dx_kj_info` ORDER BY kj_id desc LIMIT 0,1   [ RunTime:0.0000s ]

[ 2017-03-12T13:17:19+08:00 ] 180.153.214.192 /Home/Index/youxijl.html
INFO: [ app_init ] --START--
INFO: Run Behavior\BuildLiteBehavior [ RunTime:0.000000s ]
INFO: [ app_init ] --END-- [ RunTime:0.000000s ]
INFO: [ app_begin ] --START--
INFO: Run Behavior\ReadHtmlCacheBehavior [ RunTime:0.000000s ]
INFO: [ app_begin ] --END-- [ RunTime:0.000000s ]

[ 2017-03-12T13:17:33+08:00 ] 42.51.159.84 /Home/Index/youxijl.html
INFO: [ app_init ] --START--
INFO: Run Behavior\BuildLiteBehavior [ RunTime:0.000000s ]
INFO: [ app_init ] --END-- [ RunTime:0.000000s ]
INFO: [ app_begin ] --START--
INFO: Run Behavior\ReadHtmlCacheBehavior [ RunTime:0.000000s ]
INFO: [ app_begin ] --END-- [ RunTime:0.000000s ]

[ 2017-03-12T13:37:48+08:00 ] 123.151.12.152 /home/index/index
INFO: [ app_init ] --START--
INFO: Run Behavior\BuildLiteBehavior [ RunTime:0.000000s ]
INFO: [ app_init ] --END-- [ RunTime:0.000000s ]
INFO: [ app_begin ] --START--
INFO: Run Behavior\ReadHtmlCacheBehavior [ RunTime:0.000000s ]
INFO: [ app_begin ] --END-- [ RunTime:0.000000s ]
SQL: SHOW COLUMNS FROM `dx_user` [ RunTime:0.0000s ]
SQL: UPDATE `dx_user` SET `sj_user`='0' WHERE ( user_id=17 ) [ RunTime:0.0000s ]
INFO: [ view_parse ] --START--
INFO: [ template_filter ] --START--
INFO: Run Behavior\ContentReplaceBehavior [ RunTime:0.000000s ]
INFO: [ template_filter ] --END-- [ RunTime:0.000000s ]
INFO: Run Behavior\ParseTemplateBehavior [ RunTime:0.015625s ]
INFO: [ view_parse ] --END-- [ RunTime:0.015625s ]
INFO: [ view_filter ] --START--
INFO: Run Behavior\WriteHtmlCacheBehavior [ RunTime:0.000000s ]
INFO: [ view_filter ] --END-- [ RunTime:0.000000s ]
INFO: [ app_end ] --START--
INFO: Run Behavior\ShowPageTraceBehavior [ RunTime:0.000000s ]
INFO: [ app_end ] --END-- [ RunTime:0.000000s ]

[ 2017-03-12T13:37:50+08:00 ] 117.158.86.16 /Home/Index/getOneKjInfo.html
INFO: [ app_init ] --START--
INFO: Run Behavior\BuildLiteBehavior [ RunTime:0.000000s ]
INFO: [ app_init ] --END-- [ RunTime:0.000000s ]
INFO: [ app_begin ] --START--
INFO: Run Behavior\ReadHtmlCacheBehavior [ RunTime:0.000000s ]
INFO: [ app_begin ] --END-- [ RunTime:0.000000s ]
SQL: SHOW COLUMNS FROM `dx_user` [ RunTime:0.0000s ]
SQL: UPDATE `dx_user` SET `sj_user`='0' WHERE ( user_id=17 ) [ RunTime:0.0000s ]
SQL: SHOW COLUMNS FROM `dx_kj_info` [ RunTime:0.0000s ]
SQL: SELECT * FROM `dx_kj_info` ORDER BY kj_id desc LIMIT 0,1   [ RunTime:0.0000s ]

[ 2017-03-12T13:37:52+08:00 ] 123.151.12.152 /Home/Index/center.html
INFO: [ app_init ] --START--
INFO: Run Behavior\BuildLiteBehavior [ RunTime:0.000000s ]
INFO: [ app_init ] --END-- [ RunTime:0.000000s ]
INFO: [ app_begin ] --START--
INFO: Run Behavior\ReadHtmlCacheBehavior [ RunTime:0.000000s ]
INFO: [ app_begin ] --END-- [ RunTime:0.000000s ]
SQL: SHOW COLUMNS FROM `dx_user` [ RunTime:0.0000s ]
SQL: UPDATE `dx_user` SET `sj_user`='0' WHERE ( user_id=17 ) [ RunTime:0.0000s ]
SQL: SELECT * FROM `dx_user` WHERE ( user_id=17 ) LIMIT 1   [ RunTime:0.0000s ]
INFO: [ view_parse ] --START--
INFO: [ template_filter ] --START--
INFO: Run Behavior\ContentReplaceBehavior [ RunTime:0.000000s ]
INFO: [ template_filter ] --END-- [ RunTime:0.000000s ]
NOTIC: [8] Use of undefined constant tixian - assumed 'tixian' E:\WWW\cdaxiao\Application\Runtime\Cache\Home\f29b0e4d41adea89beb17fc08b31d5b4.php 第 98 行.
INFO: Run Behavior\ParseTemplateBehavior [ RunTime:0.015625s ]
INFO: [ view_parse ] --END-- [ RunTime:0.015625s ]
INFO: [ view_filter ] --START--
INFO: Run Behavior\WriteHtmlCacheBehavior [ RunTime:0.000000s ]
INFO: [ view_filter ] --END-- [ RunTime:0.000000s ]
INFO: [ app_end ] --START--
INFO: Run Behavior\ShowPageTraceBehavior [ RunTime:0.000000s ]
INFO: [ app_end ] --END-- [ RunTime:0.000000s ]

[ 2017-03-12T13:38:04+08:00 ] 123.151.12.152 /Home/Index/youxijl.html
INFO: [ app_init ] --START--
INFO: Run Behavior\BuildLiteBehavior [ RunTime:0.000000s ]
INFO: [ app_init ] --END-- [ RunTime:0.000000s ]
INFO: [ app_begin ] --START--
INFO: Run Behavior\ReadHtmlCacheBehavior [ RunTime:0.000000s ]
INFO: [ app_begin ] --END-- [ RunTime:0.000000s ]
SQL: SHOW COLUMNS FROM `dx_user` [ RunTime:0.0000s ]
SQL: UPDATE `dx_user` SET `sj_user`='0' WHERE ( user_id=17 ) [ RunTime:0.0000s ]
SQL: SHOW COLUMNS FROM `dx_order` [ RunTime:0.0000s ]
SQL: SELECT COUNT(*) AS tp_count FROM `dx_order` WHERE `user_id` = 17 LIMIT 1   [ RunTime:0.0000s ]
SQL: SELECT * FROM `dx_order` WHERE `user_id` = 17 ORDER BY time desc LIMIT 0,15   [ RunTime:0.0000s ]
INFO: [ view_parse ] --START--
INFO: [ template_filter ] --START--
INFO: Run Behavior\ContentReplaceBehavior [ RunTime:0.000000s ]
INFO: [ template_filter ] --END-- [ RunTime:0.000000s ]
INFO: Run Behavior\ParseTemplateBehavior [ RunTime:0.015625s ]
INFO: [ view_parse ] --END-- [ RunTime:0.015625s ]
INFO: [ view_filter ] --START--
INFO: Run Behavior\WriteHtmlCacheBehavior [ RunTime:0.000000s ]
INFO: [ view_filter ] --END-- [ RunTime:0.000000s ]
INFO: [ app_end ] --START--
INFO: Run Behavior\ShowPageTraceBehavior [ RunTime:0.000000s ]
INFO: [ app_end ] --END-- [ RunTime:0.000000s ]

[ 2017-03-12T13:38:14+08:00 ] 117.158.86.16 /Home/Index/getOneKjInfo.html
INFO: [ app_init ] --START--
INFO: Run Behavior\BuildLiteBehavior [ RunTime:0.000000s ]
INFO: [ app_init ] --END-- [ RunTime:0.000000s ]
INFO: [ app_begin ] --START--
INFO: Run Behavior\ReadHtmlCacheBehavior [ RunTime:0.000000s ]
INFO: [ app_begin ] --END-- [ RunTime:0.000000s ]
SQL: SHOW COLUMNS FROM `dx_user` [ RunTime:0.0000s ]
SQL: UPDATE `dx_user` SET `sj_user`='0' WHERE ( user_id=17 ) [ RunTime:0.0000s ]
SQL: SHOW COLUMNS FROM `dx_kj_info` [ RunTime:0.0000s ]
SQL: SELECT * FROM `dx_kj_info` ORDER BY kj_id desc LIMIT 0,1   [ RunTime:0.0000s ]

[ 2017-03-12T15:09:22+08:00 ] 123.151.12.152 /home/index/index
INFO: [ app_init ] --START--
INFO: Run Behavior\BuildLiteBehavior [ RunTime:0.000000s ]
INFO: [ app_init ] --END-- [ RunTime:0.000000s ]
INFO: [ app_begin ] --START--
INFO: Run Behavior\ReadHtmlCacheBehavior [ RunTime:0.000000s ]
INFO: [ app_begin ] --END-- [ RunTime:0.000000s ]
SQL: SHOW COLUMNS FROM `dx_user` [ RunTime:0.0000s ]
SQL: UPDATE `dx_user` SET `sj_user`='0' WHERE ( user_id=17 ) [ RunTime:0.0000s ]
INFO: [ view_parse ] --START--
INFO: [ template_filter ] --START--
INFO: Run Behavior\ContentReplaceBehavior [ RunTime:0.000000s ]
INFO: [ template_filter ] --END-- [ RunTime:0.000000s ]
INFO: Run Behavior\ParseTemplateBehavior [ RunTime:0.015625s ]
INFO: [ view_parse ] --END-- [ RunTime:0.015625s ]
INFO: [ view_filter ] --START--
INFO: Run Behavior\WriteHtmlCacheBehavior [ RunTime:0.000000s ]
INFO: [ view_filter ] --END-- [ RunTime:0.000000s ]
INFO: [ app_end ] --START--
INFO: Run Behavior\ShowPageTraceBehavior [ RunTime:0.000000s ]
INFO: [ app_end ] --END-- [ RunTime:0.000000s ]

[ 2017-03-12T15:09:24+08:00 ] 117.158.86.16 /Home/Index/getOneKjInfo.html
INFO: [ app_init ] --START--
INFO: Run Behavior\BuildLiteBehavior [ RunTime:0.000000s ]
INFO: [ app_init ] --END-- [ RunTime:0.000000s ]
INFO: [ app_begin ] --START--
INFO: Run Behavior\ReadHtmlCacheBehavior [ RunTime:0.000000s ]
INFO: [ app_begin ] --END-- [ RunTime:0.000000s ]
SQL: SHOW COLUMNS FROM `dx_user` [ RunTime:0.0000s ]
SQL: UPDATE `dx_user` SET `sj_user`='0' WHERE ( user_id=17 ) [ RunTime:0.0000s ]
SQL: SHOW COLUMNS FROM `dx_kj_info` [ RunTime:0.0000s ]
SQL: SELECT * FROM `dx_kj_info` ORDER BY kj_id desc LIMIT 0,1   [ RunTime:0.0000s ]

[ 2017-03-12T15:09:31+08:00 ] 101.226.33.216 /home/index/index
INFO: [ app_init ] --START--
INFO: Run Behavior\BuildLiteBehavior [ RunTime:0.000000s ]
INFO: [ app_init ] --END-- [ RunTime:0.000000s ]
INFO: [ app_begin ] --START--
INFO: Run Behavior\ReadHtmlCacheBehavior [ RunTime:0.000000s ]
INFO: [ app_begin ] --END-- [ RunTime:0.000000s ]

[ 2017-03-12T21:16:38+08:00 ] 123.151.12.152 /home/index/index
INFO: [ app_init ] --START--
INFO: Run Behavior\BuildLiteBehavior [ RunTime:0.000000s ]
INFO: [ app_init ] --END-- [ RunTime:0.000000s ]
INFO: [ app_begin ] --START--
INFO: Run Behavior\ReadHtmlCacheBehavior [ RunTime:0.000000s ]
INFO: [ app_begin ] --END-- [ RunTime:0.000000s ]
SQL: SHOW COLUMNS FROM `dx_user` [ RunTime:0.0000s ]
SQL: UPDATE `dx_user` SET `sj_user`='0' WHERE ( user_id=17 ) [ RunTime:0.0000s ]
INFO: [ view_parse ] --START--
INFO: [ template_filter ] --START--
INFO: Run Behavior\ContentReplaceBehavior [ RunTime:0.000000s ]
INFO: [ template_filter ] --END-- [ RunTime:0.000000s ]
INFO: Run Behavior\ParseTemplateBehavior [ RunTime:0.015625s ]
INFO: [ view_parse ] --END-- [ RunTime:0.015625s ]
INFO: [ view_filter ] --START--
INFO: Run Behavior\WriteHtmlCacheBehavior [ RunTime:0.000000s ]
INFO: [ view_filter ] --END-- [ RunTime:0.000000s ]
INFO: [ app_end ] --START--
INFO: Run Behavior\ShowPageTraceBehavior [ RunTime:0.000000s ]
INFO: [ app_end ] --END-- [ RunTime:0.000000s ]

[ 2017-03-12T21:16:40+08:00 ] 117.158.86.16 /Home/Index/getOneKjInfo.html
INFO: [ app_init ] --START--
INFO: Run Behavior\BuildLiteBehavior [ RunTime:0.000000s ]
INFO: [ app_init ] --END-- [ RunTime:0.000000s ]
INFO: [ app_begin ] --START--
INFO: Run Behavior\ReadHtmlCacheBehavior [ RunTime:0.000000s ]
INFO: [ app_begin ] --END-- [ RunTime:0.000000s ]
SQL: SHOW COLUMNS FROM `dx_user` [ RunTime:0.0000s ]
SQL: UPDATE `dx_user` SET `sj_user`='0' WHERE ( user_id=17 ) [ RunTime:0.0000s ]
SQL: SHOW COLUMNS FROM `dx_kj_info` [ RunTime:0.0000s ]
SQL: SELECT * FROM `dx_kj_info` ORDER BY kj_id desc LIMIT 0,1   [ RunTime:0.0000s ]
SQL: SELECT * FROM `dx_kj_info` ORDER BY kj_id desc LIMIT 1,1   [ RunTime:0.0000s ]

[ 2017-03-12T21:17:00+08:00 ] 117.158.86.16 /Home/Index/getKjInfo.html
INFO: [ app_init ] --START--
INFO: Run Behavior\BuildLiteBehavior [ RunTime:0.000000s ]
INFO: [ app_init ] --END-- [ RunTime:0.000000s ]
INFO: [ app_begin ] --START--
INFO: Run Behavior\ReadHtmlCacheBehavior [ RunTime:0.000000s ]
INFO: [ app_begin ] --END-- [ RunTime:0.000000s ]
SQL: SHOW COLUMNS FROM `dx_user` [ RunTime:0.0000s ]
SQL: UPDATE `dx_user` SET `sj_user`='0' WHERE ( user_id=17 ) [ RunTime:0.0156s ]
SQL: SHOW COLUMNS FROM `dx_kj_info` [ RunTime:0.0000s ]
SQL: SELECT * FROM `dx_kj_info` ORDER BY kj_id desc LIMIT 0,1   [ RunTime:0.0000s ]
SQL: SHOW COLUMNS FROM `dx_order` [ RunTime:0.0000s ]
SQL: SELECT * FROM `dx_order` WHERE `kj_id` = 1993 AND `type` = 0 AND `state` = 1  [ RunTime:0.0000s ]
SQL: UPDATE `dx_order` SET `iszhong`='1' WHERE `kj_id` = 1993 AND `type` = 0 AND `state` = 1 [ RunTime:0.0000s ]
SQL: SELECT * FROM `dx_order` WHERE `kj_id` = 1993 AND `state` = 2  [ RunTime:0.0000s ]

[ 2017-03-12T21:17:18+08:00 ] 123.151.12.152 /Home/Index/history.html
INFO: [ app_init ] --START--
INFO: Run Behavior\BuildLiteBehavior [ RunTime:0.000000s ]
INFO: [ app_init ] --END-- [ RunTime:0.000000s ]
INFO: [ app_begin ] --START--
INFO: Run Behavior\ReadHtmlCacheBehavior [ RunTime:0.000000s ]
INFO: [ app_begin ] --END-- [ RunTime:0.000000s ]
SQL: SHOW COLUMNS FROM `dx_user` [ RunTime:0.0000s ]
SQL: UPDATE `dx_user` SET `sj_user`='0' WHERE ( user_id=17 ) [ RunTime:0.0000s ]
SQL: SHOW COLUMNS FROM `dx_kj_info` [ RunTime:0.0000s ]
SQL: SELECT COUNT(*) AS tp_count FROM `dx_kj_info` LIMIT 1   [ RunTime:0.0000s ]
SQL: SELECT * FROM `dx_kj_info` ORDER BY kj_id desc LIMIT 0,15   [ RunTime:0.0000s ]
INFO: [ view_parse ] --START--
INFO: [ template_filter ] --START--
INFO: Run Behavior\ContentReplaceBehavior [ RunTime:0.000000s ]
INFO: [ template_filter ] --END-- [ RunTime:0.000000s ]
INFO: Run Behavior\ParseTemplateBehavior [ RunTime:0.015625s ]
INFO: [ view_parse ] --END-- [ RunTime:0.015625s ]
INFO: [ view_filter ] --START--
INFO: Run Behavior\WriteHtmlCacheBehavior [ RunTime:0.000000s ]
INFO: [ view_filter ] --END-- [ RunTime:0.000000s ]
INFO: [ app_end ] --START--
INFO: Run Behavior\ShowPageTraceBehavior [ RunTime:0.000000s ]
INFO: [ app_end ] --END-- [ RunTime:0.000000s ]

[ 2017-03-12T21:17:33+08:00 ] 180.153.206.17 /Home/Index/history.html
INFO: [ app_init ] --START--
INFO: Run Behavior\BuildLiteBehavior [ RunTime:0.000000s ]
INFO: [ app_init ] --END-- [ RunTime:0.000000s ]
INFO: [ app_begin ] --START--
INFO: Run Behavior\ReadHtmlCacheBehavior [ RunTime:0.000000s ]
INFO: [ app_begin ] --END-- [ RunTime:0.000000s ]

[ 2017-03-12T21:17:35+08:00 ] 101.226.65.108 /Home/Index/history.html
INFO: [ app_init ] --START--
INFO: Run Behavior\BuildLiteBehavior [ RunTime:0.000000s ]
INFO: [ app_init ] --END-- [ RunTime:0.000000s ]
INFO: [ app_begin ] --START--
INFO: Run Behavior\ReadHtmlCacheBehavior [ RunTime:0.000000s ]
INFO: [ app_begin ] --END-- [ RunTime:0.000000s ]

[ 2017-03-12T21:17:42+08:00 ] 117.158.86.16 /Home/Index/getOneKjInfo.html
INFO: [ app_init ] --START--
INFO: Run Behavior\BuildLiteBehavior [ RunTime:0.000000s ]
INFO: [ app_init ] --END-- [ RunTime:0.000000s ]
INFO: [ app_begin ] --START--
INFO: Run Behavior\ReadHtmlCacheBehavior [ RunTime:0.000000s ]
INFO: [ app_begin ] --END-- [ RunTime:0.000000s ]
SQL: SHOW COLUMNS FROM `dx_user` [ RunTime:0.0000s ]
SQL: UPDATE `dx_user` SET `sj_user`='0' WHERE ( user_id=17 ) [ RunTime:0.0000s ]
SQL: SHOW COLUMNS FROM `dx_kj_info` [ RunTime:0.0156s ]
SQL: SELECT * FROM `dx_kj_info` ORDER BY kj_id desc LIMIT 0,1   [ RunTime:0.0000s ]

[ 2017-03-12T21:18:00+08:00 ] 117.158.86.16 /Home/Index/getKjInfo.html
INFO: [ app_init ] --START--
INFO: Run Behavior\BuildLiteBehavior [ RunTime:0.000000s ]
INFO: [ app_init ] --END-- [ RunTime:0.000000s ]
INFO: [ app_begin ] --START--
INFO: Run Behavior\ReadHtmlCacheBehavior [ RunTime:0.015625s ]
INFO: [ app_begin ] --END-- [ RunTime:0.015625s ]
SQL: SHOW COLUMNS FROM `dx_user` [ RunTime:0.0000s ]
SQL: UPDATE `dx_user` SET `sj_user`='0' WHERE ( user_id=17 ) [ RunTime:0.0000s ]
SQL: SHOW COLUMNS FROM `dx_kj_info` [ RunTime:0.0000s ]
SQL: SELECT * FROM `dx_kj_info` ORDER BY kj_id desc LIMIT 0,1   [ RunTime:0.0000s ]
SQL: SHOW COLUMNS FROM `dx_order` [ RunTime:0.0000s ]
SQL: SELECT COUNT(*) AS tp_count FROM `dx_order` WHERE `kj_id` = 1994 AND `type` = 0 AND `state` = 1 LIMIT 1   [ RunTime:0.0000s ]
SQL: SELECT COUNT(*) AS tp_count FROM `dx_order` WHERE `kj_id` = 1994 AND `type` = 1 AND `state` = 1 LIMIT 1   [ RunTime:0.0000s ]
SQL: INSERT INTO `dx_kj_info` (`kj_time`,`kj_num`,`kj_dx`) VALUES ('1489324690','3','0') [ RunTime:0.0156s ]
SQL: SELECT * FROM `dx_kj_info` ORDER BY kj_id desc LIMIT 0,1   [ RunTime:0.0000s ]
NOTIC: [8] Undefined index: kj_dx E:\WWW\cdaxiao\Application\Home\Controller\IndexController.class.php 第 81 行.
NOTIC: [8] Undefined index: kj_id E:\WWW\cdaxiao\Application\Home\Controller\IndexController.class.php 第 82 行.
SQL: SELECT * FROM `dx_order` WHERE `kj_id` = null AND `type` = null AND `state` = 1  [ RunTime:0.0000s ]
SQL: UPDATE `dx_order` SET `iszhong`='1' WHERE `kj_id` = null AND `type` = null AND `state` = 1 [ RunTime:0.0000s ]
SQL: SELECT * FROM `dx_order` WHERE `kj_id` = null AND `state` = 2  [ RunTime:0.0000s ]

[ 2017-03-12T21:18:04+08:00 ] 123.151.12.152 /Home/Index/tuiguangjl.html
INFO: [ app_init ] --START--
INFO: Run Behavior\BuildLiteBehavior [ RunTime:0.000000s ]
INFO: [ app_init ] --END-- [ RunTime:0.000000s ]
INFO: [ app_begin ] --START--
INFO: Run Behavior\ReadHtmlCacheBehavior [ RunTime:0.000000s ]
INFO: [ app_begin ] --END-- [ RunTime:0.000000s ]
SQL: SHOW COLUMNS FROM `dx_user` [ RunTime:0.0000s ]
SQL: UPDATE `dx_user` SET `sj_user`='0' WHERE ( user_id=17 ) [ RunTime:0.0000s ]
SQL: SELECT * FROM `dx_user`  [ RunTime:0.0000s ]
INFO: [ view_parse ] --START--
INFO: [ template_filter ] --START--
INFO: Run Behavior\ContentReplaceBehavior [ RunTime:0.000000s ]
INFO: [ template_filter ] --END-- [ RunTime:0.000000s ]
NOTIC: [8] Undefined variable: data E:\WWW\cdaxiao\Application\Runtime\Cache\Home\2ab8a122fa69079633e83be4a86f689e.php 第 118 行.
NOTIC: [8] Undefined variable: page E:\WWW\cdaxiao\Application\Runtime\Cache\Home\2ab8a122fa69079633e83be4a86f689e.php 第 157 行.
INFO: Run Behavior\ParseTemplateBehavior [ RunTime:0.015625s ]
INFO: [ view_parse ] --END-- [ RunTime:0.015625s ]
INFO: [ view_filter ] --START--
INFO: Run Behavior\WriteHtmlCacheBehavior [ RunTime:0.000000s ]
INFO: [ view_filter ] --END-- [ RunTime:0.000000s ]
INFO: [ app_end ] --START--
INFO: Run Behavior\ShowPageTraceBehavior [ RunTime:0.000000s ]
INFO: [ app_end ] --END-- [ RunTime:0.000000s ]

[ 2017-03-12T21:18:14+08:00 ] 61.151.226.189 /Home/Index/tuiguangjl.html
INFO: [ app_init ] --START--
INFO: Run Behavior\BuildLiteBehavior [ RunTime:0.000000s ]
INFO: [ app_init ] --END-- [ RunTime:0.000000s ]
INFO: [ app_begin ] --START--
INFO: Run Behavior\ReadHtmlCacheBehavior [ RunTime:0.000000s ]
INFO: [ app_begin ] --END-- [ RunTime:0.000000s ]

[ 2017-03-12T21:18:17+08:00 ] 123.151.12.152 /Home/Index/qr.html
INFO: [ app_init ] --START--
INFO: Run Behavior\BuildLiteBehavior [ RunTime:0.000000s ]
INFO: [ app_init ] --END-- [ RunTime:0.000000s ]
INFO: [ app_begin ] --START--
INFO: Run Behavior\ReadHtmlCacheBehavior [ RunTime:0.000000s ]
INFO: [ app_begin ] --END-- [ RunTime:0.000000s ]
SQL: SHOW COLUMNS FROM `dx_user` [ RunTime:0.0000s ]
SQL: UPDATE `dx_user` SET `sj_user`='0' WHERE ( user_id=17 ) [ RunTime:0.0000s ]
SQL: SHOW COLUMNS FROM `dx_url` [ RunTime:0.0000s ]
SQL: SELECT * FROM `dx_url` WHERE `type` = 0  [ RunTime:0.0000s ]
INFO: [ view_parse ] --START--
INFO: [ template_filter ] --START--
INFO: Run Behavior\ContentReplaceBehavior [ RunTime:0.000000s ]
INFO: [ template_filter ] --END-- [ RunTime:0.000000s ]
NOTIC: [8] Undefined variable: signPackage E:\WWW\cdaxiao\Application\Runtime\Cache\Home\4e1ab25bdbc99d8b1ca6c4cf1f1db3e1.php 第 59 行.
NOTIC: [8] Undefined variable: signPackage E:\WWW\cdaxiao\Application\Runtime\Cache\Home\4e1ab25bdbc99d8b1ca6c4cf1f1db3e1.php 第 60 行.
NOTIC: [8] Undefined variable: signPackage E:\WWW\cdaxiao\Application\Runtime\Cache\Home\4e1ab25bdbc99d8b1ca6c4cf1f1db3e1.php 第 61 行.
NOTIC: [8] Undefined variable: signPackage E:\WWW\cdaxiao\Application\Runtime\Cache\Home\4e1ab25bdbc99d8b1ca6c4cf1f1db3e1.php 第 62 行.
NOTIC: [8] Undefined variable: paysign E:\WWW\cdaxiao\Application\Runtime\Cache\Home\4e1ab25bdbc99d8b1ca6c4cf1f1db3e1.php 第 78 行.
INFO: Run Behavior\ParseTemplateBehavior [ RunTime:0.000000s ]
INFO: [ view_parse ] --END-- [ RunTime:0.000000s ]
INFO: [ view_filter ] --START--
INFO: Run Behavior\WriteHtmlCacheBehavior [ RunTime:0.000000s ]
INFO: [ view_filter ] --END-- [ RunTime:0.000000s ]
INFO: [ app_end ] --START--
INFO: Run Behavior\ShowPageTraceBehavior [ RunTime:0.000000s ]
INFO: [ app_end ] --END-- [ RunTime:0.000000s ]

[ 2017-03-12T21:18:30+08:00 ] 123.151.12.152 /Home/Index/center.html
INFO: [ app_init ] --START--
INFO: Run Behavior\BuildLiteBehavior [ RunTime:0.000000s ]
INFO: [ app_init ] --END-- [ RunTime:0.000000s ]
INFO: [ app_begin ] --START--
INFO: Run Behavior\ReadHtmlCacheBehavior [ RunTime:0.000000s ]
INFO: [ app_begin ] --END-- [ RunTime:0.000000s ]
SQL: SHOW COLUMNS FROM `dx_user` [ RunTime:0.0000s ]
SQL: UPDATE `dx_user` SET `sj_user`='0' WHERE ( user_id=17 ) [ RunTime:0.0000s ]
SQL: SELECT * FROM `dx_user` WHERE ( user_id=17 ) LIMIT 1   [ RunTime:0.0000s ]
INFO: [ view_parse ] --START--
INFO: [ template_filter ] --START--
INFO: Run Behavior\ContentReplaceBehavior [ RunTime:0.000000s ]
INFO: [ template_filter ] --END-- [ RunTime:0.000000s ]
NOTIC: [8] Use of undefined constant tixian - assumed 'tixian' E:\WWW\cdaxiao\Application\Runtime\Cache\Home\f29b0e4d41adea89beb17fc08b31d5b4.php 第 98 行.
INFO: Run Behavior\ParseTemplateBehavior [ RunTime:0.015625s ]
INFO: [ view_parse ] --END-- [ RunTime:0.015625s ]
INFO: [ view_filter ] --START--
INFO: Run Behavior\WriteHtmlCacheBehavior [ RunTime:0.000000s ]
INFO: [ view_filter ] --END-- [ RunTime:0.000000s ]
INFO: [ app_end ] --START--
INFO: Run Behavior\ShowPageTraceBehavior [ RunTime:0.000000s ]
INFO: [ app_end ] --END-- [ RunTime:0.000000s ]

[ 2017-03-12T21:18:42+08:00 ] 123.151.12.152 /Home/Index/center.html
INFO: [ app_init ] --START--
INFO: Run Behavior\BuildLiteBehavior [ RunTime:0.000000s ]
INFO: [ app_init ] --END-- [ RunTime:0.000000s ]
INFO: [ app_begin ] --START--
INFO: Run Behavior\ReadHtmlCacheBehavior [ RunTime:0.000000s ]
INFO: [ app_begin ] --END-- [ RunTime:0.000000s ]
SQL: SHOW COLUMNS FROM `dx_user` [ RunTime:0.0000s ]
SQL: UPDATE `dx_user` SET `sj_user`='0' WHERE ( user_id=17 ) [ RunTime:0.0000s ]
SQL: SELECT * FROM `dx_user` WHERE ( user_id=17 ) LIMIT 1   [ RunTime:0.0000s ]
INFO: [ view_parse ] --START--
INFO: [ template_filter ] --START--
INFO: Run Behavior\ContentReplaceBehavior [ RunTime:0.000000s ]
INFO: [ template_filter ] --END-- [ RunTime:0.000000s ]
NOTIC: [8] Use of undefined constant tixian - assumed 'tixian' E:\WWW\cdaxiao\Application\Runtime\Cache\Home\f29b0e4d41adea89beb17fc08b31d5b4.php 第 98 行.
INFO: Run Behavior\ParseTemplateBehavior [ RunTime:0.015625s ]
INFO: [ view_parse ] --END-- [ RunTime:0.015625s ]
INFO: [ view_filter ] --START--
INFO: Run Behavior\WriteHtmlCacheBehavior [ RunTime:0.000000s ]
INFO: [ view_filter ] --END-- [ RunTime:0.000000s ]
INFO: [ app_end ] --START--
INFO: Run Behavior\ShowPageTraceBehavior [ RunTime:0.000000s ]
INFO: [ app_end ] --END-- [ RunTime:0.000000s ]

[ 2017-03-12T21:19:33+08:00 ] 123.151.12.152 /Home/Index/center.html
INFO: [ app_init ] --START--
INFO: Run Behavior\BuildLiteBehavior [ RunTime:0.000000s ]
INFO: [ app_init ] --END-- [ RunTime:0.015625s ]
INFO: [ app_begin ] --START--
INFO: Run Behavior\ReadHtmlCacheBehavior [ RunTime:0.000000s ]
INFO: [ app_begin ] --END-- [ RunTime:0.000000s ]
SQL: SHOW COLUMNS FROM `dx_user` [ RunTime:0.0000s ]
SQL: UPDATE `dx_user` SET `sj_user`='0' WHERE ( user_id=17 ) [ RunTime:0.0156s ]
SQL: SELECT * FROM `dx_user` WHERE ( user_id=17 ) LIMIT 1   [ RunTime:0.0000s ]
INFO: [ view_parse ] --START--
INFO: [ template_filter ] --START--
INFO: Run Behavior\ContentReplaceBehavior [ RunTime:0.000000s ]
INFO: [ template_filter ] --END-- [ RunTime:0.000000s ]
NOTIC: [8] Use of undefined constant tixian - assumed 'tixian' E:\WWW\cdaxiao\Application\Runtime\Cache\Home\f29b0e4d41adea89beb17fc08b31d5b4.php 第 98 行.
INFO: Run Behavior\ParseTemplateBehavior [ RunTime:0.000000s ]
INFO: [ view_parse ] --END-- [ RunTime:0.000000s ]
INFO: [ view_filter ] --START--
INFO: Run Behavior\WriteHtmlCacheBehavior [ RunTime:0.000000s ]
INFO: [ view_filter ] --END-- [ RunTime:0.000000s ]
INFO: [ app_end ] --START--
INFO: Run Behavior\ShowPageTraceBehavior [ RunTime:0.000000s ]
INFO: [ app_end ] --END-- [ RunTime:0.000000s ]

[ 2017-03-12T21:19:37+08:00 ] 61.49.57.55 /Home/Index/yongjinjl.html
INFO: [ app_init ] --START--
INFO: Run Behavior\BuildLiteBehavior [ RunTime:0.000000s ]
INFO: [ app_init ] --END-- [ RunTime:0.000000s ]
INFO: [ app_begin ] --START--
INFO: Run Behavior\ReadHtmlCacheBehavior [ RunTime:0.000000s ]
INFO: [ app_begin ] --END-- [ RunTime:0.000000s ]
SQL: SHOW COLUMNS FROM `dx_user` [ RunTime:0.0000s ]
SQL: UPDATE `dx_user` SET `sj_user`='0' WHERE ( user_id=17 ) [ RunTime:0.0000s ]
SQL: SHOW COLUMNS FROM `dx_fany` [ RunTime:0.0000s ]
SQL: SELECT SUM(fee) AS tp_sum FROM `dx_fany` WHERE `type` = 1 AND `user_id` = 17 LIMIT 1   [ RunTime:0.0000s ]
SQL: SELECT COUNT(*) AS tp_count FROM `dx_fany` WHERE `type` = 1 AND `user_id` = 17 LIMIT 1   [ RunTime:0.0000s ]
SQL: SELECT * FROM `dx_fany` WHERE `type` = 1 ORDER BY time desc LIMIT 0,15   [ RunTime:0.0000s ]
INFO: [ view_parse ] --START--
INFO: [ template_filter ] --START--
INFO: Run Behavior\ContentReplaceBehavior [ RunTime:0.000000s ]
INFO: [ template_filter ] --END-- [ RunTime:0.000000s ]
INFO: Run Behavior\ParseTemplateBehavior [ RunTime:0.015625s ]
INFO: [ view_parse ] --END-- [ RunTime:0.015625s ]
INFO: [ view_filter ] --START--
INFO: Run Behavior\WriteHtmlCacheBehavior [ RunTime:0.000000s ]
INFO: [ view_filter ] --END-- [ RunTime:0.000000s ]
INFO: [ app_end ] --START--
INFO: Run Behavior\ShowPageTraceBehavior [ RunTime:0.000000s ]
INFO: [ app_end ] --END-- [ RunTime:0.000000s ]

[ 2017-03-12T21:19:47+08:00 ] 101.226.66.181 /Home/Index/yongjinjl.html
INFO: [ app_init ] --START--
INFO: Run Behavior\BuildLiteBehavior [ RunTime:0.000000s ]
INFO: [ app_init ] --END-- [ RunTime:0.000000s ]
INFO: [ app_begin ] --START--
INFO: Run Behavior\ReadHtmlCacheBehavior [ RunTime:0.000000s ]
INFO: [ app_begin ] --END-- [ RunTime:0.000000s ]

[ 2017-03-12T21:19:50+08:00 ] 123.151.12.152 /Home/Index/tixian.html
INFO: [ app_init ] --START--
INFO: Run Behavior\BuildLiteBehavior [ RunTime:0.015625s ]
INFO: [ app_init ] --END-- [ RunTime:0.015625s ]
INFO: [ app_begin ] --START--
INFO: Run Behavior\ReadHtmlCacheBehavior [ RunTime:0.000000s ]
INFO: [ app_begin ] --END-- [ RunTime:0.000000s ]
SQL: SHOW COLUMNS FROM `dx_user` [ RunTime:0.0000s ]
SQL: UPDATE `dx_user` SET `sj_user`='0' WHERE ( user_id=17 ) [ RunTime:0.0000s ]
SQL: SELECT * FROM `dx_user` WHERE ( user_id=17 ) LIMIT 1   [ RunTime:0.0000s ]
INFO: [ view_parse ] --START--
NOTIC: [2] file_get_contents(./Application/Web/view/wxjs.html): failed to open stream: No such file or directory E:\WWW\cdaxiao\Xigua\Library\Think\Template.class.php 第 696 行.
INFO: [ template_filter ] --START--
INFO: Run Behavior\ContentReplaceBehavior [ RunTime:0.000000s ]
INFO: [ template_filter ] --END-- [ RunTime:0.000000s ]
NOTIC: [8] Undefined variable: jiesuan E:\WWW\cdaxiao\Application\Runtime\Cache\Home\b85a2ca983f5b8b79a2b9060647912bf.php 第 33 行.
INFO: Run Behavior\ParseTemplateBehavior [ RunTime:0.015625s ]
INFO: [ view_parse ] --END-- [ RunTime:0.015625s ]
INFO: [ view_filter ] --START--
INFO: Run Behavior\WriteHtmlCacheBehavior [ RunTime:0.000000s ]
INFO: [ view_filter ] --END-- [ RunTime:0.000000s ]
INFO: [ app_end ] --START--
INFO: Run Behavior\ShowPageTraceBehavior [ RunTime:0.000000s ]
INFO: [ app_end ] --END-- [ RunTime:0.000000s ]

[ 2017-03-12T21:20:00+08:00 ] 101.226.51.230 /Home/Index/tixian.html
INFO: [ app_init ] --START--
INFO: Run Behavior\BuildLiteBehavior [ RunTime:0.000000s ]
INFO: [ app_init ] --END-- [ RunTime:0.000000s ]
INFO: [ app_begin ] --START--
INFO: Run Behavior\ReadHtmlCacheBehavior [ RunTime:0.000000s ]
INFO: [ app_begin ] --END-- [ RunTime:0.000000s ]

[ 2017-03-12T21:20:00+08:00 ] 180.163.2.88 /Home/Index/tixian.html
INFO: [ app_init ] --START--
INFO: Run Behavior\BuildLiteBehavior [ RunTime:0.000000s ]
INFO: [ app_init ] --END-- [ RunTime:0.000000s ]
INFO: [ app_begin ] --START--
INFO: Run Behavior\ReadHtmlCacheBehavior [ RunTime:0.000000s ]
INFO: [ app_begin ] --END-- [ RunTime:0.000000s ]

[ 2017-03-12T21:20:00+08:00 ] 180.153.214.188 /Home/Index/tixian.html
INFO: [ app_init ] --START--
INFO: Run Behavior\BuildLiteBehavior [ RunTime:0.000000s ]
INFO: [ app_init ] --END-- [ RunTime:0.000000s ]
INFO: [ app_begin ] --START--
INFO: Run Behavior\ReadHtmlCacheBehavior [ RunTime:0.000000s ]
INFO: [ app_begin ] --END-- [ RunTime:0.000000s ]

