[ 2017-06-26T17:10:56+08:00 ] 127.0.0.1 /mlaj/
INFO: [ app_init ] --START--
INFO: Run Behavior\BuildLiteBehavior [ RunTime:0.000000s ]
INFO: [ app_init ] --END-- [ RunTime:0.002000s ]
INFO: [ app_begin ] --START--
INFO: Run Behavior\ReadHtmlCacheBehavior [ RunTime:0.001000s ]
INFO: [ app_begin ] --END-- [ RunTime:0.001000s ]
INFO: [ view_parse ] --START--
INFO: [ template_filter ] --START--
INFO: Run Behavior\ContentReplaceBehavior [ RunTime:0.000000s ]
INFO: [ template_filter ] --END-- [ RunTime:0.000000s ]
INFO: Run Behavior\ParseTemplateBehavior [ RunTime:0.026002s ]
INFO: [ view_parse ] --END-- [ RunTime:0.026002s ]
INFO: [ view_filter ] --START--
INFO: Run Behavior\WriteHtmlCacheBehavior [ RunTime:0.001000s ]
INFO: [ view_filter ] --END-- [ RunTime:0.001000s ]

[ 2017-06-26T17:10:59+08:00 ] 127.0.0.1 /mlaj/Admin/User/index.html
INFO: [ app_init ] --START--
INFO: Run Behavior\BuildLiteBehavior [ RunTime:0.000000s ]
INFO: [ app_init ] --END-- [ RunTime:0.000000s ]
INFO: [ app_begin ] --START--
INFO: Run Behavior\ReadHtmlCacheBehavior [ RunTime:0.003000s ]
INFO: [ app_begin ] --END-- [ RunTime:0.004000s ]
INFO: [ view_parse ] --START--
INFO: [ template_filter ] --START--
INFO: Run Behavior\ContentReplaceBehavior [ RunTime:0.000000s ]
INFO: [ template_filter ] --END-- [ RunTime:0.000000s ]
INFO: Run Behavior\ParseTemplateBehavior [ RunTime:0.010001s ]
INFO: [ view_parse ] --END-- [ RunTime:0.011001s ]
INFO: [ view_filter ] --START--
INFO: Run Behavior\WriteHtmlCacheBehavior [ RunTime:0.001000s ]
INFO: [ view_filter ] --END-- [ RunTime:0.002000s ]
INFO: [ app_end ] --START--
INFO: Run Behavior\ShowPageTraceBehavior [ RunTime:0.003000s ]
INFO: [ app_end ] --END-- [ RunTime:0.003000s ]

[ 2017-06-26T17:11:04+08:00 ] 127.0.0.1 /mlaj/Admin/User/check.html?time=Mon%20Jun%2026%202017%2017:11:04%20GMT+0800%20(%E4%B8%AD%E5%9B%BD%E6%A0%87%E5%87%86%E6%97%B6%E9%97%B4)
INFO: [ app_init ] --START--
INFO: Run Behavior\BuildLiteBehavior [ RunTime:0.000000s ]
INFO: [ app_init ] --END-- [ RunTime:0.001000s ]
INFO: [ app_begin ] --START--
INFO: Run Behavior\ReadHtmlCacheBehavior [ RunTime:0.001000s ]
INFO: [ app_begin ] --END-- [ RunTime:0.001000s ]
SQL: SHOW COLUMNS FROM `wx_admin` [ RunTime:0.0570s ]
NOTIC: [2] Missing argument 1 for I(), called in D:\util\WWW\mlaj\Application\Admin\Controller\UserController.class.php on line 13 and defined D:\util\WWW\mlaj\Xigua\Common\functions.php 第 271 行.
NOTIC: [8] Undefined variable: name D:\util\WWW\mlaj\Xigua\Common\functions.php 第 273 行.
NOTIC: [8] Undefined variable: name D:\util\WWW\mlaj\Xigua\Common\functions.php 第 278 行.
NOTIC: [8] Undefined variable: name D:\util\WWW\mlaj\Xigua\Common\functions.php 第 339 行.
SQL: SELECT * FROM `wx_admin` WHERE ( username='admin'  ) LIMIT 1   [ RunTime:0.0030s ]
SQL: SHOW COLUMNS FROM `wx_admin` [ RunTime:0.0060s ]
SQL: UPDATE `wx_admin` SET `last_time`='1498468264' WHERE ( id = '1' ) [ RunTime:0.0100s ]
INFO: [ app_end ] --START--
INFO: Run Behavior\ShowPageTraceBehavior [ RunTime:0.001000s ]
INFO: [ app_end ] --END-- [ RunTime:0.001000s ]

[ 2017-06-26T17:11:06+08:00 ] 127.0.0.1 /mlaj/Admin/Index/index.html
INFO: [ app_init ] --START--
INFO: Run Behavior\BuildLiteBehavior [ RunTime:0.000000s ]
INFO: [ app_init ] --END-- [ RunTime:0.001000s ]
INFO: [ app_begin ] --START--
INFO: Run Behavior\ReadHtmlCacheBehavior [ RunTime:0.001000s ]
INFO: [ app_begin ] --END-- [ RunTime:0.001000s ]
INFO: [ view_parse ] --START--
INFO: [ template_filter ] --START--
INFO: Run Behavior\ContentReplaceBehavior [ RunTime:0.001000s ]
INFO: [ template_filter ] --END-- [ RunTime:0.001000s ]
NOTIC: [8] Undefined variable: shop_url D:\util\WWW\mlaj\Application\Runtime\Cache\Admin\6fedbbe541e195344bf1450076482852.php 第 21 行.
INFO: Run Behavior\ParseTemplateBehavior [ RunTime:0.013001s ]
INFO: [ view_parse ] --END-- [ RunTime:0.013001s ]
INFO: [ view_filter ] --START--
INFO: Run Behavior\WriteHtmlCacheBehavior [ RunTime:0.000000s ]
INFO: [ view_filter ] --END-- [ RunTime:0.000000s ]
INFO: [ app_end ] --START--
INFO: Run Behavior\ShowPageTraceBehavior [ RunTime:0.001000s ]
INFO: [ app_end ] --END-- [ RunTime:0.001000s ]

[ 2017-06-26T17:11:08+08:00 ] 127.0.0.1 /mlaj/Admin/Index/top.html
INFO: [ app_init ] --START--
INFO: Run Behavior\BuildLiteBehavior [ RunTime:0.000000s ]
INFO: [ app_init ] --END-- [ RunTime:0.001000s ]
INFO: [ app_begin ] --START--
INFO: Run Behavior\ReadHtmlCacheBehavior [ RunTime:0.001000s ]
INFO: [ app_begin ] --END-- [ RunTime:0.001000s ]
INFO: [ view_parse ] --START--
INFO: [ template_filter ] --START--
INFO: Run Behavior\ContentReplaceBehavior [ RunTime:0.000000s ]
INFO: [ template_filter ] --END-- [ RunTime:0.000000s ]
INFO: Run Behavior\ParseTemplateBehavior [ RunTime:0.011001s ]
INFO: [ view_parse ] --END-- [ RunTime:0.012001s ]
INFO: [ view_filter ] --START--
INFO: Run Behavior\WriteHtmlCacheBehavior [ RunTime:0.000000s ]
INFO: [ view_filter ] --END-- [ RunTime:0.000000s ]
INFO: [ app_end ] --START--
INFO: Run Behavior\ShowPageTraceBehavior [ RunTime:0.001000s ]
INFO: [ app_end ] --END-- [ RunTime:0.001000s ]

[ 2017-06-26T17:11:08+08:00 ] 127.0.0.1 /mlaj/Admin/Index/left.html
INFO: [ app_init ] --START--
INFO: Run Behavior\BuildLiteBehavior [ RunTime:0.000000s ]
INFO: [ app_init ] --END-- [ RunTime:0.000000s ]
INFO: [ app_begin ] --START--
INFO: Run Behavior\ReadHtmlCacheBehavior [ RunTime:0.003000s ]
INFO: [ app_begin ] --END-- [ RunTime:0.004000s ]
INFO: [ view_parse ] --START--
INFO: [ template_filter ] --START--
INFO: Run Behavior\ContentReplaceBehavior [ RunTime:0.000000s ]
INFO: [ template_filter ] --END-- [ RunTime:0.000000s ]
INFO: Run Behavior\ParseTemplateBehavior [ RunTime:0.030002s ]
INFO: [ view_parse ] --END-- [ RunTime:0.030002s ]
INFO: [ view_filter ] --START--
INFO: Run Behavior\WriteHtmlCacheBehavior [ RunTime:0.001000s ]
INFO: [ view_filter ] --END-- [ RunTime:0.001000s ]
INFO: [ app_end ] --START--
INFO: Run Behavior\ShowPageTraceBehavior [ RunTime:0.001000s ]
INFO: [ app_end ] --END-- [ RunTime:0.001000s ]

[ 2017-06-26T17:11:20+08:00 ] 127.0.0.1 /mlaj/Admin/Index/notice.html
INFO: [ app_init ] --START--
INFO: Run Behavior\BuildLiteBehavior [ RunTime:0.000000s ]
INFO: [ app_init ] --END-- [ RunTime:0.000000s ]
INFO: [ app_begin ] --START--
INFO: Run Behavior\ReadHtmlCacheBehavior [ RunTime:0.001000s ]
INFO: [ app_begin ] --END-- [ RunTime:0.001000s ]
ERR: 1146:Table 'mlaj.wx_shop_order' doesn't exist
 [ SQL语句 ] : SHOW COLUMNS FROM `wx_shop_order`
ERR: 1146:Table 'mlaj.wx_shop_order' doesn't exist
 [ SQL语句 ] : SHOW COLUMNS FROM `wx_shop_order`

[ 2017-06-26T17:11:32+08:00 ] 127.0.0.1 /mlaj/Admin/Index/notice.html
INFO: [ app_init ] --START--
INFO: Run Behavior\BuildLiteBehavior [ RunTime:0.001000s ]
INFO: [ app_init ] --END-- [ RunTime:0.001000s ]
INFO: [ app_begin ] --START--
INFO: Run Behavior\ReadHtmlCacheBehavior [ RunTime:0.001000s ]
INFO: [ app_begin ] --END-- [ RunTime:0.001000s ]
ERR: 1146:Table 'mlaj.wx_shop_order' doesn't exist
 [ SQL语句 ] : SHOW COLUMNS FROM `wx_shop_order`
ERR: 1146:Table 'mlaj.wx_shop_order' doesn't exist
 [ SQL语句 ] : SHOW COLUMNS FROM `wx_shop_order`

[ 2017-06-26T17:11:44+08:00 ] 127.0.0.1 /mlaj/Admin/Index/notice.html
INFO: [ app_init ] --START--
INFO: Run Behavior\BuildLiteBehavior [ RunTime:0.000000s ]
INFO: [ app_init ] --END-- [ RunTime:0.001000s ]
INFO: [ app_begin ] --START--
INFO: Run Behavior\ReadHtmlCacheBehavior [ RunTime:0.000000s ]
INFO: [ app_begin ] --END-- [ RunTime:0.000000s ]
ERR: 1146:Table 'mlaj.wx_shop_order' doesn't exist
 [ SQL语句 ] : SHOW COLUMNS FROM `wx_shop_order`
ERR: 1146:Table 'mlaj.wx_shop_order' doesn't exist
 [ SQL语句 ] : SHOW COLUMNS FROM `wx_shop_order`

[ 2017-06-26T17:11:46+08:00 ] 127.0.0.1 /mlaj/Admin/Index/index.html
INFO: [ app_init ] --START--
INFO: Run Behavior\BuildLiteBehavior [ RunTime:0.000000s ]
INFO: [ app_init ] --END-- [ RunTime:0.002000s ]
INFO: [ app_begin ] --START--
INFO: Run Behavior\ReadHtmlCacheBehavior [ RunTime:0.001000s ]
INFO: [ app_begin ] --END-- [ RunTime:0.001000s ]
INFO: [ view_parse ] --START--
INFO: [ template_filter ] --START--
INFO: Run Behavior\ContentReplaceBehavior [ RunTime:0.000000s ]
INFO: [ template_filter ] --END-- [ RunTime:0.000000s ]
NOTIC: [8] Undefined variable: shop_url D:\util\WWW\mlaj\Application\Runtime\Cache\Admin\6fedbbe541e195344bf1450076482852.php 第 21 行.
INFO: Run Behavior\ParseTemplateBehavior [ RunTime:0.007001s ]
INFO: [ view_parse ] --END-- [ RunTime:0.007001s ]
INFO: [ view_filter ] --START--
INFO: Run Behavior\WriteHtmlCacheBehavior [ RunTime:0.000000s ]
INFO: [ view_filter ] --END-- [ RunTime:0.001000s ]
INFO: [ app_end ] --START--
INFO: Run Behavior\ShowPageTraceBehavior [ RunTime:0.001000s ]
INFO: [ app_end ] --END-- [ RunTime:0.001000s ]

[ 2017-06-26T17:11:46+08:00 ] 127.0.0.1 /mlaj/Admin/Index/top.html
INFO: [ app_init ] --START--
INFO: Run Behavior\BuildLiteBehavior [ RunTime:0.000000s ]
INFO: [ app_init ] --END-- [ RunTime:0.001001s ]
INFO: [ app_begin ] --START--
INFO: Run Behavior\ReadHtmlCacheBehavior [ RunTime:0.001000s ]
INFO: [ app_begin ] --END-- [ RunTime:0.001000s ]
INFO: [ view_parse ] --START--
INFO: [ template_filter ] --START--
INFO: Run Behavior\ContentReplaceBehavior [ RunTime:0.000000s ]
INFO: [ template_filter ] --END-- [ RunTime:0.001000s ]
INFO: Run Behavior\ParseTemplateBehavior [ RunTime:0.012001s ]
INFO: [ view_parse ] --END-- [ RunTime:0.012001s ]
INFO: [ view_filter ] --START--
INFO: Run Behavior\WriteHtmlCacheBehavior [ RunTime:0.001000s ]
INFO: [ view_filter ] --END-- [ RunTime:0.001000s ]
INFO: [ app_end ] --START--
INFO: Run Behavior\ShowPageTraceBehavior [ RunTime:0.002000s ]
INFO: [ app_end ] --END-- [ RunTime:0.002000s ]

[ 2017-06-26T17:11:46+08:00 ] 127.0.0.1 /mlaj/Admin/Index/left.html
INFO: [ app_init ] --START--
INFO: Run Behavior\BuildLiteBehavior [ RunTime:0.000000s ]
INFO: [ app_init ] --END-- [ RunTime:0.001000s ]
INFO: [ app_begin ] --START--
INFO: Run Behavior\ReadHtmlCacheBehavior [ RunTime:0.002000s ]
INFO: [ app_begin ] --END-- [ RunTime:0.002000s ]
INFO: [ view_parse ] --START--
INFO: [ template_filter ] --START--
INFO: Run Behavior\ContentReplaceBehavior [ RunTime:0.000000s ]
INFO: [ template_filter ] --END-- [ RunTime:0.000000s ]
INFO: Run Behavior\ParseTemplateBehavior [ RunTime:0.023001s ]
INFO: [ view_parse ] --END-- [ RunTime:0.024002s ]
INFO: [ view_filter ] --START--
INFO: Run Behavior\WriteHtmlCacheBehavior [ RunTime:0.001000s ]
INFO: [ view_filter ] --END-- [ RunTime:0.001000s ]
INFO: [ app_end ] --START--
INFO: Run Behavior\ShowPageTraceBehavior [ RunTime:0.001000s ]
INFO: [ app_end ] --END-- [ RunTime:0.001000s ]

[ 2017-06-26T17:11:47+08:00 ] 127.0.0.1 /mlaj/Admin/System/qr.html
INFO: [ app_init ] --START--
INFO: Run Behavior\BuildLiteBehavior [ RunTime:0.000000s ]
INFO: [ app_init ] --END-- [ RunTime:0.000000s ]
INFO: [ app_begin ] --START--
INFO: Run Behavior\ReadHtmlCacheBehavior [ RunTime:0.001000s ]
INFO: [ app_begin ] --END-- [ RunTime:0.001000s ]
SQL: SHOW COLUMNS FROM `wx_auth_group_access` [ RunTime:0.0070s ]
SQL: SELECT `uid`,`group_id`,`title`,`rules` FROM wx_auth_group_access a INNER JOIN wx_auth_group g on a.group_id=g.id  WHERE ( a.uid='1' and g.status='1' )  [ RunTime:0.0060s ]
SQL: SHOW COLUMNS FROM `wx_auth_rule` [ RunTime:0.0100s ]
SQL: SELECT `condition`,`name` FROM `wx_auth_rule` WHERE `id` IN ('5','1','3','2','4','6') AND `type` = 1 AND `status` = 1  [ RunTime:0.0030s ]
SQL: SHOW COLUMNS FROM `wx_qrset` [ RunTime:0.0090s ]
SQL: SELECT * FROM `wx_qrset`  [ RunTime:0.0010s ]
NOTIC: [8] Undefined offset: 0 D:\util\WWW\mlaj\Application\Admin\Controller\SystemController.class.php 第 103 行.
INFO: [ view_parse ] --START--
INFO: [ template_filter ] --START--
INFO: Run Behavior\ContentReplaceBehavior [ RunTime:0.000000s ]
INFO: [ template_filter ] --END-- [ RunTime:0.000000s ]
NOTIC: [8] Undefined index: font_size D:\util\WWW\mlaj\Application\Runtime\Cache\Admin\a348f63a2c41517ee1615f307d5e2f20.php 第 52 行.
NOTIC: [8] Undefined index: font_x D:\util\WWW\mlaj\Application\Runtime\Cache\Admin\a348f63a2c41517ee1615f307d5e2f20.php 第 58 行.
NOTIC: [8] Undefined index: font_y D:\util\WWW\mlaj\Application\Runtime\Cache\Admin\a348f63a2c41517ee1615f307d5e2f20.php 第 61 行.
NOTIC: [8] Undefined index: head_size D:\util\WWW\mlaj\Application\Runtime\Cache\Admin\a348f63a2c41517ee1615f307d5e2f20.php 第 67 行.
NOTIC: [8] Undefined index: head_x D:\util\WWW\mlaj\Application\Runtime\Cache\Admin\a348f63a2c41517ee1615f307d5e2f20.php 第 73 行.
NOTIC: [8] Undefined index: head_y D:\util\WWW\mlaj\Application\Runtime\Cache\Admin\a348f63a2c41517ee1615f307d5e2f20.php 第 76 行.
NOTIC: [8] Undefined index: qr_size D:\util\WWW\mlaj\Application\Runtime\Cache\Admin\a348f63a2c41517ee1615f307d5e2f20.php 第 82 行.
NOTIC: [8] Undefined index: qr_x D:\util\WWW\mlaj\Application\Runtime\Cache\Admin\a348f63a2c41517ee1615f307d5e2f20.php 第 88 行.
NOTIC: [8] Undefined index: qr_y D:\util\WWW\mlaj\Application\Runtime\Cache\Admin\a348f63a2c41517ee1615f307d5e2f20.php 第 91 行.
NOTIC: [8] Undefined index: id D:\util\WWW\mlaj\Application\Runtime\Cache\Admin\a348f63a2c41517ee1615f307d5e2f20.php 第 94 行.
INFO: Run Behavior\ParseTemplateBehavior [ RunTime:0.012000s ]
INFO: [ view_parse ] --END-- [ RunTime:0.012000s ]
INFO: [ view_filter ] --START--
INFO: Run Behavior\WriteHtmlCacheBehavior [ RunTime:0.000000s ]
INFO: [ view_filter ] --END-- [ RunTime:0.000000s ]
INFO: [ app_end ] --START--
INFO: Run Behavior\ShowPageTraceBehavior [ RunTime:0.001000s ]
INFO: [ app_end ] --END-- [ RunTime:0.001000s ]

[ 2017-06-26T17:11:58+08:00 ] 127.0.0.1 /mlaj/Admin/Index/notice.html
INFO: [ app_init ] --START--
INFO: Run Behavior\BuildLiteBehavior [ RunTime:0.000000s ]
INFO: [ app_init ] --END-- [ RunTime:0.000000s ]
INFO: [ app_begin ] --START--
INFO: Run Behavior\ReadHtmlCacheBehavior [ RunTime:0.001000s ]
INFO: [ app_begin ] --END-- [ RunTime:0.001000s ]
ERR: 1146:Table 'mlaj.wx_shop_order' doesn't exist
 [ SQL语句 ] : SHOW COLUMNS FROM `wx_shop_order`
ERR: 1146:Table 'mlaj.wx_shop_order' doesn't exist
 [ SQL语句 ] : SHOW COLUMNS FROM `wx_shop_order`

[ 2017-06-26T17:12:10+08:00 ] 127.0.0.1 /mlaj/Admin/Index/notice.html
INFO: [ app_init ] --START--
INFO: Run Behavior\BuildLiteBehavior [ RunTime:0.000000s ]
INFO: [ app_init ] --END-- [ RunTime:0.001000s ]
INFO: [ app_begin ] --START--
INFO: Run Behavior\ReadHtmlCacheBehavior [ RunTime:0.002000s ]
INFO: [ app_begin ] --END-- [ RunTime:0.002000s ]
ERR: 1146:Table 'mlaj.wx_shop_order' doesn't exist
 [ SQL语句 ] : SHOW COLUMNS FROM `wx_shop_order`
ERR: 1146:Table 'mlaj.wx_shop_order' doesn't exist
 [ SQL语句 ] : SHOW COLUMNS FROM `wx_shop_order`

[ 2017-06-26T17:12:13+08:00 ] 127.0.0.1 /mlaj/Admin/System/qr.html
INFO: [ app_init ] --START--
INFO: Run Behavior\BuildLiteBehavior [ RunTime:0.000000s ]
INFO: [ app_init ] --END-- [ RunTime:0.001000s ]
INFO: [ app_begin ] --START--
INFO: Run Behavior\ReadHtmlCacheBehavior [ RunTime:0.001000s ]
INFO: [ app_begin ] --END-- [ RunTime:0.001000s ]
SQL: SHOW COLUMNS FROM `wx_auth_group_access` [ RunTime:0.0040s ]
SQL: SELECT `uid`,`group_id`,`title`,`rules` FROM wx_auth_group_access a INNER JOIN wx_auth_group g on a.group_id=g.id  WHERE ( a.uid='1' and g.status='1' )  [ RunTime:0.0000s ]
SQL: SHOW COLUMNS FROM `wx_auth_rule` [ RunTime:0.0070s ]
SQL: SELECT `condition`,`name` FROM `wx_auth_rule` WHERE `id` IN ('5','1','3','2','4','6') AND `type` = 1 AND `status` = 1  [ RunTime:0.0010s ]
SQL: SHOW COLUMNS FROM `wx_qrset` [ RunTime:0.0070s ]
SQL: SELECT * FROM `wx_qrset`  [ RunTime:0.0010s ]
NOTIC: [8] Undefined offset: 0 D:\util\WWW\mlaj\Application\Admin\Controller\SystemController.class.php 第 103 行.
INFO: [ view_parse ] --START--
INFO: [ template_filter ] --START--
INFO: Run Behavior\ContentReplaceBehavior [ RunTime:0.000000s ]
INFO: [ template_filter ] --END-- [ RunTime:0.000000s ]
NOTIC: [8] Undefined index: font_size D:\util\WWW\mlaj\Application\Runtime\Cache\Admin\a348f63a2c41517ee1615f307d5e2f20.php 第 52 行.
NOTIC: [8] Undefined index: font_x D:\util\WWW\mlaj\Application\Runtime\Cache\Admin\a348f63a2c41517ee1615f307d5e2f20.php 第 58 行.
NOTIC: [8] Undefined index: font_y D:\util\WWW\mlaj\Application\Runtime\Cache\Admin\a348f63a2c41517ee1615f307d5e2f20.php 第 61 行.
NOTIC: [8] Undefined index: head_size D:\util\WWW\mlaj\Application\Runtime\Cache\Admin\a348f63a2c41517ee1615f307d5e2f20.php 第 67 行.
NOTIC: [8] Undefined index: head_x D:\util\WWW\mlaj\Application\Runtime\Cache\Admin\a348f63a2c41517ee1615f307d5e2f20.php 第 73 行.
NOTIC: [8] Undefined index: head_y D:\util\WWW\mlaj\Application\Runtime\Cache\Admin\a348f63a2c41517ee1615f307d5e2f20.php 第 76 行.
NOTIC: [8] Undefined index: qr_size D:\util\WWW\mlaj\Application\Runtime\Cache\Admin\a348f63a2c41517ee1615f307d5e2f20.php 第 82 行.
NOTIC: [8] Undefined index: qr_x D:\util\WWW\mlaj\Application\Runtime\Cache\Admin\a348f63a2c41517ee1615f307d5e2f20.php 第 88 行.
NOTIC: [8] Undefined index: qr_y D:\util\WWW\mlaj\Application\Runtime\Cache\Admin\a348f63a2c41517ee1615f307d5e2f20.php 第 91 行.
NOTIC: [8] Undefined index: id D:\util\WWW\mlaj\Application\Runtime\Cache\Admin\a348f63a2c41517ee1615f307d5e2f20.php 第 94 行.
INFO: Run Behavior\ParseTemplateBehavior [ RunTime:0.010001s ]
INFO: [ view_parse ] --END-- [ RunTime:0.010001s ]
INFO: [ view_filter ] --START--
INFO: Run Behavior\WriteHtmlCacheBehavior [ RunTime:0.001000s ]
INFO: [ view_filter ] --END-- [ RunTime:0.001000s ]
INFO: [ app_end ] --START--
INFO: Run Behavior\ShowPageTraceBehavior [ RunTime:0.001000s ]
INFO: [ app_end ] --END-- [ RunTime:0.001000s ]

[ 2017-06-26T17:12:13+08:00 ] 127.0.0.1 /mlaj/Admin/Img/index.html?id=pic_url
INFO: [ app_init ] --START--
INFO: Run Behavior\BuildLiteBehavior [ RunTime:0.000000s ]
INFO: [ app_init ] --END-- [ RunTime:0.000000s ]
INFO: [ app_begin ] --START--
INFO: Run Behavior\ReadHtmlCacheBehavior [ RunTime:0.001000s ]
INFO: [ app_begin ] --END-- [ RunTime:0.001000s ]
INFO: [ view_parse ] --START--
INFO: [ template_filter ] --START--
INFO: Run Behavior\ContentReplaceBehavior [ RunTime:0.000000s ]
INFO: [ template_filter ] --END-- [ RunTime:0.000000s ]
INFO: Run Behavior\ParseTemplateBehavior [ RunTime:0.009000s ]
INFO: [ view_parse ] --END-- [ RunTime:0.009000s ]
INFO: [ view_filter ] --START--
INFO: Run Behavior\WriteHtmlCacheBehavior [ RunTime:0.001001s ]
INFO: [ view_filter ] --END-- [ RunTime:0.001001s ]
INFO: [ app_end ] --START--
INFO: Run Behavior\ShowPageTraceBehavior [ RunTime:0.001000s ]
INFO: [ app_end ] --END-- [ RunTime:0.001000s ]

[ 2017-06-26T17:12:14+08:00 ] 127.0.0.1 /mlaj/Admin/Img/pic_data.html
INFO: [ app_init ] --START--
INFO: Run Behavior\BuildLiteBehavior [ RunTime:0.000000s ]
INFO: [ app_init ] --END-- [ RunTime:0.001000s ]
INFO: [ app_begin ] --START--
INFO: Run Behavior\ReadHtmlCacheBehavior [ RunTime:0.001000s ]
INFO: [ app_begin ] --END-- [ RunTime:0.001000s ]
INFO: [ app_end ] --START--
INFO: Run Behavior\ShowPageTraceBehavior [ RunTime:0.001000s ]
INFO: [ app_end ] --END-- [ RunTime:0.001000s ]

[ 2017-06-26T17:12:17+08:00 ] 127.0.0.1 /mlaj/Admin/Img/pic_upload.html
INFO: [ app_init ] --START--
INFO: Run Behavior\BuildLiteBehavior [ RunTime:0.000000s ]
INFO: [ app_init ] --END-- [ RunTime:0.001000s ]
INFO: [ app_begin ] --START--
INFO: Run Behavior\ReadHtmlCacheBehavior [ RunTime:0.001000s ]
INFO: [ app_begin ] --END-- [ RunTime:0.001000s ]
NOTIC: [2] call_user_func() expects parameter 1 to be a valid callback, no array or string given D:\util\WWW\mlaj\Xigua\Library\Think\Upload.class.php 第 170 行.
INFO: [ app_end ] --START--
INFO: Run Behavior\ShowPageTraceBehavior [ RunTime:0.001000s ]
INFO: [ app_end ] --END-- [ RunTime:0.001000s ]

[ 2017-06-26T17:12:17+08:00 ] 127.0.0.1 /mlaj/Admin/Img/index.html?id=pic_url
INFO: [ app_init ] --START--
INFO: Run Behavior\BuildLiteBehavior [ RunTime:0.000000s ]
INFO: [ app_init ] --END-- [ RunTime:0.001000s ]
INFO: [ app_begin ] --START--
INFO: Run Behavior\ReadHtmlCacheBehavior [ RunTime:0.001000s ]
INFO: [ app_begin ] --END-- [ RunTime:0.001000s ]
INFO: [ view_parse ] --START--
INFO: [ template_filter ] --START--
INFO: Run Behavior\ContentReplaceBehavior [ RunTime:0.001000s ]
INFO: [ template_filter ] --END-- [ RunTime:0.001000s ]
INFO: Run Behavior\ParseTemplateBehavior [ RunTime:0.012000s ]
INFO: [ view_parse ] --END-- [ RunTime:0.012000s ]
INFO: [ view_filter ] --START--
INFO: Run Behavior\WriteHtmlCacheBehavior [ RunTime:0.002000s ]
INFO: [ view_filter ] --END-- [ RunTime:0.002000s ]
INFO: [ app_end ] --START--
INFO: Run Behavior\ShowPageTraceBehavior [ RunTime:0.001000s ]
INFO: [ app_end ] --END-- [ RunTime:0.001000s ]

[ 2017-06-26T17:12:17+08:00 ] 127.0.0.1 /mlaj/Admin/Img/pic_data.html
INFO: [ app_init ] --START--
INFO: Run Behavior\BuildLiteBehavior [ RunTime:0.000000s ]
INFO: [ app_init ] --END-- [ RunTime:0.001000s ]
INFO: [ app_begin ] --START--
INFO: Run Behavior\ReadHtmlCacheBehavior [ RunTime:0.001000s ]
INFO: [ app_begin ] --END-- [ RunTime:0.001000s ]
INFO: [ app_end ] --START--
INFO: Run Behavior\ShowPageTraceBehavior [ RunTime:0.001000s ]
INFO: [ app_end ] --END-- [ RunTime:0.001000s ]

[ 2017-06-26T17:12:22+08:00 ] 127.0.0.1 /mlaj/Admin/Index/notice.html
INFO: [ app_init ] --START--
INFO: Run Behavior\BuildLiteBehavior [ RunTime:0.000000s ]
INFO: [ app_init ] --END-- [ RunTime:0.001000s ]
INFO: [ app_begin ] --START--
INFO: Run Behavior\ReadHtmlCacheBehavior [ RunTime:0.001000s ]
INFO: [ app_begin ] --END-- [ RunTime:0.001000s ]
ERR: 1146:Table 'mlaj.wx_shop_order' doesn't exist
 [ SQL语句 ] : SHOW COLUMNS FROM `wx_shop_order`
ERR: 1146:Table 'mlaj.wx_shop_order' doesn't exist
 [ SQL语句 ] : SHOW COLUMNS FROM `wx_shop_order`

[ 2017-06-26T17:12:34+08:00 ] 127.0.0.1 /mlaj/Admin/Index/notice.html
INFO: [ app_init ] --START--
INFO: Run Behavior\BuildLiteBehavior [ RunTime:0.000000s ]
INFO: [ app_init ] --END-- [ RunTime:0.001001s ]
INFO: [ app_begin ] --START--
INFO: Run Behavior\ReadHtmlCacheBehavior [ RunTime:0.000000s ]
INFO: [ app_begin ] --END-- [ RunTime:0.001000s ]
ERR: 1146:Table 'mlaj.wx_shop_order' doesn't exist
 [ SQL语句 ] : SHOW COLUMNS FROM `wx_shop_order`
ERR: 1146:Table 'mlaj.wx_shop_order' doesn't exist
 [ SQL语句 ] : SHOW COLUMNS FROM `wx_shop_order`

[ 2017-06-26T17:12:46+08:00 ] 127.0.0.1 /mlaj/Admin/Index/notice.html
INFO: [ app_init ] --START--
INFO: Run Behavior\BuildLiteBehavior [ RunTime:0.000000s ]
INFO: [ app_init ] --END-- [ RunTime:0.001000s ]
INFO: [ app_begin ] --START--
INFO: Run Behavior\ReadHtmlCacheBehavior [ RunTime:0.001000s ]
INFO: [ app_begin ] --END-- [ RunTime:0.001000s ]
ERR: 1146:Table 'mlaj.wx_shop_order' doesn't exist
 [ SQL语句 ] : SHOW COLUMNS FROM `wx_shop_order`
ERR: 1146:Table 'mlaj.wx_shop_order' doesn't exist
 [ SQL语句 ] : SHOW COLUMNS FROM `wx_shop_order`

[ 2017-06-26T17:12:58+08:00 ] 127.0.0.1 /mlaj/Admin/Index/notice.html
INFO: [ app_init ] --START--
INFO: Run Behavior\BuildLiteBehavior [ RunTime:0.000000s ]
INFO: [ app_init ] --END-- [ RunTime:0.001000s ]
INFO: [ app_begin ] --START--
INFO: Run Behavior\ReadHtmlCacheBehavior [ RunTime:0.001000s ]
INFO: [ app_begin ] --END-- [ RunTime:0.001000s ]
ERR: 1146:Table 'mlaj.wx_shop_order' doesn't exist
 [ SQL语句 ] : SHOW COLUMNS FROM `wx_shop_order`
ERR: 1146:Table 'mlaj.wx_shop_order' doesn't exist
 [ SQL语句 ] : SHOW COLUMNS FROM `wx_shop_order`

[ 2017-06-26T17:13:10+08:00 ] 127.0.0.1 /mlaj/Admin/Index/notice.html
INFO: [ app_init ] --START--
INFO: Run Behavior\BuildLiteBehavior [ RunTime:0.000000s ]
INFO: [ app_init ] --END-- [ RunTime:0.001000s ]
INFO: [ app_begin ] --START--
INFO: Run Behavior\ReadHtmlCacheBehavior [ RunTime:0.001000s ]
INFO: [ app_begin ] --END-- [ RunTime:0.001000s ]
ERR: 1146:Table 'mlaj.wx_shop_order' doesn't exist
 [ SQL语句 ] : SHOW COLUMNS FROM `wx_shop_order`
ERR: 1146:Table 'mlaj.wx_shop_order' doesn't exist
 [ SQL语句 ] : SHOW COLUMNS FROM `wx_shop_order`

[ 2017-06-26T17:13:23+08:00 ] 127.0.0.1 /mlaj/Admin/Index/notice.html
INFO: [ app_init ] --START--
INFO: Run Behavior\BuildLiteBehavior [ RunTime:0.000000s ]
INFO: [ app_init ] --END-- [ RunTime:0.001000s ]
INFO: [ app_begin ] --START--
INFO: Run Behavior\ReadHtmlCacheBehavior [ RunTime:0.001000s ]
INFO: [ app_begin ] --END-- [ RunTime:0.001000s ]
ERR: 1146:Table 'mlaj.wx_shop_order' doesn't exist
 [ SQL语句 ] : SHOW COLUMNS FROM `wx_shop_order`
ERR: 1146:Table 'mlaj.wx_shop_order' doesn't exist
 [ SQL语句 ] : SHOW COLUMNS FROM `wx_shop_order`

[ 2017-06-26T17:13:47+08:00 ] 127.0.0.1 /mlaj/Admin/Index/notice.html
INFO: [ app_init ] --START--
INFO: Run Behavior\BuildLiteBehavior [ RunTime:0.000000s ]
INFO: [ app_init ] --END-- [ RunTime:0.001000s ]
INFO: [ app_begin ] --START--
INFO: Run Behavior\ReadHtmlCacheBehavior [ RunTime:0.001000s ]
INFO: [ app_begin ] --END-- [ RunTime:0.001000s ]
ERR: 1146:Table 'mlaj.wx_shop_order' doesn't exist
 [ SQL语句 ] : SHOW COLUMNS FROM `wx_shop_order`
ERR: 1146:Table 'mlaj.wx_shop_order' doesn't exist
 [ SQL语句 ] : SHOW COLUMNS FROM `wx_shop_order`

[ 2017-06-26T17:14:11+08:00 ] 127.0.0.1 /mlaj/Admin/Index/notice.html
INFO: [ app_init ] --START--
INFO: Run Behavior\BuildLiteBehavior [ RunTime:0.000000s ]
INFO: [ app_init ] --END-- [ RunTime:0.001000s ]
INFO: [ app_begin ] --START--
INFO: Run Behavior\ReadHtmlCacheBehavior [ RunTime:0.001000s ]
INFO: [ app_begin ] --END-- [ RunTime:0.001000s ]
ERR: 1146:Table 'mlaj.wx_shop_order' doesn't exist
 [ SQL语句 ] : SHOW COLUMNS FROM `wx_shop_order`
ERR: 1146:Table 'mlaj.wx_shop_order' doesn't exist
 [ SQL语句 ] : SHOW COLUMNS FROM `wx_shop_order`

[ 2017-06-26T17:14:35+08:00 ] 127.0.0.1 /mlaj/Admin/Index/notice.html
INFO: [ app_init ] --START--
INFO: Run Behavior\BuildLiteBehavior [ RunTime:0.000000s ]
INFO: [ app_init ] --END-- [ RunTime:0.001000s ]
INFO: [ app_begin ] --START--
INFO: Run Behavior\ReadHtmlCacheBehavior [ RunTime:0.001000s ]
INFO: [ app_begin ] --END-- [ RunTime:0.001000s ]
ERR: 1146:Table 'mlaj.wx_shop_order' doesn't exist
 [ SQL语句 ] : SHOW COLUMNS FROM `wx_shop_order`
ERR: 1146:Table 'mlaj.wx_shop_order' doesn't exist
 [ SQL语句 ] : SHOW COLUMNS FROM `wx_shop_order`

[ 2017-06-26T17:14:59+08:00 ] 127.0.0.1 /mlaj/Admin/Index/notice.html
INFO: [ app_init ] --START--
INFO: Run Behavior\BuildLiteBehavior [ RunTime:0.000000s ]
INFO: [ app_init ] --END-- [ RunTime:0.000000s ]
INFO: [ app_begin ] --START--
INFO: Run Behavior\ReadHtmlCacheBehavior [ RunTime:0.001000s ]
INFO: [ app_begin ] --END-- [ RunTime:0.001000s ]
ERR: 1146:Table 'mlaj.wx_shop_order' doesn't exist
 [ SQL语句 ] : SHOW COLUMNS FROM `wx_shop_order`
ERR: 1146:Table 'mlaj.wx_shop_order' doesn't exist
 [ SQL语句 ] : SHOW COLUMNS FROM `wx_shop_order`

[ 2017-06-26T17:15:23+08:00 ] 127.0.0.1 /mlaj/Admin/Index/notice.html
INFO: [ app_init ] --START--
INFO: Run Behavior\BuildLiteBehavior [ RunTime:0.000000s ]
INFO: [ app_init ] --END-- [ RunTime:0.000000s ]
INFO: [ app_begin ] --START--
INFO: Run Behavior\ReadHtmlCacheBehavior [ RunTime:0.000000s ]
INFO: [ app_begin ] --END-- [ RunTime:0.000000s ]
ERR: 1146:Table 'mlaj.wx_shop_order' doesn't exist
 [ SQL语句 ] : SHOW COLUMNS FROM `wx_shop_order`
ERR: 1146:Table 'mlaj.wx_shop_order' doesn't exist
 [ SQL语句 ] : SHOW COLUMNS FROM `wx_shop_order`

[ 2017-06-26T17:15:47+08:00 ] 127.0.0.1 /mlaj/Admin/Index/notice.html
INFO: [ app_init ] --START--
INFO: Run Behavior\BuildLiteBehavior [ RunTime:0.000000s ]
INFO: [ app_init ] --END-- [ RunTime:0.001000s ]
INFO: [ app_begin ] --START--
INFO: Run Behavior\ReadHtmlCacheBehavior [ RunTime:0.000000s ]
INFO: [ app_begin ] --END-- [ RunTime:0.000000s ]
ERR: 1146:Table 'mlaj.wx_shop_order' doesn't exist
 [ SQL语句 ] : SHOW COLUMNS FROM `wx_shop_order`
ERR: 1146:Table 'mlaj.wx_shop_order' doesn't exist
 [ SQL语句 ] : SHOW COLUMNS FROM `wx_shop_order`

[ 2017-06-26T17:15:54+08:00 ] 127.0.0.1 /mlaj/Admin/Index/index.html
INFO: [ app_init ] --START--
INFO: Run Behavior\BuildLiteBehavior [ RunTime:0.000000s ]
INFO: [ app_init ] --END-- [ RunTime:0.001000s ]
INFO: [ app_begin ] --START--
INFO: Run Behavior\ReadHtmlCacheBehavior [ RunTime:0.001000s ]
INFO: [ app_begin ] --END-- [ RunTime:0.001000s ]
INFO: [ view_parse ] --START--
INFO: [ template_filter ] --START--
INFO: Run Behavior\ContentReplaceBehavior [ RunTime:0.000000s ]
INFO: [ template_filter ] --END-- [ RunTime:0.000000s ]
NOTIC: [8] Undefined variable: shop_url D:\util\WWW\mlaj\Application\Runtime\Cache\Admin\6fedbbe541e195344bf1450076482852.php 第 21 行.
INFO: Run Behavior\ParseTemplateBehavior [ RunTime:0.007001s ]
INFO: [ view_parse ] --END-- [ RunTime:0.008001s ]
INFO: [ view_filter ] --START--
INFO: Run Behavior\WriteHtmlCacheBehavior [ RunTime:0.001000s ]
INFO: [ view_filter ] --END-- [ RunTime:0.001000s ]
INFO: [ app_end ] --START--
INFO: Run Behavior\ShowPageTraceBehavior [ RunTime:0.001000s ]
INFO: [ app_end ] --END-- [ RunTime:0.001000s ]

[ 2017-06-26T17:15:54+08:00 ] 127.0.0.1 /mlaj/Admin/Index/top.html
INFO: [ app_init ] --START--
INFO: Run Behavior\BuildLiteBehavior [ RunTime:0.000000s ]
INFO: [ app_init ] --END-- [ RunTime:0.000000s ]
INFO: [ app_begin ] --START--
INFO: Run Behavior\ReadHtmlCacheBehavior [ RunTime:0.000000s ]
INFO: [ app_begin ] --END-- [ RunTime:0.000000s ]
INFO: [ view_parse ] --START--
INFO: [ template_filter ] --START--
INFO: Run Behavior\ContentReplaceBehavior [ RunTime:0.000000s ]
INFO: [ template_filter ] --END-- [ RunTime:0.000000s ]
INFO: Run Behavior\ParseTemplateBehavior [ RunTime:0.010001s ]
INFO: [ view_parse ] --END-- [ RunTime:0.010001s ]
INFO: [ view_filter ] --START--
INFO: Run Behavior\WriteHtmlCacheBehavior [ RunTime:0.001000s ]
INFO: [ view_filter ] --END-- [ RunTime:0.001000s ]
INFO: [ app_end ] --START--
INFO: Run Behavior\ShowPageTraceBehavior [ RunTime:0.001000s ]
INFO: [ app_end ] --END-- [ RunTime:0.001000s ]

[ 2017-06-26T17:15:55+08:00 ] 127.0.0.1 /mlaj/Admin/Index/left.html
INFO: [ app_init ] --START--
INFO: Run Behavior\BuildLiteBehavior [ RunTime:0.000000s ]
INFO: [ app_init ] --END-- [ RunTime:0.000000s ]
INFO: [ app_begin ] --START--
INFO: Run Behavior\ReadHtmlCacheBehavior [ RunTime:0.001000s ]
INFO: [ app_begin ] --END-- [ RunTime:0.001000s ]
INFO: [ view_parse ] --START--
INFO: [ template_filter ] --START--
INFO: Run Behavior\ContentReplaceBehavior [ RunTime:0.000000s ]
INFO: [ template_filter ] --END-- [ RunTime:0.000000s ]
INFO: Run Behavior\ParseTemplateBehavior [ RunTime:0.014001s ]
INFO: [ view_parse ] --END-- [ RunTime:0.014001s ]
INFO: [ view_filter ] --START--
INFO: Run Behavior\WriteHtmlCacheBehavior [ RunTime:0.001000s ]
INFO: [ view_filter ] --END-- [ RunTime:0.001000s ]
INFO: [ app_end ] --START--
INFO: Run Behavior\ShowPageTraceBehavior [ RunTime:0.001000s ]
INFO: [ app_end ] --END-- [ RunTime:0.001000s ]

[ 2017-06-26T17:16:06+08:00 ] 127.0.0.1 /mlaj/Admin/Index/notice.html
INFO: [ app_init ] --START--
INFO: Run Behavior\BuildLiteBehavior [ RunTime:0.000000s ]
INFO: [ app_init ] --END-- [ RunTime:0.001000s ]
INFO: [ app_begin ] --START--
INFO: Run Behavior\ReadHtmlCacheBehavior [ RunTime:0.001000s ]
INFO: [ app_begin ] --END-- [ RunTime:0.001000s ]
ERR: 1146:Table 'mlaj.wx_shop_order' doesn't exist
 [ SQL语句 ] : SHOW COLUMNS FROM `wx_shop_order`
ERR: 1146:Table 'mlaj.wx_shop_order' doesn't exist
 [ SQL语句 ] : SHOW COLUMNS FROM `wx_shop_order`

[ 2017-06-26T17:16:18+08:00 ] 127.0.0.1 /mlaj/Admin/Index/notice.html
INFO: [ app_init ] --START--
INFO: Run Behavior\BuildLiteBehavior [ RunTime:0.001000s ]
INFO: [ app_init ] --END-- [ RunTime:0.001000s ]
INFO: [ app_begin ] --START--
INFO: Run Behavior\ReadHtmlCacheBehavior [ RunTime:0.000000s ]
INFO: [ app_begin ] --END-- [ RunTime:0.000000s ]
ERR: 1146:Table 'mlaj.wx_shop_order' doesn't exist
 [ SQL语句 ] : SHOW COLUMNS FROM `wx_shop_order`
ERR: 1146:Table 'mlaj.wx_shop_order' doesn't exist
 [ SQL语句 ] : SHOW COLUMNS FROM `wx_shop_order`

[ 2017-06-26T17:16:23+08:00 ] 127.0.0.1 /mlaj/Admin/Index/index.html
INFO: [ app_init ] --START--
INFO: Run Behavior\BuildLiteBehavior [ RunTime:0.000000s ]
INFO: [ app_init ] --END-- [ RunTime:0.001000s ]
INFO: [ app_begin ] --START--
INFO: Run Behavior\ReadHtmlCacheBehavior [ RunTime:0.001000s ]
INFO: [ app_begin ] --END-- [ RunTime:0.001000s ]
INFO: [ view_parse ] --START--
INFO: [ template_filter ] --START--
INFO: Run Behavior\ContentReplaceBehavior [ RunTime:0.000000s ]
INFO: [ template_filter ] --END-- [ RunTime:0.000000s ]
NOTIC: [8] Undefined variable: shop_url D:\util\WWW\mlaj\Application\Runtime\Cache\Admin\6fedbbe541e195344bf1450076482852.php 第 21 行.
INFO: Run Behavior\ParseTemplateBehavior [ RunTime:0.008001s ]
INFO: [ view_parse ] --END-- [ RunTime:0.008001s ]
INFO: [ view_filter ] --START--
INFO: Run Behavior\WriteHtmlCacheBehavior [ RunTime:0.001000s ]
INFO: [ view_filter ] --END-- [ RunTime:0.001000s ]
INFO: [ app_end ] --START--
INFO: Run Behavior\ShowPageTraceBehavior [ RunTime:0.002000s ]
INFO: [ app_end ] --END-- [ RunTime:0.002000s ]

[ 2017-06-26T17:16:24+08:00 ] 127.0.0.1 /mlaj/Admin/Index/top.html
INFO: [ app_init ] --START--
INFO: Run Behavior\BuildLiteBehavior [ RunTime:0.000000s ]
INFO: [ app_init ] --END-- [ RunTime:0.001000s ]
INFO: [ app_begin ] --START--
INFO: Run Behavior\ReadHtmlCacheBehavior [ RunTime:0.001001s ]
INFO: [ app_begin ] --END-- [ RunTime:0.001001s ]
INFO: [ view_parse ] --START--
INFO: [ template_filter ] --START--
INFO: Run Behavior\ContentReplaceBehavior [ RunTime:0.000000s ]
INFO: [ template_filter ] --END-- [ RunTime:0.000000s ]
INFO: Run Behavior\ParseTemplateBehavior [ RunTime:0.012000s ]
INFO: [ view_parse ] --END-- [ RunTime:0.012000s ]
INFO: [ view_filter ] --START--
INFO: Run Behavior\WriteHtmlCacheBehavior [ RunTime:0.001000s ]
INFO: [ view_filter ] --END-- [ RunTime:0.001000s ]
INFO: [ app_end ] --START--
INFO: Run Behavior\ShowPageTraceBehavior [ RunTime:0.000000s ]
INFO: [ app_end ] --END-- [ RunTime:0.000000s ]

[ 2017-06-26T17:16:25+08:00 ] 127.0.0.1 /mlaj/Admin/Index/left.html
INFO: [ app_init ] --START--
INFO: Run Behavior\BuildLiteBehavior [ RunTime:0.001000s ]
INFO: [ app_init ] --END-- [ RunTime:0.001000s ]
INFO: [ app_begin ] --START--
INFO: Run Behavior\ReadHtmlCacheBehavior [ RunTime:0.001000s ]
INFO: [ app_begin ] --END-- [ RunTime:0.001000s ]
INFO: [ view_parse ] --START--
INFO: [ template_filter ] --START--
INFO: Run Behavior\ContentReplaceBehavior [ RunTime:0.000000s ]
INFO: [ template_filter ] --END-- [ RunTime:0.000000s ]
INFO: Run Behavior\ParseTemplateBehavior [ RunTime:0.016001s ]
INFO: [ view_parse ] --END-- [ RunTime:0.016001s ]
INFO: [ view_filter ] --START--
INFO: Run Behavior\WriteHtmlCacheBehavior [ RunTime:0.001000s ]
INFO: [ view_filter ] --END-- [ RunTime:0.001000s ]
INFO: [ app_end ] --START--
INFO: Run Behavior\ShowPageTraceBehavior [ RunTime:0.002000s ]
INFO: [ app_end ] --END-- [ RunTime:0.002000s ]

[ 2017-06-26T17:16:46+08:00 ] 127.0.0.1 /mlaj/Admin/Index/notice.html
INFO: [ app_init ] --START--
INFO: Run Behavior\BuildLiteBehavior [ RunTime:0.000000s ]
INFO: [ app_init ] --END-- [ RunTime:0.000000s ]
INFO: [ app_begin ] --START--
INFO: Run Behavior\ReadHtmlCacheBehavior [ RunTime:0.001000s ]
INFO: [ app_begin ] --END-- [ RunTime:0.001000s ]
ERR: 1146:Table 'mlaj.wx_shop_order' doesn't exist
 [ SQL语句 ] : SHOW COLUMNS FROM `wx_shop_order`
ERR: 1146:Table 'mlaj.wx_shop_order' doesn't exist
 [ SQL语句 ] : SHOW COLUMNS FROM `wx_shop_order`

[ 2017-06-26T17:17:10+08:00 ] 127.0.0.1 /mlaj/Admin/Index/notice.html
INFO: [ app_init ] --START--
INFO: Run Behavior\BuildLiteBehavior [ RunTime:0.001000s ]
INFO: [ app_init ] --END-- [ RunTime:0.001000s ]
INFO: [ app_begin ] --START--
INFO: Run Behavior\ReadHtmlCacheBehavior [ RunTime:0.000000s ]
INFO: [ app_begin ] --END-- [ RunTime:0.000000s ]
ERR: 1146:Table 'mlaj.wx_shop_order' doesn't exist
 [ SQL语句 ] : SHOW COLUMNS FROM `wx_shop_order`
ERR: 1146:Table 'mlaj.wx_shop_order' doesn't exist
 [ SQL语句 ] : SHOW COLUMNS FROM `wx_shop_order`

[ 2017-06-26T17:17:34+08:00 ] 127.0.0.1 /mlaj/Admin/Index/notice.html
INFO: [ app_init ] --START--
INFO: Run Behavior\BuildLiteBehavior [ RunTime:0.000000s ]
INFO: [ app_init ] --END-- [ RunTime:0.000000s ]
INFO: [ app_begin ] --START--
INFO: Run Behavior\ReadHtmlCacheBehavior [ RunTime:0.001000s ]
INFO: [ app_begin ] --END-- [ RunTime:0.001000s ]
ERR: 1146:Table 'mlaj.wx_shop_order' doesn't exist
 [ SQL语句 ] : SHOW COLUMNS FROM `wx_shop_order`
ERR: 1146:Table 'mlaj.wx_shop_order' doesn't exist
 [ SQL语句 ] : SHOW COLUMNS FROM `wx_shop_order`

[ 2017-06-26T17:17:58+08:00 ] 127.0.0.1 /mlaj/Admin/Index/notice.html
INFO: [ app_init ] --START--
INFO: Run Behavior\BuildLiteBehavior [ RunTime:0.000000s ]
INFO: [ app_init ] --END-- [ RunTime:0.001000s ]
INFO: [ app_begin ] --START--
INFO: Run Behavior\ReadHtmlCacheBehavior [ RunTime:0.000000s ]
INFO: [ app_begin ] --END-- [ RunTime:0.001001s ]
ERR: 1146:Table 'mlaj.wx_shop_order' doesn't exist
 [ SQL语句 ] : SHOW COLUMNS FROM `wx_shop_order`
ERR: 1146:Table 'mlaj.wx_shop_order' doesn't exist
 [ SQL语句 ] : SHOW COLUMNS FROM `wx_shop_order`

[ 2017-06-26T17:18:22+08:00 ] 127.0.0.1 /mlaj/Admin/Index/notice.html
INFO: [ app_init ] --START--
INFO: Run Behavior\BuildLiteBehavior [ RunTime:0.000000s ]
INFO: [ app_init ] --END-- [ RunTime:0.000000s ]
INFO: [ app_begin ] --START--
INFO: Run Behavior\ReadHtmlCacheBehavior [ RunTime:0.001000s ]
INFO: [ app_begin ] --END-- [ RunTime:0.001000s ]
ERR: 1146:Table 'mlaj.wx_shop_order' doesn't exist
 [ SQL语句 ] : SHOW COLUMNS FROM `wx_shop_order`
ERR: 1146:Table 'mlaj.wx_shop_order' doesn't exist
 [ SQL语句 ] : SHOW COLUMNS FROM `wx_shop_order`

[ 2017-06-26T17:18:46+08:00 ] 127.0.0.1 /mlaj/Admin/Index/notice.html
INFO: [ app_init ] --START--
INFO: Run Behavior\BuildLiteBehavior [ RunTime:0.000000s ]
INFO: [ app_init ] --END-- [ RunTime:0.001000s ]
INFO: [ app_begin ] --START--
INFO: Run Behavior\ReadHtmlCacheBehavior [ RunTime:0.001000s ]
INFO: [ app_begin ] --END-- [ RunTime:0.001000s ]
ERR: 1146:Table 'mlaj.wx_shop_order' doesn't exist
 [ SQL语句 ] : SHOW COLUMNS FROM `wx_shop_order`
ERR: 1146:Table 'mlaj.wx_shop_order' doesn't exist
 [ SQL语句 ] : SHOW COLUMNS FROM `wx_shop_order`

[ 2017-06-26T17:19:09+08:00 ] 127.0.0.1 /mlaj/Admin/Index/notice.html
INFO: [ app_init ] --START--
INFO: Run Behavior\BuildLiteBehavior [ RunTime:0.000000s ]
INFO: [ app_init ] --END-- [ RunTime:0.000000s ]
INFO: [ app_begin ] --START--
INFO: Run Behavior\ReadHtmlCacheBehavior [ RunTime:0.001000s ]
INFO: [ app_begin ] --END-- [ RunTime:0.001000s ]
ERR: 1146:Table 'mlaj.wx_shop_order' doesn't exist
 [ SQL语句 ] : SHOW COLUMNS FROM `wx_shop_order`
ERR: 1146:Table 'mlaj.wx_shop_order' doesn't exist
 [ SQL语句 ] : SHOW COLUMNS FROM `wx_shop_order`

[ 2017-06-26T17:19:32+08:00 ] 127.0.0.1 /mlaj/Admin/Index/notice.html
INFO: [ app_init ] --START--
INFO: Run Behavior\BuildLiteBehavior [ RunTime:0.000000s ]
INFO: [ app_init ] --END-- [ RunTime:0.001000s ]
INFO: [ app_begin ] --START--
INFO: Run Behavior\ReadHtmlCacheBehavior [ RunTime:0.001000s ]
INFO: [ app_begin ] --END-- [ RunTime:0.001000s ]
ERR: 1146:Table 'mlaj.wx_shop_order' doesn't exist
 [ SQL语句 ] : SHOW COLUMNS FROM `wx_shop_order`
ERR: 1146:Table 'mlaj.wx_shop_order' doesn't exist
 [ SQL语句 ] : SHOW COLUMNS FROM `wx_shop_order`

[ 2017-06-26T17:19:56+08:00 ] 127.0.0.1 /mlaj/Admin/Index/notice.html
INFO: [ app_init ] --START--
INFO: Run Behavior\BuildLiteBehavior [ RunTime:0.000000s ]
INFO: [ app_init ] --END-- [ RunTime:0.000000s ]
INFO: [ app_begin ] --START--
INFO: Run Behavior\ReadHtmlCacheBehavior [ RunTime:0.001000s ]
INFO: [ app_begin ] --END-- [ RunTime:0.001000s ]
ERR: 1146:Table 'mlaj.wx_shop_order' doesn't exist
 [ SQL语句 ] : SHOW COLUMNS FROM `wx_shop_order`
ERR: 1146:Table 'mlaj.wx_shop_order' doesn't exist
 [ SQL语句 ] : SHOW COLUMNS FROM `wx_shop_order`

[ 2017-06-26T17:20:20+08:00 ] 127.0.0.1 /mlaj/Admin/Index/notice.html
INFO: [ app_init ] --START--
INFO: Run Behavior\BuildLiteBehavior [ RunTime:0.000000s ]
INFO: [ app_init ] --END-- [ RunTime:0.000000s ]
INFO: [ app_begin ] --START--
INFO: Run Behavior\ReadHtmlCacheBehavior [ RunTime:0.001000s ]
INFO: [ app_begin ] --END-- [ RunTime:0.001000s ]
ERR: 1146:Table 'mlaj.wx_shop_order' doesn't exist
 [ SQL语句 ] : SHOW COLUMNS FROM `wx_shop_order`
ERR: 1146:Table 'mlaj.wx_shop_order' doesn't exist
 [ SQL语句 ] : SHOW COLUMNS FROM `wx_shop_order`

[ 2017-06-26T17:20:44+08:00 ] 127.0.0.1 /mlaj/Admin/Index/notice.html
INFO: [ app_init ] --START--
INFO: Run Behavior\BuildLiteBehavior [ RunTime:0.000000s ]
INFO: [ app_init ] --END-- [ RunTime:0.000000s ]
INFO: [ app_begin ] --START--
INFO: Run Behavior\ReadHtmlCacheBehavior [ RunTime:0.001000s ]
INFO: [ app_begin ] --END-- [ RunTime:0.001000s ]
ERR: 1146:Table 'mlaj.wx_shop_order' doesn't exist
 [ SQL语句 ] : SHOW COLUMNS FROM `wx_shop_order`
ERR: 1146:Table 'mlaj.wx_shop_order' doesn't exist
 [ SQL语句 ] : SHOW COLUMNS FROM `wx_shop_order`

[ 2017-06-26T17:21:08+08:00 ] 127.0.0.1 /mlaj/Admin/Index/notice.html
INFO: [ app_init ] --START--
INFO: Run Behavior\BuildLiteBehavior [ RunTime:0.000000s ]
INFO: [ app_init ] --END-- [ RunTime:0.001000s ]
INFO: [ app_begin ] --START--
INFO: Run Behavior\ReadHtmlCacheBehavior [ RunTime:0.000000s ]
INFO: [ app_begin ] --END-- [ RunTime:0.000000s ]
ERR: 1146:Table 'mlaj.wx_shop_order' doesn't exist
 [ SQL语句 ] : SHOW COLUMNS FROM `wx_shop_order`
ERR: 1146:Table 'mlaj.wx_shop_order' doesn't exist
 [ SQL语句 ] : SHOW COLUMNS FROM `wx_shop_order`

[ 2017-06-26T17:21:32+08:00 ] 127.0.0.1 /mlaj/Admin/Index/notice.html
INFO: [ app_init ] --START--
INFO: Run Behavior\BuildLiteBehavior [ RunTime:0.000000s ]
INFO: [ app_init ] --END-- [ RunTime:0.001000s ]
INFO: [ app_begin ] --START--
INFO: Run Behavior\ReadHtmlCacheBehavior [ RunTime:0.001000s ]
INFO: [ app_begin ] --END-- [ RunTime:0.001000s ]
ERR: 1146:Table 'mlaj.wx_shop_order' doesn't exist
 [ SQL语句 ] : SHOW COLUMNS FROM `wx_shop_order`
ERR: 1146:Table 'mlaj.wx_shop_order' doesn't exist
 [ SQL语句 ] : SHOW COLUMNS FROM `wx_shop_order`

[ 2017-06-26T17:21:56+08:00 ] 127.0.0.1 /mlaj/Admin/Index/notice.html
INFO: [ app_init ] --START--
INFO: Run Behavior\BuildLiteBehavior [ RunTime:0.000000s ]
INFO: [ app_init ] --END-- [ RunTime:0.000000s ]
INFO: [ app_begin ] --START--
INFO: Run Behavior\ReadHtmlCacheBehavior [ RunTime:0.001000s ]
INFO: [ app_begin ] --END-- [ RunTime:0.001000s ]
ERR: 1146:Table 'mlaj.wx_shop_order' doesn't exist
 [ SQL语句 ] : SHOW COLUMNS FROM `wx_shop_order`
ERR: 1146:Table 'mlaj.wx_shop_order' doesn't exist
 [ SQL语句 ] : SHOW COLUMNS FROM `wx_shop_order`

[ 2017-06-26T17:22:20+08:00 ] 127.0.0.1 /mlaj/Admin/Index/notice.html
INFO: [ app_init ] --START--
INFO: Run Behavior\BuildLiteBehavior [ RunTime:0.000000s ]
INFO: [ app_init ] --END-- [ RunTime:0.000000s ]
INFO: [ app_begin ] --START--
INFO: Run Behavior\ReadHtmlCacheBehavior [ RunTime:0.001000s ]
INFO: [ app_begin ] --END-- [ RunTime:0.001000s ]
ERR: 1146:Table 'mlaj.wx_shop_order' doesn't exist
 [ SQL语句 ] : SHOW COLUMNS FROM `wx_shop_order`
ERR: 1146:Table 'mlaj.wx_shop_order' doesn't exist
 [ SQL语句 ] : SHOW COLUMNS FROM `wx_shop_order`

[ 2017-06-26T17:22:44+08:00 ] 127.0.0.1 /mlaj/Admin/Index/notice.html
INFO: [ app_init ] --START--
INFO: Run Behavior\BuildLiteBehavior [ RunTime:0.000000s ]
INFO: [ app_init ] --END-- [ RunTime:0.001000s ]
INFO: [ app_begin ] --START--
INFO: Run Behavior\ReadHtmlCacheBehavior [ RunTime:0.001000s ]
INFO: [ app_begin ] --END-- [ RunTime:0.001000s ]
ERR: 1146:Table 'mlaj.wx_shop_order' doesn't exist
 [ SQL语句 ] : SHOW COLUMNS FROM `wx_shop_order`
ERR: 1146:Table 'mlaj.wx_shop_order' doesn't exist
 [ SQL语句 ] : SHOW COLUMNS FROM `wx_shop_order`

[ 2017-06-26T17:23:08+08:00 ] 127.0.0.1 /mlaj/Admin/Index/notice.html
INFO: [ app_init ] --START--
INFO: Run Behavior\BuildLiteBehavior [ RunTime:0.000000s ]
INFO: [ app_init ] --END-- [ RunTime:0.001000s ]
INFO: [ app_begin ] --START--
INFO: Run Behavior\ReadHtmlCacheBehavior [ RunTime:0.001000s ]
INFO: [ app_begin ] --END-- [ RunTime:0.001000s ]
ERR: 1146:Table 'mlaj.wx_shop_order' doesn't exist
 [ SQL语句 ] : SHOW COLUMNS FROM `wx_shop_order`
ERR: 1146:Table 'mlaj.wx_shop_order' doesn't exist
 [ SQL语句 ] : SHOW COLUMNS FROM `wx_shop_order`

[ 2017-06-26T17:23:32+08:00 ] 127.0.0.1 /mlaj/Admin/Index/notice.html
INFO: [ app_init ] --START--
INFO: Run Behavior\BuildLiteBehavior [ RunTime:0.000000s ]
INFO: [ app_init ] --END-- [ RunTime:0.001000s ]
INFO: [ app_begin ] --START--
INFO: Run Behavior\ReadHtmlCacheBehavior [ RunTime:0.001000s ]
INFO: [ app_begin ] --END-- [ RunTime:0.001000s ]
ERR: 1146:Table 'mlaj.wx_shop_order' doesn't exist
 [ SQL语句 ] : SHOW COLUMNS FROM `wx_shop_order`
ERR: 1146:Table 'mlaj.wx_shop_order' doesn't exist
 [ SQL语句 ] : SHOW COLUMNS FROM `wx_shop_order`

[ 2017-06-26T17:23:55+08:00 ] 127.0.0.1 /mlaj/Admin/Index/notice.html
INFO: [ app_init ] --START--
INFO: Run Behavior\BuildLiteBehavior [ RunTime:0.000000s ]
INFO: [ app_init ] --END-- [ RunTime:0.000000s ]
INFO: [ app_begin ] --START--
INFO: Run Behavior\ReadHtmlCacheBehavior [ RunTime:0.001000s ]
INFO: [ app_begin ] --END-- [ RunTime:0.001000s ]
ERR: 1146:Table 'mlaj.wx_shop_order' doesn't exist
 [ SQL语句 ] : SHOW COLUMNS FROM `wx_shop_order`
ERR: 1146:Table 'mlaj.wx_shop_order' doesn't exist
 [ SQL语句 ] : SHOW COLUMNS FROM `wx_shop_order`

[ 2017-06-26T17:24:19+08:00 ] 127.0.0.1 /mlaj/Admin/Index/notice.html
INFO: [ app_init ] --START--
INFO: Run Behavior\BuildLiteBehavior [ RunTime:0.000000s ]
INFO: [ app_init ] --END-- [ RunTime:0.001000s ]
INFO: [ app_begin ] --START--
INFO: Run Behavior\ReadHtmlCacheBehavior [ RunTime:0.001000s ]
INFO: [ app_begin ] --END-- [ RunTime:0.001000s ]
ERR: 1146:Table 'mlaj.wx_shop_order' doesn't exist
 [ SQL语句 ] : SHOW COLUMNS FROM `wx_shop_order`
ERR: 1146:Table 'mlaj.wx_shop_order' doesn't exist
 [ SQL语句 ] : SHOW COLUMNS FROM `wx_shop_order`

[ 2017-06-26T17:24:43+08:00 ] 127.0.0.1 /mlaj/Admin/Index/notice.html
INFO: [ app_init ] --START--
INFO: Run Behavior\BuildLiteBehavior [ RunTime:0.000000s ]
INFO: [ app_init ] --END-- [ RunTime:0.000000s ]
INFO: [ app_begin ] --START--
INFO: Run Behavior\ReadHtmlCacheBehavior [ RunTime:0.001000s ]
INFO: [ app_begin ] --END-- [ RunTime:0.001000s ]
ERR: 1146:Table 'mlaj.wx_shop_order' doesn't exist
 [ SQL语句 ] : SHOW COLUMNS FROM `wx_shop_order`
ERR: 1146:Table 'mlaj.wx_shop_order' doesn't exist
 [ SQL语句 ] : SHOW COLUMNS FROM `wx_shop_order`

[ 2017-06-26T17:25:07+08:00 ] 127.0.0.1 /mlaj/Admin/Index/notice.html
INFO: [ app_init ] --START--
INFO: Run Behavior\BuildLiteBehavior [ RunTime:0.000000s ]
INFO: [ app_init ] --END-- [ RunTime:0.001000s ]
INFO: [ app_begin ] --START--
INFO: Run Behavior\ReadHtmlCacheBehavior [ RunTime:0.001000s ]
INFO: [ app_begin ] --END-- [ RunTime:0.001000s ]
ERR: 1146:Table 'mlaj.wx_shop_order' doesn't exist
 [ SQL语句 ] : SHOW COLUMNS FROM `wx_shop_order`
ERR: 1146:Table 'mlaj.wx_shop_order' doesn't exist
 [ SQL语句 ] : SHOW COLUMNS FROM `wx_shop_order`

[ 2017-06-26T17:25:31+08:00 ] 127.0.0.1 /mlaj/Admin/Index/notice.html
INFO: [ app_init ] --START--
INFO: Run Behavior\BuildLiteBehavior [ RunTime:0.000000s ]
INFO: [ app_init ] --END-- [ RunTime:0.000000s ]
INFO: [ app_begin ] --START--
INFO: Run Behavior\ReadHtmlCacheBehavior [ RunTime:0.001000s ]
INFO: [ app_begin ] --END-- [ RunTime:0.001000s ]
ERR: 1146:Table 'mlaj.wx_shop_order' doesn't exist
 [ SQL语句 ] : SHOW COLUMNS FROM `wx_shop_order`
ERR: 1146:Table 'mlaj.wx_shop_order' doesn't exist
 [ SQL语句 ] : SHOW COLUMNS FROM `wx_shop_order`

[ 2017-06-26T17:25:55+08:00 ] 127.0.0.1 /mlaj/Admin/Index/notice.html
INFO: [ app_init ] --START--
INFO: Run Behavior\BuildLiteBehavior [ RunTime:0.000000s ]
INFO: [ app_init ] --END-- [ RunTime:0.001000s ]
INFO: [ app_begin ] --START--
INFO: Run Behavior\ReadHtmlCacheBehavior [ RunTime:0.001000s ]
INFO: [ app_begin ] --END-- [ RunTime:0.001000s ]
ERR: 1146:Table 'mlaj.wx_shop_order' doesn't exist
 [ SQL语句 ] : SHOW COLUMNS FROM `wx_shop_order`
ERR: 1146:Table 'mlaj.wx_shop_order' doesn't exist
 [ SQL语句 ] : SHOW COLUMNS FROM `wx_shop_order`

[ 2017-06-26T17:26:19+08:00 ] 127.0.0.1 /mlaj/Admin/Index/notice.html
INFO: [ app_init ] --START--
INFO: Run Behavior\BuildLiteBehavior [ RunTime:0.000000s ]
INFO: [ app_init ] --END-- [ RunTime:0.001000s ]
INFO: [ app_begin ] --START--
INFO: Run Behavior\ReadHtmlCacheBehavior [ RunTime:0.000000s ]
INFO: [ app_begin ] --END-- [ RunTime:0.000000s ]
ERR: 1146:Table 'mlaj.wx_shop_order' doesn't exist
 [ SQL语句 ] : SHOW COLUMNS FROM `wx_shop_order`
ERR: 1146:Table 'mlaj.wx_shop_order' doesn't exist
 [ SQL语句 ] : SHOW COLUMNS FROM `wx_shop_order`

[ 2017-06-26T17:26:42+08:00 ] 127.0.0.1 /mlaj/Admin/Index/notice.html
INFO: [ app_init ] --START--
INFO: Run Behavior\BuildLiteBehavior [ RunTime:0.000000s ]
INFO: [ app_init ] --END-- [ RunTime:0.000000s ]
INFO: [ app_begin ] --START--
INFO: Run Behavior\ReadHtmlCacheBehavior [ RunTime:0.001000s ]
INFO: [ app_begin ] --END-- [ RunTime:0.001000s ]
ERR: 1146:Table 'mlaj.wx_shop_order' doesn't exist
 [ SQL语句 ] : SHOW COLUMNS FROM `wx_shop_order`
ERR: 1146:Table 'mlaj.wx_shop_order' doesn't exist
 [ SQL语句 ] : SHOW COLUMNS FROM `wx_shop_order`

[ 2017-06-26T17:27:06+08:00 ] 127.0.0.1 /mlaj/Admin/Index/notice.html
INFO: [ app_init ] --START--
INFO: Run Behavior\BuildLiteBehavior [ RunTime:0.000000s ]
INFO: [ app_init ] --END-- [ RunTime:0.000000s ]
INFO: [ app_begin ] --START--
INFO: Run Behavior\ReadHtmlCacheBehavior [ RunTime:0.001000s ]
INFO: [ app_begin ] --END-- [ RunTime:0.001000s ]
ERR: 1146:Table 'mlaj.wx_shop_order' doesn't exist
 [ SQL语句 ] : SHOW COLUMNS FROM `wx_shop_order`
ERR: 1146:Table 'mlaj.wx_shop_order' doesn't exist
 [ SQL语句 ] : SHOW COLUMNS FROM `wx_shop_order`

[ 2017-06-26T17:27:30+08:00 ] 127.0.0.1 /mlaj/Admin/Index/notice.html
INFO: [ app_init ] --START--
INFO: Run Behavior\BuildLiteBehavior [ RunTime:0.000000s ]
INFO: [ app_init ] --END-- [ RunTime:0.001000s ]
INFO: [ app_begin ] --START--
INFO: Run Behavior\ReadHtmlCacheBehavior [ RunTime:0.000000s ]
INFO: [ app_begin ] --END-- [ RunTime:0.000000s ]
ERR: 1146:Table 'mlaj.wx_shop_order' doesn't exist
 [ SQL语句 ] : SHOW COLUMNS FROM `wx_shop_order`
ERR: 1146:Table 'mlaj.wx_shop_order' doesn't exist
 [ SQL语句 ] : SHOW COLUMNS FROM `wx_shop_order`

