[ 2017-06-22T09:13:05+08:00 ] 127.0.0.1 /mlaj/
INFO: [ app_init ] --START--
INFO: Run Behavior\BuildLiteBehavior [ RunTime:0.000000s ]
INFO: [ app_init ] --END-- [ RunTime:0.003001s ]
INFO: [ app_begin ] --START--
INFO: Run Behavior\ReadHtmlCacheBehavior [ RunTime:0.001000s ]
INFO: [ app_begin ] --END-- [ RunTime:0.001000s ]
INFO: [ view_parse ] --START--
INFO: [ template_filter ] --START--
INFO: Run Behavior\ContentReplaceBehavior [ RunTime:0.000000s ]
INFO: [ template_filter ] --END-- [ RunTime:0.001000s ]
INFO: Run Behavior\ParseTemplateBehavior [ RunTime:0.025002s ]
INFO: [ view_parse ] --END-- [ RunTime:0.026002s ]
INFO: [ view_filter ] --START--
INFO: Run Behavior\WriteHtmlCacheBehavior [ RunTime:0.001000s ]
INFO: [ view_filter ] --END-- [ RunTime:0.001000s ]

[ 2017-06-22T09:13:12+08:00 ] 127.0.0.1 /mlaj/Admin/User/index.html
INFO: [ app_init ] --START--
INFO: Run Behavior\BuildLiteBehavior [ RunTime:0.000000s ]
INFO: [ app_init ] --END-- [ RunTime:0.000000s ]
INFO: [ app_begin ] --START--
INFO: Run Behavior\ReadHtmlCacheBehavior [ RunTime:0.001000s ]
INFO: [ app_begin ] --END-- [ RunTime:0.001000s ]
INFO: [ view_parse ] --START--
INFO: [ template_filter ] --START--
INFO: Run Behavior\ContentReplaceBehavior [ RunTime:0.000000s ]
INFO: [ template_filter ] --END-- [ RunTime:0.000000s ]
INFO: Run Behavior\ParseTemplateBehavior [ RunTime:0.011000s ]
INFO: [ view_parse ] --END-- [ RunTime:0.012001s ]
INFO: [ view_filter ] --START--
INFO: Run Behavior\WriteHtmlCacheBehavior [ RunTime:0.000000s ]
INFO: [ view_filter ] --END-- [ RunTime:0.000000s ]
INFO: [ app_end ] --START--
INFO: Run Behavior\ShowPageTraceBehavior [ RunTime:0.001000s ]
INFO: [ app_end ] --END-- [ RunTime:0.001000s ]

[ 2017-06-22T09:27:30+08:00 ] 127.0.0.1 /mlaj/
INFO: [ app_init ] --START--
INFO: Run Behavior\BuildLiteBehavior [ RunTime:0.000000s ]
INFO: [ app_init ] --END-- [ RunTime:0.000000s ]
INFO: [ app_begin ] --START--
INFO: Run Behavior\ReadHtmlCacheBehavior [ RunTime:0.001000s ]
INFO: [ app_begin ] --END-- [ RunTime:0.001000s ]
INFO: [ view_parse ] --START--
INFO: [ template_filter ] --START--
INFO: Run Behavior\ContentReplaceBehavior [ RunTime:0.001000s ]
INFO: [ template_filter ] --END-- [ RunTime:0.001000s ]
NOTIC: [8] Undefined variable: shop_url D:\util\WWW\mlaj\Application\Runtime\Cache\Admin\6fedbbe541e195344bf1450076482852.php 第 21 行.
INFO: Run Behavior\ParseTemplateBehavior [ RunTime:0.015001s ]
INFO: [ view_parse ] --END-- [ RunTime:0.015001s ]
INFO: [ view_filter ] --START--
INFO: Run Behavior\WriteHtmlCacheBehavior [ RunTime:0.001000s ]
INFO: [ view_filter ] --END-- [ RunTime:0.001000s ]
INFO: [ app_end ] --START--
INFO: Run Behavior\ShowPageTraceBehavior [ RunTime:0.001000s ]
INFO: [ app_end ] --END-- [ RunTime:0.001000s ]

[ 2017-06-22T09:27:30+08:00 ] 127.0.0.1 /mlaj/Admin/Index/left.html
INFO: [ app_init ] --START--
INFO: Run Behavior\BuildLiteBehavior [ RunTime:0.000000s ]
INFO: [ app_init ] --END-- [ RunTime:0.001000s ]
INFO: [ app_begin ] --START--
INFO: Run Behavior\ReadHtmlCacheBehavior [ RunTime:0.000000s ]
INFO: [ app_begin ] --END-- [ RunTime:0.000000s ]
INFO: [ view_parse ] --START--
INFO: [ template_filter ] --START--
INFO: Run Behavior\ContentReplaceBehavior [ RunTime:0.001000s ]
INFO: [ template_filter ] --END-- [ RunTime:0.001000s ]
INFO: Run Behavior\ParseTemplateBehavior [ RunTime:0.016001s ]
INFO: [ view_parse ] --END-- [ RunTime:0.016001s ]
INFO: [ view_filter ] --START--
INFO: Run Behavior\WriteHtmlCacheBehavior [ RunTime:0.000000s ]
INFO: [ view_filter ] --END-- [ RunTime:0.000000s ]
INFO: [ app_end ] --START--
INFO: Run Behavior\ShowPageTraceBehavior [ RunTime:0.000000s ]
INFO: [ app_end ] --END-- [ RunTime:0.001000s ]

[ 2017-06-22T09:27:30+08:00 ] 127.0.0.1 /mlaj/Admin/Index/top.html
INFO: [ app_init ] --START--
INFO: Run Behavior\BuildLiteBehavior [ RunTime:0.000000s ]
INFO: [ app_init ] --END-- [ RunTime:0.001000s ]
INFO: [ app_begin ] --START--
INFO: Run Behavior\ReadHtmlCacheBehavior [ RunTime:0.001000s ]
INFO: [ app_begin ] --END-- [ RunTime:0.002000s ]
INFO: [ view_parse ] --START--
INFO: [ template_filter ] --START--
INFO: Run Behavior\ContentReplaceBehavior [ RunTime:0.000000s ]
INFO: [ template_filter ] --END-- [ RunTime:0.000000s ]
INFO: Run Behavior\ParseTemplateBehavior [ RunTime:0.022001s ]
INFO: [ view_parse ] --END-- [ RunTime:0.022001s ]
INFO: [ view_filter ] --START--
INFO: Run Behavior\WriteHtmlCacheBehavior [ RunTime:0.000000s ]
INFO: [ view_filter ] --END-- [ RunTime:0.000000s ]
INFO: [ app_end ] --START--
INFO: Run Behavior\ShowPageTraceBehavior [ RunTime:0.001000s ]
INFO: [ app_end ] --END-- [ RunTime:0.002000s ]

[ 2017-06-22T09:27:36+08:00 ] 127.0.0.1 /mlaj/Admin/Shop/shop.html
INFO: [ app_init ] --START--
INFO: Run Behavior\BuildLiteBehavior [ RunTime:0.000000s ]
INFO: [ app_init ] --END-- [ RunTime:0.001000s ]
INFO: [ app_begin ] --START--
INFO: Run Behavior\ReadHtmlCacheBehavior [ RunTime:0.001000s ]
INFO: [ app_begin ] --END-- [ RunTime:0.001000s ]

[ 2017-06-22T09:27:42+08:00 ] 127.0.0.1 /mlaj/Admin/Index/notice.html
INFO: [ app_init ] --START--
INFO: Run Behavior\BuildLiteBehavior [ RunTime:0.001000s ]
INFO: [ app_init ] --END-- [ RunTime:0.001000s ]
INFO: [ app_begin ] --START--
INFO: Run Behavior\ReadHtmlCacheBehavior [ RunTime:0.001000s ]
INFO: [ app_begin ] --END-- [ RunTime:0.001000s ]
ERR: 1146:Table 'mlaj.wx_shop_order' doesn't exist
 [ SQL语句 ] : SHOW COLUMNS FROM `wx_shop_order`
ERR: 1146:Table 'mlaj.wx_shop_order' doesn't exist
 [ SQL语句 ] : SHOW COLUMNS FROM `wx_shop_order`

[ 2017-06-22T09:27:54+08:00 ] 127.0.0.1 /mlaj/Admin/Index/notice.html
INFO: [ app_init ] --START--
INFO: Run Behavior\BuildLiteBehavior [ RunTime:0.000000s ]
INFO: [ app_init ] --END-- [ RunTime:0.000000s ]
INFO: [ app_begin ] --START--
INFO: Run Behavior\ReadHtmlCacheBehavior [ RunTime:0.001001s ]
INFO: [ app_begin ] --END-- [ RunTime:0.001001s ]
ERR: 1146:Table 'mlaj.wx_shop_order' doesn't exist
 [ SQL语句 ] : SHOW COLUMNS FROM `wx_shop_order`
ERR: 1146:Table 'mlaj.wx_shop_order' doesn't exist
 [ SQL语句 ] : SHOW COLUMNS FROM `wx_shop_order`

[ 2017-06-22T09:28:07+08:00 ] 127.0.0.1 /mlaj/Admin/Index/notice.html
INFO: [ app_init ] --START--
INFO: Run Behavior\BuildLiteBehavior [ RunTime:0.000000s ]
INFO: [ app_init ] --END-- [ RunTime:0.001000s ]
INFO: [ app_begin ] --START--
INFO: Run Behavior\ReadHtmlCacheBehavior [ RunTime:0.001000s ]
INFO: [ app_begin ] --END-- [ RunTime:0.001000s ]
ERR: 1146:Table 'mlaj.wx_shop_order' doesn't exist
 [ SQL语句 ] : SHOW COLUMNS FROM `wx_shop_order`
ERR: 1146:Table 'mlaj.wx_shop_order' doesn't exist
 [ SQL语句 ] : SHOW COLUMNS FROM `wx_shop_order`

[ 2017-06-22T09:28:08+08:00 ] 127.0.0.1 /mlaj/
INFO: [ app_init ] --START--
INFO: Run Behavior\BuildLiteBehavior [ RunTime:0.000000s ]
INFO: [ app_init ] --END-- [ RunTime:0.001000s ]
INFO: [ app_begin ] --START--
INFO: Run Behavior\ReadHtmlCacheBehavior [ RunTime:0.000000s ]
INFO: [ app_begin ] --END-- [ RunTime:0.000000s ]
INFO: [ view_parse ] --START--
INFO: [ template_filter ] --START--
INFO: Run Behavior\ContentReplaceBehavior [ RunTime:0.000000s ]
INFO: [ template_filter ] --END-- [ RunTime:0.000000s ]
NOTIC: [8] Undefined variable: shop_url D:\util\WWW\mlaj\Application\Runtime\Cache\Admin\6fedbbe541e195344bf1450076482852.php 第 21 行.
INFO: Run Behavior\ParseTemplateBehavior [ RunTime:0.009000s ]
INFO: [ view_parse ] --END-- [ RunTime:0.009000s ]
INFO: [ view_filter ] --START--
INFO: Run Behavior\WriteHtmlCacheBehavior [ RunTime:0.000000s ]
INFO: [ view_filter ] --END-- [ RunTime:0.000000s ]
INFO: [ app_end ] --START--
INFO: Run Behavior\ShowPageTraceBehavior [ RunTime:0.001000s ]
INFO: [ app_end ] --END-- [ RunTime:0.001000s ]

[ 2017-06-22T09:28:08+08:00 ] 127.0.0.1 /mlaj/Admin/Index/top.html
INFO: [ app_init ] --START--
INFO: Run Behavior\BuildLiteBehavior [ RunTime:0.000000s ]
INFO: [ app_init ] --END-- [ RunTime:0.001001s ]
INFO: [ app_begin ] --START--
INFO: Run Behavior\ReadHtmlCacheBehavior [ RunTime:0.001000s ]
INFO: [ app_begin ] --END-- [ RunTime:0.001000s ]
INFO: [ view_parse ] --START--
INFO: [ template_filter ] --START--
INFO: Run Behavior\ContentReplaceBehavior [ RunTime:0.000000s ]
INFO: [ template_filter ] --END-- [ RunTime:0.001000s ]
INFO: Run Behavior\ParseTemplateBehavior [ RunTime:0.012001s ]
INFO: [ view_parse ] --END-- [ RunTime:0.013001s ]
INFO: [ view_filter ] --START--
INFO: Run Behavior\WriteHtmlCacheBehavior [ RunTime:0.000000s ]
INFO: [ view_filter ] --END-- [ RunTime:0.000000s ]
INFO: [ app_end ] --START--
INFO: Run Behavior\ShowPageTraceBehavior [ RunTime:0.001000s ]
INFO: [ app_end ] --END-- [ RunTime:0.001000s ]

[ 2017-06-22T09:28:08+08:00 ] 127.0.0.1 /mlaj/Admin/Index/left.html
INFO: [ app_init ] --START--
INFO: Run Behavior\BuildLiteBehavior [ RunTime:0.001000s ]
INFO: [ app_init ] --END-- [ RunTime:0.002000s ]
INFO: [ app_begin ] --START--
INFO: Run Behavior\ReadHtmlCacheBehavior [ RunTime:0.002000s ]
INFO: [ app_begin ] --END-- [ RunTime:0.002000s ]
INFO: [ view_parse ] --START--
INFO: [ template_filter ] --START--
INFO: Run Behavior\ContentReplaceBehavior [ RunTime:0.000000s ]
INFO: [ template_filter ] --END-- [ RunTime:0.000000s ]
INFO: Run Behavior\ParseTemplateBehavior [ RunTime:0.024002s ]
INFO: [ view_parse ] --END-- [ RunTime:0.024002s ]
INFO: [ view_filter ] --START--
INFO: Run Behavior\WriteHtmlCacheBehavior [ RunTime:0.000000s ]
INFO: [ view_filter ] --END-- [ RunTime:0.001000s ]
INFO: [ app_end ] --START--
INFO: Run Behavior\ShowPageTraceBehavior [ RunTime:0.001000s ]
INFO: [ app_end ] --END-- [ RunTime:0.001000s ]

[ 2017-06-22T09:28:09+08:00 ] 127.0.0.1 /mlaj/Admin/System/qr.html
INFO: [ app_init ] --START--
INFO: Run Behavior\BuildLiteBehavior [ RunTime:0.000000s ]
INFO: [ app_init ] --END-- [ RunTime:0.001000s ]
INFO: [ app_begin ] --START--
INFO: Run Behavior\ReadHtmlCacheBehavior [ RunTime:0.001000s ]
INFO: [ app_begin ] --END-- [ RunTime:0.001000s ]
SQL: SHOW COLUMNS FROM `wx_auth_group_access` [ RunTime:0.0080s ]
SQL: SELECT `uid`,`group_id`,`title`,`rules` FROM wx_auth_group_access a INNER JOIN wx_auth_group g on a.group_id=g.id  WHERE ( a.uid='1' and g.status='1' )  [ RunTime:0.0030s ]
SQL: SHOW COLUMNS FROM `wx_auth_rule` [ RunTime:0.0070s ]
SQL: SELECT `condition`,`name` FROM `wx_auth_rule` WHERE `id` IN ('5','1','3','2','4','6') AND `type` = 1 AND `status` = 1  [ RunTime:0.0010s ]
INFO: [ view_parse ] --START--
INFO: [ template_filter ] --START--
INFO: Run Behavior\ContentReplaceBehavior [ RunTime:0.000000s ]
INFO: [ template_filter ] --END-- [ RunTime:0.000000s ]
NOTIC: [8] Undefined variable: qrset D:\util\WWW\mlaj\Application\Runtime\Cache\Admin\a348f63a2c41517ee1615f307d5e2f20.php 第 8 行.
NOTIC: [8] Undefined variable: qrset D:\util\WWW\mlaj\Application\Runtime\Cache\Admin\a348f63a2c41517ee1615f307d5e2f20.php 第 42 行.
NOTIC: [8] Undefined variable: qrset D:\util\WWW\mlaj\Application\Runtime\Cache\Admin\a348f63a2c41517ee1615f307d5e2f20.php 第 52 行.
NOTIC: [8] Undefined variable: qrset D:\util\WWW\mlaj\Application\Runtime\Cache\Admin\a348f63a2c41517ee1615f307d5e2f20.php 第 58 行.
NOTIC: [8] Undefined variable: qrset D:\util\WWW\mlaj\Application\Runtime\Cache\Admin\a348f63a2c41517ee1615f307d5e2f20.php 第 61 行.
NOTIC: [8] Undefined variable: qrset D:\util\WWW\mlaj\Application\Runtime\Cache\Admin\a348f63a2c41517ee1615f307d5e2f20.php 第 67 行.
NOTIC: [8] Undefined variable: qrset D:\util\WWW\mlaj\Application\Runtime\Cache\Admin\a348f63a2c41517ee1615f307d5e2f20.php 第 73 行.
NOTIC: [8] Undefined variable: qrset D:\util\WWW\mlaj\Application\Runtime\Cache\Admin\a348f63a2c41517ee1615f307d5e2f20.php 第 76 行.
NOTIC: [8] Undefined variable: qrset D:\util\WWW\mlaj\Application\Runtime\Cache\Admin\a348f63a2c41517ee1615f307d5e2f20.php 第 82 行.
NOTIC: [8] Undefined variable: qrset D:\util\WWW\mlaj\Application\Runtime\Cache\Admin\a348f63a2c41517ee1615f307d5e2f20.php 第 88 行.
NOTIC: [8] Undefined variable: qrset D:\util\WWW\mlaj\Application\Runtime\Cache\Admin\a348f63a2c41517ee1615f307d5e2f20.php 第 91 行.
NOTIC: [8] Undefined variable: qrset D:\util\WWW\mlaj\Application\Runtime\Cache\Admin\a348f63a2c41517ee1615f307d5e2f20.php 第 94 行.
INFO: Run Behavior\ParseTemplateBehavior [ RunTime:0.011000s ]
INFO: [ view_parse ] --END-- [ RunTime:0.011000s ]
INFO: [ view_filter ] --START--
INFO: Run Behavior\WriteHtmlCacheBehavior [ RunTime:0.000000s ]
INFO: [ view_filter ] --END-- [ RunTime:0.000000s ]
INFO: [ app_end ] --START--
INFO: Run Behavior\ShowPageTraceBehavior [ RunTime:0.000000s ]
INFO: [ app_end ] --END-- [ RunTime:0.001000s ]

[ 2017-06-22T09:28:10+08:00 ] 127.0.0.1 /mlaj/Admin/Img/index.html?id=pic_url
INFO: [ app_init ] --START--
INFO: Run Behavior\BuildLiteBehavior [ RunTime:0.000000s ]
INFO: [ app_init ] --END-- [ RunTime:0.000000s ]
INFO: [ app_begin ] --START--
INFO: Run Behavior\ReadHtmlCacheBehavior [ RunTime:0.002000s ]
INFO: [ app_begin ] --END-- [ RunTime:0.002000s ]
INFO: [ view_parse ] --START--
INFO: [ template_filter ] --START--
INFO: Run Behavior\ContentReplaceBehavior [ RunTime:0.000000s ]
INFO: [ template_filter ] --END-- [ RunTime:0.000000s ]
INFO: Run Behavior\ParseTemplateBehavior [ RunTime:0.009000s ]
INFO: [ view_parse ] --END-- [ RunTime:0.009000s ]
INFO: [ view_filter ] --START--
INFO: Run Behavior\WriteHtmlCacheBehavior [ RunTime:0.001000s ]
INFO: [ view_filter ] --END-- [ RunTime:0.001000s ]
INFO: [ app_end ] --START--
INFO: Run Behavior\ShowPageTraceBehavior [ RunTime:0.001000s ]
INFO: [ app_end ] --END-- [ RunTime:0.001000s ]

[ 2017-06-22T09:28:10+08:00 ] 127.0.0.1 /mlaj/Admin/Img/pic_data.html
INFO: [ app_init ] --START--
INFO: Run Behavior\BuildLiteBehavior [ RunTime:0.000000s ]
INFO: [ app_init ] --END-- [ RunTime:0.002001s ]
INFO: [ app_begin ] --START--
INFO: Run Behavior\ReadHtmlCacheBehavior [ RunTime:0.002000s ]
INFO: [ app_begin ] --END-- [ RunTime:0.002000s ]
INFO: [ app_end ] --START--
INFO: Run Behavior\ShowPageTraceBehavior [ RunTime:0.001000s ]
INFO: [ app_end ] --END-- [ RunTime:0.001000s ]

[ 2017-06-22T09:28:14+08:00 ] 127.0.0.1 /mlaj/Admin/Img/pic_upload.html
INFO: [ app_init ] --START--
INFO: Run Behavior\BuildLiteBehavior [ RunTime:0.000000s ]
INFO: [ app_init ] --END-- [ RunTime:0.001000s ]
INFO: [ app_begin ] --START--
INFO: Run Behavior\ReadHtmlCacheBehavior [ RunTime:0.002000s ]
INFO: [ app_begin ] --END-- [ RunTime:0.002000s ]
NOTIC: [2] call_user_func() expects parameter 1 to be a valid callback, no array or string given D:\util\WWW\mlaj\Xigua\Library\Think\Upload.class.php 第 170 行.
INFO: [ app_end ] --START--
INFO: Run Behavior\ShowPageTraceBehavior [ RunTime:0.006000s ]
INFO: [ app_end ] --END-- [ RunTime:0.007000s ]

[ 2017-06-22T09:28:14+08:00 ] 127.0.0.1 /mlaj/Admin/Img/index.html?id=pic_url
INFO: [ app_init ] --START--
INFO: Run Behavior\BuildLiteBehavior [ RunTime:0.000000s ]
INFO: [ app_init ] --END-- [ RunTime:0.001000s ]
INFO: [ app_begin ] --START--
INFO: Run Behavior\ReadHtmlCacheBehavior [ RunTime:0.001000s ]
INFO: [ app_begin ] --END-- [ RunTime:0.001000s ]
INFO: [ view_parse ] --START--
INFO: [ template_filter ] --START--
INFO: Run Behavior\ContentReplaceBehavior [ RunTime:0.000000s ]
INFO: [ template_filter ] --END-- [ RunTime:0.000000s ]
INFO: Run Behavior\ParseTemplateBehavior [ RunTime:0.013001s ]
INFO: [ view_parse ] --END-- [ RunTime:0.013001s ]
INFO: [ view_filter ] --START--
INFO: Run Behavior\WriteHtmlCacheBehavior [ RunTime:0.001000s ]
INFO: [ view_filter ] --END-- [ RunTime:0.001000s ]
INFO: [ app_end ] --START--
INFO: Run Behavior\ShowPageTraceBehavior [ RunTime:0.001000s ]
INFO: [ app_end ] --END-- [ RunTime:0.001000s ]

[ 2017-06-22T09:28:14+08:00 ] 127.0.0.1 /mlaj/Admin/Img/pic_data.html
INFO: [ app_init ] --START--
INFO: Run Behavior\BuildLiteBehavior [ RunTime:0.000000s ]
INFO: [ app_init ] --END-- [ RunTime:0.002000s ]
INFO: [ app_begin ] --START--
INFO: Run Behavior\ReadHtmlCacheBehavior [ RunTime:0.002000s ]
INFO: [ app_begin ] --END-- [ RunTime:0.002000s ]
INFO: [ app_end ] --START--
INFO: Run Behavior\ShowPageTraceBehavior [ RunTime:0.002000s ]
INFO: [ app_end ] --END-- [ RunTime:0.003000s ]

[ 2017-06-22T09:28:18+08:00 ] 127.0.0.1 /mlaj/Admin/System/qr.html
INFO: [ app_init ] --START--
INFO: Run Behavior\BuildLiteBehavior [ RunTime:0.000000s ]
INFO: [ app_init ] --END-- [ RunTime:0.001000s ]
INFO: [ app_begin ] --START--
INFO: Run Behavior\ReadHtmlCacheBehavior [ RunTime:0.001000s ]
INFO: [ app_begin ] --END-- [ RunTime:0.002000s ]
SQL: SHOW COLUMNS FROM `wx_auth_group_access` [ RunTime:0.0060s ]
SQL: SELECT `uid`,`group_id`,`title`,`rules` FROM wx_auth_group_access a INNER JOIN wx_auth_group g on a.group_id=g.id  WHERE ( a.uid='1' and g.status='1' )  [ RunTime:0.0000s ]
SQL: SHOW COLUMNS FROM `wx_auth_rule` [ RunTime:0.0050s ]
SQL: SELECT `condition`,`name` FROM `wx_auth_rule` WHERE `id` IN ('5','1','3','2','4','6') AND `type` = 1 AND `status` = 1  [ RunTime:0.0010s ]
INFO: [ view_parse ] --START--
INFO: [ template_filter ] --START--
INFO: Run Behavior\ContentReplaceBehavior [ RunTime:0.000000s ]
INFO: [ template_filter ] --END-- [ RunTime:0.000000s ]
NOTIC: [8] Undefined variable: qrset D:\util\WWW\mlaj\Application\Runtime\Cache\Admin\a348f63a2c41517ee1615f307d5e2f20.php 第 8 行.
NOTIC: [8] Undefined variable: qrset D:\util\WWW\mlaj\Application\Runtime\Cache\Admin\a348f63a2c41517ee1615f307d5e2f20.php 第 42 行.
NOTIC: [8] Undefined variable: qrset D:\util\WWW\mlaj\Application\Runtime\Cache\Admin\a348f63a2c41517ee1615f307d5e2f20.php 第 52 行.
NOTIC: [8] Undefined variable: qrset D:\util\WWW\mlaj\Application\Runtime\Cache\Admin\a348f63a2c41517ee1615f307d5e2f20.php 第 58 行.
NOTIC: [8] Undefined variable: qrset D:\util\WWW\mlaj\Application\Runtime\Cache\Admin\a348f63a2c41517ee1615f307d5e2f20.php 第 61 行.
NOTIC: [8] Undefined variable: qrset D:\util\WWW\mlaj\Application\Runtime\Cache\Admin\a348f63a2c41517ee1615f307d5e2f20.php 第 67 行.
NOTIC: [8] Undefined variable: qrset D:\util\WWW\mlaj\Application\Runtime\Cache\Admin\a348f63a2c41517ee1615f307d5e2f20.php 第 73 行.
NOTIC: [8] Undefined variable: qrset D:\util\WWW\mlaj\Application\Runtime\Cache\Admin\a348f63a2c41517ee1615f307d5e2f20.php 第 76 行.
NOTIC: [8] Undefined variable: qrset D:\util\WWW\mlaj\Application\Runtime\Cache\Admin\a348f63a2c41517ee1615f307d5e2f20.php 第 82 行.
NOTIC: [8] Undefined variable: qrset D:\util\WWW\mlaj\Application\Runtime\Cache\Admin\a348f63a2c41517ee1615f307d5e2f20.php 第 88 行.
NOTIC: [8] Undefined variable: qrset D:\util\WWW\mlaj\Application\Runtime\Cache\Admin\a348f63a2c41517ee1615f307d5e2f20.php 第 91 行.
NOTIC: [8] Undefined variable: qrset D:\util\WWW\mlaj\Application\Runtime\Cache\Admin\a348f63a2c41517ee1615f307d5e2f20.php 第 94 行.
INFO: Run Behavior\ParseTemplateBehavior [ RunTime:0.011001s ]
INFO: [ view_parse ] --END-- [ RunTime:0.011001s ]
INFO: [ view_filter ] --START--
INFO: Run Behavior\WriteHtmlCacheBehavior [ RunTime:0.001000s ]
INFO: [ view_filter ] --END-- [ RunTime:0.001000s ]
INFO: [ app_end ] --START--
INFO: Run Behavior\ShowPageTraceBehavior [ RunTime:0.001000s ]
INFO: [ app_end ] --END-- [ RunTime:0.001000s ]

[ 2017-06-22T09:28:20+08:00 ] 127.0.0.1 /mlaj/Admin/Index/notice.html
INFO: [ app_init ] --START--
INFO: Run Behavior\BuildLiteBehavior [ RunTime:0.000000s ]
INFO: [ app_init ] --END-- [ RunTime:0.000000s ]
INFO: [ app_begin ] --START--
INFO: Run Behavior\ReadHtmlCacheBehavior [ RunTime:0.001000s ]
INFO: [ app_begin ] --END-- [ RunTime:0.001000s ]
ERR: 1146:Table 'mlaj.wx_shop_order' doesn't exist
 [ SQL语句 ] : SHOW COLUMNS FROM `wx_shop_order`
ERR: 1146:Table 'mlaj.wx_shop_order' doesn't exist
 [ SQL语句 ] : SHOW COLUMNS FROM `wx_shop_order`

[ 2017-06-22T09:28:32+08:00 ] 127.0.0.1 /mlaj/Admin/Index/notice.html
INFO: [ app_init ] --START--
INFO: Run Behavior\BuildLiteBehavior [ RunTime:0.000000s ]
INFO: [ app_init ] --END-- [ RunTime:0.000000s ]
INFO: [ app_begin ] --START--
INFO: Run Behavior\ReadHtmlCacheBehavior [ RunTime:0.001000s ]
INFO: [ app_begin ] --END-- [ RunTime:0.001000s ]
ERR: 1146:Table 'mlaj.wx_shop_order' doesn't exist
 [ SQL语句 ] : SHOW COLUMNS FROM `wx_shop_order`
ERR: 1146:Table 'mlaj.wx_shop_order' doesn't exist
 [ SQL语句 ] : SHOW COLUMNS FROM `wx_shop_order`

[ 2017-06-22T09:28:44+08:00 ] 127.0.0.1 /mlaj/Admin/Index/notice.html
INFO: [ app_init ] --START--
INFO: Run Behavior\BuildLiteBehavior [ RunTime:0.000000s ]
INFO: [ app_init ] --END-- [ RunTime:0.001001s ]
INFO: [ app_begin ] --START--
INFO: Run Behavior\ReadHtmlCacheBehavior [ RunTime:0.001000s ]
INFO: [ app_begin ] --END-- [ RunTime:0.001000s ]
ERR: 1146:Table 'mlaj.wx_shop_order' doesn't exist
 [ SQL语句 ] : SHOW COLUMNS FROM `wx_shop_order`
ERR: 1146:Table 'mlaj.wx_shop_order' doesn't exist
 [ SQL语句 ] : SHOW COLUMNS FROM `wx_shop_order`

[ 2017-06-22T09:28:56+08:00 ] 127.0.0.1 /mlaj/Admin/Index/notice.html
INFO: [ app_init ] --START--
INFO: Run Behavior\BuildLiteBehavior [ RunTime:0.000000s ]
INFO: [ app_init ] --END-- [ RunTime:0.001000s ]
INFO: [ app_begin ] --START--
INFO: Run Behavior\ReadHtmlCacheBehavior [ RunTime:0.002000s ]
INFO: [ app_begin ] --END-- [ RunTime:0.002000s ]
ERR: 1146:Table 'mlaj.wx_shop_order' doesn't exist
 [ SQL语句 ] : SHOW COLUMNS FROM `wx_shop_order`
ERR: 1146:Table 'mlaj.wx_shop_order' doesn't exist
 [ SQL语句 ] : SHOW COLUMNS FROM `wx_shop_order`

[ 2017-06-22T09:29:08+08:00 ] 127.0.0.1 /mlaj/Admin/Index/notice.html
INFO: [ app_init ] --START--
INFO: Run Behavior\BuildLiteBehavior [ RunTime:0.000000s ]
INFO: [ app_init ] --END-- [ RunTime:0.001000s ]
INFO: [ app_begin ] --START--
INFO: Run Behavior\ReadHtmlCacheBehavior [ RunTime:0.006001s ]
INFO: [ app_begin ] --END-- [ RunTime:0.006001s ]
ERR: 1146:Table 'mlaj.wx_shop_order' doesn't exist
 [ SQL语句 ] : SHOW COLUMNS FROM `wx_shop_order`
ERR: 1146:Table 'mlaj.wx_shop_order' doesn't exist
 [ SQL语句 ] : SHOW COLUMNS FROM `wx_shop_order`

[ 2017-06-22T09:29:20+08:00 ] 127.0.0.1 /mlaj/Admin/Index/notice.html
INFO: [ app_init ] --START--
INFO: Run Behavior\BuildLiteBehavior [ RunTime:0.000000s ]
INFO: [ app_init ] --END-- [ RunTime:0.001000s ]
INFO: [ app_begin ] --START--
INFO: Run Behavior\ReadHtmlCacheBehavior [ RunTime:0.001000s ]
INFO: [ app_begin ] --END-- [ RunTime:0.001000s ]
ERR: 1146:Table 'mlaj.wx_shop_order' doesn't exist
 [ SQL语句 ] : SHOW COLUMNS FROM `wx_shop_order`
ERR: 1146:Table 'mlaj.wx_shop_order' doesn't exist
 [ SQL语句 ] : SHOW COLUMNS FROM `wx_shop_order`

[ 2017-06-22T09:29:32+08:00 ] 127.0.0.1 /mlaj/Admin/Index/notice.html
INFO: [ app_init ] --START--
INFO: Run Behavior\BuildLiteBehavior [ RunTime:0.000000s ]
INFO: [ app_init ] --END-- [ RunTime:0.000000s ]
INFO: [ app_begin ] --START--
INFO: Run Behavior\ReadHtmlCacheBehavior [ RunTime:0.001000s ]
INFO: [ app_begin ] --END-- [ RunTime:0.001000s ]
ERR: 1146:Table 'mlaj.wx_shop_order' doesn't exist
 [ SQL语句 ] : SHOW COLUMNS FROM `wx_shop_order`
ERR: 1146:Table 'mlaj.wx_shop_order' doesn't exist
 [ SQL语句 ] : SHOW COLUMNS FROM `wx_shop_order`

[ 2017-06-22T09:29:44+08:00 ] 127.0.0.1 /mlaj/Admin/Index/notice.html
INFO: [ app_init ] --START--
INFO: Run Behavior\BuildLiteBehavior [ RunTime:0.000000s ]
INFO: [ app_init ] --END-- [ RunTime:0.001000s ]
INFO: [ app_begin ] --START--
INFO: Run Behavior\ReadHtmlCacheBehavior [ RunTime:0.000000s ]
INFO: [ app_begin ] --END-- [ RunTime:0.000000s ]
ERR: 1146:Table 'mlaj.wx_shop_order' doesn't exist
 [ SQL语句 ] : SHOW COLUMNS FROM `wx_shop_order`
ERR: 1146:Table 'mlaj.wx_shop_order' doesn't exist
 [ SQL语句 ] : SHOW COLUMNS FROM `wx_shop_order`

[ 2017-06-22T09:29:56+08:00 ] 127.0.0.1 /mlaj/Admin/Index/notice.html
INFO: [ app_init ] --START--
INFO: Run Behavior\BuildLiteBehavior [ RunTime:0.000000s ]
INFO: [ app_init ] --END-- [ RunTime:0.001000s ]
INFO: [ app_begin ] --START--
INFO: Run Behavior\ReadHtmlCacheBehavior [ RunTime:0.001000s ]
INFO: [ app_begin ] --END-- [ RunTime:0.001000s ]
ERR: 1146:Table 'mlaj.wx_shop_order' doesn't exist
 [ SQL语句 ] : SHOW COLUMNS FROM `wx_shop_order`
ERR: 1146:Table 'mlaj.wx_shop_order' doesn't exist
 [ SQL语句 ] : SHOW COLUMNS FROM `wx_shop_order`

[ 2017-06-22T09:30:08+08:00 ] 127.0.0.1 /mlaj/Admin/Index/notice.html
INFO: [ app_init ] --START--
INFO: Run Behavior\BuildLiteBehavior [ RunTime:0.000000s ]
INFO: [ app_init ] --END-- [ RunTime:0.001000s ]
INFO: [ app_begin ] --START--
INFO: Run Behavior\ReadHtmlCacheBehavior [ RunTime:0.001000s ]
INFO: [ app_begin ] --END-- [ RunTime:0.001000s ]
ERR: 1146:Table 'mlaj.wx_shop_order' doesn't exist
 [ SQL语句 ] : SHOW COLUMNS FROM `wx_shop_order`
ERR: 1146:Table 'mlaj.wx_shop_order' doesn't exist
 [ SQL语句 ] : SHOW COLUMNS FROM `wx_shop_order`

[ 2017-06-22T09:30:20+08:00 ] 127.0.0.1 /mlaj/Admin/Index/notice.html
INFO: [ app_init ] --START--
INFO: Run Behavior\BuildLiteBehavior [ RunTime:0.000000s ]
INFO: [ app_init ] --END-- [ RunTime:0.001000s ]
INFO: [ app_begin ] --START--
INFO: Run Behavior\ReadHtmlCacheBehavior [ RunTime:0.001000s ]
INFO: [ app_begin ] --END-- [ RunTime:0.002000s ]
ERR: 1146:Table 'mlaj.wx_shop_order' doesn't exist
 [ SQL语句 ] : SHOW COLUMNS FROM `wx_shop_order`
ERR: 1146:Table 'mlaj.wx_shop_order' doesn't exist
 [ SQL语句 ] : SHOW COLUMNS FROM `wx_shop_order`

[ 2017-06-22T09:30:32+08:00 ] 127.0.0.1 /mlaj/Admin/Index/notice.html
INFO: [ app_init ] --START--
INFO: Run Behavior\BuildLiteBehavior [ RunTime:0.000000s ]
INFO: [ app_init ] --END-- [ RunTime:0.000000s ]
INFO: [ app_begin ] --START--
INFO: Run Behavior\ReadHtmlCacheBehavior [ RunTime:0.001000s ]
INFO: [ app_begin ] --END-- [ RunTime:0.001000s ]
ERR: 1146:Table 'mlaj.wx_shop_order' doesn't exist
 [ SQL语句 ] : SHOW COLUMNS FROM `wx_shop_order`
ERR: 1146:Table 'mlaj.wx_shop_order' doesn't exist
 [ SQL语句 ] : SHOW COLUMNS FROM `wx_shop_order`

[ 2017-06-22T09:30:44+08:00 ] 127.0.0.1 /mlaj/Admin/Index/notice.html
INFO: [ app_init ] --START--
INFO: Run Behavior\BuildLiteBehavior [ RunTime:0.000000s ]
INFO: [ app_init ] --END-- [ RunTime:0.001000s ]
INFO: [ app_begin ] --START--
INFO: Run Behavior\ReadHtmlCacheBehavior [ RunTime:0.001000s ]
INFO: [ app_begin ] --END-- [ RunTime:0.001000s ]
ERR: 1146:Table 'mlaj.wx_shop_order' doesn't exist
 [ SQL语句 ] : SHOW COLUMNS FROM `wx_shop_order`
ERR: 1146:Table 'mlaj.wx_shop_order' doesn't exist
 [ SQL语句 ] : SHOW COLUMNS FROM `wx_shop_order`

[ 2017-06-22T09:30:56+08:00 ] 127.0.0.1 /mlaj/Admin/Index/notice.html
INFO: [ app_init ] --START--
INFO: Run Behavior\BuildLiteBehavior [ RunTime:0.000000s ]
INFO: [ app_init ] --END-- [ RunTime:0.002000s ]
INFO: [ app_begin ] --START--
INFO: Run Behavior\ReadHtmlCacheBehavior [ RunTime:0.000000s ]
INFO: [ app_begin ] --END-- [ RunTime:0.000000s ]
ERR: 1146:Table 'mlaj.wx_shop_order' doesn't exist
 [ SQL语句 ] : SHOW COLUMNS FROM `wx_shop_order`
ERR: 1146:Table 'mlaj.wx_shop_order' doesn't exist
 [ SQL语句 ] : SHOW COLUMNS FROM `wx_shop_order`

[ 2017-06-22T09:31:08+08:00 ] 127.0.0.1 /mlaj/Admin/Index/notice.html
INFO: [ app_init ] --START--
INFO: Run Behavior\BuildLiteBehavior [ RunTime:0.000000s ]
INFO: [ app_init ] --END-- [ RunTime:0.001000s ]
INFO: [ app_begin ] --START--
INFO: Run Behavior\ReadHtmlCacheBehavior [ RunTime:0.001000s ]
INFO: [ app_begin ] --END-- [ RunTime:0.001000s ]
ERR: 1146:Table 'mlaj.wx_shop_order' doesn't exist
 [ SQL语句 ] : SHOW COLUMNS FROM `wx_shop_order`
ERR: 1146:Table 'mlaj.wx_shop_order' doesn't exist
 [ SQL语句 ] : SHOW COLUMNS FROM `wx_shop_order`

[ 2017-06-22T09:31:20+08:00 ] 127.0.0.1 /mlaj/Admin/Index/notice.html
INFO: [ app_init ] --START--
INFO: Run Behavior\BuildLiteBehavior [ RunTime:0.000000s ]
INFO: [ app_init ] --END-- [ RunTime:0.001000s ]
INFO: [ app_begin ] --START--
INFO: Run Behavior\ReadHtmlCacheBehavior [ RunTime:0.001000s ]
INFO: [ app_begin ] --END-- [ RunTime:0.001000s ]
ERR: 1146:Table 'mlaj.wx_shop_order' doesn't exist
 [ SQL语句 ] : SHOW COLUMNS FROM `wx_shop_order`
ERR: 1146:Table 'mlaj.wx_shop_order' doesn't exist
 [ SQL语句 ] : SHOW COLUMNS FROM `wx_shop_order`

[ 2017-06-22T09:31:32+08:00 ] 127.0.0.1 /mlaj/Admin/Index/notice.html
INFO: [ app_init ] --START--
INFO: Run Behavior\BuildLiteBehavior [ RunTime:0.000000s ]
INFO: [ app_init ] --END-- [ RunTime:0.001001s ]
INFO: [ app_begin ] --START--
INFO: Run Behavior\ReadHtmlCacheBehavior [ RunTime:0.000000s ]
INFO: [ app_begin ] --END-- [ RunTime:0.000000s ]
ERR: 1146:Table 'mlaj.wx_shop_order' doesn't exist
 [ SQL语句 ] : SHOW COLUMNS FROM `wx_shop_order`
ERR: 1146:Table 'mlaj.wx_shop_order' doesn't exist
 [ SQL语句 ] : SHOW COLUMNS FROM `wx_shop_order`

[ 2017-06-22T09:31:44+08:00 ] 127.0.0.1 /mlaj/Admin/Index/notice.html
INFO: [ app_init ] --START--
INFO: Run Behavior\BuildLiteBehavior [ RunTime:0.000000s ]
INFO: [ app_init ] --END-- [ RunTime:0.000000s ]
INFO: [ app_begin ] --START--
INFO: Run Behavior\ReadHtmlCacheBehavior [ RunTime:0.000000s ]
INFO: [ app_begin ] --END-- [ RunTime:0.000000s ]
ERR: 1146:Table 'mlaj.wx_shop_order' doesn't exist
 [ SQL语句 ] : SHOW COLUMNS FROM `wx_shop_order`
ERR: 1146:Table 'mlaj.wx_shop_order' doesn't exist
 [ SQL语句 ] : SHOW COLUMNS FROM `wx_shop_order`

[ 2017-06-22T09:31:56+08:00 ] 127.0.0.1 /mlaj/Admin/Index/notice.html
INFO: [ app_init ] --START--
INFO: Run Behavior\BuildLiteBehavior [ RunTime:0.000000s ]
INFO: [ app_init ] --END-- [ RunTime:0.001000s ]
INFO: [ app_begin ] --START--
INFO: Run Behavior\ReadHtmlCacheBehavior [ RunTime:0.001000s ]
INFO: [ app_begin ] --END-- [ RunTime:0.001000s ]
ERR: 1146:Table 'mlaj.wx_shop_order' doesn't exist
 [ SQL语句 ] : SHOW COLUMNS FROM `wx_shop_order`
ERR: 1146:Table 'mlaj.wx_shop_order' doesn't exist
 [ SQL语句 ] : SHOW COLUMNS FROM `wx_shop_order`

[ 2017-06-22T09:32:08+08:00 ] 127.0.0.1 /mlaj/Admin/Index/notice.html
INFO: [ app_init ] --START--
INFO: Run Behavior\BuildLiteBehavior [ RunTime:0.000000s ]
INFO: [ app_init ] --END-- [ RunTime:0.001000s ]
INFO: [ app_begin ] --START--
INFO: Run Behavior\ReadHtmlCacheBehavior [ RunTime:0.001000s ]
INFO: [ app_begin ] --END-- [ RunTime:0.001000s ]
ERR: 1146:Table 'mlaj.wx_shop_order' doesn't exist
 [ SQL语句 ] : SHOW COLUMNS FROM `wx_shop_order`
ERR: 1146:Table 'mlaj.wx_shop_order' doesn't exist
 [ SQL语句 ] : SHOW COLUMNS FROM `wx_shop_order`

[ 2017-06-22T09:32:20+08:00 ] 127.0.0.1 /mlaj/Admin/Index/notice.html
INFO: [ app_init ] --START--
INFO: Run Behavior\BuildLiteBehavior [ RunTime:0.000000s ]
INFO: [ app_init ] --END-- [ RunTime:0.000000s ]
INFO: [ app_begin ] --START--
INFO: Run Behavior\ReadHtmlCacheBehavior [ RunTime:0.000000s ]
INFO: [ app_begin ] --END-- [ RunTime:0.001000s ]
ERR: 1146:Table 'mlaj.wx_shop_order' doesn't exist
 [ SQL语句 ] : SHOW COLUMNS FROM `wx_shop_order`
ERR: 1146:Table 'mlaj.wx_shop_order' doesn't exist
 [ SQL语句 ] : SHOW COLUMNS FROM `wx_shop_order`

[ 2017-06-22T09:32:32+08:00 ] 127.0.0.1 /mlaj/Admin/Index/notice.html
INFO: [ app_init ] --START--
INFO: Run Behavior\BuildLiteBehavior [ RunTime:0.000000s ]
INFO: [ app_init ] --END-- [ RunTime:0.000000s ]
INFO: [ app_begin ] --START--
INFO: Run Behavior\ReadHtmlCacheBehavior [ RunTime:0.000000s ]
INFO: [ app_begin ] --END-- [ RunTime:0.000000s ]
ERR: 1146:Table 'mlaj.wx_shop_order' doesn't exist
 [ SQL语句 ] : SHOW COLUMNS FROM `wx_shop_order`
ERR: 1146:Table 'mlaj.wx_shop_order' doesn't exist
 [ SQL语句 ] : SHOW COLUMNS FROM `wx_shop_order`

[ 2017-06-22T09:32:44+08:00 ] 127.0.0.1 /mlaj/Admin/Index/notice.html
INFO: [ app_init ] --START--
INFO: Run Behavior\BuildLiteBehavior [ RunTime:0.000000s ]
INFO: [ app_init ] --END-- [ RunTime:0.000000s ]
INFO: [ app_begin ] --START--
INFO: Run Behavior\ReadHtmlCacheBehavior [ RunTime:0.000000s ]
INFO: [ app_begin ] --END-- [ RunTime:0.000000s ]
ERR: 1146:Table 'mlaj.wx_shop_order' doesn't exist
 [ SQL语句 ] : SHOW COLUMNS FROM `wx_shop_order`
ERR: 1146:Table 'mlaj.wx_shop_order' doesn't exist
 [ SQL语句 ] : SHOW COLUMNS FROM `wx_shop_order`

[ 2017-06-22T09:32:56+08:00 ] 127.0.0.1 /mlaj/Admin/Index/notice.html
INFO: [ app_init ] --START--
INFO: Run Behavior\BuildLiteBehavior [ RunTime:0.000000s ]
INFO: [ app_init ] --END-- [ RunTime:0.001000s ]
INFO: [ app_begin ] --START--
INFO: Run Behavior\ReadHtmlCacheBehavior [ RunTime:0.001000s ]
INFO: [ app_begin ] --END-- [ RunTime:0.002000s ]
ERR: 1146:Table 'mlaj.wx_shop_order' doesn't exist
 [ SQL语句 ] : SHOW COLUMNS FROM `wx_shop_order`
ERR: 1146:Table 'mlaj.wx_shop_order' doesn't exist
 [ SQL语句 ] : SHOW COLUMNS FROM `wx_shop_order`

[ 2017-06-22T09:33:08+08:00 ] 127.0.0.1 /mlaj/Admin/Index/notice.html
INFO: [ app_init ] --START--
INFO: Run Behavior\BuildLiteBehavior [ RunTime:0.000000s ]
INFO: [ app_init ] --END-- [ RunTime:0.002000s ]
INFO: [ app_begin ] --START--
INFO: Run Behavior\ReadHtmlCacheBehavior [ RunTime:0.001001s ]
INFO: [ app_begin ] --END-- [ RunTime:0.001001s ]
ERR: 1146:Table 'mlaj.wx_shop_order' doesn't exist
 [ SQL语句 ] : SHOW COLUMNS FROM `wx_shop_order`
ERR: 1146:Table 'mlaj.wx_shop_order' doesn't exist
 [ SQL语句 ] : SHOW COLUMNS FROM `wx_shop_order`

[ 2017-06-22T09:33:20+08:00 ] 127.0.0.1 /mlaj/Admin/Index/notice.html
INFO: [ app_init ] --START--
INFO: Run Behavior\BuildLiteBehavior [ RunTime:0.000000s ]
INFO: [ app_init ] --END-- [ RunTime:0.000000s ]
INFO: [ app_begin ] --START--
INFO: Run Behavior\ReadHtmlCacheBehavior [ RunTime:0.001000s ]
INFO: [ app_begin ] --END-- [ RunTime:0.001000s ]
ERR: 1146:Table 'mlaj.wx_shop_order' doesn't exist
 [ SQL语句 ] : SHOW COLUMNS FROM `wx_shop_order`
ERR: 1146:Table 'mlaj.wx_shop_order' doesn't exist
 [ SQL语句 ] : SHOW COLUMNS FROM `wx_shop_order`

[ 2017-06-22T09:33:32+08:00 ] 127.0.0.1 /mlaj/Admin/Index/notice.html
INFO: [ app_init ] --START--
INFO: Run Behavior\BuildLiteBehavior [ RunTime:0.000000s ]
INFO: [ app_init ] --END-- [ RunTime:0.001000s ]
INFO: [ app_begin ] --START--
INFO: Run Behavior\ReadHtmlCacheBehavior [ RunTime:0.000000s ]
INFO: [ app_begin ] --END-- [ RunTime:0.000000s ]
ERR: 1146:Table 'mlaj.wx_shop_order' doesn't exist
 [ SQL语句 ] : SHOW COLUMNS FROM `wx_shop_order`
ERR: 1146:Table 'mlaj.wx_shop_order' doesn't exist
 [ SQL语句 ] : SHOW COLUMNS FROM `wx_shop_order`

[ 2017-06-22T09:33:44+08:00 ] 127.0.0.1 /mlaj/Admin/Index/notice.html
INFO: [ app_init ] --START--
INFO: Run Behavior\BuildLiteBehavior [ RunTime:0.000000s ]
INFO: [ app_init ] --END-- [ RunTime:0.001000s ]
INFO: [ app_begin ] --START--
INFO: Run Behavior\ReadHtmlCacheBehavior [ RunTime:0.000000s ]
INFO: [ app_begin ] --END-- [ RunTime:0.000000s ]
ERR: 1146:Table 'mlaj.wx_shop_order' doesn't exist
 [ SQL语句 ] : SHOW COLUMNS FROM `wx_shop_order`
ERR: 1146:Table 'mlaj.wx_shop_order' doesn't exist
 [ SQL语句 ] : SHOW COLUMNS FROM `wx_shop_order`

[ 2017-06-22T09:33:56+08:00 ] 127.0.0.1 /mlaj/Admin/Index/notice.html
INFO: [ app_init ] --START--
INFO: Run Behavior\BuildLiteBehavior [ RunTime:0.000000s ]
INFO: [ app_init ] --END-- [ RunTime:0.001000s ]
INFO: [ app_begin ] --START--
INFO: Run Behavior\ReadHtmlCacheBehavior [ RunTime:0.001001s ]
INFO: [ app_begin ] --END-- [ RunTime:0.001001s ]
ERR: 1146:Table 'mlaj.wx_shop_order' doesn't exist
 [ SQL语句 ] : SHOW COLUMNS FROM `wx_shop_order`
ERR: 1146:Table 'mlaj.wx_shop_order' doesn't exist
 [ SQL语句 ] : SHOW COLUMNS FROM `wx_shop_order`

[ 2017-06-22T09:34:08+08:00 ] 127.0.0.1 /mlaj/Admin/Index/notice.html
INFO: [ app_init ] --START--
INFO: Run Behavior\BuildLiteBehavior [ RunTime:0.000000s ]
INFO: [ app_init ] --END-- [ RunTime:0.000000s ]
INFO: [ app_begin ] --START--
INFO: Run Behavior\ReadHtmlCacheBehavior [ RunTime:0.001001s ]
INFO: [ app_begin ] --END-- [ RunTime:0.001001s ]
ERR: 1146:Table 'mlaj.wx_shop_order' doesn't exist
 [ SQL语句 ] : SHOW COLUMNS FROM `wx_shop_order`
ERR: 1146:Table 'mlaj.wx_shop_order' doesn't exist
 [ SQL语句 ] : SHOW COLUMNS FROM `wx_shop_order`

[ 2017-06-22T09:34:20+08:00 ] 127.0.0.1 /mlaj/Admin/Index/notice.html
INFO: [ app_init ] --START--
INFO: Run Behavior\BuildLiteBehavior [ RunTime:0.000000s ]
INFO: [ app_init ] --END-- [ RunTime:0.001000s ]
INFO: [ app_begin ] --START--
INFO: Run Behavior\ReadHtmlCacheBehavior [ RunTime:0.001000s ]
INFO: [ app_begin ] --END-- [ RunTime:0.002000s ]
ERR: 1146:Table 'mlaj.wx_shop_order' doesn't exist
 [ SQL语句 ] : SHOW COLUMNS FROM `wx_shop_order`
ERR: 1146:Table 'mlaj.wx_shop_order' doesn't exist
 [ SQL语句 ] : SHOW COLUMNS FROM `wx_shop_order`

[ 2017-06-22T09:34:32+08:00 ] 127.0.0.1 /mlaj/Admin/Index/notice.html
INFO: [ app_init ] --START--
INFO: Run Behavior\BuildLiteBehavior [ RunTime:0.000000s ]
INFO: [ app_init ] --END-- [ RunTime:0.001000s ]
INFO: [ app_begin ] --START--
INFO: Run Behavior\ReadHtmlCacheBehavior [ RunTime:0.000000s ]
INFO: [ app_begin ] --END-- [ RunTime:0.001000s ]
ERR: 1146:Table 'mlaj.wx_shop_order' doesn't exist
 [ SQL语句 ] : SHOW COLUMNS FROM `wx_shop_order`
ERR: 1146:Table 'mlaj.wx_shop_order' doesn't exist
 [ SQL语句 ] : SHOW COLUMNS FROM `wx_shop_order`

[ 2017-06-22T09:34:44+08:00 ] 127.0.0.1 /mlaj/Admin/Index/notice.html
INFO: [ app_init ] --START--
INFO: Run Behavior\BuildLiteBehavior [ RunTime:0.000000s ]
INFO: [ app_init ] --END-- [ RunTime:0.001000s ]
INFO: [ app_begin ] --START--
INFO: Run Behavior\ReadHtmlCacheBehavior [ RunTime:0.001000s ]
INFO: [ app_begin ] --END-- [ RunTime:0.001000s ]
ERR: 1146:Table 'mlaj.wx_shop_order' doesn't exist
 [ SQL语句 ] : SHOW COLUMNS FROM `wx_shop_order`
ERR: 1146:Table 'mlaj.wx_shop_order' doesn't exist
 [ SQL语句 ] : SHOW COLUMNS FROM `wx_shop_order`

[ 2017-06-22T09:34:56+08:00 ] 127.0.0.1 /mlaj/Admin/Index/notice.html
INFO: [ app_init ] --START--
INFO: Run Behavior\BuildLiteBehavior [ RunTime:0.000000s ]
INFO: [ app_init ] --END-- [ RunTime:0.000000s ]
INFO: [ app_begin ] --START--
INFO: Run Behavior\ReadHtmlCacheBehavior [ RunTime:0.001000s ]
INFO: [ app_begin ] --END-- [ RunTime:0.001000s ]
ERR: 1146:Table 'mlaj.wx_shop_order' doesn't exist
 [ SQL语句 ] : SHOW COLUMNS FROM `wx_shop_order`
ERR: 1146:Table 'mlaj.wx_shop_order' doesn't exist
 [ SQL语句 ] : SHOW COLUMNS FROM `wx_shop_order`

[ 2017-06-22T09:35:08+08:00 ] 127.0.0.1 /mlaj/Admin/Index/notice.html
INFO: [ app_init ] --START--
INFO: Run Behavior\BuildLiteBehavior [ RunTime:0.000000s ]
INFO: [ app_init ] --END-- [ RunTime:0.002000s ]
INFO: [ app_begin ] --START--
INFO: Run Behavior\ReadHtmlCacheBehavior [ RunTime:0.000000s ]
INFO: [ app_begin ] --END-- [ RunTime:0.001000s ]
ERR: 1146:Table 'mlaj.wx_shop_order' doesn't exist
 [ SQL语句 ] : SHOW COLUMNS FROM `wx_shop_order`
ERR: 1146:Table 'mlaj.wx_shop_order' doesn't exist
 [ SQL语句 ] : SHOW COLUMNS FROM `wx_shop_order`

[ 2017-06-22T09:35:21+08:00 ] 127.0.0.1 /mlaj/Admin/Index/notice.html
INFO: [ app_init ] --START--
INFO: Run Behavior\BuildLiteBehavior [ RunTime:0.000000s ]
INFO: [ app_init ] --END-- [ RunTime:0.001000s ]
INFO: [ app_begin ] --START--
INFO: Run Behavior\ReadHtmlCacheBehavior [ RunTime:0.001000s ]
INFO: [ app_begin ] --END-- [ RunTime:0.001000s ]
ERR: 1146:Table 'mlaj.wx_shop_order' doesn't exist
 [ SQL语句 ] : SHOW COLUMNS FROM `wx_shop_order`
ERR: 1146:Table 'mlaj.wx_shop_order' doesn't exist
 [ SQL语句 ] : SHOW COLUMNS FROM `wx_shop_order`

[ 2017-06-22T09:35:32+08:00 ] 127.0.0.1 /mlaj/Admin/Index/notice.html
INFO: [ app_init ] --START--
INFO: Run Behavior\BuildLiteBehavior [ RunTime:0.000000s ]
INFO: [ app_init ] --END-- [ RunTime:0.001000s ]
INFO: [ app_begin ] --START--
INFO: Run Behavior\ReadHtmlCacheBehavior [ RunTime:0.000000s ]
INFO: [ app_begin ] --END-- [ RunTime:0.000000s ]
ERR: 1146:Table 'mlaj.wx_shop_order' doesn't exist
 [ SQL语句 ] : SHOW COLUMNS FROM `wx_shop_order`
ERR: 1146:Table 'mlaj.wx_shop_order' doesn't exist
 [ SQL语句 ] : SHOW COLUMNS FROM `wx_shop_order`

[ 2017-06-22T09:35:44+08:00 ] 127.0.0.1 /mlaj/Admin/Index/notice.html
INFO: [ app_init ] --START--
INFO: Run Behavior\BuildLiteBehavior [ RunTime:0.000000s ]
INFO: [ app_init ] --END-- [ RunTime:0.001000s ]
INFO: [ app_begin ] --START--
INFO: Run Behavior\ReadHtmlCacheBehavior [ RunTime:0.001000s ]
INFO: [ app_begin ] --END-- [ RunTime:0.001000s ]
ERR: 1146:Table 'mlaj.wx_shop_order' doesn't exist
 [ SQL语句 ] : SHOW COLUMNS FROM `wx_shop_order`
ERR: 1146:Table 'mlaj.wx_shop_order' doesn't exist
 [ SQL语句 ] : SHOW COLUMNS FROM `wx_shop_order`

[ 2017-06-22T09:35:56+08:00 ] 127.0.0.1 /mlaj/Admin/Index/notice.html
INFO: [ app_init ] --START--
INFO: Run Behavior\BuildLiteBehavior [ RunTime:0.000000s ]
INFO: [ app_init ] --END-- [ RunTime:0.000000s ]
INFO: [ app_begin ] --START--
INFO: Run Behavior\ReadHtmlCacheBehavior [ RunTime:0.001000s ]
INFO: [ app_begin ] --END-- [ RunTime:0.001000s ]
ERR: 1146:Table 'mlaj.wx_shop_order' doesn't exist
 [ SQL语句 ] : SHOW COLUMNS FROM `wx_shop_order`
ERR: 1146:Table 'mlaj.wx_shop_order' doesn't exist
 [ SQL语句 ] : SHOW COLUMNS FROM `wx_shop_order`

[ 2017-06-22T09:36:09+08:00 ] 127.0.0.1 /mlaj/Admin/Index/notice.html
INFO: [ app_init ] --START--
INFO: Run Behavior\BuildLiteBehavior [ RunTime:0.000000s ]
INFO: [ app_init ] --END-- [ RunTime:0.002000s ]
INFO: [ app_begin ] --START--
INFO: Run Behavior\ReadHtmlCacheBehavior [ RunTime:0.001000s ]
INFO: [ app_begin ] --END-- [ RunTime:0.001000s ]
ERR: 1146:Table 'mlaj.wx_shop_order' doesn't exist
 [ SQL语句 ] : SHOW COLUMNS FROM `wx_shop_order`
ERR: 1146:Table 'mlaj.wx_shop_order' doesn't exist
 [ SQL语句 ] : SHOW COLUMNS FROM `wx_shop_order`

[ 2017-06-22T09:36:21+08:00 ] 127.0.0.1 /mlaj/Admin/Index/notice.html
INFO: [ app_init ] --START--
INFO: Run Behavior\BuildLiteBehavior [ RunTime:0.000000s ]
INFO: [ app_init ] --END-- [ RunTime:0.001000s ]
INFO: [ app_begin ] --START--
INFO: Run Behavior\ReadHtmlCacheBehavior [ RunTime:0.000000s ]
INFO: [ app_begin ] --END-- [ RunTime:0.000000s ]
ERR: 1146:Table 'mlaj.wx_shop_order' doesn't exist
 [ SQL语句 ] : SHOW COLUMNS FROM `wx_shop_order`
ERR: 1146:Table 'mlaj.wx_shop_order' doesn't exist
 [ SQL语句 ] : SHOW COLUMNS FROM `wx_shop_order`

[ 2017-06-22T09:36:33+08:00 ] 127.0.0.1 /mlaj/Admin/Index/notice.html
INFO: [ app_init ] --START--
INFO: Run Behavior\BuildLiteBehavior [ RunTime:0.000000s ]
INFO: [ app_init ] --END-- [ RunTime:0.001000s ]
INFO: [ app_begin ] --START--
INFO: Run Behavior\ReadHtmlCacheBehavior [ RunTime:0.002000s ]
INFO: [ app_begin ] --END-- [ RunTime:0.002000s ]
ERR: 1146:Table 'mlaj.wx_shop_order' doesn't exist
 [ SQL语句 ] : SHOW COLUMNS FROM `wx_shop_order`
ERR: 1146:Table 'mlaj.wx_shop_order' doesn't exist
 [ SQL语句 ] : SHOW COLUMNS FROM `wx_shop_order`

[ 2017-06-22T09:36:45+08:00 ] 127.0.0.1 /mlaj/Admin/Index/notice.html
INFO: [ app_init ] --START--
INFO: Run Behavior\BuildLiteBehavior [ RunTime:0.000000s ]
INFO: [ app_init ] --END-- [ RunTime:0.001000s ]
INFO: [ app_begin ] --START--
INFO: Run Behavior\ReadHtmlCacheBehavior [ RunTime:0.000000s ]
INFO: [ app_begin ] --END-- [ RunTime:0.001000s ]
ERR: 1146:Table 'mlaj.wx_shop_order' doesn't exist
 [ SQL语句 ] : SHOW COLUMNS FROM `wx_shop_order`
ERR: 1146:Table 'mlaj.wx_shop_order' doesn't exist
 [ SQL语句 ] : SHOW COLUMNS FROM `wx_shop_order`

[ 2017-06-22T09:36:57+08:00 ] 127.0.0.1 /mlaj/Admin/Index/notice.html
INFO: [ app_init ] --START--
INFO: Run Behavior\BuildLiteBehavior [ RunTime:0.000000s ]
INFO: [ app_init ] --END-- [ RunTime:0.001000s ]
INFO: [ app_begin ] --START--
INFO: Run Behavior\ReadHtmlCacheBehavior [ RunTime:0.000000s ]
INFO: [ app_begin ] --END-- [ RunTime:0.000000s ]
ERR: 1146:Table 'mlaj.wx_shop_order' doesn't exist
 [ SQL语句 ] : SHOW COLUMNS FROM `wx_shop_order`
ERR: 1146:Table 'mlaj.wx_shop_order' doesn't exist
 [ SQL语句 ] : SHOW COLUMNS FROM `wx_shop_order`

[ 2017-06-22T09:37:09+08:00 ] 127.0.0.1 /mlaj/Admin/Index/notice.html
INFO: [ app_init ] --START--
INFO: Run Behavior\BuildLiteBehavior [ RunTime:0.000000s ]
INFO: [ app_init ] --END-- [ RunTime:0.000000s ]
INFO: [ app_begin ] --START--
INFO: Run Behavior\ReadHtmlCacheBehavior [ RunTime:0.001000s ]
INFO: [ app_begin ] --END-- [ RunTime:0.001000s ]
ERR: 1146:Table 'mlaj.wx_shop_order' doesn't exist
 [ SQL语句 ] : SHOW COLUMNS FROM `wx_shop_order`
ERR: 1146:Table 'mlaj.wx_shop_order' doesn't exist
 [ SQL语句 ] : SHOW COLUMNS FROM `wx_shop_order`

[ 2017-06-22T09:37:21+08:00 ] 127.0.0.1 /mlaj/Admin/Index/notice.html
INFO: [ app_init ] --START--
INFO: Run Behavior\BuildLiteBehavior [ RunTime:0.000000s ]
INFO: [ app_init ] --END-- [ RunTime:0.001000s ]
INFO: [ app_begin ] --START--
INFO: Run Behavior\ReadHtmlCacheBehavior [ RunTime:0.001000s ]
INFO: [ app_begin ] --END-- [ RunTime:0.001000s ]
ERR: 1146:Table 'mlaj.wx_shop_order' doesn't exist
 [ SQL语句 ] : SHOW COLUMNS FROM `wx_shop_order`
ERR: 1146:Table 'mlaj.wx_shop_order' doesn't exist
 [ SQL语句 ] : SHOW COLUMNS FROM `wx_shop_order`

[ 2017-06-22T09:37:33+08:00 ] 127.0.0.1 /mlaj/Admin/Index/notice.html
INFO: [ app_init ] --START--
INFO: Run Behavior\BuildLiteBehavior [ RunTime:0.000000s ]
INFO: [ app_init ] --END-- [ RunTime:0.001001s ]
INFO: [ app_begin ] --START--
INFO: Run Behavior\ReadHtmlCacheBehavior [ RunTime:0.001000s ]
INFO: [ app_begin ] --END-- [ RunTime:0.001000s ]
ERR: 1146:Table 'mlaj.wx_shop_order' doesn't exist
 [ SQL语句 ] : SHOW COLUMNS FROM `wx_shop_order`
ERR: 1146:Table 'mlaj.wx_shop_order' doesn't exist
 [ SQL语句 ] : SHOW COLUMNS FROM `wx_shop_order`

[ 2017-06-22T09:37:45+08:00 ] 127.0.0.1 /mlaj/Admin/Index/notice.html
INFO: [ app_init ] --START--
INFO: Run Behavior\BuildLiteBehavior [ RunTime:0.000000s ]
INFO: [ app_init ] --END-- [ RunTime:0.001000s ]
INFO: [ app_begin ] --START--
INFO: Run Behavior\ReadHtmlCacheBehavior [ RunTime:0.001000s ]
INFO: [ app_begin ] --END-- [ RunTime:0.001000s ]
ERR: 1146:Table 'mlaj.wx_shop_order' doesn't exist
 [ SQL语句 ] : SHOW COLUMNS FROM `wx_shop_order`
ERR: 1146:Table 'mlaj.wx_shop_order' doesn't exist
 [ SQL语句 ] : SHOW COLUMNS FROM `wx_shop_order`

[ 2017-06-22T09:37:57+08:00 ] 127.0.0.1 /mlaj/Admin/Index/notice.html
INFO: [ app_init ] --START--
INFO: Run Behavior\BuildLiteBehavior [ RunTime:0.000000s ]
INFO: [ app_init ] --END-- [ RunTime:0.000000s ]
INFO: [ app_begin ] --START--
INFO: Run Behavior\ReadHtmlCacheBehavior [ RunTime:0.001000s ]
INFO: [ app_begin ] --END-- [ RunTime:0.001000s ]
ERR: 1146:Table 'mlaj.wx_shop_order' doesn't exist
 [ SQL语句 ] : SHOW COLUMNS FROM `wx_shop_order`
ERR: 1146:Table 'mlaj.wx_shop_order' doesn't exist
 [ SQL语句 ] : SHOW COLUMNS FROM `wx_shop_order`

[ 2017-06-22T09:38:09+08:00 ] 127.0.0.1 /mlaj/Admin/Index/notice.html
INFO: [ app_init ] --START--
INFO: Run Behavior\BuildLiteBehavior [ RunTime:0.000000s ]
INFO: [ app_init ] --END-- [ RunTime:0.001000s ]
INFO: [ app_begin ] --START--
INFO: Run Behavior\ReadHtmlCacheBehavior [ RunTime:0.001000s ]
INFO: [ app_begin ] --END-- [ RunTime:0.001000s ]
ERR: 1146:Table 'mlaj.wx_shop_order' doesn't exist
 [ SQL语句 ] : SHOW COLUMNS FROM `wx_shop_order`
ERR: 1146:Table 'mlaj.wx_shop_order' doesn't exist
 [ SQL语句 ] : SHOW COLUMNS FROM `wx_shop_order`

[ 2017-06-22T09:38:21+08:00 ] 127.0.0.1 /mlaj/Admin/Index/notice.html
INFO: [ app_init ] --START--
INFO: Run Behavior\BuildLiteBehavior [ RunTime:0.000000s ]
INFO: [ app_init ] --END-- [ RunTime:0.000000s ]
INFO: [ app_begin ] --START--
INFO: Run Behavior\ReadHtmlCacheBehavior [ RunTime:0.001000s ]
INFO: [ app_begin ] --END-- [ RunTime:0.001000s ]
ERR: 1146:Table 'mlaj.wx_shop_order' doesn't exist
 [ SQL语句 ] : SHOW COLUMNS FROM `wx_shop_order`
ERR: 1146:Table 'mlaj.wx_shop_order' doesn't exist
 [ SQL语句 ] : SHOW COLUMNS FROM `wx_shop_order`

[ 2017-06-22T09:38:33+08:00 ] 127.0.0.1 /mlaj/Admin/Index/notice.html
INFO: [ app_init ] --START--
INFO: Run Behavior\BuildLiteBehavior [ RunTime:0.000000s ]
INFO: [ app_init ] --END-- [ RunTime:0.001000s ]
INFO: [ app_begin ] --START--
INFO: Run Behavior\ReadHtmlCacheBehavior [ RunTime:0.001001s ]
INFO: [ app_begin ] --END-- [ RunTime:0.001001s ]
ERR: 1146:Table 'mlaj.wx_shop_order' doesn't exist
 [ SQL语句 ] : SHOW COLUMNS FROM `wx_shop_order`
ERR: 1146:Table 'mlaj.wx_shop_order' doesn't exist
 [ SQL语句 ] : SHOW COLUMNS FROM `wx_shop_order`

[ 2017-06-22T09:38:45+08:00 ] 127.0.0.1 /mlaj/Admin/Index/notice.html
INFO: [ app_init ] --START--
INFO: Run Behavior\BuildLiteBehavior [ RunTime:0.000000s ]
INFO: [ app_init ] --END-- [ RunTime:0.001000s ]
INFO: [ app_begin ] --START--
INFO: Run Behavior\ReadHtmlCacheBehavior [ RunTime:0.001001s ]
INFO: [ app_begin ] --END-- [ RunTime:0.001001s ]
ERR: 1146:Table 'mlaj.wx_shop_order' doesn't exist
 [ SQL语句 ] : SHOW COLUMNS FROM `wx_shop_order`
ERR: 1146:Table 'mlaj.wx_shop_order' doesn't exist
 [ SQL语句 ] : SHOW COLUMNS FROM `wx_shop_order`

[ 2017-06-22T09:38:57+08:00 ] 127.0.0.1 /mlaj/Admin/Index/notice.html
INFO: [ app_init ] --START--
INFO: Run Behavior\BuildLiteBehavior [ RunTime:0.000000s ]
INFO: [ app_init ] --END-- [ RunTime:0.000000s ]
INFO: [ app_begin ] --START--
INFO: Run Behavior\ReadHtmlCacheBehavior [ RunTime:0.001000s ]
INFO: [ app_begin ] --END-- [ RunTime:0.001000s ]
ERR: 1146:Table 'mlaj.wx_shop_order' doesn't exist
 [ SQL语句 ] : SHOW COLUMNS FROM `wx_shop_order`
ERR: 1146:Table 'mlaj.wx_shop_order' doesn't exist
 [ SQL语句 ] : SHOW COLUMNS FROM `wx_shop_order`

[ 2017-06-22T09:39:09+08:00 ] 127.0.0.1 /mlaj/Admin/Index/notice.html
INFO: [ app_init ] --START--
INFO: Run Behavior\BuildLiteBehavior [ RunTime:0.000000s ]
INFO: [ app_init ] --END-- [ RunTime:0.001000s ]
INFO: [ app_begin ] --START--
INFO: Run Behavior\ReadHtmlCacheBehavior [ RunTime:0.001000s ]
INFO: [ app_begin ] --END-- [ RunTime:0.001000s ]
ERR: 1146:Table 'mlaj.wx_shop_order' doesn't exist
 [ SQL语句 ] : SHOW COLUMNS FROM `wx_shop_order`
ERR: 1146:Table 'mlaj.wx_shop_order' doesn't exist
 [ SQL语句 ] : SHOW COLUMNS FROM `wx_shop_order`

[ 2017-06-22T09:39:21+08:00 ] 127.0.0.1 /mlaj/Admin/Index/notice.html
INFO: [ app_init ] --START--
INFO: Run Behavior\BuildLiteBehavior [ RunTime:0.000000s ]
INFO: [ app_init ] --END-- [ RunTime:0.001001s ]
INFO: [ app_begin ] --START--
INFO: Run Behavior\ReadHtmlCacheBehavior [ RunTime:0.001000s ]
INFO: [ app_begin ] --END-- [ RunTime:0.001000s ]
ERR: 1146:Table 'mlaj.wx_shop_order' doesn't exist
 [ SQL语句 ] : SHOW COLUMNS FROM `wx_shop_order`
ERR: 1146:Table 'mlaj.wx_shop_order' doesn't exist
 [ SQL语句 ] : SHOW COLUMNS FROM `wx_shop_order`

[ 2017-06-22T09:39:33+08:00 ] 127.0.0.1 /mlaj/Admin/Index/notice.html
INFO: [ app_init ] --START--
INFO: Run Behavior\BuildLiteBehavior [ RunTime:0.000000s ]
INFO: [ app_init ] --END-- [ RunTime:0.000000s ]
INFO: [ app_begin ] --START--
INFO: Run Behavior\ReadHtmlCacheBehavior [ RunTime:0.001000s ]
INFO: [ app_begin ] --END-- [ RunTime:0.001000s ]
ERR: 1146:Table 'mlaj.wx_shop_order' doesn't exist
 [ SQL语句 ] : SHOW COLUMNS FROM `wx_shop_order`
ERR: 1146:Table 'mlaj.wx_shop_order' doesn't exist
 [ SQL语句 ] : SHOW COLUMNS FROM `wx_shop_order`

[ 2017-06-22T09:39:45+08:00 ] 127.0.0.1 /mlaj/Admin/Index/notice.html
INFO: [ app_init ] --START--
INFO: Run Behavior\BuildLiteBehavior [ RunTime:0.000000s ]
INFO: [ app_init ] --END-- [ RunTime:0.000000s ]
INFO: [ app_begin ] --START--
INFO: Run Behavior\ReadHtmlCacheBehavior [ RunTime:0.002000s ]
INFO: [ app_begin ] --END-- [ RunTime:0.002000s ]
ERR: 1146:Table 'mlaj.wx_shop_order' doesn't exist
 [ SQL语句 ] : SHOW COLUMNS FROM `wx_shop_order`
ERR: 1146:Table 'mlaj.wx_shop_order' doesn't exist
 [ SQL语句 ] : SHOW COLUMNS FROM `wx_shop_order`

[ 2017-06-22T09:39:57+08:00 ] 127.0.0.1 /mlaj/Admin/Index/notice.html
INFO: [ app_init ] --START--
INFO: Run Behavior\BuildLiteBehavior [ RunTime:0.000000s ]
INFO: [ app_init ] --END-- [ RunTime:0.000000s ]
INFO: [ app_begin ] --START--
INFO: Run Behavior\ReadHtmlCacheBehavior [ RunTime:0.001000s ]
INFO: [ app_begin ] --END-- [ RunTime:0.001000s ]
ERR: 1146:Table 'mlaj.wx_shop_order' doesn't exist
 [ SQL语句 ] : SHOW COLUMNS FROM `wx_shop_order`
ERR: 1146:Table 'mlaj.wx_shop_order' doesn't exist
 [ SQL语句 ] : SHOW COLUMNS FROM `wx_shop_order`

[ 2017-06-22T09:40:09+08:00 ] 127.0.0.1 /mlaj/Admin/Index/notice.html
INFO: [ app_init ] --START--
INFO: Run Behavior\BuildLiteBehavior [ RunTime:0.000000s ]
INFO: [ app_init ] --END-- [ RunTime:0.000000s ]
INFO: [ app_begin ] --START--
INFO: Run Behavior\ReadHtmlCacheBehavior [ RunTime:0.001000s ]
INFO: [ app_begin ] --END-- [ RunTime:0.001000s ]
ERR: 1146:Table 'mlaj.wx_shop_order' doesn't exist
 [ SQL语句 ] : SHOW COLUMNS FROM `wx_shop_order`
ERR: 1146:Table 'mlaj.wx_shop_order' doesn't exist
 [ SQL语句 ] : SHOW COLUMNS FROM `wx_shop_order`

[ 2017-06-22T09:40:21+08:00 ] 127.0.0.1 /mlaj/Admin/Index/notice.html
INFO: [ app_init ] --START--
INFO: Run Behavior\BuildLiteBehavior [ RunTime:0.000000s ]
INFO: [ app_init ] --END-- [ RunTime:0.001000s ]
INFO: [ app_begin ] --START--
INFO: Run Behavior\ReadHtmlCacheBehavior [ RunTime:0.001000s ]
INFO: [ app_begin ] --END-- [ RunTime:0.001000s ]
ERR: 1146:Table 'mlaj.wx_shop_order' doesn't exist
 [ SQL语句 ] : SHOW COLUMNS FROM `wx_shop_order`
ERR: 1146:Table 'mlaj.wx_shop_order' doesn't exist
 [ SQL语句 ] : SHOW COLUMNS FROM `wx_shop_order`

[ 2017-06-22T09:40:33+08:00 ] 127.0.0.1 /mlaj/Admin/Index/notice.html
INFO: [ app_init ] --START--
INFO: Run Behavior\BuildLiteBehavior [ RunTime:0.000000s ]
INFO: [ app_init ] --END-- [ RunTime:0.001000s ]
INFO: [ app_begin ] --START--
INFO: Run Behavior\ReadHtmlCacheBehavior [ RunTime:0.001000s ]
INFO: [ app_begin ] --END-- [ RunTime:0.001000s ]
ERR: 1146:Table 'mlaj.wx_shop_order' doesn't exist
 [ SQL语句 ] : SHOW COLUMNS FROM `wx_shop_order`
ERR: 1146:Table 'mlaj.wx_shop_order' doesn't exist
 [ SQL语句 ] : SHOW COLUMNS FROM `wx_shop_order`

[ 2017-06-22T09:40:45+08:00 ] 127.0.0.1 /mlaj/Admin/Index/notice.html
INFO: [ app_init ] --START--
INFO: Run Behavior\BuildLiteBehavior [ RunTime:0.000000s ]
INFO: [ app_init ] --END-- [ RunTime:0.001000s ]
INFO: [ app_begin ] --START--
INFO: Run Behavior\ReadHtmlCacheBehavior [ RunTime:0.001000s ]
INFO: [ app_begin ] --END-- [ RunTime:0.001000s ]
ERR: 1146:Table 'mlaj.wx_shop_order' doesn't exist
 [ SQL语句 ] : SHOW COLUMNS FROM `wx_shop_order`
ERR: 1146:Table 'mlaj.wx_shop_order' doesn't exist
 [ SQL语句 ] : SHOW COLUMNS FROM `wx_shop_order`

[ 2017-06-22T09:40:57+08:00 ] 127.0.0.1 /mlaj/Admin/Index/notice.html
INFO: [ app_init ] --START--
INFO: Run Behavior\BuildLiteBehavior [ RunTime:0.000000s ]
INFO: [ app_init ] --END-- [ RunTime:0.001000s ]
INFO: [ app_begin ] --START--
INFO: Run Behavior\ReadHtmlCacheBehavior [ RunTime:0.001000s ]
INFO: [ app_begin ] --END-- [ RunTime:0.001000s ]
ERR: 1146:Table 'mlaj.wx_shop_order' doesn't exist
 [ SQL语句 ] : SHOW COLUMNS FROM `wx_shop_order`
ERR: 1146:Table 'mlaj.wx_shop_order' doesn't exist
 [ SQL语句 ] : SHOW COLUMNS FROM `wx_shop_order`

[ 2017-06-22T09:41:09+08:00 ] 127.0.0.1 /mlaj/Admin/Index/notice.html
INFO: [ app_init ] --START--
INFO: Run Behavior\BuildLiteBehavior [ RunTime:0.000000s ]
INFO: [ app_init ] --END-- [ RunTime:0.001000s ]
INFO: [ app_begin ] --START--
INFO: Run Behavior\ReadHtmlCacheBehavior [ RunTime:0.000000s ]
INFO: [ app_begin ] --END-- [ RunTime:0.001000s ]
ERR: 1146:Table 'mlaj.wx_shop_order' doesn't exist
 [ SQL语句 ] : SHOW COLUMNS FROM `wx_shop_order`
ERR: 1146:Table 'mlaj.wx_shop_order' doesn't exist
 [ SQL语句 ] : SHOW COLUMNS FROM `wx_shop_order`

[ 2017-06-22T09:41:21+08:00 ] 127.0.0.1 /mlaj/Admin/Index/notice.html
INFO: [ app_init ] --START--
INFO: Run Behavior\BuildLiteBehavior [ RunTime:0.000000s ]
INFO: [ app_init ] --END-- [ RunTime:0.001000s ]
INFO: [ app_begin ] --START--
INFO: Run Behavior\ReadHtmlCacheBehavior [ RunTime:0.001000s ]
INFO: [ app_begin ] --END-- [ RunTime:0.001000s ]
ERR: 1146:Table 'mlaj.wx_shop_order' doesn't exist
 [ SQL语句 ] : SHOW COLUMNS FROM `wx_shop_order`
ERR: 1146:Table 'mlaj.wx_shop_order' doesn't exist
 [ SQL语句 ] : SHOW COLUMNS FROM `wx_shop_order`

[ 2017-06-22T09:41:33+08:00 ] 127.0.0.1 /mlaj/Admin/Index/notice.html
INFO: [ app_init ] --START--
INFO: Run Behavior\BuildLiteBehavior [ RunTime:0.000000s ]
INFO: [ app_init ] --END-- [ RunTime:0.001000s ]
INFO: [ app_begin ] --START--
INFO: Run Behavior\ReadHtmlCacheBehavior [ RunTime:0.002000s ]
INFO: [ app_begin ] --END-- [ RunTime:0.002000s ]
ERR: 1146:Table 'mlaj.wx_shop_order' doesn't exist
 [ SQL语句 ] : SHOW COLUMNS FROM `wx_shop_order`
ERR: 1146:Table 'mlaj.wx_shop_order' doesn't exist
 [ SQL语句 ] : SHOW COLUMNS FROM `wx_shop_order`

[ 2017-06-22T09:41:45+08:00 ] 127.0.0.1 /mlaj/Admin/Index/notice.html
INFO: [ app_init ] --START--
INFO: Run Behavior\BuildLiteBehavior [ RunTime:0.000000s ]
INFO: [ app_init ] --END-- [ RunTime:0.001000s ]
INFO: [ app_begin ] --START--
INFO: Run Behavior\ReadHtmlCacheBehavior [ RunTime:0.000000s ]
INFO: [ app_begin ] --END-- [ RunTime:0.000000s ]
ERR: 1146:Table 'mlaj.wx_shop_order' doesn't exist
 [ SQL语句 ] : SHOW COLUMNS FROM `wx_shop_order`
ERR: 1146:Table 'mlaj.wx_shop_order' doesn't exist
 [ SQL语句 ] : SHOW COLUMNS FROM `wx_shop_order`

[ 2017-06-22T09:41:57+08:00 ] 127.0.0.1 /mlaj/Admin/Index/notice.html
INFO: [ app_init ] --START--
INFO: Run Behavior\BuildLiteBehavior [ RunTime:0.000000s ]
INFO: [ app_init ] --END-- [ RunTime:0.001000s ]
INFO: [ app_begin ] --START--
INFO: Run Behavior\ReadHtmlCacheBehavior [ RunTime:0.001000s ]
INFO: [ app_begin ] --END-- [ RunTime:0.001000s ]
ERR: 1146:Table 'mlaj.wx_shop_order' doesn't exist
 [ SQL语句 ] : SHOW COLUMNS FROM `wx_shop_order`
ERR: 1146:Table 'mlaj.wx_shop_order' doesn't exist
 [ SQL语句 ] : SHOW COLUMNS FROM `wx_shop_order`

[ 2017-06-22T09:42:09+08:00 ] 127.0.0.1 /mlaj/Admin/Index/notice.html
INFO: [ app_init ] --START--
INFO: Run Behavior\BuildLiteBehavior [ RunTime:0.000000s ]
INFO: [ app_init ] --END-- [ RunTime:0.000000s ]
INFO: [ app_begin ] --START--
INFO: Run Behavior\ReadHtmlCacheBehavior [ RunTime:0.001000s ]
INFO: [ app_begin ] --END-- [ RunTime:0.001000s ]
ERR: 1146:Table 'mlaj.wx_shop_order' doesn't exist
 [ SQL语句 ] : SHOW COLUMNS FROM `wx_shop_order`
ERR: 1146:Table 'mlaj.wx_shop_order' doesn't exist
 [ SQL语句 ] : SHOW COLUMNS FROM `wx_shop_order`

[ 2017-06-22T09:42:21+08:00 ] 127.0.0.1 /mlaj/Admin/Index/notice.html
INFO: [ app_init ] --START--
INFO: Run Behavior\BuildLiteBehavior [ RunTime:0.000000s ]
INFO: [ app_init ] --END-- [ RunTime:0.001000s ]
INFO: [ app_begin ] --START--
INFO: Run Behavior\ReadHtmlCacheBehavior [ RunTime:0.001000s ]
INFO: [ app_begin ] --END-- [ RunTime:0.001000s ]
ERR: 1146:Table 'mlaj.wx_shop_order' doesn't exist
 [ SQL语句 ] : SHOW COLUMNS FROM `wx_shop_order`
ERR: 1146:Table 'mlaj.wx_shop_order' doesn't exist
 [ SQL语句 ] : SHOW COLUMNS FROM `wx_shop_order`

[ 2017-06-22T09:42:33+08:00 ] 127.0.0.1 /mlaj/Admin/Index/notice.html
INFO: [ app_init ] --START--
INFO: Run Behavior\BuildLiteBehavior [ RunTime:0.000000s ]
INFO: [ app_init ] --END-- [ RunTime:0.001000s ]
INFO: [ app_begin ] --START--
INFO: Run Behavior\ReadHtmlCacheBehavior [ RunTime:0.001000s ]
INFO: [ app_begin ] --END-- [ RunTime:0.001000s ]
ERR: 1146:Table 'mlaj.wx_shop_order' doesn't exist
 [ SQL语句 ] : SHOW COLUMNS FROM `wx_shop_order`
ERR: 1146:Table 'mlaj.wx_shop_order' doesn't exist
 [ SQL语句 ] : SHOW COLUMNS FROM `wx_shop_order`

[ 2017-06-22T09:42:45+08:00 ] 127.0.0.1 /mlaj/Admin/Index/notice.html
INFO: [ app_init ] --START--
INFO: Run Behavior\BuildLiteBehavior [ RunTime:0.000000s ]
INFO: [ app_init ] --END-- [ RunTime:0.001000s ]
INFO: [ app_begin ] --START--
INFO: Run Behavior\ReadHtmlCacheBehavior [ RunTime:0.001000s ]
INFO: [ app_begin ] --END-- [ RunTime:0.001000s ]
ERR: 1146:Table 'mlaj.wx_shop_order' doesn't exist
 [ SQL语句 ] : SHOW COLUMNS FROM `wx_shop_order`
ERR: 1146:Table 'mlaj.wx_shop_order' doesn't exist
 [ SQL语句 ] : SHOW COLUMNS FROM `wx_shop_order`

[ 2017-06-22T09:42:57+08:00 ] 127.0.0.1 /mlaj/Admin/Index/notice.html
INFO: [ app_init ] --START--
INFO: Run Behavior\BuildLiteBehavior [ RunTime:0.000000s ]
INFO: [ app_init ] --END-- [ RunTime:0.001000s ]
INFO: [ app_begin ] --START--
INFO: Run Behavior\ReadHtmlCacheBehavior [ RunTime:0.000000s ]
INFO: [ app_begin ] --END-- [ RunTime:0.001000s ]
ERR: 1146:Table 'mlaj.wx_shop_order' doesn't exist
 [ SQL语句 ] : SHOW COLUMNS FROM `wx_shop_order`
ERR: 1146:Table 'mlaj.wx_shop_order' doesn't exist
 [ SQL语句 ] : SHOW COLUMNS FROM `wx_shop_order`

[ 2017-06-22T09:43:09+08:00 ] 127.0.0.1 /mlaj/Admin/Index/notice.html
INFO: [ app_init ] --START--
INFO: Run Behavior\BuildLiteBehavior [ RunTime:0.000000s ]
INFO: [ app_init ] --END-- [ RunTime:0.000000s ]
INFO: [ app_begin ] --START--
INFO: Run Behavior\ReadHtmlCacheBehavior [ RunTime:0.001000s ]
INFO: [ app_begin ] --END-- [ RunTime:0.001000s ]
ERR: 1146:Table 'mlaj.wx_shop_order' doesn't exist
 [ SQL语句 ] : SHOW COLUMNS FROM `wx_shop_order`
ERR: 1146:Table 'mlaj.wx_shop_order' doesn't exist
 [ SQL语句 ] : SHOW COLUMNS FROM `wx_shop_order`

[ 2017-06-22T09:43:21+08:00 ] 127.0.0.1 /mlaj/Admin/Index/notice.html
INFO: [ app_init ] --START--
INFO: Run Behavior\BuildLiteBehavior [ RunTime:0.000000s ]
INFO: [ app_init ] --END-- [ RunTime:0.001000s ]
INFO: [ app_begin ] --START--
INFO: Run Behavior\ReadHtmlCacheBehavior [ RunTime:0.001000s ]
INFO: [ app_begin ] --END-- [ RunTime:0.001000s ]
ERR: 1146:Table 'mlaj.wx_shop_order' doesn't exist
 [ SQL语句 ] : SHOW COLUMNS FROM `wx_shop_order`
ERR: 1146:Table 'mlaj.wx_shop_order' doesn't exist
 [ SQL语句 ] : SHOW COLUMNS FROM `wx_shop_order`

[ 2017-06-22T09:43:33+08:00 ] 127.0.0.1 /mlaj/Admin/Index/notice.html
INFO: [ app_init ] --START--
INFO: Run Behavior\BuildLiteBehavior [ RunTime:0.000000s ]
INFO: [ app_init ] --END-- [ RunTime:0.000000s ]
INFO: [ app_begin ] --START--
INFO: Run Behavior\ReadHtmlCacheBehavior [ RunTime:0.001000s ]
INFO: [ app_begin ] --END-- [ RunTime:0.001000s ]
ERR: 1146:Table 'mlaj.wx_shop_order' doesn't exist
 [ SQL语句 ] : SHOW COLUMNS FROM `wx_shop_order`
ERR: 1146:Table 'mlaj.wx_shop_order' doesn't exist
 [ SQL语句 ] : SHOW COLUMNS FROM `wx_shop_order`

[ 2017-06-22T09:43:45+08:00 ] 127.0.0.1 /mlaj/Admin/Index/notice.html
INFO: [ app_init ] --START--
INFO: Run Behavior\BuildLiteBehavior [ RunTime:0.000000s ]
INFO: [ app_init ] --END-- [ RunTime:0.001000s ]
INFO: [ app_begin ] --START--
INFO: Run Behavior\ReadHtmlCacheBehavior [ RunTime:0.001000s ]
INFO: [ app_begin ] --END-- [ RunTime:0.001000s ]
ERR: 1146:Table 'mlaj.wx_shop_order' doesn't exist
 [ SQL语句 ] : SHOW COLUMNS FROM `wx_shop_order`
ERR: 1146:Table 'mlaj.wx_shop_order' doesn't exist
 [ SQL语句 ] : SHOW COLUMNS FROM `wx_shop_order`

[ 2017-06-22T09:43:57+08:00 ] 127.0.0.1 /mlaj/Admin/Index/notice.html
INFO: [ app_init ] --START--
INFO: Run Behavior\BuildLiteBehavior [ RunTime:0.000000s ]
INFO: [ app_init ] --END-- [ RunTime:0.001000s ]
INFO: [ app_begin ] --START--
INFO: Run Behavior\ReadHtmlCacheBehavior [ RunTime:0.001000s ]
INFO: [ app_begin ] --END-- [ RunTime:0.001000s ]
ERR: 1146:Table 'mlaj.wx_shop_order' doesn't exist
 [ SQL语句 ] : SHOW COLUMNS FROM `wx_shop_order`
ERR: 1146:Table 'mlaj.wx_shop_order' doesn't exist
 [ SQL语句 ] : SHOW COLUMNS FROM `wx_shop_order`

[ 2017-06-22T09:44:09+08:00 ] 127.0.0.1 /mlaj/Admin/Index/notice.html
INFO: [ app_init ] --START--
INFO: Run Behavior\BuildLiteBehavior [ RunTime:0.000000s ]
INFO: [ app_init ] --END-- [ RunTime:0.001000s ]
INFO: [ app_begin ] --START--
INFO: Run Behavior\ReadHtmlCacheBehavior [ RunTime:0.001000s ]
INFO: [ app_begin ] --END-- [ RunTime:0.001000s ]
ERR: 1146:Table 'mlaj.wx_shop_order' doesn't exist
 [ SQL语句 ] : SHOW COLUMNS FROM `wx_shop_order`
ERR: 1146:Table 'mlaj.wx_shop_order' doesn't exist
 [ SQL语句 ] : SHOW COLUMNS FROM `wx_shop_order`

[ 2017-06-22T09:44:21+08:00 ] 127.0.0.1 /mlaj/Admin/Index/notice.html
INFO: [ app_init ] --START--
INFO: Run Behavior\BuildLiteBehavior [ RunTime:0.000000s ]
INFO: [ app_init ] --END-- [ RunTime:0.000000s ]
INFO: [ app_begin ] --START--
INFO: Run Behavior\ReadHtmlCacheBehavior [ RunTime:0.001000s ]
INFO: [ app_begin ] --END-- [ RunTime:0.001000s ]
ERR: 1146:Table 'mlaj.wx_shop_order' doesn't exist
 [ SQL语句 ] : SHOW COLUMNS FROM `wx_shop_order`
ERR: 1146:Table 'mlaj.wx_shop_order' doesn't exist
 [ SQL语句 ] : SHOW COLUMNS FROM `wx_shop_order`

[ 2017-06-22T09:44:33+08:00 ] 127.0.0.1 /mlaj/Admin/Index/notice.html
INFO: [ app_init ] --START--
INFO: Run Behavior\BuildLiteBehavior [ RunTime:0.000000s ]
INFO: [ app_init ] --END-- [ RunTime:0.001000s ]
INFO: [ app_begin ] --START--
INFO: Run Behavior\ReadHtmlCacheBehavior [ RunTime:0.001000s ]
INFO: [ app_begin ] --END-- [ RunTime:0.001000s ]
ERR: 1146:Table 'mlaj.wx_shop_order' doesn't exist
 [ SQL语句 ] : SHOW COLUMNS FROM `wx_shop_order`
ERR: 1146:Table 'mlaj.wx_shop_order' doesn't exist
 [ SQL语句 ] : SHOW COLUMNS FROM `wx_shop_order`

[ 2017-06-22T09:44:45+08:00 ] 127.0.0.1 /mlaj/Admin/Index/notice.html
INFO: [ app_init ] --START--
INFO: Run Behavior\BuildLiteBehavior [ RunTime:0.000000s ]
INFO: [ app_init ] --END-- [ RunTime:0.001000s ]
INFO: [ app_begin ] --START--
INFO: Run Behavior\ReadHtmlCacheBehavior [ RunTime:0.002000s ]
INFO: [ app_begin ] --END-- [ RunTime:0.002000s ]
ERR: 1146:Table 'mlaj.wx_shop_order' doesn't exist
 [ SQL语句 ] : SHOW COLUMNS FROM `wx_shop_order`
ERR: 1146:Table 'mlaj.wx_shop_order' doesn't exist
 [ SQL语句 ] : SHOW COLUMNS FROM `wx_shop_order`

[ 2017-06-22T09:44:57+08:00 ] 127.0.0.1 /mlaj/Admin/Index/notice.html
INFO: [ app_init ] --START--
INFO: Run Behavior\BuildLiteBehavior [ RunTime:0.000000s ]
INFO: [ app_init ] --END-- [ RunTime:0.000000s ]
INFO: [ app_begin ] --START--
INFO: Run Behavior\ReadHtmlCacheBehavior [ RunTime:0.001000s ]
INFO: [ app_begin ] --END-- [ RunTime:0.001000s ]
ERR: 1146:Table 'mlaj.wx_shop_order' doesn't exist
 [ SQL语句 ] : SHOW COLUMNS FROM `wx_shop_order`
ERR: 1146:Table 'mlaj.wx_shop_order' doesn't exist
 [ SQL语句 ] : SHOW COLUMNS FROM `wx_shop_order`

[ 2017-06-22T09:45:09+08:00 ] 127.0.0.1 /mlaj/Admin/Index/notice.html
INFO: [ app_init ] --START--
INFO: Run Behavior\BuildLiteBehavior [ RunTime:0.000000s ]
INFO: [ app_init ] --END-- [ RunTime:0.000000s ]
INFO: [ app_begin ] --START--
INFO: Run Behavior\ReadHtmlCacheBehavior [ RunTime:0.001000s ]
INFO: [ app_begin ] --END-- [ RunTime:0.001000s ]
ERR: 1146:Table 'mlaj.wx_shop_order' doesn't exist
 [ SQL语句 ] : SHOW COLUMNS FROM `wx_shop_order`
ERR: 1146:Table 'mlaj.wx_shop_order' doesn't exist
 [ SQL语句 ] : SHOW COLUMNS FROM `wx_shop_order`

[ 2017-06-22T09:45:20+08:00 ] 127.0.0.1 /mlaj/
INFO: [ app_init ] --START--
INFO: Run Behavior\BuildLiteBehavior [ RunTime:0.000000s ]
INFO: [ app_init ] --END-- [ RunTime:0.001000s ]
INFO: [ app_begin ] --START--
INFO: Run Behavior\ReadHtmlCacheBehavior [ RunTime:0.001001s ]
INFO: [ app_begin ] --END-- [ RunTime:0.002001s ]
INFO: [ view_parse ] --START--
INFO: [ template_filter ] --START--
INFO: Run Behavior\ContentReplaceBehavior [ RunTime:0.000000s ]
INFO: [ template_filter ] --END-- [ RunTime:0.000000s ]
NOTIC: [8] Undefined variable: shop_url D:\util\WWW\mlaj\Application\Runtime\Cache\Admin\6fedbbe541e195344bf1450076482852.php 第 21 行.
INFO: Run Behavior\ParseTemplateBehavior [ RunTime:0.022001s ]
INFO: [ view_parse ] --END-- [ RunTime:0.022001s ]
INFO: [ view_filter ] --START--
INFO: Run Behavior\WriteHtmlCacheBehavior [ RunTime:0.001000s ]
INFO: [ view_filter ] --END-- [ RunTime:0.001000s ]
INFO: [ app_end ] --START--
INFO: Run Behavior\ShowPageTraceBehavior [ RunTime:0.001000s ]
INFO: [ app_end ] --END-- [ RunTime:0.001000s ]

[ 2017-06-22T09:45:21+08:00 ] 127.0.0.1 /mlaj/Admin/Index/top.html
INFO: [ app_init ] --START--
INFO: Run Behavior\BuildLiteBehavior [ RunTime:0.000000s ]
INFO: [ app_init ] --END-- [ RunTime:0.000000s ]
INFO: [ app_begin ] --START--
INFO: Run Behavior\ReadHtmlCacheBehavior [ RunTime:0.000000s ]
INFO: [ app_begin ] --END-- [ RunTime:0.000000s ]
INFO: [ view_parse ] --START--
INFO: [ template_filter ] --START--
INFO: Run Behavior\ContentReplaceBehavior [ RunTime:0.000000s ]
INFO: [ template_filter ] --END-- [ RunTime:0.000000s ]
INFO: Run Behavior\ParseTemplateBehavior [ RunTime:0.009000s ]
INFO: [ view_parse ] --END-- [ RunTime:0.009000s ]
INFO: [ view_filter ] --START--
INFO: Run Behavior\WriteHtmlCacheBehavior [ RunTime:0.000000s ]
INFO: [ view_filter ] --END-- [ RunTime:0.001000s ]
INFO: [ app_end ] --START--
INFO: Run Behavior\ShowPageTraceBehavior [ RunTime:0.001000s ]
INFO: [ app_end ] --END-- [ RunTime:0.001000s ]

[ 2017-06-22T09:45:21+08:00 ] 127.0.0.1 /mlaj/Admin/Index/left.html
INFO: [ app_init ] --START--
INFO: Run Behavior\BuildLiteBehavior [ RunTime:0.000000s ]
INFO: [ app_init ] --END-- [ RunTime:0.002000s ]
INFO: [ app_begin ] --START--
INFO: Run Behavior\ReadHtmlCacheBehavior [ RunTime:0.002001s ]
INFO: [ app_begin ] --END-- [ RunTime:0.002001s ]
INFO: [ view_parse ] --START--
INFO: [ template_filter ] --START--
INFO: Run Behavior\ContentReplaceBehavior [ RunTime:0.000000s ]
INFO: [ template_filter ] --END-- [ RunTime:0.001000s ]
INFO: Run Behavior\ParseTemplateBehavior [ RunTime:0.030002s ]
INFO: [ view_parse ] --END-- [ RunTime:0.031002s ]
INFO: [ view_filter ] --START--
INFO: Run Behavior\WriteHtmlCacheBehavior [ RunTime:0.001000s ]
INFO: [ view_filter ] --END-- [ RunTime:0.001000s ]
INFO: [ app_end ] --START--
INFO: Run Behavior\ShowPageTraceBehavior [ RunTime:0.003000s ]
INFO: [ app_end ] --END-- [ RunTime:0.003000s ]

[ 2017-06-22T09:45:33+08:00 ] 127.0.0.1 /mlaj/Admin/Index/notice.html
INFO: [ app_init ] --START--
INFO: Run Behavior\BuildLiteBehavior [ RunTime:0.000000s ]
INFO: [ app_init ] --END-- [ RunTime:0.001001s ]
INFO: [ app_begin ] --START--
INFO: Run Behavior\ReadHtmlCacheBehavior [ RunTime:0.000000s ]
INFO: [ app_begin ] --END-- [ RunTime:0.001000s ]
ERR: 1146:Table 'mlaj.wx_shop_order' doesn't exist
 [ SQL语句 ] : SHOW COLUMNS FROM `wx_shop_order`
ERR: 1146:Table 'mlaj.wx_shop_order' doesn't exist
 [ SQL语句 ] : SHOW COLUMNS FROM `wx_shop_order`

[ 2017-06-22T09:45:45+08:00 ] 127.0.0.1 /mlaj/Admin/Index/notice.html
INFO: [ app_init ] --START--
INFO: Run Behavior\BuildLiteBehavior [ RunTime:0.000000s ]
INFO: [ app_init ] --END-- [ RunTime:0.000000s ]
INFO: [ app_begin ] --START--
INFO: Run Behavior\ReadHtmlCacheBehavior [ RunTime:0.001001s ]
INFO: [ app_begin ] --END-- [ RunTime:0.001001s ]
ERR: 1146:Table 'mlaj.wx_shop_order' doesn't exist
 [ SQL语句 ] : SHOW COLUMNS FROM `wx_shop_order`
ERR: 1146:Table 'mlaj.wx_shop_order' doesn't exist
 [ SQL语句 ] : SHOW COLUMNS FROM `wx_shop_order`

[ 2017-06-22T09:45:57+08:00 ] 127.0.0.1 /mlaj/Admin/Index/notice.html
INFO: [ app_init ] --START--
INFO: Run Behavior\BuildLiteBehavior [ RunTime:0.000000s ]
INFO: [ app_init ] --END-- [ RunTime:0.001000s ]
INFO: [ app_begin ] --START--
INFO: Run Behavior\ReadHtmlCacheBehavior [ RunTime:0.001000s ]
INFO: [ app_begin ] --END-- [ RunTime:0.001000s ]
ERR: 1146:Table 'mlaj.wx_shop_order' doesn't exist
 [ SQL语句 ] : SHOW COLUMNS FROM `wx_shop_order`
ERR: 1146:Table 'mlaj.wx_shop_order' doesn't exist
 [ SQL语句 ] : SHOW COLUMNS FROM `wx_shop_order`

[ 2017-06-22T09:46:09+08:00 ] 127.0.0.1 /mlaj/Admin/Index/notice.html
INFO: [ app_init ] --START--
INFO: Run Behavior\BuildLiteBehavior [ RunTime:0.000000s ]
INFO: [ app_init ] --END-- [ RunTime:0.001000s ]
INFO: [ app_begin ] --START--
INFO: Run Behavior\ReadHtmlCacheBehavior [ RunTime:0.000000s ]
INFO: [ app_begin ] --END-- [ RunTime:0.001001s ]
ERR: 1146:Table 'mlaj.wx_shop_order' doesn't exist
 [ SQL语句 ] : SHOW COLUMNS FROM `wx_shop_order`
ERR: 1146:Table 'mlaj.wx_shop_order' doesn't exist
 [ SQL语句 ] : SHOW COLUMNS FROM `wx_shop_order`

[ 2017-06-22T09:46:21+08:00 ] 127.0.0.1 /mlaj/Admin/Index/notice.html
INFO: [ app_init ] --START--
INFO: Run Behavior\BuildLiteBehavior [ RunTime:0.000000s ]
INFO: [ app_init ] --END-- [ RunTime:0.000000s ]
INFO: [ app_begin ] --START--
INFO: Run Behavior\ReadHtmlCacheBehavior [ RunTime:0.001000s ]
INFO: [ app_begin ] --END-- [ RunTime:0.001000s ]
ERR: 1146:Table 'mlaj.wx_shop_order' doesn't exist
 [ SQL语句 ] : SHOW COLUMNS FROM `wx_shop_order`
ERR: 1146:Table 'mlaj.wx_shop_order' doesn't exist
 [ SQL语句 ] : SHOW COLUMNS FROM `wx_shop_order`

[ 2017-06-22T09:46:33+08:00 ] 127.0.0.1 /mlaj/Admin/Index/notice.html
INFO: [ app_init ] --START--
INFO: Run Behavior\BuildLiteBehavior [ RunTime:0.000000s ]
INFO: [ app_init ] --END-- [ RunTime:0.000000s ]
INFO: [ app_begin ] --START--
INFO: Run Behavior\ReadHtmlCacheBehavior [ RunTime:0.002000s ]
INFO: [ app_begin ] --END-- [ RunTime:0.002000s ]
ERR: 1146:Table 'mlaj.wx_shop_order' doesn't exist
 [ SQL语句 ] : SHOW COLUMNS FROM `wx_shop_order`
ERR: 1146:Table 'mlaj.wx_shop_order' doesn't exist
 [ SQL语句 ] : SHOW COLUMNS FROM `wx_shop_order`

[ 2017-06-22T09:46:45+08:00 ] 127.0.0.1 /mlaj/Admin/Index/notice.html
INFO: [ app_init ] --START--
INFO: Run Behavior\BuildLiteBehavior [ RunTime:0.000000s ]
INFO: [ app_init ] --END-- [ RunTime:0.001000s ]
INFO: [ app_begin ] --START--
INFO: Run Behavior\ReadHtmlCacheBehavior [ RunTime:0.001000s ]
INFO: [ app_begin ] --END-- [ RunTime:0.001000s ]
ERR: 1146:Table 'mlaj.wx_shop_order' doesn't exist
 [ SQL语句 ] : SHOW COLUMNS FROM `wx_shop_order`
ERR: 1146:Table 'mlaj.wx_shop_order' doesn't exist
 [ SQL语句 ] : SHOW COLUMNS FROM `wx_shop_order`

[ 2017-06-22T09:46:57+08:00 ] 127.0.0.1 /mlaj/Admin/Index/notice.html
INFO: [ app_init ] --START--
INFO: Run Behavior\BuildLiteBehavior [ RunTime:0.000000s ]
INFO: [ app_init ] --END-- [ RunTime:0.000000s ]
INFO: [ app_begin ] --START--
INFO: Run Behavior\ReadHtmlCacheBehavior [ RunTime:0.001000s ]
INFO: [ app_begin ] --END-- [ RunTime:0.001000s ]
ERR: 1146:Table 'mlaj.wx_shop_order' doesn't exist
 [ SQL语句 ] : SHOW COLUMNS FROM `wx_shop_order`
ERR: 1146:Table 'mlaj.wx_shop_order' doesn't exist
 [ SQL语句 ] : SHOW COLUMNS FROM `wx_shop_order`

[ 2017-06-22T09:47:09+08:00 ] 127.0.0.1 /mlaj/Admin/Index/notice.html
INFO: [ app_init ] --START--
INFO: Run Behavior\BuildLiteBehavior [ RunTime:0.001000s ]
INFO: [ app_init ] --END-- [ RunTime:0.001000s ]
INFO: [ app_begin ] --START--
INFO: Run Behavior\ReadHtmlCacheBehavior [ RunTime:0.001000s ]
INFO: [ app_begin ] --END-- [ RunTime:0.001000s ]
ERR: 1146:Table 'mlaj.wx_shop_order' doesn't exist
 [ SQL语句 ] : SHOW COLUMNS FROM `wx_shop_order`
ERR: 1146:Table 'mlaj.wx_shop_order' doesn't exist
 [ SQL语句 ] : SHOW COLUMNS FROM `wx_shop_order`

[ 2017-06-22T09:47:21+08:00 ] 127.0.0.1 /mlaj/Admin/Index/notice.html
INFO: [ app_init ] --START--
INFO: Run Behavior\BuildLiteBehavior [ RunTime:0.000000s ]
INFO: [ app_init ] --END-- [ RunTime:0.001000s ]
INFO: [ app_begin ] --START--
INFO: Run Behavior\ReadHtmlCacheBehavior [ RunTime:0.000000s ]
INFO: [ app_begin ] --END-- [ RunTime:0.000000s ]
ERR: 1146:Table 'mlaj.wx_shop_order' doesn't exist
 [ SQL语句 ] : SHOW COLUMNS FROM `wx_shop_order`
ERR: 1146:Table 'mlaj.wx_shop_order' doesn't exist
 [ SQL语句 ] : SHOW COLUMNS FROM `wx_shop_order`

[ 2017-06-22T09:47:33+08:00 ] 127.0.0.1 /mlaj/Admin/Index/notice.html
INFO: [ app_init ] --START--
INFO: Run Behavior\BuildLiteBehavior [ RunTime:0.000000s ]
INFO: [ app_init ] --END-- [ RunTime:0.002000s ]
INFO: [ app_begin ] --START--
INFO: Run Behavior\ReadHtmlCacheBehavior [ RunTime:0.001000s ]
INFO: [ app_begin ] --END-- [ RunTime:0.001000s ]
ERR: 1146:Table 'mlaj.wx_shop_order' doesn't exist
 [ SQL语句 ] : SHOW COLUMNS FROM `wx_shop_order`
ERR: 1146:Table 'mlaj.wx_shop_order' doesn't exist
 [ SQL语句 ] : SHOW COLUMNS FROM `wx_shop_order`

[ 2017-06-22T09:47:45+08:00 ] 127.0.0.1 /mlaj/Admin/Index/notice.html
INFO: [ app_init ] --START--
INFO: Run Behavior\BuildLiteBehavior [ RunTime:0.000000s ]
INFO: [ app_init ] --END-- [ RunTime:0.002000s ]
INFO: [ app_begin ] --START--
INFO: Run Behavior\ReadHtmlCacheBehavior [ RunTime:0.000000s ]
INFO: [ app_begin ] --END-- [ RunTime:0.001001s ]
ERR: 1146:Table 'mlaj.wx_shop_order' doesn't exist
 [ SQL语句 ] : SHOW COLUMNS FROM `wx_shop_order`
ERR: 1146:Table 'mlaj.wx_shop_order' doesn't exist
 [ SQL语句 ] : SHOW COLUMNS FROM `wx_shop_order`

[ 2017-06-22T09:47:57+08:00 ] 127.0.0.1 /mlaj/Admin/Index/notice.html
INFO: [ app_init ] --START--
INFO: Run Behavior\BuildLiteBehavior [ RunTime:0.000000s ]
INFO: [ app_init ] --END-- [ RunTime:0.000000s ]
INFO: [ app_begin ] --START--
INFO: Run Behavior\ReadHtmlCacheBehavior [ RunTime:0.001000s ]
INFO: [ app_begin ] --END-- [ RunTime:0.001000s ]
ERR: 1146:Table 'mlaj.wx_shop_order' doesn't exist
 [ SQL语句 ] : SHOW COLUMNS FROM `wx_shop_order`
ERR: 1146:Table 'mlaj.wx_shop_order' doesn't exist
 [ SQL语句 ] : SHOW COLUMNS FROM `wx_shop_order`

[ 2017-06-22T09:48:09+08:00 ] 127.0.0.1 /mlaj/Admin/Index/notice.html
INFO: [ app_init ] --START--
INFO: Run Behavior\BuildLiteBehavior [ RunTime:0.000000s ]
INFO: [ app_init ] --END-- [ RunTime:0.001000s ]
INFO: [ app_begin ] --START--
INFO: Run Behavior\ReadHtmlCacheBehavior [ RunTime:0.002000s ]
INFO: [ app_begin ] --END-- [ RunTime:0.002000s ]
ERR: 1146:Table 'mlaj.wx_shop_order' doesn't exist
 [ SQL语句 ] : SHOW COLUMNS FROM `wx_shop_order`
ERR: 1146:Table 'mlaj.wx_shop_order' doesn't exist
 [ SQL语句 ] : SHOW COLUMNS FROM `wx_shop_order`

[ 2017-06-22T09:48:21+08:00 ] 127.0.0.1 /mlaj/Admin/Index/notice.html
INFO: [ app_init ] --START--
INFO: Run Behavior\BuildLiteBehavior [ RunTime:0.000000s ]
INFO: [ app_init ] --END-- [ RunTime:0.000000s ]
INFO: [ app_begin ] --START--
INFO: Run Behavior\ReadHtmlCacheBehavior [ RunTime:0.001000s ]
INFO: [ app_begin ] --END-- [ RunTime:0.001000s ]
ERR: 1146:Table 'mlaj.wx_shop_order' doesn't exist
 [ SQL语句 ] : SHOW COLUMNS FROM `wx_shop_order`
ERR: 1146:Table 'mlaj.wx_shop_order' doesn't exist
 [ SQL语句 ] : SHOW COLUMNS FROM `wx_shop_order`

[ 2017-06-22T09:48:33+08:00 ] 127.0.0.1 /mlaj/Admin/Index/notice.html
INFO: [ app_init ] --START--
INFO: Run Behavior\BuildLiteBehavior [ RunTime:0.000000s ]
INFO: [ app_init ] --END-- [ RunTime:0.001000s ]
INFO: [ app_begin ] --START--
INFO: Run Behavior\ReadHtmlCacheBehavior [ RunTime:0.000000s ]
INFO: [ app_begin ] --END-- [ RunTime:0.001000s ]
ERR: 1146:Table 'mlaj.wx_shop_order' doesn't exist
 [ SQL语句 ] : SHOW COLUMNS FROM `wx_shop_order`
ERR: 1146:Table 'mlaj.wx_shop_order' doesn't exist
 [ SQL语句 ] : SHOW COLUMNS FROM `wx_shop_order`

